[1.491s] DEBUG:colcon:Command line arguments: ['/usr/bin/colcon', 'build', '--packages-select', 'lidar_slam']
[1.491s] DEBUG:colcon:Parsed command line arguments: Namespace(log_base=None, log_level=None, verb_name='build', build_base='build', install_base='install', merge_install=False, symlink_install=False, test_result_base=None, continue_on_error=False, executor='parallel', parallel_workers=4, event_handlers=None, ignore_user_meta=False, metas=['./colcon.meta'], base_paths=['.'], packages_ignore=None, packages_ignore_regex=None, paths=None, packages_up_to=None, packages_up_to_regex=None, packages_above=None, packages_above_and_dependencies=None, packages_above_depth=None, packages_select_by_dep=None, packages_skip_by_dep=None, packages_skip_up_to=None, packages_select_build_failed=False, packages_skip_build_finished=False, packages_select_test_failures=False, packages_skip_test_passed=False, packages_select=['lidar_slam'], packages_skip=None, packages_select_regex=None, packages_skip_regex=None, packages_start=None, packages_end=None, allow_overriding=[], cmake_args=None, cmake_target=None, cmake_target_skip_unavailable=False, cmake_clean_cache=False, cmake_clean_first=False, cmake_force_configure=False, ament_cmake_args=None, catkin_cmake_args=None, catkin_skip_building_tests=False, verb_parser=<colcon_defaults.argument_parser.defaults.DefaultArgumentsDecorator object at 0x7f55e3f8e920>, verb_extension=<colcon_core.verb.build.BuildVerb object at 0x7f55e47ac9d0>, main=<bound method BuildVerb.main of <colcon_core.verb.build.BuildVerb object at 0x7f55e47ac9d0>>)
[1.594s] Level 1:colcon.colcon_core.package_discovery:discover_packages(colcon_meta) check parameters
[1.595s] Level 1:colcon.colcon_core.package_discovery:discover_packages(recursive) check parameters
[1.595s] Level 1:colcon.colcon_core.package_discovery:discover_packages(ignore) check parameters
[1.595s] Level 1:colcon.colcon_core.package_discovery:discover_packages(path) check parameters
[1.595s] Level 1:colcon.colcon_core.package_discovery:discover_packages(colcon_meta) discover
[1.595s] Level 1:colcon.colcon_core.package_discovery:discover_packages(recursive) discover
[1.595s] INFO:colcon.colcon_core.package_discovery:Crawling recursively for packages in '/home/evan/code/Complete_slam_system/lidar_slam_system'
[1.595s] Level 1:colcon.colcon_core.package_identification:_identify(.) by extensions ['ignore', 'ignore_ament_install']
[1.595s] Level 1:colcon.colcon_core.package_identification:_identify(.) by extension 'ignore'
[1.595s] Level 1:colcon.colcon_core.package_identification:_identify(.) by extension 'ignore_ament_install'
[1.595s] Level 1:colcon.colcon_core.package_identification:_identify(.) by extensions ['colcon_pkg']
[1.596s] Level 1:colcon.colcon_core.package_identification:_identify(.) by extension 'colcon_pkg'
[1.596s] Level 1:colcon.colcon_core.package_identification:_identify(.) by extensions ['colcon_meta']
[1.596s] Level 1:colcon.colcon_core.package_identification:_identify(.) by extension 'colcon_meta'
[1.596s] Level 1:colcon.colcon_core.package_identification:_identify(.) by extensions ['ros']
[1.596s] Level 1:colcon.colcon_core.package_identification:_identify(.) by extension 'ros'
[1.609s] Level 1:colcon.colcon_core.package_identification:_identify(.) by extensions ['cmake', 'python']
[1.609s] Level 1:colcon.colcon_core.package_identification:_identify(.) by extension 'cmake'
[1.609s] Level 1:colcon.colcon_core.package_identification:_identify(.) by extension 'python'
[1.609s] Level 1:colcon.colcon_core.package_identification:_identify(.) by extensions ['python_setup_py']
[1.609s] Level 1:colcon.colcon_core.package_identification:_identify(.) by extension 'python_setup_py'
[1.609s] Level 1:colcon.colcon_core.package_identification:_identify(build) by extensions ['ignore', 'ignore_ament_install']
[1.609s] Level 1:colcon.colcon_core.package_identification:_identify(build) by extension 'ignore'
[1.609s] Level 1:colcon.colcon_core.package_identification:_identify(build) ignored
[1.609s] Level 1:colcon.colcon_core.package_identification:_identify(install) by extensions ['ignore', 'ignore_ament_install']
[1.609s] Level 1:colcon.colcon_core.package_identification:_identify(install) by extension 'ignore'
[1.610s] Level 1:colcon.colcon_core.package_identification:_identify(install) ignored
[1.610s] Level 1:colcon.colcon_core.package_identification:_identify(log) by extensions ['ignore', 'ignore_ament_install']
[1.610s] Level 1:colcon.colcon_core.package_identification:_identify(log) by extension 'ignore'
[1.610s] Level 1:colcon.colcon_core.package_identification:_identify(log) ignored
[1.610s] Level 1:colcon.colcon_core.package_identification:_identify(src) by extensions ['ignore', 'ignore_ament_install']
[1.610s] Level 1:colcon.colcon_core.package_identification:_identify(src) by extension 'ignore'
[1.610s] Level 1:colcon.colcon_core.package_identification:_identify(src) by extension 'ignore_ament_install'
[1.610s] Level 1:colcon.colcon_core.package_identification:_identify(src) by extensions ['colcon_pkg']
[1.610s] Level 1:colcon.colcon_core.package_identification:_identify(src) by extension 'colcon_pkg'
[1.610s] Level 1:colcon.colcon_core.package_identification:_identify(src) by extensions ['colcon_meta']
[1.610s] Level 1:colcon.colcon_core.package_identification:_identify(src) by extension 'colcon_meta'
[1.610s] Level 1:colcon.colcon_core.package_identification:_identify(src) by extensions ['ros']
[1.610s] Level 1:colcon.colcon_core.package_identification:_identify(src) by extension 'ros'
[1.611s] Level 1:colcon.colcon_core.package_identification:_identify(src) by extensions ['cmake', 'python']
[1.611s] Level 1:colcon.colcon_core.package_identification:_identify(src) by extension 'cmake'
[1.611s] Level 1:colcon.colcon_core.package_identification:_identify(src) by extension 'python'
[1.611s] Level 1:colcon.colcon_core.package_identification:_identify(src) by extensions ['python_setup_py']
[1.611s] Level 1:colcon.colcon_core.package_identification:_identify(src) by extension 'python_setup_py'
[1.611s] Level 1:colcon.colcon_core.package_identification:_identify(src/lidar_slam) by extensions ['ignore', 'ignore_ament_install']
[1.611s] Level 1:colcon.colcon_core.package_identification:_identify(src/lidar_slam) by extension 'ignore'
[1.611s] Level 1:colcon.colcon_core.package_identification:_identify(src/lidar_slam) by extension 'ignore_ament_install'
[1.611s] Level 1:colcon.colcon_core.package_identification:_identify(src/lidar_slam) by extensions ['colcon_pkg']
[1.611s] Level 1:colcon.colcon_core.package_identification:_identify(src/lidar_slam) by extension 'colcon_pkg'
[1.611s] Level 1:colcon.colcon_core.package_identification:_identify(src/lidar_slam) by extensions ['colcon_meta']
[1.611s] Level 1:colcon.colcon_core.package_identification:_identify(src/lidar_slam) by extension 'colcon_meta'
[1.611s] Level 1:colcon.colcon_core.package_identification:_identify(src/lidar_slam) by extensions ['ros']
[1.611s] Level 1:colcon.colcon_core.package_identification:_identify(src/lidar_slam) by extension 'ros'
[1.614s] DEBUG:colcon.colcon_core.package_identification:Package 'src/lidar_slam' with type 'ros.ament_cmake' and name 'lidar_slam'
[1.614s] Level 1:colcon.colcon_core.package_identification:_identify(src/lidar_slam_msgs) by extensions ['ignore', 'ignore_ament_install']
[1.614s] Level 1:colcon.colcon_core.package_identification:_identify(src/lidar_slam_msgs) by extension 'ignore'
[1.614s] Level 1:colcon.colcon_core.package_identification:_identify(src/lidar_slam_msgs) by extension 'ignore_ament_install'
[1.614s] Level 1:colcon.colcon_core.package_identification:_identify(src/lidar_slam_msgs) by extensions ['colcon_pkg']
[1.614s] Level 1:colcon.colcon_core.package_identification:_identify(src/lidar_slam_msgs) by extension 'colcon_pkg'
[1.615s] Level 1:colcon.colcon_core.package_identification:_identify(src/lidar_slam_msgs) by extensions ['colcon_meta']
[1.615s] Level 1:colcon.colcon_core.package_identification:_identify(src/lidar_slam_msgs) by extension 'colcon_meta'
[1.615s] Level 1:colcon.colcon_core.package_identification:_identify(src/lidar_slam_msgs) by extensions ['ros']
[1.615s] Level 1:colcon.colcon_core.package_identification:_identify(src/lidar_slam_msgs) by extension 'ros'
[1.615s] DEBUG:colcon.colcon_core.package_identification:Package 'src/lidar_slam_msgs' with type 'ros.ament_cmake' and name 'lidar_slam_msgs'
[1.615s] Level 1:colcon.colcon_core.package_discovery:discover_packages(recursive) using defaults
[1.615s] Level 1:colcon.colcon_core.package_discovery:discover_packages(ignore) discover
[1.616s] Level 1:colcon.colcon_core.package_discovery:discover_packages(ignore) using defaults
[1.616s] Level 1:colcon.colcon_core.package_discovery:discover_packages(path) discover
[1.616s] Level 1:colcon.colcon_core.package_discovery:discover_packages(path) using defaults
[2.101s] INFO:colcon.colcon_core.package_selection:Skipping not selected package 'lidar_slam_msgs' in 'src/lidar_slam_msgs'
[2.181s] Level 1:colcon.colcon_core.package_discovery:discover_packages(prefix_path) check parameters
[2.182s] Level 1:colcon.colcon_core.package_discovery:discover_packages(prefix_path) discover
[2.187s] DEBUG:colcon.colcon_installed_package_information.package_discovery:Found 2 installed packages in /home/evan/code/lidar_slam/lidar_slam/install
[2.188s] DEBUG:colcon.colcon_installed_package_information.package_discovery:Found 2 installed packages in /home/evan/code/Complete_slam_system/lidar_slam_system/install
[2.189s] DEBUG:colcon.colcon_installed_package_information.package_discovery:Found 2 installed packages in /home/evan/code/lego-loam/lego/install
[2.191s] DEBUG:colcon.colcon_installed_package_information.package_discovery:Found 7 installed packages in /home/evan/code/ndt-loc/install
[2.194s] DEBUG:colcon.colcon_installed_package_information.package_discovery:Found 270 installed packages in /opt/ros/humble
[2.195s] Level 1:colcon.colcon_core.package_discovery:discover_packages(prefix_path) using defaults
[2.266s] Level 5:colcon.colcon_core.verb:set package 'lidar_slam' build argument 'cmake_args' from command line to 'None'
[2.266s] Level 5:colcon.colcon_core.verb:set package 'lidar_slam' build argument 'cmake_target' from command line to 'None'
[2.266s] Level 5:colcon.colcon_core.verb:set package 'lidar_slam' build argument 'cmake_target_skip_unavailable' from command line to 'False'
[2.266s] Level 5:colcon.colcon_core.verb:set package 'lidar_slam' build argument 'cmake_clean_cache' from command line to 'False'
[2.266s] Level 5:colcon.colcon_core.verb:set package 'lidar_slam' build argument 'cmake_clean_first' from command line to 'False'
[2.266s] Level 5:colcon.colcon_core.verb:set package 'lidar_slam' build argument 'cmake_force_configure' from command line to 'False'
[2.266s] Level 5:colcon.colcon_core.verb:set package 'lidar_slam' build argument 'ament_cmake_args' from command line to 'None'
[2.266s] Level 5:colcon.colcon_core.verb:set package 'lidar_slam' build argument 'catkin_cmake_args' from command line to 'None'
[2.266s] Level 5:colcon.colcon_core.verb:set package 'lidar_slam' build argument 'catkin_skip_building_tests' from command line to 'False'
[2.266s] DEBUG:colcon.colcon_core.verb:Building package 'lidar_slam' with the following arguments: {'ament_cmake_args': None, 'build_base': '/home/evan/code/Complete_slam_system/lidar_slam_system/build/lidar_slam', 'catkin_cmake_args': None, 'catkin_skip_building_tests': False, 'cmake_args': None, 'cmake_clean_cache': False, 'cmake_clean_first': False, 'cmake_force_configure': False, 'cmake_target': None, 'cmake_target_skip_unavailable': False, 'install_base': '/home/evan/code/Complete_slam_system/lidar_slam_system/install/lidar_slam', 'merge_install': False, 'path': '/home/evan/code/Complete_slam_system/lidar_slam_system/src/lidar_slam', 'symlink_install': False, 'test_result_base': None}
[2.267s] INFO:colcon.colcon_core.executor:Executing jobs using 'parallel' executor
[2.270s] DEBUG:colcon.colcon_parallel_executor.executor.parallel:run_until_complete
[2.271s] INFO:colcon.colcon_ros.task.ament_cmake.build:Building ROS package in '/home/evan/code/Complete_slam_system/lidar_slam_system/src/lidar_slam' with build type 'ament_cmake'
[2.271s] INFO:colcon.colcon_cmake.task.cmake.build:Building CMake package in '/home/evan/code/Complete_slam_system/lidar_slam_system/src/lidar_slam'
[2.275s] INFO:colcon.colcon_core.plugin_system:Skipping extension 'colcon_core.shell.bat': Not used on non-Windows systems
[2.276s] INFO:colcon.colcon_core.shell:Skip shell extension 'powershell' for command environment: Not usable outside of PowerShell
[2.276s] DEBUG:colcon.colcon_core.shell:Skip shell extension 'dsv' for command environment
[2.876s] DEBUG:colcon.colcon_core.event_handler.log_command:Invoking command in '/home/evan/code/Complete_slam_system/lidar_slam_system/build/lidar_slam': CMAKE_PREFIX_PATH=${CMAKE_PREFIX_PATH}:/home/evan/code/lego-loam/lego/install/cloud_msgs:/opt/ros/humble /usr/bin/cmake --build /home/evan/code/Complete_slam_system/lidar_slam_system/build/lidar_slam -- -j4 -l4
[34.909s] DEBUG:colcon.colcon_core.event_handler.log_command:Invoked command in '/home/evan/code/Complete_slam_system/lidar_slam_system/build/lidar_slam' returned '0': CMAKE_PREFIX_PATH=${CMAKE_PREFIX_PATH}:/home/evan/code/lego-loam/lego/install/cloud_msgs:/opt/ros/humble /usr/bin/cmake --build /home/evan/code/Complete_slam_system/lidar_slam_system/build/lidar_slam -- -j4 -l4
[34.988s] DEBUG:colcon.colcon_core.event_handler.log_command:Invoking command in '/home/evan/code/Complete_slam_system/lidar_slam_system/build/lidar_slam': CMAKE_PREFIX_PATH=${CMAKE_PREFIX_PATH}:/home/evan/code/lego-loam/lego/install/cloud_msgs:/opt/ros/humble /usr/bin/cmake --install /home/evan/code/Complete_slam_system/lidar_slam_system/build/lidar_slam
[35.378s] Level 1:colcon.colcon_core.environment:create_environment_scripts_only(lidar_slam)
[35.384s] Level 1:colcon.colcon_core.environment:checking '/home/evan/code/Complete_slam_system/lidar_slam_system/install/lidar_slam' for CMake module files
[35.385s] Level 1:colcon.colcon_core.environment:checking '/home/evan/code/Complete_slam_system/lidar_slam_system/install/lidar_slam' for CMake config files
[35.385s] Level 1:colcon.colcon_core.shell:create_environment_hook('lidar_slam', 'cmake_prefix_path')
[35.387s] INFO:colcon.colcon_core.shell:Creating environment hook '/home/evan/code/Complete_slam_system/lidar_slam_system/install/lidar_slam/share/lidar_slam/hook/cmake_prefix_path.ps1'
[35.387s] DEBUG:colcon.colcon_core.event_handler.log_command:Invoked command in '/home/evan/code/Complete_slam_system/lidar_slam_system/build/lidar_slam' returned '0': CMAKE_PREFIX_PATH=${CMAKE_PREFIX_PATH}:/home/evan/code/lego-loam/lego/install/cloud_msgs:/opt/ros/humble /usr/bin/cmake --install /home/evan/code/Complete_slam_system/lidar_slam_system/build/lidar_slam
[35.388s] INFO:colcon.colcon_core.shell:Creating environment descriptor '/home/evan/code/Complete_slam_system/lidar_slam_system/install/lidar_slam/share/lidar_slam/hook/cmake_prefix_path.dsv'
[35.390s] INFO:colcon.colcon_core.shell:Creating environment hook '/home/evan/code/Complete_slam_system/lidar_slam_system/install/lidar_slam/share/lidar_slam/hook/cmake_prefix_path.sh'
[35.391s] Level 1:colcon.colcon_core.environment:checking '/home/evan/code/Complete_slam_system/lidar_slam_system/install/lidar_slam/lib'
[35.391s] Level 1:colcon.colcon_core.environment:checking '/home/evan/code/Complete_slam_system/lidar_slam_system/install/lidar_slam/bin'
[35.391s] Level 1:colcon.colcon_core.environment:checking '/home/evan/code/Complete_slam_system/lidar_slam_system/install/lidar_slam/lib/pkgconfig/lidar_slam.pc'
[35.391s] Level 1:colcon.colcon_core.environment:checking '/home/evan/code/Complete_slam_system/lidar_slam_system/install/lidar_slam/lib/python3.10/site-packages'
[35.391s] Level 1:colcon.colcon_core.environment:checking '/home/evan/code/Complete_slam_system/lidar_slam_system/install/lidar_slam/bin'
[35.394s] INFO:colcon.colcon_core.shell:Creating package script '/home/evan/code/Complete_slam_system/lidar_slam_system/install/lidar_slam/share/lidar_slam/package.ps1'
[35.552s] INFO:colcon.colcon_core.shell:Creating package descriptor '/home/evan/code/Complete_slam_system/lidar_slam_system/install/lidar_slam/share/lidar_slam/package.dsv'
[35.552s] INFO:colcon.colcon_core.shell:Creating package script '/home/evan/code/Complete_slam_system/lidar_slam_system/install/lidar_slam/share/lidar_slam/package.sh'
[35.553s] INFO:colcon.colcon_core.shell:Creating package script '/home/evan/code/Complete_slam_system/lidar_slam_system/install/lidar_slam/share/lidar_slam/package.bash'
[35.554s] INFO:colcon.colcon_core.shell:Creating package script '/home/evan/code/Complete_slam_system/lidar_slam_system/install/lidar_slam/share/lidar_slam/package.zsh'
[35.555s] Level 1:colcon.colcon_core.environment:create_file_with_runtime_dependencies(/home/evan/code/Complete_slam_system/lidar_slam_system/install/lidar_slam/share/colcon-core/packages/lidar_slam)
[35.611s] Level 1:colcon.colcon_core.environment:create_environment_scripts_only(lidar_slam)
[35.613s] Level 1:colcon.colcon_core.environment:checking '/home/evan/code/Complete_slam_system/lidar_slam_system/install/lidar_slam' for CMake module files
[35.614s] Level 1:colcon.colcon_core.environment:checking '/home/evan/code/Complete_slam_system/lidar_slam_system/install/lidar_slam' for CMake config files
[35.615s] Level 1:colcon.colcon_core.shell:create_environment_hook('lidar_slam', 'cmake_prefix_path')
[35.621s] INFO:colcon.colcon_core.shell:Creating environment hook '/home/evan/code/Complete_slam_system/lidar_slam_system/install/lidar_slam/share/lidar_slam/hook/cmake_prefix_path.ps1'
[35.636s] INFO:colcon.colcon_core.shell:Creating environment descriptor '/home/evan/code/Complete_slam_system/lidar_slam_system/install/lidar_slam/share/lidar_slam/hook/cmake_prefix_path.dsv'
[35.656s] INFO:colcon.colcon_core.shell:Creating environment hook '/home/evan/code/Complete_slam_system/lidar_slam_system/install/lidar_slam/share/lidar_slam/hook/cmake_prefix_path.sh'
[35.658s] Level 1:colcon.colcon_core.environment:checking '/home/evan/code/Complete_slam_system/lidar_slam_system/install/lidar_slam/lib'
[35.658s] Level 1:colcon.colcon_core.environment:checking '/home/evan/code/Complete_slam_system/lidar_slam_system/install/lidar_slam/bin'
[35.658s] Level 1:colcon.colcon_core.environment:checking '/home/evan/code/Complete_slam_system/lidar_slam_system/install/lidar_slam/lib/pkgconfig/lidar_slam.pc'
[35.658s] Level 1:colcon.colcon_core.environment:checking '/home/evan/code/Complete_slam_system/lidar_slam_system/install/lidar_slam/lib/python3.10/site-packages'
[35.659s] Level 1:colcon.colcon_core.environment:checking '/home/evan/code/Complete_slam_system/lidar_slam_system/install/lidar_slam/bin'
[35.660s] INFO:colcon.colcon_core.shell:Creating package script '/home/evan/code/Complete_slam_system/lidar_slam_system/install/lidar_slam/share/lidar_slam/package.ps1'
[35.671s] INFO:colcon.colcon_core.shell:Creating package descriptor '/home/evan/code/Complete_slam_system/lidar_slam_system/install/lidar_slam/share/lidar_slam/package.dsv'
[35.672s] INFO:colcon.colcon_core.shell:Creating package script '/home/evan/code/Complete_slam_system/lidar_slam_system/install/lidar_slam/share/lidar_slam/package.sh'
[35.672s] INFO:colcon.colcon_core.shell:Creating package script '/home/evan/code/Complete_slam_system/lidar_slam_system/install/lidar_slam/share/lidar_slam/package.bash'
[35.673s] INFO:colcon.colcon_core.shell:Creating package script '/home/evan/code/Complete_slam_system/lidar_slam_system/install/lidar_slam/share/lidar_slam/package.zsh'
[35.674s] Level 1:colcon.colcon_core.environment:create_file_with_runtime_dependencies(/home/evan/code/Complete_slam_system/lidar_slam_system/install/lidar_slam/share/colcon-core/packages/lidar_slam)
[35.674s] DEBUG:colcon.colcon_parallel_executor.executor.parallel:closing loop
[35.674s] DEBUG:colcon.colcon_parallel_executor.executor.parallel:loop closed
[35.675s] DEBUG:colcon.colcon_parallel_executor.executor.parallel:run_until_complete finished with '0'
[35.675s] DEBUG:colcon.colcon_core.event_reactor:joining thread
[35.788s] INFO:colcon.colcon_core.plugin_system:Skipping extension 'colcon_notification.desktop_notification.terminal_notifier': Not used on non-Darwin systems
[35.789s] INFO:colcon.colcon_core.plugin_system:Skipping extension 'colcon_notification.desktop_notification.win32': Not used on non-Windows systems
[35.789s] INFO:colcon.colcon_notification.desktop_notification:Sending desktop notification using 'notify2'
[35.804s] DEBUG:colcon.colcon_core.event_reactor:joined thread
[35.806s] INFO:colcon.colcon_core.shell:Creating prefix script '/home/evan/code/Complete_slam_system/lidar_slam_system/install/local_setup.ps1'
[35.809s] INFO:colcon.colcon_core.shell:Creating prefix util module '/home/evan/code/Complete_slam_system/lidar_slam_system/install/_local_setup_util_ps1.py'
[35.840s] INFO:colcon.colcon_core.shell:Creating prefix chain script '/home/evan/code/Complete_slam_system/lidar_slam_system/install/setup.ps1'
[35.843s] INFO:colcon.colcon_core.shell:Creating prefix script '/home/evan/code/Complete_slam_system/lidar_slam_system/install/local_setup.sh'
[35.844s] INFO:colcon.colcon_core.shell:Creating prefix util module '/home/evan/code/Complete_slam_system/lidar_slam_system/install/_local_setup_util_sh.py'
[35.845s] INFO:colcon.colcon_core.shell:Creating prefix chain script '/home/evan/code/Complete_slam_system/lidar_slam_system/install/setup.sh'
[35.868s] INFO:colcon.colcon_core.shell:Creating prefix script '/home/evan/code/Complete_slam_system/lidar_slam_system/install/local_setup.bash'
[35.868s] INFO:colcon.colcon_core.shell:Creating prefix chain script '/home/evan/code/Complete_slam_system/lidar_slam_system/install/setup.bash'
[35.871s] INFO:colcon.colcon_core.shell:Creating prefix script '/home/evan/code/Complete_slam_system/lidar_slam_system/install/local_setup.zsh'
[35.871s] INFO:colcon.colcon_core.shell:Creating prefix chain script '/home/evan/code/Complete_slam_system/lidar_slam_system/install/setup.zsh'
