[0.013s] Invoking command in '/home/evan/code/Complete_slam_system/lidar_slam_system/build/lidar_slam_msgs': CMAKE_PREFIX_PATH=${CMAKE_PREFIX_PATH}:/opt/ros/humble /usr/bin/cmake /home/evan/code/Complete_slam_system/lidar_slam_system/src/lidar_slam_msgs -DCMAKE_INSTALL_PREFIX=/home/evan/code/Complete_slam_system/lidar_slam_system/install/lidar_slam_msgs
[0.073s] -- The C compiler identification is GNU 11.3.0
[0.135s] -- The CXX compiler identification is GNU 11.3.0
[0.143s] -- Detecting C compiler ABI info
[0.219s] -- Detecting C compiler ABI info - done
[0.227s] -- Check for working C compiler: /usr/bin/cc - skipped
[0.227s] -- Detecting C compile features
[0.228s] -- Detecting C compile features - done
[0.231s] -- Detecting CXX compiler ABI info
[0.319s] -- Detecting CXX compiler ABI info - done
[0.327s] -- Check for working CXX compiler: /usr/bin/c++ - skipped
[0.328s] -- Detecting CXX compile features
[0.328s] -- Detecting CXX compile features - done
[0.332s] -- Found ament_cmake: 1.3.3 (/opt/ros/humble/share/ament_cmake/cmake)
[0.528s] -- Found Python3: /usr/bin/python3.10 (found version "3.10.6") found components: Interpreter 
[0.719s] -- Found ament_lint_auto: 0.12.5 (/opt/ros/humble/share/ament_lint_auto/cmake)
[0.901s] -- Added test 'lint_cmake' to check CMake code style
[0.903s] -- Added test 'xmllint' to check XML markup files
[0.905s] -- Configuring done
[0.924s] -- Generating done
[0.925s] -- Build files have been written to: /home/evan/code/Complete_slam_system/lidar_slam_system/build/lidar_slam_msgs
[0.935s] Invoked command in '/home/evan/code/Complete_slam_system/lidar_slam_system/build/lidar_slam_msgs' returned '0': CMAKE_PREFIX_PATH=${CMAKE_PREFIX_PATH}:/opt/ros/humble /usr/bin/cmake /home/evan/code/Complete_slam_system/lidar_slam_system/src/lidar_slam_msgs -DCMAKE_INSTALL_PREFIX=/home/evan/code/Complete_slam_system/lidar_slam_system/install/lidar_slam_msgs
[0.936s] Invoking command in '/home/evan/code/Complete_slam_system/lidar_slam_system/build/lidar_slam_msgs': CMAKE_PREFIX_PATH=${CMAKE_PREFIX_PATH}:/opt/ros/humble /usr/bin/cmake --build /home/evan/code/Complete_slam_system/lidar_slam_system/build/lidar_slam_msgs -- -j4 -l4
[0.977s] Invoked command in '/home/evan/code/Complete_slam_system/lidar_slam_system/build/lidar_slam_msgs' returned '0': CMAKE_PREFIX_PATH=${CMAKE_PREFIX_PATH}:/opt/ros/humble /usr/bin/cmake --build /home/evan/code/Complete_slam_system/lidar_slam_system/build/lidar_slam_msgs -- -j4 -l4
[1.013s] Invoking command in '/home/evan/code/Complete_slam_system/lidar_slam_system/build/lidar_slam_msgs': CMAKE_PREFIX_PATH=${CMAKE_PREFIX_PATH}:/opt/ros/humble /usr/bin/cmake --install /home/evan/code/Complete_slam_system/lidar_slam_system/build/lidar_slam_msgs
[1.021s] -- Install configuration: ""
[1.021s] -- Installing: /home/evan/code/Complete_slam_system/lidar_slam_system/install/lidar_slam_msgs/share/ament_index/resource_index/package_run_dependencies/lidar_slam_msgs
[1.021s] -- Installing: /home/evan/code/Complete_slam_system/lidar_slam_system/install/lidar_slam_msgs/share/ament_index/resource_index/parent_prefix_path/lidar_slam_msgs
[1.021s] -- Installing: /home/evan/code/Complete_slam_system/lidar_slam_system/install/lidar_slam_msgs/share/lidar_slam_msgs/environment/ament_prefix_path.sh
[1.022s] -- Installing: /home/evan/code/Complete_slam_system/lidar_slam_system/install/lidar_slam_msgs/share/lidar_slam_msgs/environment/ament_prefix_path.dsv
[1.022s] -- Installing: /home/evan/code/Complete_slam_system/lidar_slam_system/install/lidar_slam_msgs/share/lidar_slam_msgs/environment/path.sh
[1.022s] -- Installing: /home/evan/code/Complete_slam_system/lidar_slam_system/install/lidar_slam_msgs/share/lidar_slam_msgs/environment/path.dsv
[1.022s] -- Installing: /home/evan/code/Complete_slam_system/lidar_slam_system/install/lidar_slam_msgs/share/lidar_slam_msgs/local_setup.bash
[1.022s] -- Installing: /home/evan/code/Complete_slam_system/lidar_slam_system/install/lidar_slam_msgs/share/lidar_slam_msgs/local_setup.sh
[1.022s] -- Installing: /home/evan/code/Complete_slam_system/lidar_slam_system/install/lidar_slam_msgs/share/lidar_slam_msgs/local_setup.zsh
[1.023s] -- Installing: /home/evan/code/Complete_slam_system/lidar_slam_system/install/lidar_slam_msgs/share/lidar_slam_msgs/local_setup.dsv
[1.023s] -- Installing: /home/evan/code/Complete_slam_system/lidar_slam_system/install/lidar_slam_msgs/share/lidar_slam_msgs/package.dsv
[1.023s] -- Installing: /home/evan/code/Complete_slam_system/lidar_slam_system/install/lidar_slam_msgs/share/ament_index/resource_index/packages/lidar_slam_msgs
[1.023s] -- Installing: /home/evan/code/Complete_slam_system/lidar_slam_system/install/lidar_slam_msgs/share/lidar_slam_msgs/cmake/lidar_slam_msgsConfig.cmake
[1.024s] -- Installing: /home/evan/code/Complete_slam_system/lidar_slam_system/install/lidar_slam_msgs/share/lidar_slam_msgs/cmake/lidar_slam_msgsConfig-version.cmake
[1.024s] -- Installing: /home/evan/code/Complete_slam_system/lidar_slam_system/install/lidar_slam_msgs/share/lidar_slam_msgs/package.xml
[1.042s] Invoked command in '/home/evan/code/Complete_slam_system/lidar_slam_system/build/lidar_slam_msgs' returned '0': CMAKE_PREFIX_PATH=${CMAKE_PREFIX_PATH}:/opt/ros/humble /usr/bin/cmake --install /home/evan/code/Complete_slam_system/lidar_slam_system/build/lidar_slam_msgs
