[0.632s] Invoking command in '/home/evan/code/lego-loam/lego/build/lego_loam_sr': CMAKE_PREFIX_PATH=/home/evan/code/lego-loam/lego/install/cloud_msgs:/home/evan/code/lidar_slam/lidar_slam/install/slam_learn:/home/evan/code/lidar_slam/lidar_slam/install/other_msgs:/home/evan/code/lego-loam/lego/install/lego_loam_sr:/home/evan/code/ndt-loc/install/radar-odometry:/home/evan/code/ndt-loc/install/radar-data:/home/evan/code/ndt-loc/install/ndt-lidar-radar:/home/evan/code/ndt-loc/install/map:/home/evan/code/ndt-loc/install/data-publisher:/home/evan/code/ndt-loc/install/cloud_msgs:/home/evan/code/ndt-loc/install/a-loam:/opt/ros/humble LD_LIBRARY_PATH=/home/evan/code/lego-loam/lego/install/cloud_msgs/lib:/home/evan/code/lidar_slam/lidar_slam/install/other_msgs/lib:/home/evan/code/ndt-loc/install/cloud_msgs/lib:/opt/ros/humble/opt/rviz_ogre_vendor/lib:/opt/ros/humble/lib/x86_64-linux-gnu:/opt/ros/humble/lib:/usr/local/lib:/usr/local/lib /usr/bin/cmake --build /home/evan/code/lego-loam/lego/build/lego_loam_sr -- -j4 -l4
[1.851s] [35m[1mConsolidate compiler generated dependencies of target lego_loam_sr[0m
[2.020s] [100%] Built target lego_loam_sr
[2.034s] Invoked command in '/home/evan/code/lego-loam/lego/build/lego_loam_sr' returned '0': CMAKE_PREFIX_PATH=/home/evan/code/lego-loam/lego/install/cloud_msgs:/home/evan/code/lidar_slam/lidar_slam/install/slam_learn:/home/evan/code/lidar_slam/lidar_slam/install/other_msgs:/home/evan/code/lego-loam/lego/install/lego_loam_sr:/home/evan/code/ndt-loc/install/radar-odometry:/home/evan/code/ndt-loc/install/radar-data:/home/evan/code/ndt-loc/install/ndt-lidar-radar:/home/evan/code/ndt-loc/install/map:/home/evan/code/ndt-loc/install/data-publisher:/home/evan/code/ndt-loc/install/cloud_msgs:/home/evan/code/ndt-loc/install/a-loam:/opt/ros/humble LD_LIBRARY_PATH=/home/evan/code/lego-loam/lego/install/cloud_msgs/lib:/home/evan/code/lidar_slam/lidar_slam/install/other_msgs/lib:/home/evan/code/ndt-loc/install/cloud_msgs/lib:/opt/ros/humble/opt/rviz_ogre_vendor/lib:/opt/ros/humble/lib/x86_64-linux-gnu:/opt/ros/humble/lib:/usr/local/lib:/usr/local/lib /usr/bin/cmake --build /home/evan/code/lego-loam/lego/build/lego_loam_sr -- -j4 -l4
[2.094s] Invoking command in '/home/evan/code/lego-loam/lego/build/lego_loam_sr': CMAKE_PREFIX_PATH=/home/evan/code/lego-loam/lego/install/cloud_msgs:/home/evan/code/lidar_slam/lidar_slam/install/slam_learn:/home/evan/code/lidar_slam/lidar_slam/install/other_msgs:/home/evan/code/lego-loam/lego/install/lego_loam_sr:/home/evan/code/ndt-loc/install/radar-odometry:/home/evan/code/ndt-loc/install/radar-data:/home/evan/code/ndt-loc/install/ndt-lidar-radar:/home/evan/code/ndt-loc/install/map:/home/evan/code/ndt-loc/install/data-publisher:/home/evan/code/ndt-loc/install/cloud_msgs:/home/evan/code/ndt-loc/install/a-loam:/opt/ros/humble LD_LIBRARY_PATH=/home/evan/code/lego-loam/lego/install/cloud_msgs/lib:/home/evan/code/lidar_slam/lidar_slam/install/other_msgs/lib:/home/evan/code/ndt-loc/install/cloud_msgs/lib:/opt/ros/humble/opt/rviz_ogre_vendor/lib:/opt/ros/humble/lib/x86_64-linux-gnu:/opt/ros/humble/lib:/usr/local/lib:/usr/local/lib /usr/bin/cmake --install /home/evan/code/lego-loam/lego/build/lego_loam_sr
[2.110s] -- Install configuration: ""
[2.110s] -- Up-to-date: /home/evan/code/lego-loam/lego/install/lego_loam_sr/lib/lego_loam_sr/lego_loam_sr
[2.153s] -- Up-to-date: /home/evan/code/lego-loam/lego/install/lego_loam_sr/share/lego_loam_sr/config
[2.153s] -- Installing: /home/evan/code/lego-loam/lego/install/lego_loam_sr/share/lego_loam_sr/config/loam_config.yaml
[2.234s] -- Up-to-date: /home/evan/code/lego-loam/lego/install/lego_loam_sr/share/lego_loam_sr/launch
[2.234s] -- Up-to-date: /home/evan/code/lego-loam/lego/install/lego_loam_sr/share/lego_loam_sr/launch/__pycache__
[2.251s] -- Up-to-date: /home/evan/code/lego-loam/lego/install/lego_loam_sr/share/lego_loam_sr/launch/__pycache__/run.launch.cpython-310.pyc
[2.251s] -- Up-to-date: /home/evan/code/lego-loam/lego/install/lego_loam_sr/share/lego_loam_sr/launch/block.png
[2.251s] -- Up-to-date: /home/evan/code/lego-loam/lego/install/lego_loam_sr/share/lego_loam_sr/launch/odometry.jpg
[2.251s] -- Up-to-date: /home/evan/code/lego-loam/lego/install/lego_loam_sr/share/lego_loam_sr/launch/run.launch.py
[2.251s] -- Up-to-date: /home/evan/code/lego-loam/lego/install/lego_loam_sr/share/lego_loam_sr/launch/dataset-demo.gif
[2.272s] -- Up-to-date: /home/evan/code/lego-loam/lego/install/lego_loam_sr/share/lego_loam_sr/launch/demo.gif
[2.272s] -- Up-to-date: /home/evan/code/lego-loam/lego/install/lego_loam_sr/share/lego_loam_sr/launch/seg-total.jpg
[2.297s] -- Up-to-date: /home/evan/code/lego-loam/lego/install/lego_loam_sr/share/lego_loam_sr/launch/google-earth.png
[2.297s] -- Up-to-date: /home/evan/code/lego-loam/lego/install/lego_loam_sr/share/lego_loam_sr/rviz
[2.316s] -- Up-to-date: /home/evan/code/lego-loam/lego/install/lego_loam_sr/share/lego_loam_sr/rviz/test.rviz
[2.316s] -- Up-to-date: /home/evan/code/lego-loam/lego/install/lego_loam_sr/share/ament_index/resource_index/package_run_dependencies/lego_loam_sr
[2.316s] -- Up-to-date: /home/evan/code/lego-loam/lego/install/lego_loam_sr/share/ament_index/resource_index/parent_prefix_path/lego_loam_sr
[2.316s] -- Up-to-date: /home/evan/code/lego-loam/lego/install/lego_loam_sr/share/lego_loam_sr/environment/ament_prefix_path.sh
[2.316s] -- Up-to-date: /home/evan/code/lego-loam/lego/install/lego_loam_sr/share/lego_loam_sr/environment/ament_prefix_path.dsv
[2.316s] -- Up-to-date: /home/evan/code/lego-loam/lego/install/lego_loam_sr/share/lego_loam_sr/environment/path.sh
[2.316s] -- Up-to-date: /home/evan/code/lego-loam/lego/install/lego_loam_sr/share/lego_loam_sr/environment/path.dsv
[2.316s] -- Up-to-date: /home/evan/code/lego-loam/lego/install/lego_loam_sr/share/lego_loam_sr/local_setup.bash
[2.316s] -- Up-to-date: /home/evan/code/lego-loam/lego/install/lego_loam_sr/share/lego_loam_sr/local_setup.sh
[2.317s] -- Up-to-date: /home/evan/code/lego-loam/lego/install/lego_loam_sr/share/lego_loam_sr/local_setup.zsh
[2.317s] -- Up-to-date: /home/evan/code/lego-loam/lego/install/lego_loam_sr/share/lego_loam_sr/local_setup.dsv
[2.317s] -- Installing: /home/evan/code/lego-loam/lego/install/lego_loam_sr/share/lego_loam_sr/package.dsv
[2.377s] -- Up-to-date: /home/evan/code/lego-loam/lego/install/lego_loam_sr/share/ament_index/resource_index/packages/lego_loam_sr
[2.377s] -- Up-to-date: /home/evan/code/lego-loam/lego/install/lego_loam_sr/share/lego_loam_sr/cmake/ament_cmake_export_include_directories-extras.cmake
[2.377s] -- Up-to-date: /home/evan/code/lego-loam/lego/install/lego_loam_sr/share/lego_loam_sr/cmake/lego_loam_srConfig.cmake
[2.377s] -- Up-to-date: /home/evan/code/lego-loam/lego/install/lego_loam_sr/share/lego_loam_sr/cmake/lego_loam_srConfig-version.cmake
[2.377s] -- Up-to-date: /home/evan/code/lego-loam/lego/install/lego_loam_sr/share/lego_loam_sr/package.xml
[2.380s] Invoked command in '/home/evan/code/lego-loam/lego/build/lego_loam_sr' returned '0': CMAKE_PREFIX_PATH=/home/evan/code/lego-loam/lego/install/cloud_msgs:/home/evan/code/lidar_slam/lidar_slam/install/slam_learn:/home/evan/code/lidar_slam/lidar_slam/install/other_msgs:/home/evan/code/lego-loam/lego/install/lego_loam_sr:/home/evan/code/ndt-loc/install/radar-odometry:/home/evan/code/ndt-loc/install/radar-data:/home/evan/code/ndt-loc/install/ndt-lidar-radar:/home/evan/code/ndt-loc/install/map:/home/evan/code/ndt-loc/install/data-publisher:/home/evan/code/ndt-loc/install/cloud_msgs:/home/evan/code/ndt-loc/install/a-loam:/opt/ros/humble LD_LIBRARY_PATH=/home/evan/code/lego-loam/lego/install/cloud_msgs/lib:/home/evan/code/lidar_slam/lidar_slam/install/other_msgs/lib:/home/evan/code/ndt-loc/install/cloud_msgs/lib:/opt/ros/humble/opt/rviz_ogre_vendor/lib:/opt/ros/humble/lib/x86_64-linux-gnu:/opt/ros/humble/lib:/usr/local/lib:/usr/local/lib /usr/bin/cmake --install /home/evan/code/lego-loam/lego/build/lego_loam_sr
