[1.195s] Invoking command in '/home/evan/code/lego-loam/lego/build/cloud_msgs': CMAKE_PREFIX_PATH=${CMAKE_PREFIX_PATH}:/opt/ros/humble /usr/bin/cmake --build /home/evan/code/lego-loam/lego/build/cloud_msgs -- -j4 -l4
[1.696s] [  3%] Built target cloud_msgs__cpp
[1.721s] [ 12%] Built target cloud_msgs__rosidl_typesupport_cpp
[2.015s] [ 22%] Built target cloud_msgs__rosidl_generator_c
[2.051s] [ 32%] Built target cloud_msgs__rosidl_typesupport_fastrtps_cpp
[2.334s] [ 41%] Built target cloud_msgs__rosidl_typesupport_introspection_cpp
[2.537s] [ 51%] Built target cloud_msgs__rosidl_typesupport_fastrtps_c
[2.694s] [ 61%] Built target cloud_msgs__rosidl_typesupport_c
[2.697s] [ 70%] Built target cloud_msgs__rosidl_typesupport_introspection_c
[2.737s] [ 70%] Built target cloud_msgs
[2.812s] [ 74%] Built target cloud_msgs__py
[3.248s] [ 80%] Built target cloud_msgs__rosidl_generator_py
[3.270s] [ 80%] Built target ament_cmake_python_copy_cloud_msgs
[3.623s] [ 90%] Built target cloud_msgs__rosidl_typesupport_fastrtps_c__pyext
[3.624s] [ 93%] Built target cloud_msgs__rosidl_typesupport_introspection_c__pyext
[3.626s] [100%] Built target cloud_msgs__rosidl_typesupport_c__pyext
[4.978s] running egg_info
[4.979s] writing cloud_msgs.egg-info/PKG-INFO
[5.005s] writing dependency_links to cloud_msgs.egg-info/dependency_links.txt
[5.059s] writing top-level names to cloud_msgs.egg-info/top_level.txt
[5.242s] reading manifest file 'cloud_msgs.egg-info/SOURCES.txt'
[5.535s] writing manifest file 'cloud_msgs.egg-info/SOURCES.txt'
[5.586s] [100%] Built target ament_cmake_python_build_cloud_msgs_egg
[5.600s] Invoked command in '/home/evan/code/lego-loam/lego/build/cloud_msgs' returned '0': CMAKE_PREFIX_PATH=${CMAKE_PREFIX_PATH}:/opt/ros/humble /usr/bin/cmake --build /home/evan/code/lego-loam/lego/build/cloud_msgs -- -j4 -l4
[5.694s] Invoking command in '/home/evan/code/lego-loam/lego/build/cloud_msgs': CMAKE_PREFIX_PATH=${CMAKE_PREFIX_PATH}:/opt/ros/humble /usr/bin/cmake --install /home/evan/code/lego-loam/lego/build/cloud_msgs
[6.159s] -- Install configuration: ""
[6.159s] -- Up-to-date: /home/evan/code/lego-loam/lego/install/cloud_msgs/share/ament_index/resource_index/rosidl_interfaces/cloud_msgs
[6.159s] -- Up-to-date: /home/evan/code/lego-loam/lego/install/cloud_msgs/include/cloud_msgs/cloud_msgs
[6.159s] -- Up-to-date: /home/evan/code/lego-loam/lego/install/cloud_msgs/include/cloud_msgs/cloud_msgs/msg
[6.161s] -- Up-to-date: /home/evan/code/lego-loam/lego/install/cloud_msgs/include/cloud_msgs/cloud_msgs/msg/detail
[6.161s] -- Up-to-date: /home/evan/code/lego-loam/lego/install/cloud_msgs/include/cloud_msgs/cloud_msgs/msg/detail/cloud_info__functions.c
[6.161s] -- Up-to-date: /home/evan/code/lego-loam/lego/install/cloud_msgs/include/cloud_msgs/cloud_msgs/msg/detail/cloud_info__struct.h
[6.161s] -- Up-to-date: /home/evan/code/lego-loam/lego/install/cloud_msgs/include/cloud_msgs/cloud_msgs/msg/detail/cloud_info__functions.h
[6.162s] -- Up-to-date: /home/evan/code/lego-loam/lego/install/cloud_msgs/include/cloud_msgs/cloud_msgs/msg/detail/cloud_info__type_support.h
[6.162s] -- Up-to-date: /home/evan/code/lego-loam/lego/install/cloud_msgs/include/cloud_msgs/cloud_msgs/msg/cloud_info.h
[6.162s] -- Up-to-date: /home/evan/code/lego-loam/lego/install/cloud_msgs/include/cloud_msgs/cloud_msgs/msg/rosidl_generator_c__visibility_control.h
[6.162s] -- Up-to-date: /home/evan/code/lego-loam/lego/install/cloud_msgs/share/cloud_msgs/environment/library_path.sh
[6.162s] -- Up-to-date: /home/evan/code/lego-loam/lego/install/cloud_msgs/share/cloud_msgs/environment/library_path.dsv
[6.162s] -- Up-to-date: /home/evan/code/lego-loam/lego/install/cloud_msgs/lib/libcloud_msgs__rosidl_generator_c.so
[6.162s] -- Up-to-date: /home/evan/code/lego-loam/lego/install/cloud_msgs/include/cloud_msgs/cloud_msgs
[6.162s] -- Up-to-date: /home/evan/code/lego-loam/lego/install/cloud_msgs/include/cloud_msgs/cloud_msgs/msg
[6.163s] -- Up-to-date: /home/evan/code/lego-loam/lego/install/cloud_msgs/include/cloud_msgs/cloud_msgs/msg/detail
[6.163s] -- Up-to-date: /home/evan/code/lego-loam/lego/install/cloud_msgs/include/cloud_msgs/cloud_msgs/msg/detail/cloud_info__rosidl_typesupport_fastrtps_c.h
[6.163s] -- Up-to-date: /home/evan/code/lego-loam/lego/install/cloud_msgs/include/cloud_msgs/cloud_msgs/msg/rosidl_typesupport_fastrtps_c__visibility_control.h
[6.163s] -- Up-to-date: /home/evan/code/lego-loam/lego/install/cloud_msgs/lib/libcloud_msgs__rosidl_typesupport_fastrtps_c.so
[6.163s] -- Up-to-date: /home/evan/code/lego-loam/lego/install/cloud_msgs/include/cloud_msgs/cloud_msgs
[6.163s] -- Up-to-date: /home/evan/code/lego-loam/lego/install/cloud_msgs/include/cloud_msgs/cloud_msgs/msg
[6.163s] -- Up-to-date: /home/evan/code/lego-loam/lego/install/cloud_msgs/include/cloud_msgs/cloud_msgs/msg/detail
[6.163s] -- Up-to-date: /home/evan/code/lego-loam/lego/install/cloud_msgs/include/cloud_msgs/cloud_msgs/msg/detail/cloud_info__builder.hpp
[6.163s] -- Up-to-date: /home/evan/code/lego-loam/lego/install/cloud_msgs/include/cloud_msgs/cloud_msgs/msg/detail/cloud_info__traits.hpp
[6.163s] -- Up-to-date: /home/evan/code/lego-loam/lego/install/cloud_msgs/include/cloud_msgs/cloud_msgs/msg/detail/cloud_info__struct.hpp
[6.163s] -- Up-to-date: /home/evan/code/lego-loam/lego/install/cloud_msgs/include/cloud_msgs/cloud_msgs/msg/cloud_info.hpp
[6.163s] -- Up-to-date: /home/evan/code/lego-loam/lego/install/cloud_msgs/include/cloud_msgs/cloud_msgs
[6.163s] -- Up-to-date: /home/evan/code/lego-loam/lego/install/cloud_msgs/include/cloud_msgs/cloud_msgs/msg
[6.164s] -- Up-to-date: /home/evan/code/lego-loam/lego/install/cloud_msgs/include/cloud_msgs/cloud_msgs/msg/detail
[6.164s] -- Up-to-date: /home/evan/code/lego-loam/lego/install/cloud_msgs/include/cloud_msgs/cloud_msgs/msg/detail/dds_fastrtps
[6.164s] -- Up-to-date: /home/evan/code/lego-loam/lego/install/cloud_msgs/include/cloud_msgs/cloud_msgs/msg/detail/cloud_info__rosidl_typesupport_fastrtps_cpp.hpp
[6.164s] -- Up-to-date: /home/evan/code/lego-loam/lego/install/cloud_msgs/include/cloud_msgs/cloud_msgs/msg/rosidl_typesupport_fastrtps_cpp__visibility_control.h
[6.164s] -- Up-to-date: /home/evan/code/lego-loam/lego/install/cloud_msgs/lib/libcloud_msgs__rosidl_typesupport_fastrtps_cpp.so
[6.164s] -- Up-to-date: /home/evan/code/lego-loam/lego/install/cloud_msgs/include/cloud_msgs/cloud_msgs
[6.164s] -- Up-to-date: /home/evan/code/lego-loam/lego/install/cloud_msgs/include/cloud_msgs/cloud_msgs/msg
[6.164s] -- Up-to-date: /home/evan/code/lego-loam/lego/install/cloud_msgs/include/cloud_msgs/cloud_msgs/msg/detail
[6.164s] -- Up-to-date: /home/evan/code/lego-loam/lego/install/cloud_msgs/include/cloud_msgs/cloud_msgs/msg/detail/cloud_info__rosidl_typesupport_introspection_c.h
[6.164s] -- Up-to-date: /home/evan/code/lego-loam/lego/install/cloud_msgs/include/cloud_msgs/cloud_msgs/msg/detail/cloud_info__type_support.c
[6.165s] -- Up-to-date: /home/evan/code/lego-loam/lego/install/cloud_msgs/include/cloud_msgs/cloud_msgs/msg/rosidl_typesupport_introspection_c__visibility_control.h
[6.165s] -- Up-to-date: /home/evan/code/lego-loam/lego/install/cloud_msgs/lib/libcloud_msgs__rosidl_typesupport_introspection_c.so
[6.165s] -- Up-to-date: /home/evan/code/lego-loam/lego/install/cloud_msgs/lib/libcloud_msgs__rosidl_typesupport_c.so
[6.165s] -- Up-to-date: /home/evan/code/lego-loam/lego/install/cloud_msgs/include/cloud_msgs/cloud_msgs
[6.165s] -- Up-to-date: /home/evan/code/lego-loam/lego/install/cloud_msgs/include/cloud_msgs/cloud_msgs/msg
[6.165s] -- Up-to-date: /home/evan/code/lego-loam/lego/install/cloud_msgs/include/cloud_msgs/cloud_msgs/msg/detail
[6.165s] -- Up-to-date: /home/evan/code/lego-loam/lego/install/cloud_msgs/include/cloud_msgs/cloud_msgs/msg/detail/cloud_info__type_support.cpp
[6.165s] -- Up-to-date: /home/evan/code/lego-loam/lego/install/cloud_msgs/include/cloud_msgs/cloud_msgs/msg/detail/cloud_info__rosidl_typesupport_introspection_cpp.hpp
[6.165s] -- Up-to-date: /home/evan/code/lego-loam/lego/install/cloud_msgs/lib/libcloud_msgs__rosidl_typesupport_introspection_cpp.so
[6.165s] -- Up-to-date: /home/evan/code/lego-loam/lego/install/cloud_msgs/lib/libcloud_msgs__rosidl_typesupport_cpp.so
[6.167s] -- Up-to-date: /home/evan/code/lego-loam/lego/install/cloud_msgs/share/cloud_msgs/environment/pythonpath.sh
[6.167s] -- Up-to-date: /home/evan/code/lego-loam/lego/install/cloud_msgs/share/cloud_msgs/environment/pythonpath.dsv
[6.167s] -- Up-to-date: /home/evan/code/lego-loam/lego/install/cloud_msgs/local/lib/python3.10/dist-packages/cloud_msgs-1.0.0-py3.10.egg-info
[6.167s] -- Installing: /home/evan/code/lego-loam/lego/install/cloud_msgs/local/lib/python3.10/dist-packages/cloud_msgs-1.0.0-py3.10.egg-info/top_level.txt
[6.167s] -- Installing: /home/evan/code/lego-loam/lego/install/cloud_msgs/local/lib/python3.10/dist-packages/cloud_msgs-1.0.0-py3.10.egg-info/dependency_links.txt
[6.167s] -- Installing: /home/evan/code/lego-loam/lego/install/cloud_msgs/local/lib/python3.10/dist-packages/cloud_msgs-1.0.0-py3.10.egg-info/PKG-INFO
[6.167s] -- Installing: /home/evan/code/lego-loam/lego/install/cloud_msgs/local/lib/python3.10/dist-packages/cloud_msgs-1.0.0-py3.10.egg-info/SOURCES.txt
[6.167s] -- Up-to-date: /home/evan/code/lego-loam/lego/install/cloud_msgs/local/lib/python3.10/dist-packages/cloud_msgs
[6.167s] -- Up-to-date: /home/evan/code/lego-loam/lego/install/cloud_msgs/local/lib/python3.10/dist-packages/cloud_msgs/msg
[6.167s] -- Up-to-date: /home/evan/code/lego-loam/lego/install/cloud_msgs/local/lib/python3.10/dist-packages/cloud_msgs/msg/_cloud_info.py
[6.167s] -- Up-to-date: /home/evan/code/lego-loam/lego/install/cloud_msgs/local/lib/python3.10/dist-packages/cloud_msgs/msg/__init__.py
[6.167s] -- Up-to-date: /home/evan/code/lego-loam/lego/install/cloud_msgs/local/lib/python3.10/dist-packages/cloud_msgs/msg/_cloud_info_s.c
[6.168s] -- Up-to-date: /home/evan/code/lego-loam/lego/install/cloud_msgs/local/lib/python3.10/dist-packages/cloud_msgs/_cloud_msgs_s.ep.rosidl_typesupport_c.c
[6.168s] -- Up-to-date: /home/evan/code/lego-loam/lego/install/cloud_msgs/local/lib/python3.10/dist-packages/cloud_msgs/libcloud_msgs__rosidl_generator_py.so
[6.168s] -- Up-to-date: /home/evan/code/lego-loam/lego/install/cloud_msgs/local/lib/python3.10/dist-packages/cloud_msgs/_cloud_msgs_s.ep.rosidl_typesupport_fastrtps_c.c
[6.168s] -- Up-to-date: /home/evan/code/lego-loam/lego/install/cloud_msgs/local/lib/python3.10/dist-packages/cloud_msgs/cloud_msgs_s__rosidl_typesupport_fastrtps_c.cpython-310-x86_64-linux-gnu.so
[6.168s] -- Up-to-date: /home/evan/code/lego-loam/lego/install/cloud_msgs/local/lib/python3.10/dist-packages/cloud_msgs/cloud_msgs_s__rosidl_typesupport_introspection_c.cpython-310-x86_64-linux-gnu.so
[6.168s] -- Up-to-date: /home/evan/code/lego-loam/lego/install/cloud_msgs/local/lib/python3.10/dist-packages/cloud_msgs/_cloud_msgs_s.ep.rosidl_typesupport_introspection_c.c
[6.168s] -- Up-to-date: /home/evan/code/lego-loam/lego/install/cloud_msgs/local/lib/python3.10/dist-packages/cloud_msgs/__init__.py
[6.168s] -- Up-to-date: /home/evan/code/lego-loam/lego/install/cloud_msgs/local/lib/python3.10/dist-packages/cloud_msgs/cloud_msgs_s__rosidl_typesupport_c.cpython-310-x86_64-linux-gnu.so
[6.425s] Listing '/home/evan/code/lego-loam/lego/install/cloud_msgs/local/lib/python3.10/dist-packages/cloud_msgs'...
[6.425s] Listing '/home/evan/code/lego-loam/lego/install/cloud_msgs/local/lib/python3.10/dist-packages/cloud_msgs/msg'...
[6.434s] -- Up-to-date: /home/evan/code/lego-loam/lego/install/cloud_msgs/local/lib/python3.10/dist-packages/cloud_msgs/cloud_msgs_s__rosidl_typesupport_fastrtps_c.cpython-310-x86_64-linux-gnu.so
[6.460s] -- Up-to-date: /home/evan/code/lego-loam/lego/install/cloud_msgs/local/lib/python3.10/dist-packages/cloud_msgs/cloud_msgs_s__rosidl_typesupport_introspection_c.cpython-310-x86_64-linux-gnu.so
[6.460s] -- Up-to-date: /home/evan/code/lego-loam/lego/install/cloud_msgs/local/lib/python3.10/dist-packages/cloud_msgs/cloud_msgs_s__rosidl_typesupport_c.cpython-310-x86_64-linux-gnu.so
[6.461s] -- Up-to-date: /home/evan/code/lego-loam/lego/install/cloud_msgs/lib/libcloud_msgs__rosidl_generator_py.so
[6.461s] -- Up-to-date: /home/evan/code/lego-loam/lego/install/cloud_msgs/share/cloud_msgs/msg/CloudInfo.idl
[6.461s] -- Up-to-date: /home/evan/code/lego-loam/lego/install/cloud_msgs/share/cloud_msgs/msg/CloudInfo.msg
[6.461s] -- Up-to-date: /home/evan/code/lego-loam/lego/install/cloud_msgs/share/ament_index/resource_index/package_run_dependencies/cloud_msgs
[6.461s] -- Up-to-date: /home/evan/code/lego-loam/lego/install/cloud_msgs/share/ament_index/resource_index/parent_prefix_path/cloud_msgs
[6.461s] -- Up-to-date: /home/evan/code/lego-loam/lego/install/cloud_msgs/share/cloud_msgs/environment/ament_prefix_path.sh
[6.462s] -- Up-to-date: /home/evan/code/lego-loam/lego/install/cloud_msgs/share/cloud_msgs/environment/ament_prefix_path.dsv
[6.462s] -- Up-to-date: /home/evan/code/lego-loam/lego/install/cloud_msgs/share/cloud_msgs/environment/path.sh
[6.462s] -- Up-to-date: /home/evan/code/lego-loam/lego/install/cloud_msgs/share/cloud_msgs/environment/path.dsv
[6.462s] -- Up-to-date: /home/evan/code/lego-loam/lego/install/cloud_msgs/share/cloud_msgs/local_setup.bash
[6.462s] -- Up-to-date: /home/evan/code/lego-loam/lego/install/cloud_msgs/share/cloud_msgs/local_setup.sh
[6.462s] -- Up-to-date: /home/evan/code/lego-loam/lego/install/cloud_msgs/share/cloud_msgs/local_setup.zsh
[6.462s] -- Up-to-date: /home/evan/code/lego-loam/lego/install/cloud_msgs/share/cloud_msgs/local_setup.dsv
[6.462s] -- Installing: /home/evan/code/lego-loam/lego/install/cloud_msgs/share/cloud_msgs/package.dsv
[6.630s] -- Up-to-date: /home/evan/code/lego-loam/lego/install/cloud_msgs/share/ament_index/resource_index/packages/cloud_msgs
[6.668s] -- Up-to-date: /home/evan/code/lego-loam/lego/install/cloud_msgs/share/cloud_msgs/cmake/export_cloud_msgs__rosidl_generator_cExport.cmake
[6.668s] -- Up-to-date: /home/evan/code/lego-loam/lego/install/cloud_msgs/share/cloud_msgs/cmake/export_cloud_msgs__rosidl_generator_cExport-noconfig.cmake
[6.671s] -- Up-to-date: /home/evan/code/lego-loam/lego/install/cloud_msgs/share/cloud_msgs/cmake/export_cloud_msgs__rosidl_typesupport_fastrtps_cExport.cmake
[6.671s] -- Up-to-date: /home/evan/code/lego-loam/lego/install/cloud_msgs/share/cloud_msgs/cmake/export_cloud_msgs__rosidl_typesupport_fastrtps_cExport-noconfig.cmake
[6.812s] -- Up-to-date: /home/evan/code/lego-loam/lego/install/cloud_msgs/share/cloud_msgs/cmake/export_cloud_msgs__rosidl_generator_cppExport.cmake
[6.822s] -- Up-to-date: /home/evan/code/lego-loam/lego/install/cloud_msgs/share/cloud_msgs/cmake/export_cloud_msgs__rosidl_typesupport_fastrtps_cppExport.cmake
[6.823s] -- Up-to-date: /home/evan/code/lego-loam/lego/install/cloud_msgs/share/cloud_msgs/cmake/export_cloud_msgs__rosidl_typesupport_fastrtps_cppExport-noconfig.cmake
[6.825s] -- Up-to-date: /home/evan/code/lego-loam/lego/install/cloud_msgs/share/cloud_msgs/cmake/cloud_msgs__rosidl_typesupport_introspection_cExport.cmake
[6.825s] -- Up-to-date: /home/evan/code/lego-loam/lego/install/cloud_msgs/share/cloud_msgs/cmake/cloud_msgs__rosidl_typesupport_introspection_cExport-noconfig.cmake
[6.828s] -- Up-to-date: /home/evan/code/lego-loam/lego/install/cloud_msgs/share/cloud_msgs/cmake/cloud_msgs__rosidl_typesupport_cExport.cmake
[6.828s] -- Up-to-date: /home/evan/code/lego-loam/lego/install/cloud_msgs/share/cloud_msgs/cmake/cloud_msgs__rosidl_typesupport_cExport-noconfig.cmake
[6.833s] -- Up-to-date: /home/evan/code/lego-loam/lego/install/cloud_msgs/share/cloud_msgs/cmake/cloud_msgs__rosidl_typesupport_introspection_cppExport.cmake
[6.833s] -- Up-to-date: /home/evan/code/lego-loam/lego/install/cloud_msgs/share/cloud_msgs/cmake/cloud_msgs__rosidl_typesupport_introspection_cppExport-noconfig.cmake
[6.860s] -- Up-to-date: /home/evan/code/lego-loam/lego/install/cloud_msgs/share/cloud_msgs/cmake/cloud_msgs__rosidl_typesupport_cppExport.cmake
[6.860s] -- Up-to-date: /home/evan/code/lego-loam/lego/install/cloud_msgs/share/cloud_msgs/cmake/cloud_msgs__rosidl_typesupport_cppExport-noconfig.cmake
[6.860s] -- Up-to-date: /home/evan/code/lego-loam/lego/install/cloud_msgs/share/cloud_msgs/cmake/export_cloud_msgs__rosidl_generator_pyExport.cmake
[6.860s] -- Up-to-date: /home/evan/code/lego-loam/lego/install/cloud_msgs/share/cloud_msgs/cmake/export_cloud_msgs__rosidl_generator_pyExport-noconfig.cmake
[6.860s] -- Up-to-date: /home/evan/code/lego-loam/lego/install/cloud_msgs/share/cloud_msgs/cmake/rosidl_cmake-extras.cmake
[6.860s] -- Up-to-date: /home/evan/code/lego-loam/lego/install/cloud_msgs/share/cloud_msgs/cmake/ament_cmake_export_dependencies-extras.cmake
[6.860s] -- Up-to-date: /home/evan/code/lego-loam/lego/install/cloud_msgs/share/cloud_msgs/cmake/ament_cmake_export_include_directories-extras.cmake
[6.860s] -- Up-to-date: /home/evan/code/lego-loam/lego/install/cloud_msgs/share/cloud_msgs/cmake/ament_cmake_export_libraries-extras.cmake
[6.861s] -- Up-to-date: /home/evan/code/lego-loam/lego/install/cloud_msgs/share/cloud_msgs/cmake/ament_cmake_export_targets-extras.cmake
[6.861s] -- Up-to-date: /home/evan/code/lego-loam/lego/install/cloud_msgs/share/cloud_msgs/cmake/rosidl_cmake_export_typesupport_targets-extras.cmake
[6.861s] -- Up-to-date: /home/evan/code/lego-loam/lego/install/cloud_msgs/share/cloud_msgs/cmake/rosidl_cmake_export_typesupport_libraries-extras.cmake
[6.861s] -- Up-to-date: /home/evan/code/lego-loam/lego/install/cloud_msgs/share/cloud_msgs/cmake/cloud_msgsConfig.cmake
[6.861s] -- Up-to-date: /home/evan/code/lego-loam/lego/install/cloud_msgs/share/cloud_msgs/cmake/cloud_msgsConfig-version.cmake
[6.861s] -- Up-to-date: /home/evan/code/lego-loam/lego/install/cloud_msgs/share/cloud_msgs/package.xml
[7.100s] Invoked command in '/home/evan/code/lego-loam/lego/build/cloud_msgs' returned '0': CMAKE_PREFIX_PATH=${CMAKE_PREFIX_PATH}:/opt/ros/humble /usr/bin/cmake --install /home/evan/code/lego-loam/lego/build/cloud_msgs
