-- Found ament_cmake: 1.3.3 (/opt/ros/humble/share/ament_cmake/cmake)
-- Found rclcpp: 16.0.3 (/opt/ros/humble/share/rclcpp/cmake)
-- Found rosidl_generator_c: 3.1.4 (/opt/ros/humble/share/rosidl_generator_c/cmake)
-- Found rosidl_adapter: 3.1.4 (/opt/ros/humble/share/rosidl_adapter/cmake)
-- Found rosidl_generator_cpp: 3.1.4 (/opt/ros/humble/share/rosidl_generator_cpp/cmake)
-- Using all available rosidl_typesupport_c: rosidl_typesupport_fastrtps_c;rosidl_typesupport_introspection_c
-- Using all available rosidl_typesupport_cpp: rosidl_typesupport_fastrtps_cpp;rosidl_typesupport_introspection_cpp
-- Found rmw_implementation_cmake: 6.1.1 (/opt/ros/humble/share/rmw_implementation_cmake/cmake)
-- Found rmw_fastrtps_cpp: 6.2.2 (/opt/ros/humble/share/rmw_fastrtps_cpp/cmake)
-- Using RMW implementation 'rmw_fastrtps_cpp' as default
-- Found sensor_msgs: 4.2.3 (/opt/ros/humble/share/sensor_msgs/cmake)
-- Found nav_msgs: 4.2.3 (/opt/ros/humble/share/nav_msgs/cmake)
-- Found pcl_conversions: 2.4.0 (/opt/ros/humble/share/pcl_conversions/cmake)
-- Eigen found (include: /usr/include/eigen3, version: 3.4.0)
-- Found Boost: /usr/lib/x86_64-linux-gnu/cmake/Boost-1.74.0/BoostConfig.cmake (found suitable version "1.74.0", minimum required is "1.65.0") found components: system filesystem date_time iostreams serialization 
-- FLANN found (include: /usr/include, lib: /usr/lib/x86_64-linux-gnu/libflann_cpp.so)
-- OpenNI found (version: 1.5.4.0, include: /usr/include/ni, lib: /usr/lib/libOpenNI.so;libusb::libusb)
-- OpenNI2 found (version: 2.2.0.33, include: /usr/include/openni2, lib: /usr/lib/x86_64-linux-gnu/libOpenNI2.so;libusb::libusb)
[0m** WARNING ** io features related to pcap will be disabled[0m
-- Eigen found (include: /usr/include/eigen3, version: 3.4.0)
-- OpenNI found (version: 1.5.4.0, include: /usr/include/ni, lib: /usr/lib/libOpenNI.so;libusb::libusb)
-- OpenNI2 found (version: 2.2.0.33, include: /usr/include/openni2, lib: /usr/lib/x86_64-linux-gnu/libOpenNI2.so;libusb::libusb)
-- Found Qhull version 8.0.2
-- OpenNI found (version: 1.5.4.0, include: /usr/include/ni, lib: /usr/lib/libOpenNI.so;libusb::libusb)
-- looking for PCL_COMMON
-- looking for PCL_KDTREE
-- looking for PCL_OCTREE
-- looking for PCL_SEARCH
-- looking for PCL_SAMPLE_CONSENSUS
-- looking for PCL_FILTERS
-- looking for PCL_2D
-- looking for PCL_GEOMETRY
-- looking for PCL_IO
-- looking for PCL_FEATURES
-- looking for PCL_ML
-- looking for PCL_SEGMENTATION
-- looking for PCL_VISUALIZATION
-- looking for PCL_SURFACE
-- looking for PCL_REGISTRATION
-- looking for PCL_KEYPOINTS
-- looking for PCL_TRACKING
-- looking for PCL_RECOGNITION
-- looking for PCL_STEREO
-- looking for PCL_APPS
-- looking for PCL_IN_HAND_SCANNER
-- looking for PCL_MODELER
-- looking for PCL_POINT_CLOUD_EDITOR
-- looking for PCL_OUTOFCORE
-- looking for PCL_PEOPLE
-- GTSAM include directory:  /usr/local/lib/cmake/GTSAM/../../../include
-- Found Boost: /usr/lib/x86_64-linux-gnu/cmake/Boost-1.74.0/BoostConfig.cmake (found version "1.74.0") found components: thread serialization timer 
-- Configuring done
-- Generating done
-- Build files have been written to: /home/evan/code/Complete_slam_system/lidar_slam_system/build/lidar_slam
[35m[1mConsolidate compiler generated dependencies of target lidar_slam[0m
[ 50%] [32mBuilding CXX object CMakeFiles/lidar_slam.dir/src/front_end.cpp.o[0m
[ 50%] [32mBuilding CXX object CMakeFiles/lidar_slam.dir/src/data_process.cpp.o[0m
[ 75%] [32mBuilding CXX object CMakeFiles/lidar_slam.dir/src/main.cpp.o[0m
[100%] [32m[1mLinking CXX executable lidar_slam[0m
/usr/bin/ld: CMakeFiles/lidar_slam.dir/src/front_end.cpp.o: in function `lidarslam::FrontEnd::odometry()':
front_end.cpp:(.text+0x1af0): undefined reference to `ceres::Problem::Problem(ceres::Problem::Options const&)'
/usr/bin/ld: front_end.cpp:(.text+0x1b31): undefined reference to `ceres::Problem::AddParameterBlock(double*, int, ceres::Manifold*)'
/usr/bin/ld: front_end.cpp:(.text+0x1b4f): undefined reference to `ceres::Problem::AddParameterBlock(double*, int)'
/usr/bin/ld: front_end.cpp:(.text+0x2e9c): undefined reference to `ceres::Solve(ceres::Solver::Options const&, ceres::Problem*, ceres::Solver::Summary*)'
/usr/bin/ld: front_end.cpp:(.text+0x2ee7): undefined reference to `ceres::Problem::~Problem()'
/usr/bin/ld: front_end.cpp:(.text+0x318b): undefined reference to `ceres::Problem::~Problem()'
/usr/bin/ld: CMakeFiles/lidar_slam.dir/src/front_end.cpp.o: in function `ceres::LossFunction::LossFunction()':
front_end.cpp:(.text._ZN5ceres12LossFunctionC2Ev[_ZN5ceres12LossFunctionC5Ev]+0xf): undefined reference to `vtable for ceres::LossFunction'
/usr/bin/ld: CMakeFiles/lidar_slam.dir/src/front_end.cpp.o: in function `ceres::HuberLoss::HuberLoss(double)':
front_end.cpp:(.text._ZN5ceres9HuberLossC2Ed[_ZN5ceres9HuberLossC5Ed]+0x24): undefined reference to `vtable for ceres::HuberLoss'
/usr/bin/ld: CMakeFiles/lidar_slam.dir/src/front_end.cpp.o: in function `ceres::Manifold::Manifold()':
front_end.cpp:(.text._ZN5ceres8ManifoldC2Ev[_ZN5ceres8ManifoldC5Ev]+0xf): undefined reference to `vtable for ceres::Manifold'
/usr/bin/ld: CMakeFiles/lidar_slam.dir/src/front_end.cpp.o: in function `ceres::EigenQuaternionManifold::EigenQuaternionManifold()':
front_end.cpp:(.text._ZN5ceres23EigenQuaternionManifoldC2Ev[_ZN5ceres23EigenQuaternionManifoldC5Ev]+0x1f): undefined reference to `vtable for ceres::EigenQuaternionManifold'
/usr/bin/ld: CMakeFiles/lidar_slam.dir/src/front_end.cpp.o: in function `ceres::SizedCostFunction<3, 4, 3>::~SizedCostFunction()':
front_end.cpp:(.text._ZN5ceres17SizedCostFunctionILi3EJLi4ELi3EEED2Ev[_ZN5ceres17SizedCostFunctionILi3EJLi4ELi3EEED5Ev]+0x2a): undefined reference to `ceres::CostFunction::~CostFunction()'
/usr/bin/ld: CMakeFiles/lidar_slam.dir/src/front_end.cpp.o: in function `ceres::SizedCostFunction<1, 4, 3>::~SizedCostFunction()':
front_end.cpp:(.text._ZN5ceres17SizedCostFunctionILi1EJLi4ELi3EEED2Ev[_ZN5ceres17SizedCostFunctionILi1EJLi4ELi3EEED5Ev]+0x2a): undefined reference to `ceres::CostFunction::~CostFunction()'
/usr/bin/ld: CMakeFiles/lidar_slam.dir/src/front_end.cpp.o: in function `ceres::internal::ResidualBlock* ceres::Problem::AddResidualBlock<double>(ceres::CostFunction*, ceres::LossFunction*, double*, double*)':
front_end.cpp:(.text._ZN5ceres7Problem16AddResidualBlockIJdEEEPNS_8internal13ResidualBlockEPNS_12CostFunctionEPNS_12LossFunctionEPdDpPT_[_ZN5ceres7Problem16AddResidualBlockIJdEEEPNS_8internal13ResidualBlockEPNS_12CostFunctionEPNS_12LossFunctionEPdDpPT_]+0x70): undefined reference to `ceres::Problem::AddResidualBlock(ceres::CostFunction*, ceres::LossFunction*, double* const*, int)'
/usr/bin/ld: CMakeFiles/lidar_slam.dir/src/front_end.cpp.o: in function `std::__cxx11::basic_string<char, std::char_traits<char>, std::allocator<char> >* google::MakeCheckOpString<int, int>(int const&, int const&, char const*)':
front_end.cpp:(.text._ZN6google17MakeCheckOpStringIiiEEPNSt7__cxx1112basic_stringIcSt11char_traitsIcESaIcEEERKT_RKT0_PKc[_ZN6google17MakeCheckOpStringIiiEEPNSt7__cxx1112basic_stringIcSt11char_traitsIcESaIcEEERKT_RKT0_PKc]+0x37): undefined reference to `google::base::CheckOpMessageBuilder::CheckOpMessageBuilder(char const*)'
/usr/bin/ld: front_end.cpp:(.text._ZN6google17MakeCheckOpStringIiiEEPNSt7__cxx1112basic_stringIcSt11char_traitsIcESaIcEEERKT_RKT0_PKc[_ZN6google17MakeCheckOpStringIiiEEPNSt7__cxx1112basic_stringIcSt11char_traitsIcESaIcEEERKT_RKT0_PKc]+0x61): undefined reference to `google::base::CheckOpMessageBuilder::ForVar2()'
/usr/bin/ld: front_end.cpp:(.text._ZN6google17MakeCheckOpStringIiiEEPNSt7__cxx1112basic_stringIcSt11char_traitsIcESaIcEEERKT_RKT0_PKc[_ZN6google17MakeCheckOpStringIiiEEPNSt7__cxx1112basic_stringIcSt11char_traitsIcESaIcEEERKT_RKT0_PKc]+0x7f): undefined reference to `google::base::CheckOpMessageBuilder::NewString[abi:cxx11]()'
/usr/bin/ld: front_end.cpp:(.text._ZN6google17MakeCheckOpStringIiiEEPNSt7__cxx1112basic_stringIcSt11char_traitsIcESaIcEEERKT_RKT0_PKc[_ZN6google17MakeCheckOpStringIiiEEPNSt7__cxx1112basic_stringIcSt11char_traitsIcESaIcEEERKT_RKT0_PKc]+0x8f): undefined reference to `google::base::CheckOpMessageBuilder::~CheckOpMessageBuilder()'
/usr/bin/ld: front_end.cpp:(.text._ZN6google17MakeCheckOpStringIiiEEPNSt7__cxx1112basic_stringIcSt11char_traitsIcESaIcEEERKT_RKT0_PKc[_ZN6google17MakeCheckOpStringIiiEEPNSt7__cxx1112basic_stringIcSt11char_traitsIcESaIcEEERKT_RKT0_PKc]+0xb6): undefined reference to `google::base::CheckOpMessageBuilder::~CheckOpMessageBuilder()'
/usr/bin/ld: CMakeFiles/lidar_slam.dir/src/front_end.cpp.o: in function `ceres::SizedCostFunction<3, 4, 3>::SizedCostFunction()':
front_end.cpp:(.text._ZN5ceres17SizedCostFunctionILi3EJLi4ELi3EEEC2Ev[_ZN5ceres17SizedCostFunctionILi3EJLi4ELi3EEEC5Ev]+0x2c): undefined reference to `ceres::CostFunction::CostFunction()'
/usr/bin/ld: front_end.cpp:(.text._ZN5ceres17SizedCostFunctionILi3EJLi4ELi3EEEC2Ev[_ZN5ceres17SizedCostFunctionILi3EJLi4ELi3EEEC5Ev]+0x102): undefined reference to `ceres::CostFunction::~CostFunction()'
/usr/bin/ld: CMakeFiles/lidar_slam.dir/src/front_end.cpp.o: in function `ceres::SizedCostFunction<1, 4, 3>::SizedCostFunction()':
front_end.cpp:(.text._ZN5ceres17SizedCostFunctionILi1EJLi4ELi3EEEC2Ev[_ZN5ceres17SizedCostFunctionILi1EJLi4ELi3EEEC5Ev]+0x2c): undefined reference to `ceres::CostFunction::CostFunction()'
/usr/bin/ld: front_end.cpp:(.text._ZN5ceres17SizedCostFunctionILi1EJLi4ELi3EEEC2Ev[_ZN5ceres17SizedCostFunctionILi1EJLi4ELi3EEEC5Ev]+0x102): undefined reference to `ceres::CostFunction::~CostFunction()'
/usr/bin/ld: CMakeFiles/lidar_slam.dir/src/front_end.cpp.o:(.data.rel.ro._ZTIN5ceres17SizedCostFunctionILi1EJLi4ELi3EEEE[_ZTIN5ceres17SizedCostFunctionILi1EJLi4ELi3EEEE]+0x10): undefined reference to `typeinfo for ceres::CostFunction'
/usr/bin/ld: CMakeFiles/lidar_slam.dir/src/front_end.cpp.o:(.data.rel.ro._ZTIN5ceres17SizedCostFunctionILi3EJLi4ELi3EEEE[_ZTIN5ceres17SizedCostFunctionILi3EJLi4ELi3EEEE]+0x10): undefined reference to `typeinfo for ceres::CostFunction'
/usr/bin/ld: CMakeFiles/lidar_slam.dir/src/front_end.cpp.o: in function `bool ceres::internal::AutoDifferentiate<1, ceres::internal::ParameterDims<false, 4, 3>, LidarPlaneFactor, double>(LidarPlaneFactor const&, double const* const*, int, double*, double**)':
front_end.cpp:(.text._ZN5ceres8internal17AutoDifferentiateILi1ENS0_13ParameterDimsILb0EJLi4ELi3EEEE16LidarPlaneFactordEEbRKT1_PKPKT2_iPS8_PSD_[_ZN5ceres8internal17AutoDifferentiateILi1ENS0_13ParameterDimsILb0EJLi4ELi3EEEE16LidarPlaneFactordEEbRKT1_PKPKT2_iPS8_PSD_]+0xba): undefined reference to `google::LogMessageFatal::LogMessageFatal(char const*, int, google::CheckOpString const&)'
/usr/bin/ld: front_end.cpp:(.text._ZN5ceres8internal17AutoDifferentiateILi1ENS0_13ParameterDimsILb0EJLi4ELi3EEEE16LidarPlaneFactordEEbRKT1_PKPKT2_iPS8_PSD_[_ZN5ceres8internal17AutoDifferentiateILi1ENS0_13ParameterDimsILb0EJLi4ELi3EEEE16LidarPlaneFactordEEbRKT1_PKPKT2_iPS8_PSD_]+0xc9): undefined reference to `google::LogMessage::stream()'
/usr/bin/ld: front_end.cpp:(.text._ZN5ceres8internal17AutoDifferentiateILi1ENS0_13ParameterDimsILb0EJLi4ELi3EEEE16LidarPlaneFactordEEbRKT1_PKPKT2_iPS8_PSD_[_ZN5ceres8internal17AutoDifferentiateILi1ENS0_13ParameterDimsILb0EJLi4ELi3EEEE16LidarPlaneFactordEEbRKT1_PKPKT2_iPS8_PSD_]+0xd8): undefined reference to `google::LogMessageFatal::~LogMessageFatal()'
/usr/bin/ld: front_end.cpp:(.text._ZN5ceres8internal17AutoDifferentiateILi1ENS0_13ParameterDimsILb0EJLi4ELi3EEEE16LidarPlaneFactordEEbRKT1_PKPKT2_iPS8_PSD_[_ZN5ceres8internal17AutoDifferentiateILi1ENS0_13ParameterDimsILb0EJLi4ELi3EEEE16LidarPlaneFactordEEbRKT1_PKPKT2_iPS8_PSD_]+0x195): undefined reference to `google::LogMessageFatal::LogMessageFatal(char const*, int, google::CheckOpString const&)'
/usr/bin/ld: front_end.cpp:(.text._ZN5ceres8internal17AutoDifferentiateILi1ENS0_13ParameterDimsILb0EJLi4ELi3EEEE16LidarPlaneFactordEEbRKT1_PKPKT2_iPS8_PSD_[_ZN5ceres8internal17AutoDifferentiateILi1ENS0_13ParameterDimsILb0EJLi4ELi3EEEE16LidarPlaneFactordEEbRKT1_PKPKT2_iPS8_PSD_]+0x1a4): undefined reference to `google::LogMessage::stream()'
/usr/bin/ld: front_end.cpp:(.text._ZN5ceres8internal17AutoDifferentiateILi1ENS0_13ParameterDimsILb0EJLi4ELi3EEEE16LidarPlaneFactordEEbRKT1_PKPKT2_iPS8_PSD_[_ZN5ceres8internal17AutoDifferentiateILi1ENS0_13ParameterDimsILb0EJLi4ELi3EEEE16LidarPlaneFactordEEbRKT1_PKPKT2_iPS8_PSD_]+0x1b3): undefined reference to `google::LogMessageFatal::~LogMessageFatal()'
/usr/bin/ld: front_end.cpp:(.text._ZN5ceres8internal17AutoDifferentiateILi1ENS0_13ParameterDimsILb0EJLi4ELi3EEEE16LidarPlaneFactordEEbRKT1_PKPKT2_iPS8_PSD_[_ZN5ceres8internal17AutoDifferentiateILi1ENS0_13ParameterDimsILb0EJLi4ELi3EEEE16LidarPlaneFactordEEbRKT1_PKPKT2_iPS8_PSD_]+0x321): undefined reference to `google::LogMessageFatal::~LogMessageFatal()'
/usr/bin/ld: front_end.cpp:(.text._ZN5ceres8internal17AutoDifferentiateILi1ENS0_13ParameterDimsILb0EJLi4ELi3EEEE16LidarPlaneFactordEEbRKT1_PKPKT2_iPS8_PSD_[_ZN5ceres8internal17AutoDifferentiateILi1ENS0_13ParameterDimsILb0EJLi4ELi3EEEE16LidarPlaneFactordEEbRKT1_PKPKT2_iPS8_PSD_]+0x334): undefined reference to `google::LogMessageFatal::~LogMessageFatal()'
/usr/bin/ld: CMakeFiles/lidar_slam.dir/src/front_end.cpp.o: in function `bool ceres::internal::AutoDifferentiate<3, ceres::internal::ParameterDims<false, 4, 3>, LidarEdgeFactor, double>(LidarEdgeFactor const&, double const* const*, int, double*, double**)':
front_end.cpp:(.text._ZN5ceres8internal17AutoDifferentiateILi3ENS0_13ParameterDimsILb0EJLi4ELi3EEEE15LidarEdgeFactordEEbRKT1_PKPKT2_iPS8_PSD_[_ZN5ceres8internal17AutoDifferentiateILi3ENS0_13ParameterDimsILb0EJLi4ELi3EEEE15LidarEdgeFactordEEbRKT1_PKPKT2_iPS8_PSD_]+0xba): undefined reference to `google::LogMessageFatal::LogMessageFatal(char const*, int, google::CheckOpString const&)'
/usr/bin/ld: front_end.cpp:(.text._ZN5ceres8internal17AutoDifferentiateILi3ENS0_13ParameterDimsILb0EJLi4ELi3EEEE15LidarEdgeFactordEEbRKT1_PKPKT2_iPS8_PSD_[_ZN5ceres8internal17AutoDifferentiateILi3ENS0_13ParameterDimsILb0EJLi4ELi3EEEE15LidarEdgeFactordEEbRKT1_PKPKT2_iPS8_PSD_]+0xc9): undefined reference to `google::LogMessage::stream()'
/usr/bin/ld: front_end.cpp:(.text._ZN5ceres8internal17AutoDifferentiateILi3ENS0_13ParameterDimsILb0EJLi4ELi3EEEE15LidarEdgeFactordEEbRKT1_PKPKT2_iPS8_PSD_[_ZN5ceres8internal17AutoDifferentiateILi3ENS0_13ParameterDimsILb0EJLi4ELi3EEEE15LidarEdgeFactordEEbRKT1_PKPKT2_iPS8_PSD_]+0xd8): undefined reference to `google::LogMessageFatal::~LogMessageFatal()'
/usr/bin/ld: front_end.cpp:(.text._ZN5ceres8internal17AutoDifferentiateILi3ENS0_13ParameterDimsILb0EJLi4ELi3EEEE15LidarEdgeFactordEEbRKT1_PKPKT2_iPS8_PSD_[_ZN5ceres8internal17AutoDifferentiateILi3ENS0_13ParameterDimsILb0EJLi4ELi3EEEE15LidarEdgeFactordEEbRKT1_PKPKT2_iPS8_PSD_]+0x195): undefined reference to `google::LogMessageFatal::LogMessageFatal(char const*, int, google::CheckOpString const&)'
/usr/bin/ld: front_end.cpp:(.text._ZN5ceres8internal17AutoDifferentiateILi3ENS0_13ParameterDimsILb0EJLi4ELi3EEEE15LidarEdgeFactordEEbRKT1_PKPKT2_iPS8_PSD_[_ZN5ceres8internal17AutoDifferentiateILi3ENS0_13ParameterDimsILb0EJLi4ELi3EEEE15LidarEdgeFactordEEbRKT1_PKPKT2_iPS8_PSD_]+0x1a4): undefined reference to `google::LogMessage::stream()'
/usr/bin/ld: front_end.cpp:(.text._ZN5ceres8internal17AutoDifferentiateILi3ENS0_13ParameterDimsILb0EJLi4ELi3EEEE15LidarEdgeFactordEEbRKT1_PKPKT2_iPS8_PSD_[_ZN5ceres8internal17AutoDifferentiateILi3ENS0_13ParameterDimsILb0EJLi4ELi3EEEE15LidarEdgeFactordEEbRKT1_PKPKT2_iPS8_PSD_]+0x1b3): undefined reference to `google::LogMessageFatal::~LogMessageFatal()'
/usr/bin/ld: front_end.cpp:(.text._ZN5ceres8internal17AutoDifferentiateILi3ENS0_13ParameterDimsILb0EJLi4ELi3EEEE15LidarEdgeFactordEEbRKT1_PKPKT2_iPS8_PSD_[_ZN5ceres8internal17AutoDifferentiateILi3ENS0_13ParameterDimsILb0EJLi4ELi3EEEE15LidarEdgeFactordEEbRKT1_PKPKT2_iPS8_PSD_]+0x321): undefined reference to `google::LogMessageFatal::~LogMessageFatal()'
/usr/bin/ld: front_end.cpp:(.text._ZN5ceres8internal17AutoDifferentiateILi3ENS0_13ParameterDimsILb0EJLi4ELi3EEEE15LidarEdgeFactordEEbRKT1_PKPKT2_iPS8_PSD_[_ZN5ceres8internal17AutoDifferentiateILi3ENS0_13ParameterDimsILb0EJLi4ELi3EEEE15LidarEdgeFactordEEbRKT1_PKPKT2_iPS8_PSD_]+0x334): undefined reference to `google::LogMessageFatal::~LogMessageFatal()'
/usr/bin/ld: CMakeFiles/lidar_slam.dir/src/front_end.cpp.o: in function `ceres::internal::ArraySelector<ceres::Jet<double, 7>, 7, 50, false, true>::ArraySelector(int)':
front_end.cpp:(.text._ZN5ceres8internal13ArraySelectorINS_3JetIdLi7EEELi7ELi50ELb0ELb1EEC2Ei[_ZN5ceres8internal13ArraySelectorINS_3JetIdLi7EEELi7ELi50ELb0ELb1EEC5Ei]+0x93): undefined reference to `google::LogMessageFatal::LogMessageFatal(char const*, int, google::CheckOpString const&)'
/usr/bin/ld: front_end.cpp:(.text._ZN5ceres8internal13ArraySelectorINS_3JetIdLi7EEELi7ELi50ELb0ELb1EEC2Ei[_ZN5ceres8internal13ArraySelectorINS_3JetIdLi7EEELi7ELi50ELb0ELb1EEC5Ei]+0x9f): undefined reference to `google::LogMessage::stream()'
/usr/bin/ld: front_end.cpp:(.text._ZN5ceres8internal13ArraySelectorINS_3JetIdLi7EEELi7ELi50ELb0ELb1EEC2Ei[_ZN5ceres8internal13ArraySelectorINS_3JetIdLi7EEELi7ELi50ELb0ELb1EEC5Ei]+0xab): undefined reference to `google::LogMessageFatal::~LogMessageFatal()'
/usr/bin/ld: front_end.cpp:(.text._ZN5ceres8internal13ArraySelectorINS_3JetIdLi7EEELi7ELi50ELb0ELb1EEC2Ei[_ZN5ceres8internal13ArraySelectorINS_3JetIdLi7EEELi7ELi50ELb0ELb1EEC5Ei]+0xbb): undefined reference to `google::LogMessageFatal::~LogMessageFatal()'
/usr/bin/ld: CMakeFiles/lidar_slam.dir/src/front_end.cpp.o: in function `ceres::internal::ArraySelector<ceres::Jet<double, 7>, 3, 20, false, true>::ArraySelector(int)':
front_end.cpp:(.text._ZN5ceres8internal13ArraySelectorINS_3JetIdLi7EEELi3ELi20ELb0ELb1EEC2Ei[_ZN5ceres8internal13ArraySelectorINS_3JetIdLi7EEELi3ELi20ELb0ELb1EEC5Ei]+0x93): undefined reference to `google::LogMessageFatal::LogMessageFatal(char const*, int, google::CheckOpString const&)'
/usr/bin/ld: front_end.cpp:(.text._ZN5ceres8internal13ArraySelectorINS_3JetIdLi7EEELi3ELi20ELb0ELb1EEC2Ei[_ZN5ceres8internal13ArraySelectorINS_3JetIdLi7EEELi3ELi20ELb0ELb1EEC5Ei]+0x9f): undefined reference to `google::LogMessage::stream()'
/usr/bin/ld: front_end.cpp:(.text._ZN5ceres8internal13ArraySelectorINS_3JetIdLi7EEELi3ELi20ELb0ELb1EEC2Ei[_ZN5ceres8internal13ArraySelectorINS_3JetIdLi7EEELi3ELi20ELb0ELb1EEC5Ei]+0xab): undefined reference to `google::LogMessageFatal::~LogMessageFatal()'
/usr/bin/ld: front_end.cpp:(.text._ZN5ceres8internal13ArraySelectorINS_3JetIdLi7EEELi3ELi20ELb0ELb1EEC2Ei[_ZN5ceres8internal13ArraySelectorINS_3JetIdLi7EEELi3ELi20ELb0ELb1EEC5Ei]+0xbb): undefined reference to `google::LogMessageFatal::~LogMessageFatal()'
/usr/bin/ld: CMakeFiles/lidar_slam.dir/src/front_end.cpp.o: in function `void ceres::internal::Take0thOrderPart<ceres::Jet<double, 7>, double*>(int, ceres::Jet<double, 7> const*, double*)':
front_end.cpp:(.text._ZN5ceres8internal16Take0thOrderPartINS_3JetIdLi7EEEPdEEviPKT_T0_[_ZN5ceres8internal16Take0thOrderPartINS_3JetIdLi7EEEPdEEviPKT_T0_]+0x55): undefined reference to `google::LogMessageFatal::LogMessageFatal(char const*, int)'
/usr/bin/ld: front_end.cpp:(.text._ZN5ceres8internal16Take0thOrderPartINS_3JetIdLi7EEEPdEEviPKT_T0_[_ZN5ceres8internal16Take0thOrderPartINS_3JetIdLi7EEEPdEEviPKT_T0_]+0x66): undefined reference to `google::LogMessage::stream()'
/usr/bin/ld: front_end.cpp:(.text._ZN5ceres8internal16Take0thOrderPartINS_3JetIdLi7EEEPdEEviPKT_T0_[_ZN5ceres8internal16Take0thOrderPartINS_3JetIdLi7EEEPdEEviPKT_T0_]+0xa9): undefined reference to `google::LogMessageFatal::~LogMessageFatal()'
/usr/bin/ld: front_end.cpp:(.text._ZN5ceres8internal16Take0thOrderPartINS_3JetIdLi7EEEPdEEviPKT_T0_[_ZN5ceres8internal16Take0thOrderPartINS_3JetIdLi7EEEPdEEviPKT_T0_]+0x103): undefined reference to `google::LogMessageFatal::~LogMessageFatal()'
/usr/bin/ld: CMakeFiles/lidar_slam.dir/src/front_end.cpp.o: in function `ceres::internal::ArraySelector<ceres::Jet<double, 7>, 1, 20, false, true>::ArraySelector(int)':
front_end.cpp:(.text._ZN5ceres8internal13ArraySelectorINS_3JetIdLi7EEELi1ELi20ELb0ELb1EEC2Ei[_ZN5ceres8internal13ArraySelectorINS_3JetIdLi7EEELi1ELi20ELb0ELb1EEC5Ei]+0x93): undefined reference to `google::LogMessageFatal::LogMessageFatal(char const*, int, google::CheckOpString const&)'
/usr/bin/ld: front_end.cpp:(.text._ZN5ceres8internal13ArraySelectorINS_3JetIdLi7EEELi1ELi20ELb0ELb1EEC2Ei[_ZN5ceres8internal13ArraySelectorINS_3JetIdLi7EEELi1ELi20ELb0ELb1EEC5Ei]+0x9f): undefined reference to `google::LogMessage::stream()'
/usr/bin/ld: front_end.cpp:(.text._ZN5ceres8internal13ArraySelectorINS_3JetIdLi7EEELi1ELi20ELb0ELb1EEC2Ei[_ZN5ceres8internal13ArraySelectorINS_3JetIdLi7EEELi1ELi20ELb0ELb1EEC5Ei]+0xab): undefined reference to `google::LogMessageFatal::~LogMessageFatal()'
/usr/bin/ld: front_end.cpp:(.text._ZN5ceres8internal13ArraySelectorINS_3JetIdLi7EEELi1ELi20ELb0ELb1EEC2Ei[_ZN5ceres8internal13ArraySelectorINS_3JetIdLi7EEELi1ELi20ELb0ELb1EEC5Ei]+0xbb): undefined reference to `google::LogMessageFatal::~LogMessageFatal()'
/usr/bin/ld: CMakeFiles/lidar_slam.dir/src/front_end.cpp.o: in function `ceres::internal::Make1stOrderPerturbation<0, 4, 0, double, ceres::Jet<double, 7> >::Apply(double const*, ceres::Jet<double, 7>*)':
front_end.cpp:(.text._ZN5ceres8internal24Make1stOrderPerturbationILi0ELi4ELi0EdNS_3JetIdLi7EEEE5ApplyEPKdPS3_[_ZN5ceres8internal24Make1stOrderPerturbationILi0ELi4ELi0EdNS_3JetIdLi7EEEE5ApplyEPKdPS3_]+0x5b): undefined reference to `google::LogMessageFatal::LogMessageFatal(char const*, int)'
/usr/bin/ld: front_end.cpp:(.text._ZN5ceres8internal24Make1stOrderPerturbationILi0ELi4ELi0EdNS_3JetIdLi7EEEE5ApplyEPKdPS3_[_ZN5ceres8internal24Make1stOrderPerturbationILi0ELi4ELi0EdNS_3JetIdLi7EEEE5ApplyEPKdPS3_]+0x6c): undefined reference to `google::LogMessage::stream()'
/usr/bin/ld: front_end.cpp:(.text._ZN5ceres8internal24Make1stOrderPerturbationILi0ELi4ELi0EdNS_3JetIdLi7EEEE5ApplyEPKdPS3_[_ZN5ceres8internal24Make1stOrderPerturbationILi0ELi4ELi0EdNS_3JetIdLi7EEEE5ApplyEPKdPS3_]+0xaf): undefined reference to `google::LogMessageFatal::~LogMessageFatal()'
/usr/bin/ld: front_end.cpp:(.text._ZN5ceres8internal24Make1stOrderPerturbationILi0ELi4ELi0EdNS_3JetIdLi7EEEE5ApplyEPKdPS3_[_ZN5ceres8internal24Make1stOrderPerturbationILi0ELi4ELi0EdNS_3JetIdLi7EEEE5ApplyEPKdPS3_]+0xe2): undefined reference to `google::LogMessageFatal::LogMessageFatal(char const*, int)'
/usr/bin/ld: front_end.cpp:(.text._ZN5ceres8internal24Make1stOrderPerturbationILi0ELi4ELi0EdNS_3JetIdLi7EEEE5ApplyEPKdPS3_[_ZN5ceres8internal24Make1stOrderPerturbationILi0ELi4ELi0EdNS_3JetIdLi7EEEE5ApplyEPKdPS3_]+0xf3): undefined reference to `google::LogMessage::stream()'
/usr/bin/ld: front_end.cpp:(.text._ZN5ceres8internal24Make1stOrderPerturbationILi0ELi4ELi0EdNS_3JetIdLi7EEEE5ApplyEPKdPS3_[_ZN5ceres8internal24Make1stOrderPerturbationILi0ELi4ELi0EdNS_3JetIdLi7EEEE5ApplyEPKdPS3_]+0x136): undefined reference to `google::LogMessageFatal::~LogMessageFatal()'
/usr/bin/ld: front_end.cpp:(.text._ZN5ceres8internal24Make1stOrderPerturbationILi0ELi4ELi0EdNS_3JetIdLi7EEEE5ApplyEPKdPS3_[_ZN5ceres8internal24Make1stOrderPerturbationILi0ELi4ELi0EdNS_3JetIdLi7EEEE5ApplyEPKdPS3_]+0x1a6): undefined reference to `google::LogMessageFatal::~LogMessageFatal()'
/usr/bin/ld: front_end.cpp:(.text._ZN5ceres8internal24Make1stOrderPerturbationILi0ELi4ELi0EdNS_3JetIdLi7EEEE5ApplyEPKdPS3_[_ZN5ceres8internal24Make1stOrderPerturbationILi0ELi4ELi0EdNS_3JetIdLi7EEEE5ApplyEPKdPS3_]+0x1c2): undefined reference to `google::LogMessageFatal::~LogMessageFatal()'
/usr/bin/ld: CMakeFiles/lidar_slam.dir/src/front_end.cpp.o: in function `void ceres::internal::Take1stOrderPart<0, 4, ceres::Jet<double, 7>, double>(int, ceres::Jet<double, 7> const*, double*)':
front_end.cpp:(.text._ZN5ceres8internal16Take1stOrderPartILi0ELi4ENS_3JetIdLi7EEEdEEviPKT1_PT2_[_ZN5ceres8internal16Take1stOrderPartILi0ELi4ENS_3JetIdLi7EEEdEEviPKT1_PT2_]+0x58): undefined reference to `google::LogMessageFatal::LogMessageFatal(char const*, int)'
/usr/bin/ld: front_end.cpp:(.text._ZN5ceres8internal16Take1stOrderPartILi0ELi4ENS_3JetIdLi7EEEdEEviPKT1_PT2_[_ZN5ceres8internal16Take1stOrderPartILi0ELi4ENS_3JetIdLi7EEEdEEviPKT1_PT2_]+0x69): undefined reference to `google::LogMessage::stream()'
/usr/bin/ld: front_end.cpp:(.text._ZN5ceres8internal16Take1stOrderPartILi0ELi4ENS_3JetIdLi7EEEdEEviPKT1_PT2_[_ZN5ceres8internal16Take1stOrderPartILi0ELi4ENS_3JetIdLi7EEEdEEviPKT1_PT2_]+0xac): undefined reference to `google::LogMessageFatal::~LogMessageFatal()'
/usr/bin/ld: front_end.cpp:(.text._ZN5ceres8internal16Take1stOrderPartILi0ELi4ENS_3JetIdLi7EEEdEEviPKT1_PT2_[_ZN5ceres8internal16Take1stOrderPartILi0ELi4ENS_3JetIdLi7EEEdEEviPKT1_PT2_]+0xdf): undefined reference to `google::LogMessageFatal::LogMessageFatal(char const*, int)'
/usr/bin/ld: front_end.cpp:(.text._ZN5ceres8internal16Take1stOrderPartILi0ELi4ENS_3JetIdLi7EEEdEEviPKT1_PT2_[_ZN5ceres8internal16Take1stOrderPartILi0ELi4ENS_3JetIdLi7EEEdEEviPKT1_PT2_]+0xf0): undefined reference to `google::LogMessage::stream()'
/usr/bin/ld: front_end.cpp:(.text._ZN5ceres8internal16Take1stOrderPartILi0ELi4ENS_3JetIdLi7EEEdEEviPKT1_PT2_[_ZN5ceres8internal16Take1stOrderPartILi0ELi4ENS_3JetIdLi7EEEdEEviPKT1_PT2_]+0x133): undefined reference to `google::LogMessageFatal::~LogMessageFatal()'
/usr/bin/ld: front_end.cpp:(.text._ZN5ceres8internal16Take1stOrderPartILi0ELi4ENS_3JetIdLi7EEEdEEviPKT1_PT2_[_ZN5ceres8internal16Take1stOrderPartILi0ELi4ENS_3JetIdLi7EEEdEEviPKT1_PT2_]+0x1e4): undefined reference to `google::LogMessageFatal::~LogMessageFatal()'
/usr/bin/ld: front_end.cpp:(.text._ZN5ceres8internal16Take1stOrderPartILi0ELi4ENS_3JetIdLi7EEEdEEviPKT1_PT2_[_ZN5ceres8internal16Take1stOrderPartILi0ELi4ENS_3JetIdLi7EEEdEEviPKT1_PT2_]+0x200): undefined reference to `google::LogMessageFatal::~LogMessageFatal()'
/usr/bin/ld: CMakeFiles/lidar_slam.dir/src/front_end.cpp.o: in function `ceres::internal::Make1stOrderPerturbation<0, 3, 4, double, ceres::Jet<double, 7> >::Apply(double const*, ceres::Jet<double, 7>*)':
front_end.cpp:(.text._ZN5ceres8internal24Make1stOrderPerturbationILi0ELi3ELi4EdNS_3JetIdLi7EEEE5ApplyEPKdPS3_[_ZN5ceres8internal24Make1stOrderPerturbationILi0ELi3ELi4EdNS_3JetIdLi7EEEE5ApplyEPKdPS3_]+0x5b): undefined reference to `google::LogMessageFatal::LogMessageFatal(char const*, int)'
/usr/bin/ld: front_end.cpp:(.text._ZN5ceres8internal24Make1stOrderPerturbationILi0ELi3ELi4EdNS_3JetIdLi7EEEE5ApplyEPKdPS3_[_ZN5ceres8internal24Make1stOrderPerturbationILi0ELi3ELi4EdNS_3JetIdLi7EEEE5ApplyEPKdPS3_]+0x6c): undefined reference to `google::LogMessage::stream()'
/usr/bin/ld: front_end.cpp:(.text._ZN5ceres8internal24Make1stOrderPerturbationILi0ELi3ELi4EdNS_3JetIdLi7EEEE5ApplyEPKdPS3_[_ZN5ceres8internal24Make1stOrderPerturbationILi0ELi3ELi4EdNS_3JetIdLi7EEEE5ApplyEPKdPS3_]+0xaf): undefined reference to `google::LogMessageFatal::~LogMessageFatal()'
/usr/bin/ld: front_end.cpp:(.text._ZN5ceres8internal24Make1stOrderPerturbationILi0ELi3ELi4EdNS_3JetIdLi7EEEE5ApplyEPKdPS3_[_ZN5ceres8internal24Make1stOrderPerturbationILi0ELi3ELi4EdNS_3JetIdLi7EEEE5ApplyEPKdPS3_]+0xe2): undefined reference to `google::LogMessageFatal::LogMessageFatal(char const*, int)'
/usr/bin/ld: front_end.cpp:(.text._ZN5ceres8internal24Make1stOrderPerturbationILi0ELi3ELi4EdNS_3JetIdLi7EEEE5ApplyEPKdPS3_[_ZN5ceres8internal24Make1stOrderPerturbationILi0ELi3ELi4EdNS_3JetIdLi7EEEE5ApplyEPKdPS3_]+0xf3): undefined reference to `google::LogMessage::stream()'
/usr/bin/ld: front_end.cpp:(.text._ZN5ceres8internal24Make1stOrderPerturbationILi0ELi3ELi4EdNS_3JetIdLi7EEEE5ApplyEPKdPS3_[_ZN5ceres8internal24Make1stOrderPerturbationILi0ELi3ELi4EdNS_3JetIdLi7EEEE5ApplyEPKdPS3_]+0x136): undefined reference to `google::LogMessageFatal::~LogMessageFatal()'
/usr/bin/ld: front_end.cpp:(.text._ZN5ceres8internal24Make1stOrderPerturbationILi0ELi3ELi4EdNS_3JetIdLi7EEEE5ApplyEPKdPS3_[_ZN5ceres8internal24Make1stOrderPerturbationILi0ELi3ELi4EdNS_3JetIdLi7EEEE5ApplyEPKdPS3_]+0x1a6): undefined reference to `google::LogMessageFatal::~LogMessageFatal()'
/usr/bin/ld: front_end.cpp:(.text._ZN5ceres8internal24Make1stOrderPerturbationILi0ELi3ELi4EdNS_3JetIdLi7EEEE5ApplyEPKdPS3_[_ZN5ceres8internal24Make1stOrderPerturbationILi0ELi3ELi4EdNS_3JetIdLi7EEEE5ApplyEPKdPS3_]+0x1c2): undefined reference to `google::LogMessageFatal::~LogMessageFatal()'
/usr/bin/ld: CMakeFiles/lidar_slam.dir/src/front_end.cpp.o: in function `void ceres::internal::Take1stOrderPart<4, 3, ceres::Jet<double, 7>, double>(int, ceres::Jet<double, 7> const*, double*)':
front_end.cpp:(.text._ZN5ceres8internal16Take1stOrderPartILi4ELi3ENS_3JetIdLi7EEEdEEviPKT1_PT2_[_ZN5ceres8internal16Take1stOrderPartILi4ELi3ENS_3JetIdLi7EEEdEEviPKT1_PT2_]+0x58): undefined reference to `google::LogMessageFatal::LogMessageFatal(char const*, int)'
/usr/bin/ld: front_end.cpp:(.text._ZN5ceres8internal16Take1stOrderPartILi4ELi3ENS_3JetIdLi7EEEdEEviPKT1_PT2_[_ZN5ceres8internal16Take1stOrderPartILi4ELi3ENS_3JetIdLi7EEEdEEviPKT1_PT2_]+0x69): undefined reference to `google::LogMessage::stream()'
/usr/bin/ld: front_end.cpp:(.text._ZN5ceres8internal16Take1stOrderPartILi4ELi3ENS_3JetIdLi7EEEdEEviPKT1_PT2_[_ZN5ceres8internal16Take1stOrderPartILi4ELi3ENS_3JetIdLi7EEEdEEviPKT1_PT2_]+0xac): undefined reference to `google::LogMessageFatal::~LogMessageFatal()'
/usr/bin/ld: front_end.cpp:(.text._ZN5ceres8internal16Take1stOrderPartILi4ELi3ENS_3JetIdLi7EEEdEEviPKT1_PT2_[_ZN5ceres8internal16Take1stOrderPartILi4ELi3ENS_3JetIdLi7EEEdEEviPKT1_PT2_]+0xdf): undefined reference to `google::LogMessageFatal::LogMessageFatal(char const*, int)'
/usr/bin/ld: front_end.cpp:(.text._ZN5ceres8internal16Take1stOrderPartILi4ELi3ENS_3JetIdLi7EEEdEEviPKT1_PT2_[_ZN5ceres8internal16Take1stOrderPartILi4ELi3ENS_3JetIdLi7EEEdEEviPKT1_PT2_]+0xf0): undefined reference to `google::LogMessage::stream()'
/usr/bin/ld: front_end.cpp:(.text._ZN5ceres8internal16Take1stOrderPartILi4ELi3ENS_3JetIdLi7EEEdEEviPKT1_PT2_[_ZN5ceres8internal16Take1stOrderPartILi4ELi3ENS_3JetIdLi7EEEdEEviPKT1_PT2_]+0x133): undefined reference to `google::LogMessageFatal::~LogMessageFatal()'
/usr/bin/ld: front_end.cpp:(.text._ZN5ceres8internal16Take1stOrderPartILi4ELi3ENS_3JetIdLi7EEEdEEviPKT1_PT2_[_ZN5ceres8internal16Take1stOrderPartILi4ELi3ENS_3JetIdLi7EEEdEEviPKT1_PT2_]+0x1e7): undefined reference to `google::LogMessageFatal::~LogMessageFatal()'
/usr/bin/ld: front_end.cpp:(.text._ZN5ceres8internal16Take1stOrderPartILi4ELi3ENS_3JetIdLi7EEEdEEviPKT1_PT2_[_ZN5ceres8internal16Take1stOrderPartILi4ELi3ENS_3JetIdLi7EEEdEEviPKT1_PT2_]+0x203): undefined reference to `google::LogMessageFatal::~LogMessageFatal()'
collect2: error: ld returned 1 exit status
gmake[2]: *** [CMakeFiles/lidar_slam.dir/build.make:343: lidar_slam] Error 1
gmake[1]: *** [CMakeFiles/Makefile2:137: CMakeFiles/lidar_slam.dir/all] Error 2
gmake: *** [Makefile:146: all] Error 2
