[0.575s] Invoking command in '/home/evan/code/Complete_slam_system/lidar_slam_system/build/lidar_slam': CMAKE_PREFIX_PATH=${CMAKE_PREFIX_PATH}:/home/evan/code/lego-loam/lego/install/cloud_msgs:/opt/ros/humble /usr/bin/cmake --build /home/evan/code/Complete_slam_system/lidar_slam_system/build/lidar_slam -- -j4 -l4
[4.247s] -- Found ament_cmake: 1.3.3 (/opt/ros/humble/share/ament_cmake/cmake)
[6.560s] -- Found rclcpp: 16.0.3 (/opt/ros/humble/share/rclcpp/cmake)
[8.147s] -- Found rosidl_generator_c: 3.1.4 (/opt/ros/humble/share/rosidl_generator_c/cmake)
[8.252s] -- Found rosidl_adapter: 3.1.4 (/opt/ros/humble/share/rosidl_adapter/cmake)
[8.365s] -- Found rosidl_generator_cpp: 3.1.4 (/opt/ros/humble/share/rosidl_generator_cpp/cmake)
[9.060s] -- Using all available rosidl_typesupport_c: rosidl_typesupport_fastrtps_c;rosidl_typesupport_introspection_c
[9.289s] -- Using all available rosidl_typesupport_cpp: rosidl_typesupport_fastrtps_cpp;rosidl_typesupport_introspection_cpp
[9.905s] -- Found rmw_implementation_cmake: 6.1.1 (/opt/ros/humble/share/rmw_implementation_cmake/cmake)
[10.016s] -- Found rmw_fastrtps_cpp: 6.2.2 (/opt/ros/humble/share/rmw_fastrtps_cpp/cmake)
[11.673s] -- Using RMW implementation 'rmw_fastrtps_cpp' as default
[12.289s] -- Found sensor_msgs: 4.2.3 (/opt/ros/humble/share/sensor_msgs/cmake)
[12.512s] -- Found nav_msgs: 4.2.3 (/opt/ros/humble/share/nav_msgs/cmake)
[12.681s] -- Found pcl_conversions: 2.4.0 (/opt/ros/humble/share/pcl_conversions/cmake)
[13.122s] -- Eigen found (include: /usr/include/eigen3, version: 3.4.0)
[13.496s] -- Found Boost: /usr/lib/x86_64-linux-gnu/cmake/Boost-1.74.0/BoostConfig.cmake (found suitable version "1.74.0", minimum required is "1.65.0") found components: system filesystem date_time iostreams serialization 
[13.549s] -- FLANN found (include: /usr/include, lib: /usr/lib/x86_64-linux-gnu/libflann_cpp.so)
[18.717s] -- OpenNI found (version: 1.5.4.0, include: /usr/include/ni, lib: /usr/lib/libOpenNI.so;libusb::libusb)
[18.743s] -- OpenNI2 found (version: 2.2.0.33, include: /usr/include/openni2, lib: /usr/lib/x86_64-linux-gnu/libOpenNI2.so;libusb::libusb)
[18.743s] [0m** WARNING ** io features related to pcap will be disabled[0m
[18.930s] -- Eigen found (include: /usr/include/eigen3, version: 3.4.0)
[18.938s] -- OpenNI found (version: 1.5.4.0, include: /usr/include/ni, lib: /usr/lib/libOpenNI.so;libusb::libusb)
[18.946s] -- OpenNI2 found (version: 2.2.0.33, include: /usr/include/openni2, lib: /usr/lib/x86_64-linux-gnu/libOpenNI2.so;libusb::libusb)
[19.147s] -- Found Qhull version 8.0.2
[19.332s] -- OpenNI found (version: 1.5.4.0, include: /usr/include/ni, lib: /usr/lib/libOpenNI.so;libusb::libusb)
[19.511s] -- looking for PCL_COMMON
[19.511s] -- looking for PCL_KDTREE
[19.512s] -- looking for PCL_OCTREE
[19.512s] -- looking for PCL_SEARCH
[19.512s] -- looking for PCL_SAMPLE_CONSENSUS
[19.513s] -- looking for PCL_FILTERS
[19.514s] -- looking for PCL_2D
[19.514s] -- looking for PCL_GEOMETRY
[19.514s] -- looking for PCL_IO
[19.515s] -- looking for PCL_FEATURES
[19.516s] -- looking for PCL_ML
[19.516s] -- looking for PCL_SEGMENTATION
[19.517s] -- looking for PCL_VISUALIZATION
[19.517s] -- looking for PCL_SURFACE
[19.518s] -- looking for PCL_REGISTRATION
[19.518s] -- looking for PCL_KEYPOINTS
[19.519s] -- looking for PCL_TRACKING
[19.520s] -- looking for PCL_RECOGNITION
[19.520s] -- looking for PCL_STEREO
[19.521s] -- looking for PCL_APPS
[19.521s] -- looking for PCL_IN_HAND_SCANNER
[19.522s] -- looking for PCL_MODELER
[19.522s] -- looking for PCL_POINT_CLOUD_EDITOR
[19.523s] -- looking for PCL_OUTOFCORE
[19.524s] -- looking for PCL_PEOPLE
[19.662s] -- GTSAM include directory:  /usr/local/lib/cmake/GTSAM/../../../include
[19.667s] -- Found Boost: /usr/lib/x86_64-linux-gnu/cmake/Boost-1.74.0/BoostConfig.cmake (found version "1.74.0") found components: thread serialization timer 
[19.902s] -- Found AMD headers in: /usr/include/suitesparse
[19.902s] -- Found AMD library: /usr/lib/x86_64-linux-gnu/libamd.so
[19.902s] -- Found CAMD headers in: /usr/include/suitesparse
[19.902s] -- Found CAMD library: /usr/lib/x86_64-linux-gnu/libcamd.so
[19.902s] -- Found CCOLAMD headers in: /usr/include/suitesparse
[19.902s] -- Found CCOLAMD library: /usr/lib/x86_64-linux-gnu/libccolamd.so
[19.902s] -- Found CHOLMOD headers in: /usr/include/suitesparse
[19.902s] -- Found CHOLMOD library: /usr/lib/x86_64-linux-gnu/libcholmod.so
[19.903s] -- Found COLAMD headers in: /usr/include/suitesparse
[19.903s] -- Found COLAMD library: /usr/lib/x86_64-linux-gnu/libcolamd.so
[19.903s] -- Found SPQR headers in: /usr/include/suitesparse
[19.903s] -- Found SPQR library: /usr/lib/x86_64-linux-gnu/libspqr.so
[19.903s] -- Found Config headers in: /usr/include/suitesparse
[19.903s] -- Found Config library: /usr/lib/x86_64-linux-gnu/libsuitesparseconfig.so
[19.903s] -- Found Intel Thread Building Blocks (TBB) library (2021.5 / ) include location: . Assuming SuiteSparseQR was compiled with TBB.
[19.903s] -- Adding librt to SuiteSparse_config libraries (required on Linux & Unix [not OSX] if SuiteSparse is compiled with timing).
[19.926s] -- Could NOT find METIS (missing: METIS_INCLUDE_DIR METIS_LIBRARY) 
[19.929s] -- Found required Ceres dependency: Eigen version 3.4.0 in /usr/share/eigen3/cmake
[19.947s] -- Found required Ceres dependency: glog
[19.948s] -- Found required Ceres dependency: gflags
[19.949s] -- Found Ceres version: 2.2.0 installed in: /usr/local with components: [EigenSparse, SparseLinearAlgebraLibrary, LAPACK, SuiteSparse, SchurSpecializations]
[20.435s] -- Configuring done
[20.444s] [31mCMake Error at CMakeLists.txt:30 (add_executable):
[20.444s]   Cannot find source file:
[20.444s] 
[20.444s]     src/mapOptimization.cpp
[20.444s] 
[20.444s]   Tried extensions .c .C .c++ .cc .cpp .cxx .cu .mpp .m .M .mm .ixx .cppm .h
[20.445s]   .hh .h++ .hm .hpp .hxx .in .txx .f .F .for .f77 .f90 .f95 .f03 .hip .ispc
[20.445s] 
[20.445s] [0m
[20.448s] [31mCMake Error at CMakeLists.txt:30 (add_executable):
[20.448s]   No SOURCES given to target: lidar_slam
[20.448s] 
[20.448s] [0m
[20.448s] [0mCMake Generate step failed.  Build files cannot be regenerated correctly.[0m
[20.467s] gmake: *** [Makefile:348: cmake_check_build_system] Error 1
[20.470s] Invoked command in '/home/evan/code/Complete_slam_system/lidar_slam_system/build/lidar_slam' returned '2': CMAKE_PREFIX_PATH=${CMAKE_PREFIX_PATH}:/home/evan/code/lego-loam/lego/install/cloud_msgs:/opt/ros/humble /usr/bin/cmake --build /home/evan/code/Complete_slam_system/lidar_slam_system/build/lidar_slam -- -j4 -l4
