[0.040s] Invoking command in '/home/evan/code/lego-loam/lego/build/lego_loam_sr': AMENT_PREFIX_PATH=/home/evan/code/lego-loam/lego/install/cloud_msgs:${AMENT_PREFIX_PATH} CMAKE_PREFIX_PATH=/home/evan/code/lego-loam/lego/install/cloud_msgs:/home/evan/code/ndt-loc/install/radar-odometry:/home/evan/code/ndt-loc/install/radar-data:/home/evan/code/ndt-loc/install/ndt-lidar-radar:/home/evan/code/ndt-loc/install/map:/home/evan/code/ndt-loc/install/data-publisher:/home/evan/code/ndt-loc/install/cloud_msgs:/home/evan/code/ndt-loc/install/a-loam:/opt/ros/humble LD_LIBRARY_PATH=/home/evan/code/lego-loam/lego/install/cloud_msgs/lib:${LD_LIBRARY_PATH} PYTHONPATH=/home/evan/code/lego-loam/lego/install/cloud_msgs/local/lib/python3.10/dist-packages:${PYTHONPATH} /usr/bin/cmake /home/evan/code/lego-loam/lego/src/LeGO-LOAM -DCMAKE_INSTALL_PREFIX=/home/evan/code/lego-loam/lego/install/lego_loam_sr
[0.208s] -- Found ament_cmake: 1.3.3 (/opt/ros/humble/share/ament_cmake/cmake)
[0.820s] -- Found rclcpp: 16.0.3 (/opt/ros/humble/share/rclcpp/cmake)
[1.033s] -- Found rosidl_generator_c: 3.1.4 (/opt/ros/humble/share/rosidl_generator_c/cmake)
[1.052s] -- Found rosidl_adapter: 3.1.4 (/opt/ros/humble/share/rosidl_adapter/cmake)
[1.115s] -- Found rosidl_generator_cpp: 3.1.4 (/opt/ros/humble/share/rosidl_generator_cpp/cmake)
[1.183s] -- Using all available rosidl_typesupport_c: rosidl_typesupport_fastrtps_c;rosidl_typesupport_introspection_c
[1.274s] -- Using all available rosidl_typesupport_cpp: rosidl_typesupport_fastrtps_cpp;rosidl_typesupport_introspection_cpp
[1.536s] -- Found rmw_implementation_cmake: 6.1.1 (/opt/ros/humble/share/rmw_implementation_cmake/cmake)
[1.571s] -- Found rmw_fastrtps_cpp: 6.2.2 (/opt/ros/humble/share/rmw_fastrtps_cpp/cmake)
[2.123s] -- Using RMW implementation 'rmw_fastrtps_cpp' as default
[2.541s] -- Found sensor_msgs: 4.2.3 (/opt/ros/humble/share/sensor_msgs/cmake)
[2.775s] -- Found nav_msgs: 4.2.3 (/opt/ros/humble/share/nav_msgs/cmake)
[2.900s] -- Found tf2: 0.25.2 (/opt/ros/humble/share/tf2/cmake)
[2.955s] -- Found tf2_ros: 0.25.2 (/opt/ros/humble/share/tf2_ros/cmake)
[3.650s] -- Found tf2_geometry_msgs: 0.25.2 (/opt/ros/humble/share/tf2_geometry_msgs/cmake)
[3.769s] -- Found eigen3_cmake_module: 0.1.1 (/opt/ros/humble/share/eigen3_cmake_module/cmake)
[3.771s] -- Found Eigen3: TRUE (found version "3.4.0") 
[3.772s] -- Ensuring Eigen3 include directory is part of orocos-kdl CMake target
[3.866s] -- Found pcl_conversions: 2.4.0 (/opt/ros/humble/share/pcl_conversions/cmake)
[4.053s] -- Found cloud_msgs: 1.0.0 (/home/evan/code/lego-loam/lego/install/cloud_msgs/share/cloud_msgs/cmake)
[4.139s] -- Eigen found (include: /usr/include/eigen3, version: 3.4.0)
[4.271s] -- FLANN found (include: /usr/include, lib: /usr/lib/x86_64-linux-gnu/libflann_cpp.so)
[5.448s] -- Found Eigen3: /usr/include/eigen3 (found version "3.4.0") 
[5.881s] -- OpenNI found (version: 1.5.4.0, include: /usr/include/ni, lib: /usr/lib/libOpenNI.so;libusb::libusb)
[5.903s] -- OpenNI2 found (version: 2.2.0.33, include: /usr/include/openni2, lib: /usr/lib/x86_64-linux-gnu/libOpenNI2.so;libusb::libusb)
[5.903s] [0m** WARNING ** io features related to pcap will be disabled[0m
[6.122s] -- Eigen found (include: /usr/include/eigen3, version: 3.4.0)
[6.130s] -- OpenNI found (version: 1.5.4.0, include: /usr/include/ni, lib: /usr/lib/libOpenNI.so;libusb::libusb)
[6.140s] -- OpenNI2 found (version: 2.2.0.33, include: /usr/include/openni2, lib: /usr/lib/x86_64-linux-gnu/libOpenNI2.so;libusb::libusb)
[6.336s] -- Found Qhull version 8.0.2
[6.529s] -- OpenNI found (version: 1.5.4.0, include: /usr/include/ni, lib: /usr/lib/libOpenNI.so;libusb::libusb)
[6.708s] -- looking for PCL_COMMON
[6.708s] -- looking for PCL_KDTREE
[6.709s] -- looking for PCL_OCTREE
[6.709s] -- looking for PCL_SEARCH
[6.710s] -- looking for PCL_SAMPLE_CONSENSUS
[6.710s] -- looking for PCL_FILTERS
[6.710s] -- looking for PCL_2D
[6.711s] -- looking for PCL_GEOMETRY
[6.711s] -- looking for PCL_IO
[6.712s] -- looking for PCL_FEATURES
[6.712s] -- looking for PCL_ML
[6.713s] -- looking for PCL_SEGMENTATION
[6.713s] -- looking for PCL_VISUALIZATION
[6.714s] -- looking for PCL_SURFACE
[6.714s] -- looking for PCL_REGISTRATION
[6.715s] -- looking for PCL_KEYPOINTS
[6.715s] -- looking for PCL_TRACKING
[6.716s] -- looking for PCL_RECOGNITION
[6.717s] -- looking for PCL_STEREO
[6.717s] -- looking for PCL_APPS
[6.718s] -- looking for PCL_IN_HAND_SCANNER
[6.719s] -- looking for PCL_MODELER
[6.719s] -- looking for PCL_POINT_CLOUD_EDITOR
[6.720s] -- looking for PCL_OUTOFCORE
[6.720s] -- looking for PCL_PEOPLE
[6.735s] [31mCMake Error at CMakeLists.txt:28 (find_package):
[6.735s]   By not providing "FindGTSAM.cmake" in CMAKE_MODULE_PATH this project has
[6.735s]   asked CMake to find a package configuration file provided by "GTSAM", but
[6.735s]   CMake did not find one.
[6.735s] 
[6.735s]   Could not find a package configuration file provided by "GTSAM" with any of
[6.735s]   the following names:
[6.735s] 
[6.735s]     GTSAMConfig.cmake
[6.735s]     gtsam-config.cmake
[6.736s] 
[6.736s]   Add the installation prefix of "GTSAM" to CMAKE_PREFIX_PATH or set
[6.736s]   "GTSAM_DIR" to a directory containing one of the above files.  If "GTSAM"
[6.736s]   provides a separate development package or SDK, be sure it has been
[6.736s]   installed.
[6.736s] 
[6.736s] [0m
[6.736s] -- Configuring incomplete, errors occurred!
[6.736s] See also "/home/evan/code/lego-loam/lego/build/lego_loam_sr/CMakeFiles/CMakeOutput.log".
[6.755s] Invoked command in '/home/evan/code/lego-loam/lego/build/lego_loam_sr' returned '1': AMENT_PREFIX_PATH=/home/evan/code/lego-loam/lego/install/cloud_msgs:${AMENT_PREFIX_PATH} CMAKE_PREFIX_PATH=/home/evan/code/lego-loam/lego/install/cloud_msgs:/home/evan/code/ndt-loc/install/radar-odometry:/home/evan/code/ndt-loc/install/radar-data:/home/evan/code/ndt-loc/install/ndt-lidar-radar:/home/evan/code/ndt-loc/install/map:/home/evan/code/ndt-loc/install/data-publisher:/home/evan/code/ndt-loc/install/cloud_msgs:/home/evan/code/ndt-loc/install/a-loam:/opt/ros/humble LD_LIBRARY_PATH=/home/evan/code/lego-loam/lego/install/cloud_msgs/lib:${LD_LIBRARY_PATH} PYTHONPATH=/home/evan/code/lego-loam/lego/install/cloud_msgs/local/lib/python3.10/dist-packages:${PYTHONPATH} /usr/bin/cmake /home/evan/code/lego-loam/lego/src/LeGO-LOAM -DCMAKE_INSTALL_PREFIX=/home/evan/code/lego-loam/lego/install/lego_loam_sr
