[0.023s] Invoking command in '/home/evan/code/lego-loam/lego/build/lego_loam_sr': CMAKE_PREFIX_PATH=/home/evan/code/lego-loam/lego/install/cloud_msgs:/home/evan/code/lidar_slam/lidar_slam/install/slam_learn:/home/evan/code/lidar_slam/lidar_slam/install/other_msgs:/home/evan/code/lego-loam/lego/install/lego_loam_sr:/home/evan/code/ndt-loc/install/radar-odometry:/home/evan/code/ndt-loc/install/radar-data:/home/evan/code/ndt-loc/install/ndt-lidar-radar:/home/evan/code/ndt-loc/install/map:/home/evan/code/ndt-loc/install/data-publisher:/home/evan/code/ndt-loc/install/cloud_msgs:/home/evan/code/ndt-loc/install/a-loam:/opt/ros/humble LD_LIBRARY_PATH=/home/evan/code/lego-loam/lego/install/cloud_msgs/lib:/home/evan/code/lidar_slam/lidar_slam/install/other_msgs/lib:/home/evan/code/ndt-loc/install/cloud_msgs/lib:/opt/ros/humble/opt/rviz_ogre_vendor/lib:/opt/ros/humble/lib/x86_64-linux-gnu:/opt/ros/humble/lib:/usr/local/lib:/usr/local/lib /usr/bin/cmake --build /home/evan/code/lego-loam/lego/build/lego_loam_sr -- -j4 -l4
[0.091s] [35m[1mConsolidate compiler generated dependencies of target lego_loam_sr[0m
[0.182s] [ 16%] [32mBuilding CXX object CMakeFiles/lego_loam_sr.dir/src/imageProjection.cpp.o[0m
[0.183s] [ 33%] [32mBuilding CXX object CMakeFiles/lego_loam_sr.dir/src/featureAssociation.cpp.o[0m
[7.637s] [01m[K/home/evan/code/lego-loam/lego/src/LeGO-LOAM/src/featureAssociation.cpp:[m[K In destructor ‘[01m[Kvirtual FeatureAssociation::~FeatureAssociation()[m[K’:
[7.637s] [01m[K/home/evan/code/lego-loam/lego/src/LeGO-LOAM/src/featureAssociation.cpp:110:22:[m[K [01;35m[Kwarning: [m[Kconverting to ‘[01m[Kcloud_msgs::msg::CloudInfo[m[K’ {aka ‘[01m[Kcloud_msgs::msg::CloudInfo_<std::allocator<void> >[m[K’} from initializer list would use explicit constructor ‘[01m[Kcloud_msgs::msg::CloudInfo_<ContainerAllocator>::CloudInfo_(rosidl_runtime_cpp::MessageInitialization) [with ContainerAllocator = std::allocator<void>][m[K’
[7.638s]   110 |   [01;35m[K_input_channel.send({})[m[K;
[7.638s]       |   [01;35m[K~~~~~~~~~~~~~~~~~~~^~~~[m[K
[7.638s] [01m[K/home/evan/code/lego-loam/lego/src/LeGO-LOAM/src/featureAssociation.cpp:110:22:[m[K [01;36m[Knote: [m[Kin C++11 and above a default constructor can be explicit
[40.690s] [ 50%] [32m[1mLinking CXX executable lego_loam_sr[0m
[42.286s] [100%] Built target lego_loam_sr
[42.301s] Invoked command in '/home/evan/code/lego-loam/lego/build/lego_loam_sr' returned '0': CMAKE_PREFIX_PATH=/home/evan/code/lego-loam/lego/install/cloud_msgs:/home/evan/code/lidar_slam/lidar_slam/install/slam_learn:/home/evan/code/lidar_slam/lidar_slam/install/other_msgs:/home/evan/code/lego-loam/lego/install/lego_loam_sr:/home/evan/code/ndt-loc/install/radar-odometry:/home/evan/code/ndt-loc/install/radar-data:/home/evan/code/ndt-loc/install/ndt-lidar-radar:/home/evan/code/ndt-loc/install/map:/home/evan/code/ndt-loc/install/data-publisher:/home/evan/code/ndt-loc/install/cloud_msgs:/home/evan/code/ndt-loc/install/a-loam:/opt/ros/humble LD_LIBRARY_PATH=/home/evan/code/lego-loam/lego/install/cloud_msgs/lib:/home/evan/code/lidar_slam/lidar_slam/install/other_msgs/lib:/home/evan/code/ndt-loc/install/cloud_msgs/lib:/opt/ros/humble/opt/rviz_ogre_vendor/lib:/opt/ros/humble/lib/x86_64-linux-gnu:/opt/ros/humble/lib:/usr/local/lib:/usr/local/lib /usr/bin/cmake --build /home/evan/code/lego-loam/lego/build/lego_loam_sr -- -j4 -l4
[42.357s] Invoking command in '/home/evan/code/lego-loam/lego/build/lego_loam_sr': CMAKE_PREFIX_PATH=/home/evan/code/lego-loam/lego/install/cloud_msgs:/home/evan/code/lidar_slam/lidar_slam/install/slam_learn:/home/evan/code/lidar_slam/lidar_slam/install/other_msgs:/home/evan/code/lego-loam/lego/install/lego_loam_sr:/home/evan/code/ndt-loc/install/radar-odometry:/home/evan/code/ndt-loc/install/radar-data:/home/evan/code/ndt-loc/install/ndt-lidar-radar:/home/evan/code/ndt-loc/install/map:/home/evan/code/ndt-loc/install/data-publisher:/home/evan/code/ndt-loc/install/cloud_msgs:/home/evan/code/ndt-loc/install/a-loam:/opt/ros/humble LD_LIBRARY_PATH=/home/evan/code/lego-loam/lego/install/cloud_msgs/lib:/home/evan/code/lidar_slam/lidar_slam/install/other_msgs/lib:/home/evan/code/ndt-loc/install/cloud_msgs/lib:/opt/ros/humble/opt/rviz_ogre_vendor/lib:/opt/ros/humble/lib/x86_64-linux-gnu:/opt/ros/humble/lib:/usr/local/lib:/usr/local/lib /usr/bin/cmake --install /home/evan/code/lego-loam/lego/build/lego_loam_sr
[42.365s] -- Install configuration: ""
[42.366s] -- Installing: /home/evan/code/lego-loam/lego/install/lego_loam_sr/lib/lego_loam_sr/lego_loam_sr
[42.369s] -- Set runtime path of "/home/evan/code/lego-loam/lego/install/lego_loam_sr/lib/lego_loam_sr/lego_loam_sr" to ""
[42.370s] -- Up-to-date: /home/evan/code/lego-loam/lego/install/lego_loam_sr/share/lego_loam_sr/config
[42.370s] -- Up-to-date: /home/evan/code/lego-loam/lego/install/lego_loam_sr/share/lego_loam_sr/config/loam_config.yaml
[42.370s] -- Up-to-date: /home/evan/code/lego-loam/lego/install/lego_loam_sr/share/lego_loam_sr/launch
[42.370s] -- Up-to-date: /home/evan/code/lego-loam/lego/install/lego_loam_sr/share/lego_loam_sr/launch/__pycache__
[42.370s] -- Up-to-date: /home/evan/code/lego-loam/lego/install/lego_loam_sr/share/lego_loam_sr/launch/__pycache__/run.launch.cpython-310.pyc
[42.370s] -- Up-to-date: /home/evan/code/lego-loam/lego/install/lego_loam_sr/share/lego_loam_sr/launch/block.png
[42.370s] -- Up-to-date: /home/evan/code/lego-loam/lego/install/lego_loam_sr/share/lego_loam_sr/launch/odometry.jpg
[42.370s] -- Up-to-date: /home/evan/code/lego-loam/lego/install/lego_loam_sr/share/lego_loam_sr/launch/run.launch.py
[42.371s] -- Up-to-date: /home/evan/code/lego-loam/lego/install/lego_loam_sr/share/lego_loam_sr/launch/dataset-demo.gif
[42.371s] -- Up-to-date: /home/evan/code/lego-loam/lego/install/lego_loam_sr/share/lego_loam_sr/launch/demo.gif
[42.371s] -- Up-to-date: /home/evan/code/lego-loam/lego/install/lego_loam_sr/share/lego_loam_sr/launch/seg-total.jpg
[42.371s] -- Up-to-date: /home/evan/code/lego-loam/lego/install/lego_loam_sr/share/lego_loam_sr/launch/google-earth.png
[42.371s] -- Up-to-date: /home/evan/code/lego-loam/lego/install/lego_loam_sr/share/lego_loam_sr/rviz
[42.371s] -- Up-to-date: /home/evan/code/lego-loam/lego/install/lego_loam_sr/share/lego_loam_sr/rviz/test.rviz
[42.371s] -- Up-to-date: /home/evan/code/lego-loam/lego/install/lego_loam_sr/share/ament_index/resource_index/package_run_dependencies/lego_loam_sr
[42.371s] -- Up-to-date: /home/evan/code/lego-loam/lego/install/lego_loam_sr/share/ament_index/resource_index/parent_prefix_path/lego_loam_sr
[42.371s] -- Up-to-date: /home/evan/code/lego-loam/lego/install/lego_loam_sr/share/lego_loam_sr/environment/ament_prefix_path.sh
[42.371s] -- Up-to-date: /home/evan/code/lego-loam/lego/install/lego_loam_sr/share/lego_loam_sr/environment/ament_prefix_path.dsv
[42.371s] -- Up-to-date: /home/evan/code/lego-loam/lego/install/lego_loam_sr/share/lego_loam_sr/environment/path.sh
[42.371s] -- Up-to-date: /home/evan/code/lego-loam/lego/install/lego_loam_sr/share/lego_loam_sr/environment/path.dsv
[42.371s] -- Up-to-date: /home/evan/code/lego-loam/lego/install/lego_loam_sr/share/lego_loam_sr/local_setup.bash
[42.372s] -- Up-to-date: /home/evan/code/lego-loam/lego/install/lego_loam_sr/share/lego_loam_sr/local_setup.sh
[42.372s] -- Up-to-date: /home/evan/code/lego-loam/lego/install/lego_loam_sr/share/lego_loam_sr/local_setup.zsh
[42.372s] -- Up-to-date: /home/evan/code/lego-loam/lego/install/lego_loam_sr/share/lego_loam_sr/local_setup.dsv
[42.372s] -- Installing: /home/evan/code/lego-loam/lego/install/lego_loam_sr/share/lego_loam_sr/package.dsv
[42.372s] -- Up-to-date: /home/evan/code/lego-loam/lego/install/lego_loam_sr/share/ament_index/resource_index/packages/lego_loam_sr
[42.372s] -- Up-to-date: /home/evan/code/lego-loam/lego/install/lego_loam_sr/share/lego_loam_sr/cmake/ament_cmake_export_include_directories-extras.cmake
[42.372s] -- Up-to-date: /home/evan/code/lego-loam/lego/install/lego_loam_sr/share/lego_loam_sr/cmake/lego_loam_srConfig.cmake
[42.372s] -- Up-to-date: /home/evan/code/lego-loam/lego/install/lego_loam_sr/share/lego_loam_sr/cmake/lego_loam_srConfig-version.cmake
[42.372s] -- Up-to-date: /home/evan/code/lego-loam/lego/install/lego_loam_sr/share/lego_loam_sr/package.xml
[42.374s] Invoked command in '/home/evan/code/lego-loam/lego/build/lego_loam_sr' returned '0': CMAKE_PREFIX_PATH=/home/evan/code/lego-loam/lego/install/cloud_msgs:/home/evan/code/lidar_slam/lidar_slam/install/slam_learn:/home/evan/code/lidar_slam/lidar_slam/install/other_msgs:/home/evan/code/lego-loam/lego/install/lego_loam_sr:/home/evan/code/ndt-loc/install/radar-odometry:/home/evan/code/ndt-loc/install/radar-data:/home/evan/code/ndt-loc/install/ndt-lidar-radar:/home/evan/code/ndt-loc/install/map:/home/evan/code/ndt-loc/install/data-publisher:/home/evan/code/ndt-loc/install/cloud_msgs:/home/evan/code/ndt-loc/install/a-loam:/opt/ros/humble LD_LIBRARY_PATH=/home/evan/code/lego-loam/lego/install/cloud_msgs/lib:/home/evan/code/lidar_slam/lidar_slam/install/other_msgs/lib:/home/evan/code/ndt-loc/install/cloud_msgs/lib:/opt/ros/humble/opt/rviz_ogre_vendor/lib:/opt/ros/humble/lib/x86_64-linux-gnu:/opt/ros/humble/lib:/usr/local/lib:/usr/local/lib /usr/bin/cmake --install /home/evan/code/lego-loam/lego/build/lego_loam_sr
