[0.395s] DEBUG:colcon:Command line arguments: ['/usr/bin/colcon', 'list', '-p', '--base-paths', '/home/evan/code/lego-loam/lego']
[0.395s] DEBUG:colcon:Parsed command line arguments: Namespace(log_base=None, log_level=None, verb_name='list', build_base='build', ignore_user_meta=False, metas=['./colcon.meta'], base_paths=['/home/evan/code/lego-loam/lego'], packages_ignore=None, packages_ignore_regex=None, paths=None, packages_up_to=None, packages_up_to_regex=None, packages_above=None, packages_above_and_dependencies=None, packages_above_depth=None, packages_select_by_dep=None, packages_skip_by_dep=None, packages_skip_up_to=None, packages_select_build_failed=False, packages_skip_build_finished=False, packages_select_test_failures=False, packages_skip_test_passed=False, packages_select=None, packages_skip=None, packages_select_regex=None, packages_skip_regex=None, packages_start=None, packages_end=None, allow_overriding=[], topological_order=False, names_only=False, paths_only=True, topological_graph=False, topological_graph_dot=False, topological_graph_density=False, topological_graph_legend=False, topological_graph_dot_cluster=False, topological_graph_dot_include_skipped=False, verb_parser=<colcon_defaults.argument_parser.defaults.DefaultArgumentsDecorator object at 0x7f6f8ccaea70>, verb_extension=<colcon_package_information.verb.list.ListVerb object at 0x7f6f8cc559c0>, main=<bound method ListVerb.main of <colcon_package_information.verb.list.ListVerb object at 0x7f6f8cc559c0>>)
[0.430s] Level 1:colcon.colcon_core.package_discovery:discover_packages(colcon_meta) check parameters
[0.430s] Level 1:colcon.colcon_core.package_discovery:discover_packages(recursive) check parameters
[0.430s] Level 1:colcon.colcon_core.package_discovery:discover_packages(ignore) check parameters
[0.430s] Level 1:colcon.colcon_core.package_discovery:discover_packages(path) check parameters
[0.430s] Level 1:colcon.colcon_core.package_discovery:discover_packages(recursive) discover
[0.430s] INFO:colcon.colcon_core.package_discovery:Crawling recursively for packages in '/home/evan/code/lego-loam/lego'
[0.431s] Level 1:colcon.colcon_core.package_identification:_identify(/home/evan/code/lego-loam/lego) by extensions ['ignore', 'ignore_ament_install']
[0.431s] Level 1:colcon.colcon_core.package_identification:_identify(/home/evan/code/lego-loam/lego) by extension 'ignore'
[0.431s] Level 1:colcon.colcon_core.package_identification:_identify(/home/evan/code/lego-loam/lego) by extension 'ignore_ament_install'
[0.431s] Level 1:colcon.colcon_core.package_identification:_identify(/home/evan/code/lego-loam/lego) by extensions ['colcon_pkg']
[0.431s] Level 1:colcon.colcon_core.package_identification:_identify(/home/evan/code/lego-loam/lego) by extension 'colcon_pkg'
[0.431s] Level 1:colcon.colcon_core.package_identification:_identify(/home/evan/code/lego-loam/lego) by extensions ['colcon_meta']
[0.431s] Level 1:colcon.colcon_core.package_identification:_identify(/home/evan/code/lego-loam/lego) by extension 'colcon_meta'
[0.431s] Level 1:colcon.colcon_core.package_identification:_identify(/home/evan/code/lego-loam/lego) by extensions ['ros']
[0.431s] Level 1:colcon.colcon_core.package_identification:_identify(/home/evan/code/lego-loam/lego) by extension 'ros'
[0.459s] Level 1:colcon.colcon_core.package_identification:_identify(/home/evan/code/lego-loam/lego) by extensions ['cmake', 'python']
[0.484s] Level 1:colcon.colcon_core.package_identification:_identify(/home/evan/code/lego-loam/lego) by extension 'cmake'
[0.485s] Level 1:colcon.colcon_core.package_identification:_identify(/home/evan/code/lego-loam/lego) by extension 'python'
[0.485s] Level 1:colcon.colcon_core.package_identification:_identify(/home/evan/code/lego-loam/lego) by extensions ['python_setup_py']
[0.485s] Level 1:colcon.colcon_core.package_identification:_identify(/home/evan/code/lego-loam/lego) by extension 'python_setup_py'
[0.485s] Level 1:colcon.colcon_core.package_identification:_identify(/home/evan/code/lego-loam/lego/build) by extensions ['ignore', 'ignore_ament_install']
[0.485s] Level 1:colcon.colcon_core.package_identification:_identify(/home/evan/code/lego-loam/lego/build) by extension 'ignore'
[0.485s] Level 1:colcon.colcon_core.package_identification:_identify(/home/evan/code/lego-loam/lego/build) ignored
[0.485s] Level 1:colcon.colcon_core.package_identification:_identify(/home/evan/code/lego-loam/lego/install) by extensions ['ignore', 'ignore_ament_install']
[0.485s] Level 1:colcon.colcon_core.package_identification:_identify(/home/evan/code/lego-loam/lego/install) by extension 'ignore'
[0.485s] Level 1:colcon.colcon_core.package_identification:_identify(/home/evan/code/lego-loam/lego/install) ignored
[0.486s] Level 1:colcon.colcon_core.package_identification:_identify(/home/evan/code/lego-loam/lego/log) by extensions ['ignore', 'ignore_ament_install']
[0.486s] Level 1:colcon.colcon_core.package_identification:_identify(/home/evan/code/lego-loam/lego/log) by extension 'ignore'
[0.486s] Level 1:colcon.colcon_core.package_identification:_identify(/home/evan/code/lego-loam/lego/log) ignored
[0.486s] Level 1:colcon.colcon_core.package_identification:_identify(/home/evan/code/lego-loam/lego/src) by extensions ['ignore', 'ignore_ament_install']
[0.486s] Level 1:colcon.colcon_core.package_identification:_identify(/home/evan/code/lego-loam/lego/src) by extension 'ignore'
[0.486s] Level 1:colcon.colcon_core.package_identification:_identify(/home/evan/code/lego-loam/lego/src) by extension 'ignore_ament_install'
[0.486s] Level 1:colcon.colcon_core.package_identification:_identify(/home/evan/code/lego-loam/lego/src) by extensions ['colcon_pkg']
[0.486s] Level 1:colcon.colcon_core.package_identification:_identify(/home/evan/code/lego-loam/lego/src) by extension 'colcon_pkg'
[0.486s] Level 1:colcon.colcon_core.package_identification:_identify(/home/evan/code/lego-loam/lego/src) by extensions ['colcon_meta']
[0.486s] Level 1:colcon.colcon_core.package_identification:_identify(/home/evan/code/lego-loam/lego/src) by extension 'colcon_meta'
[0.486s] Level 1:colcon.colcon_core.package_identification:_identify(/home/evan/code/lego-loam/lego/src) by extensions ['ros']
[0.486s] Level 1:colcon.colcon_core.package_identification:_identify(/home/evan/code/lego-loam/lego/src) by extension 'ros'
[0.486s] Level 1:colcon.colcon_core.package_identification:_identify(/home/evan/code/lego-loam/lego/src) by extensions ['cmake', 'python']
[0.487s] Level 1:colcon.colcon_core.package_identification:_identify(/home/evan/code/lego-loam/lego/src) by extension 'cmake'
[0.487s] Level 1:colcon.colcon_core.package_identification:_identify(/home/evan/code/lego-loam/lego/src) by extension 'python'
[0.487s] Level 1:colcon.colcon_core.package_identification:_identify(/home/evan/code/lego-loam/lego/src) by extensions ['python_setup_py']
[0.487s] Level 1:colcon.colcon_core.package_identification:_identify(/home/evan/code/lego-loam/lego/src) by extension 'python_setup_py'
[0.487s] Level 1:colcon.colcon_core.package_identification:_identify(/home/evan/code/lego-loam/lego/src/LeGO-LOAM) by extensions ['ignore', 'ignore_ament_install']
[0.487s] Level 1:colcon.colcon_core.package_identification:_identify(/home/evan/code/lego-loam/lego/src/LeGO-LOAM) by extension 'ignore'
[0.487s] Level 1:colcon.colcon_core.package_identification:_identify(/home/evan/code/lego-loam/lego/src/LeGO-LOAM) by extension 'ignore_ament_install'
[0.487s] Level 1:colcon.colcon_core.package_identification:_identify(/home/evan/code/lego-loam/lego/src/LeGO-LOAM) by extensions ['colcon_pkg']
[0.487s] Level 1:colcon.colcon_core.package_identification:_identify(/home/evan/code/lego-loam/lego/src/LeGO-LOAM) by extension 'colcon_pkg'
[0.487s] Level 1:colcon.colcon_core.package_identification:_identify(/home/evan/code/lego-loam/lego/src/LeGO-LOAM) by extensions ['colcon_meta']
[0.487s] Level 1:colcon.colcon_core.package_identification:_identify(/home/evan/code/lego-loam/lego/src/LeGO-LOAM) by extension 'colcon_meta'
[0.487s] Level 1:colcon.colcon_core.package_identification:_identify(/home/evan/code/lego-loam/lego/src/LeGO-LOAM) by extensions ['ros']
[0.487s] Level 1:colcon.colcon_core.package_identification:_identify(/home/evan/code/lego-loam/lego/src/LeGO-LOAM) by extension 'ros'
[0.491s] DEBUG:colcon.colcon_core.package_identification:Package '/home/evan/code/lego-loam/lego/src/LeGO-LOAM' with type 'ros.ament_cmake' and name 'lego_loam_sr'
[0.491s] Level 1:colcon.colcon_core.package_identification:_identify(/home/evan/code/lego-loam/lego/src/cloud_msgs) by extensions ['ignore', 'ignore_ament_install']
[0.492s] Level 1:colcon.colcon_core.package_identification:_identify(/home/evan/code/lego-loam/lego/src/cloud_msgs) by extension 'ignore'
[0.492s] Level 1:colcon.colcon_core.package_identification:_identify(/home/evan/code/lego-loam/lego/src/cloud_msgs) by extension 'ignore_ament_install'
[0.492s] Level 1:colcon.colcon_core.package_identification:_identify(/home/evan/code/lego-loam/lego/src/cloud_msgs) by extensions ['colcon_pkg']
[0.492s] Level 1:colcon.colcon_core.package_identification:_identify(/home/evan/code/lego-loam/lego/src/cloud_msgs) by extension 'colcon_pkg'
[0.492s] Level 1:colcon.colcon_core.package_identification:_identify(/home/evan/code/lego-loam/lego/src/cloud_msgs) by extensions ['colcon_meta']
[0.492s] Level 1:colcon.colcon_core.package_identification:_identify(/home/evan/code/lego-loam/lego/src/cloud_msgs) by extension 'colcon_meta'
[0.492s] Level 1:colcon.colcon_core.package_identification:_identify(/home/evan/code/lego-loam/lego/src/cloud_msgs) by extensions ['ros']
[0.493s] Level 1:colcon.colcon_core.package_identification:_identify(/home/evan/code/lego-loam/lego/src/cloud_msgs) by extension 'ros'
[0.493s] DEBUG:colcon.colcon_core.package_identification:Package '/home/evan/code/lego-loam/lego/src/cloud_msgs' with type 'ros.ament_cmake' and name 'cloud_msgs'
[0.493s] Level 1:colcon.colcon_core.package_discovery:discover_packages(recursive) using defaults
