[0.478s] Invoking command in '/home/evan/code/lego-loam/lego/build/cloud_msgs': CMAKE_PREFIX_PATH=${CMAKE_PREFIX_PATH}:/opt/ros/humble /usr/bin/cmake --build /home/evan/code/lego-loam/lego/build/cloud_msgs -- -j4 -l4
[3.214s] [  3%] Built target cloud_msgs__cpp
[3.474s] [35m[1mConsolidate compiler generated dependencies of target cloud_msgs__rosidl_generator_c[0m
[3.566s] [ 12%] Built target cloud_msgs__rosidl_generator_c
[3.790s] [ 12%] Built target ament_cmake_python_copy_cloud_msgs
[3.853s] [35m[1mConsolidate compiler generated dependencies of target cloud_msgs__rosidl_typesupport_fastrtps_cpp[0m
[3.864s] [35m[1mConsolidate compiler generated dependencies of target cloud_msgs__rosidl_typesupport_cpp[0m
[3.882s] [ 16%] [32mBuilding CXX object CMakeFiles/cloud_msgs__rosidl_typesupport_fastrtps_cpp.dir/rosidl_typesupport_fastrtps_cpp/cloud_msgs/msg/detail/dds_fastrtps/cloud_info__type_support.cpp.o[0m
[4.013s] [ 19%] [32mBuilding CXX object CMakeFiles/cloud_msgs__rosidl_typesupport_cpp.dir/rosidl_typesupport_cpp/cloud_msgs/msg/cloud_info__type_support.cpp.o[0m
[4.097s] [35m[1mConsolidate compiler generated dependencies of target cloud_msgs__rosidl_typesupport_introspection_cpp[0m
[4.111s] [35m[1mConsolidate compiler generated dependencies of target cloud_msgs__rosidl_typesupport_fastrtps_c[0m
[4.597s] [ 22%] [32mBuilding CXX object CMakeFiles/cloud_msgs__rosidl_typesupport_introspection_cpp.dir/rosidl_typesupport_introspection_cpp/cloud_msgs/msg/detail/cloud_info__type_support.cpp.o[0m
[4.597s] [ 25%] [32mBuilding CXX object CMakeFiles/cloud_msgs__rosidl_typesupport_fastrtps_c.dir/rosidl_typesupport_fastrtps_c/cloud_msgs/msg/detail/cloud_info__type_support_c.cpp.o[0m
[4.621s] [ 29%] [32m[1mLinking CXX shared library libcloud_msgs__rosidl_typesupport_cpp.so[0m
[5.083s] [ 32%] [32m[1mLinking CXX shared library libcloud_msgs__rosidl_typesupport_fastrtps_cpp.so[0m
[5.344s] [ 38%] [32m[1mLinking CXX shared library libcloud_msgs__rosidl_typesupport_fastrtps_c.so[0m
[5.359s] [ 38%] Built target cloud_msgs__rosidl_typesupport_cpp
[5.548s] [ 41%] Built target cloud_msgs__rosidl_typesupport_fastrtps_cpp
[5.730s] [ 45%] [32m[1mLinking CXX shared library libcloud_msgs__rosidl_typesupport_introspection_cpp.so[0m
[5.971s] [ 48%] Built target cloud_msgs__rosidl_typesupport_fastrtps_c
[5.977s] [35m[1mConsolidate compiler generated dependencies of target cloud_msgs__rosidl_typesupport_introspection_c[0m
[6.143s] [ 51%] Built target cloud_msgs__rosidl_typesupport_introspection_cpp
[6.157s] [ 61%] Built target cloud_msgs__rosidl_typesupport_introspection_c
[6.354s] [35m[1mConsolidate compiler generated dependencies of target cloud_msgs__rosidl_typesupport_c[0m
[6.655s] [ 70%] Built target cloud_msgs__rosidl_typesupport_c
[7.062s] [ 70%] Built target cloud_msgs
[7.862s] running egg_info
[7.865s] writing cloud_msgs.egg-info/PKG-INFO
[7.870s] [ 74%] Built target cloud_msgs__py
[8.149s] writing dependency_links to cloud_msgs.egg-info/dependency_links.txt
[8.279s] writing top-level names to cloud_msgs.egg-info/top_level.txt
[8.723s] [35m[1mConsolidate compiler generated dependencies of target cloud_msgs__rosidl_generator_py[0m
[8.723s] reading manifest file 'cloud_msgs.egg-info/SOURCES.txt'
[8.746s] writing manifest file 'cloud_msgs.egg-info/SOURCES.txt'
[8.969s] [ 77%] [32mBuilding C object CMakeFiles/cloud_msgs__rosidl_generator_py.dir/rosidl_generator_py/cloud_msgs/msg/_cloud_info_s.c.o[0m
[8.992s] [ 77%] Built target ament_cmake_python_build_cloud_msgs_egg
[10.636s] [ 80%] [32m[1mLinking C shared library rosidl_generator_py/cloud_msgs/libcloud_msgs__rosidl_generator_py.so[0m
[10.709s] [ 80%] Built target cloud_msgs__rosidl_generator_py
[10.725s] [35m[1mConsolidate compiler generated dependencies of target cloud_msgs__rosidl_typesupport_fastrtps_c__pyext[0m
[10.725s] [35m[1mConsolidate compiler generated dependencies of target cloud_msgs__rosidl_typesupport_c__pyext[0m
[10.726s] [35m[1mConsolidate compiler generated dependencies of target cloud_msgs__rosidl_typesupport_introspection_c__pyext[0m
[10.740s] [ 83%] [32mBuilding C object CMakeFiles/cloud_msgs__rosidl_typesupport_fastrtps_c__pyext.dir/rosidl_generator_py/cloud_msgs/_cloud_msgs_s.ep.rosidl_typesupport_fastrtps_c.c.o[0m
[10.740s] [ 87%] [32mBuilding C object CMakeFiles/cloud_msgs__rosidl_typesupport_c__pyext.dir/rosidl_generator_py/cloud_msgs/_cloud_msgs_s.ep.rosidl_typesupport_c.c.o[0m
[10.742s] [ 90%] [32mBuilding C object CMakeFiles/cloud_msgs__rosidl_typesupport_introspection_c__pyext.dir/rosidl_generator_py/cloud_msgs/_cloud_msgs_s.ep.rosidl_typesupport_introspection_c.c.o[0m
[10.872s] [ 93%] [32m[1mLinking C shared library rosidl_generator_py/cloud_msgs/cloud_msgs_s__rosidl_typesupport_c.cpython-310-x86_64-linux-gnu.so[0m
[10.889s] [ 96%] [32m[1mLinking C shared library rosidl_generator_py/cloud_msgs/cloud_msgs_s__rosidl_typesupport_introspection_c.cpython-310-x86_64-linux-gnu.so[0m
[10.904s] [100%] [32m[1mLinking C shared library rosidl_generator_py/cloud_msgs/cloud_msgs_s__rosidl_typesupport_fastrtps_c.cpython-310-x86_64-linux-gnu.so[0m
[10.925s] [100%] Built target cloud_msgs__rosidl_typesupport_c__pyext
[10.954s] [100%] Built target cloud_msgs__rosidl_typesupport_fastrtps_c__pyext
[10.969s] [100%] Built target cloud_msgs__rosidl_typesupport_introspection_c__pyext
[10.983s] Invoked command in '/home/evan/code/lego-loam/lego/build/cloud_msgs' returned '0': CMAKE_PREFIX_PATH=${CMAKE_PREFIX_PATH}:/opt/ros/humble /usr/bin/cmake --build /home/evan/code/lego-loam/lego/build/cloud_msgs -- -j4 -l4
[11.060s] Invoking command in '/home/evan/code/lego-loam/lego/build/cloud_msgs': CMAKE_PREFIX_PATH=${CMAKE_PREFIX_PATH}:/opt/ros/humble /usr/bin/cmake --install /home/evan/code/lego-loam/lego/build/cloud_msgs
[11.069s] -- Install configuration: ""
[11.070s] -- Up-to-date: /home/evan/code/lego-loam/lego/install/cloud_msgs/share/ament_index/resource_index/rosidl_interfaces/cloud_msgs
[11.070s] -- Up-to-date: /home/evan/code/lego-loam/lego/install/cloud_msgs/include/cloud_msgs/cloud_msgs
[11.070s] -- Up-to-date: /home/evan/code/lego-loam/lego/install/cloud_msgs/include/cloud_msgs/cloud_msgs/msg
[11.070s] -- Up-to-date: /home/evan/code/lego-loam/lego/install/cloud_msgs/include/cloud_msgs/cloud_msgs/msg/detail
[11.070s] -- Up-to-date: /home/evan/code/lego-loam/lego/install/cloud_msgs/include/cloud_msgs/cloud_msgs/msg/detail/cloud_info__functions.c
[11.070s] -- Up-to-date: /home/evan/code/lego-loam/lego/install/cloud_msgs/include/cloud_msgs/cloud_msgs/msg/detail/cloud_info__struct.h
[11.070s] -- Up-to-date: /home/evan/code/lego-loam/lego/install/cloud_msgs/include/cloud_msgs/cloud_msgs/msg/detail/cloud_info__functions.h
[11.070s] -- Up-to-date: /home/evan/code/lego-loam/lego/install/cloud_msgs/include/cloud_msgs/cloud_msgs/msg/detail/cloud_info__type_support.h
[11.070s] -- Up-to-date: /home/evan/code/lego-loam/lego/install/cloud_msgs/include/cloud_msgs/cloud_msgs/msg/cloud_info.h
[11.070s] -- Up-to-date: /home/evan/code/lego-loam/lego/install/cloud_msgs/include/cloud_msgs/cloud_msgs/msg/rosidl_generator_c__visibility_control.h
[11.071s] -- Up-to-date: /home/evan/code/lego-loam/lego/install/cloud_msgs/share/cloud_msgs/environment/library_path.sh
[11.071s] -- Up-to-date: /home/evan/code/lego-loam/lego/install/cloud_msgs/share/cloud_msgs/environment/library_path.dsv
[11.071s] -- Up-to-date: /home/evan/code/lego-loam/lego/install/cloud_msgs/lib/libcloud_msgs__rosidl_generator_c.so
[11.071s] -- Up-to-date: /home/evan/code/lego-loam/lego/install/cloud_msgs/include/cloud_msgs/cloud_msgs
[11.071s] -- Up-to-date: /home/evan/code/lego-loam/lego/install/cloud_msgs/include/cloud_msgs/cloud_msgs/msg
[11.071s] -- Up-to-date: /home/evan/code/lego-loam/lego/install/cloud_msgs/include/cloud_msgs/cloud_msgs/msg/detail
[11.071s] -- Up-to-date: /home/evan/code/lego-loam/lego/install/cloud_msgs/include/cloud_msgs/cloud_msgs/msg/detail/cloud_info__rosidl_typesupport_fastrtps_c.h
[11.071s] -- Up-to-date: /home/evan/code/lego-loam/lego/install/cloud_msgs/include/cloud_msgs/cloud_msgs/msg/rosidl_typesupport_fastrtps_c__visibility_control.h
[11.072s] -- Installing: /home/evan/code/lego-loam/lego/install/cloud_msgs/lib/libcloud_msgs__rosidl_typesupport_fastrtps_c.so
[11.072s] -- Set runtime path of "/home/evan/code/lego-loam/lego/install/cloud_msgs/lib/libcloud_msgs__rosidl_typesupport_fastrtps_c.so" to ""
[11.073s] -- Up-to-date: /home/evan/code/lego-loam/lego/install/cloud_msgs/include/cloud_msgs/cloud_msgs
[11.073s] -- Up-to-date: /home/evan/code/lego-loam/lego/install/cloud_msgs/include/cloud_msgs/cloud_msgs/msg
[11.073s] -- Up-to-date: /home/evan/code/lego-loam/lego/install/cloud_msgs/include/cloud_msgs/cloud_msgs/msg/detail
[11.073s] -- Up-to-date: /home/evan/code/lego-loam/lego/install/cloud_msgs/include/cloud_msgs/cloud_msgs/msg/detail/cloud_info__builder.hpp
[11.073s] -- Up-to-date: /home/evan/code/lego-loam/lego/install/cloud_msgs/include/cloud_msgs/cloud_msgs/msg/detail/cloud_info__traits.hpp
[11.073s] -- Up-to-date: /home/evan/code/lego-loam/lego/install/cloud_msgs/include/cloud_msgs/cloud_msgs/msg/detail/cloud_info__struct.hpp
[11.073s] -- Up-to-date: /home/evan/code/lego-loam/lego/install/cloud_msgs/include/cloud_msgs/cloud_msgs/msg/cloud_info.hpp
[11.073s] -- Up-to-date: /home/evan/code/lego-loam/lego/install/cloud_msgs/include/cloud_msgs/cloud_msgs
[11.073s] -- Up-to-date: /home/evan/code/lego-loam/lego/install/cloud_msgs/include/cloud_msgs/cloud_msgs/msg
[11.074s] -- Up-to-date: /home/evan/code/lego-loam/lego/install/cloud_msgs/include/cloud_msgs/cloud_msgs/msg/detail
[11.074s] -- Up-to-date: /home/evan/code/lego-loam/lego/install/cloud_msgs/include/cloud_msgs/cloud_msgs/msg/detail/dds_fastrtps
[11.074s] -- Up-to-date: /home/evan/code/lego-loam/lego/install/cloud_msgs/include/cloud_msgs/cloud_msgs/msg/detail/cloud_info__rosidl_typesupport_fastrtps_cpp.hpp
[11.074s] -- Up-to-date: /home/evan/code/lego-loam/lego/install/cloud_msgs/include/cloud_msgs/cloud_msgs/msg/rosidl_typesupport_fastrtps_cpp__visibility_control.h
[11.106s] -- Installing: /home/evan/code/lego-loam/lego/install/cloud_msgs/lib/libcloud_msgs__rosidl_typesupport_fastrtps_cpp.so
[11.107s] -- Set runtime path of "/home/evan/code/lego-loam/lego/install/cloud_msgs/lib/libcloud_msgs__rosidl_typesupport_fastrtps_cpp.so" to ""
[11.107s] -- Up-to-date: /home/evan/code/lego-loam/lego/install/cloud_msgs/include/cloud_msgs/cloud_msgs
[11.107s] -- Up-to-date: /home/evan/code/lego-loam/lego/install/cloud_msgs/include/cloud_msgs/cloud_msgs/msg
[11.107s] -- Up-to-date: /home/evan/code/lego-loam/lego/install/cloud_msgs/include/cloud_msgs/cloud_msgs/msg/detail
[11.107s] -- Up-to-date: /home/evan/code/lego-loam/lego/install/cloud_msgs/include/cloud_msgs/cloud_msgs/msg/detail/cloud_info__rosidl_typesupport_introspection_c.h
[11.107s] -- Up-to-date: /home/evan/code/lego-loam/lego/install/cloud_msgs/include/cloud_msgs/cloud_msgs/msg/detail/cloud_info__type_support.c
[11.107s] -- Up-to-date: /home/evan/code/lego-loam/lego/install/cloud_msgs/include/cloud_msgs/cloud_msgs/msg/rosidl_typesupport_introspection_c__visibility_control.h
[11.108s] -- Up-to-date: /home/evan/code/lego-loam/lego/install/cloud_msgs/lib/libcloud_msgs__rosidl_typesupport_introspection_c.so
[11.109s] -- Up-to-date: /home/evan/code/lego-loam/lego/install/cloud_msgs/lib/libcloud_msgs__rosidl_typesupport_c.so
[11.109s] -- Up-to-date: /home/evan/code/lego-loam/lego/install/cloud_msgs/include/cloud_msgs/cloud_msgs
[11.109s] -- Up-to-date: /home/evan/code/lego-loam/lego/install/cloud_msgs/include/cloud_msgs/cloud_msgs/msg
[11.109s] -- Up-to-date: /home/evan/code/lego-loam/lego/install/cloud_msgs/include/cloud_msgs/cloud_msgs/msg/detail
[11.109s] -- Up-to-date: /home/evan/code/lego-loam/lego/install/cloud_msgs/include/cloud_msgs/cloud_msgs/msg/detail/cloud_info__type_support.cpp
[11.109s] -- Up-to-date: /home/evan/code/lego-loam/lego/install/cloud_msgs/include/cloud_msgs/cloud_msgs/msg/detail/cloud_info__rosidl_typesupport_introspection_cpp.hpp
[11.140s] -- Installing: /home/evan/code/lego-loam/lego/install/cloud_msgs/lib/libcloud_msgs__rosidl_typesupport_introspection_cpp.so
[11.141s] -- Set runtime path of "/home/evan/code/lego-loam/lego/install/cloud_msgs/lib/libcloud_msgs__rosidl_typesupport_introspection_cpp.so" to ""
[11.142s] -- Installing: /home/evan/code/lego-loam/lego/install/cloud_msgs/lib/libcloud_msgs__rosidl_typesupport_cpp.so
[11.143s] -- Set runtime path of "/home/evan/code/lego-loam/lego/install/cloud_msgs/lib/libcloud_msgs__rosidl_typesupport_cpp.so" to ""
[11.143s] -- Up-to-date: /home/evan/code/lego-loam/lego/install/cloud_msgs/share/cloud_msgs/environment/pythonpath.sh
[11.143s] -- Up-to-date: /home/evan/code/lego-loam/lego/install/cloud_msgs/share/cloud_msgs/environment/pythonpath.dsv
[11.143s] -- Up-to-date: /home/evan/code/lego-loam/lego/install/cloud_msgs/local/lib/python3.10/dist-packages/cloud_msgs-1.0.0-py3.10.egg-info
[11.144s] -- Installing: /home/evan/code/lego-loam/lego/install/cloud_msgs/local/lib/python3.10/dist-packages/cloud_msgs-1.0.0-py3.10.egg-info/top_level.txt
[11.144s] -- Installing: /home/evan/code/lego-loam/lego/install/cloud_msgs/local/lib/python3.10/dist-packages/cloud_msgs-1.0.0-py3.10.egg-info/dependency_links.txt
[11.144s] -- Installing: /home/evan/code/lego-loam/lego/install/cloud_msgs/local/lib/python3.10/dist-packages/cloud_msgs-1.0.0-py3.10.egg-info/PKG-INFO
[11.145s] -- Installing: /home/evan/code/lego-loam/lego/install/cloud_msgs/local/lib/python3.10/dist-packages/cloud_msgs-1.0.0-py3.10.egg-info/SOURCES.txt
[11.145s] -- Up-to-date: /home/evan/code/lego-loam/lego/install/cloud_msgs/local/lib/python3.10/dist-packages/cloud_msgs
[11.145s] -- Up-to-date: /home/evan/code/lego-loam/lego/install/cloud_msgs/local/lib/python3.10/dist-packages/cloud_msgs/msg
[11.145s] -- Up-to-date: /home/evan/code/lego-loam/lego/install/cloud_msgs/local/lib/python3.10/dist-packages/cloud_msgs/msg/_cloud_info.py
[11.145s] -- Up-to-date: /home/evan/code/lego-loam/lego/install/cloud_msgs/local/lib/python3.10/dist-packages/cloud_msgs/msg/__init__.py
[11.146s] -- Up-to-date: /home/evan/code/lego-loam/lego/install/cloud_msgs/local/lib/python3.10/dist-packages/cloud_msgs/msg/_cloud_info_s.c
[11.146s] -- Up-to-date: /home/evan/code/lego-loam/lego/install/cloud_msgs/local/lib/python3.10/dist-packages/cloud_msgs/_cloud_msgs_s.ep.rosidl_typesupport_c.c
[11.146s] -- Installing: /home/evan/code/lego-loam/lego/install/cloud_msgs/local/lib/python3.10/dist-packages/cloud_msgs/libcloud_msgs__rosidl_generator_py.so
[11.146s] -- Up-to-date: /home/evan/code/lego-loam/lego/install/cloud_msgs/local/lib/python3.10/dist-packages/cloud_msgs/_cloud_msgs_s.ep.rosidl_typesupport_fastrtps_c.c
[11.146s] -- Installing: /home/evan/code/lego-loam/lego/install/cloud_msgs/local/lib/python3.10/dist-packages/cloud_msgs/cloud_msgs_s__rosidl_typesupport_fastrtps_c.cpython-310-x86_64-linux-gnu.so
[11.146s] -- Installing: /home/evan/code/lego-loam/lego/install/cloud_msgs/local/lib/python3.10/dist-packages/cloud_msgs/cloud_msgs_s__rosidl_typesupport_introspection_c.cpython-310-x86_64-linux-gnu.so
[11.148s] -- Up-to-date: /home/evan/code/lego-loam/lego/install/cloud_msgs/local/lib/python3.10/dist-packages/cloud_msgs/_cloud_msgs_s.ep.rosidl_typesupport_introspection_c.c
[11.148s] -- Up-to-date: /home/evan/code/lego-loam/lego/install/cloud_msgs/local/lib/python3.10/dist-packages/cloud_msgs/__init__.py
[11.148s] -- Installing: /home/evan/code/lego-loam/lego/install/cloud_msgs/local/lib/python3.10/dist-packages/cloud_msgs/cloud_msgs_s__rosidl_typesupport_c.cpython-310-x86_64-linux-gnu.so
[11.185s] Listing '/home/evan/code/lego-loam/lego/install/cloud_msgs/local/lib/python3.10/dist-packages/cloud_msgs'...
[11.186s] Listing '/home/evan/code/lego-loam/lego/install/cloud_msgs/local/lib/python3.10/dist-packages/cloud_msgs/msg'...
[11.192s] -- Installing: /home/evan/code/lego-loam/lego/install/cloud_msgs/local/lib/python3.10/dist-packages/cloud_msgs/cloud_msgs_s__rosidl_typesupport_fastrtps_c.cpython-310-x86_64-linux-gnu.so
[11.192s] -- Set runtime path of "/home/evan/code/lego-loam/lego/install/cloud_msgs/local/lib/python3.10/dist-packages/cloud_msgs/cloud_msgs_s__rosidl_typesupport_fastrtps_c.cpython-310-x86_64-linux-gnu.so" to ""
[11.193s] -- Installing: /home/evan/code/lego-loam/lego/install/cloud_msgs/local/lib/python3.10/dist-packages/cloud_msgs/cloud_msgs_s__rosidl_typesupport_introspection_c.cpython-310-x86_64-linux-gnu.so
[11.193s] -- Set runtime path of "/home/evan/code/lego-loam/lego/install/cloud_msgs/local/lib/python3.10/dist-packages/cloud_msgs/cloud_msgs_s__rosidl_typesupport_introspection_c.cpython-310-x86_64-linux-gnu.so" to ""
[11.194s] -- Installing: /home/evan/code/lego-loam/lego/install/cloud_msgs/local/lib/python3.10/dist-packages/cloud_msgs/cloud_msgs_s__rosidl_typesupport_c.cpython-310-x86_64-linux-gnu.so
[11.194s] -- Set runtime path of "/home/evan/code/lego-loam/lego/install/cloud_msgs/local/lib/python3.10/dist-packages/cloud_msgs/cloud_msgs_s__rosidl_typesupport_c.cpython-310-x86_64-linux-gnu.so" to ""
[11.196s] -- Installing: /home/evan/code/lego-loam/lego/install/cloud_msgs/lib/libcloud_msgs__rosidl_generator_py.so
[11.198s] -- Set runtime path of "/home/evan/code/lego-loam/lego/install/cloud_msgs/lib/libcloud_msgs__rosidl_generator_py.so" to ""
[11.198s] -- Up-to-date: /home/evan/code/lego-loam/lego/install/cloud_msgs/share/cloud_msgs/msg/CloudInfo.idl
[11.198s] -- Up-to-date: /home/evan/code/lego-loam/lego/install/cloud_msgs/share/cloud_msgs/msg/CloudInfo.msg
[11.199s] -- Up-to-date: /home/evan/code/lego-loam/lego/install/cloud_msgs/share/ament_index/resource_index/package_run_dependencies/cloud_msgs
[11.199s] -- Up-to-date: /home/evan/code/lego-loam/lego/install/cloud_msgs/share/ament_index/resource_index/parent_prefix_path/cloud_msgs
[11.199s] -- Up-to-date: /home/evan/code/lego-loam/lego/install/cloud_msgs/share/cloud_msgs/environment/ament_prefix_path.sh
[11.199s] -- Up-to-date: /home/evan/code/lego-loam/lego/install/cloud_msgs/share/cloud_msgs/environment/ament_prefix_path.dsv
[11.199s] -- Up-to-date: /home/evan/code/lego-loam/lego/install/cloud_msgs/share/cloud_msgs/environment/path.sh
[11.199s] -- Up-to-date: /home/evan/code/lego-loam/lego/install/cloud_msgs/share/cloud_msgs/environment/path.dsv
[11.199s] -- Up-to-date: /home/evan/code/lego-loam/lego/install/cloud_msgs/share/cloud_msgs/local_setup.bash
[11.199s] -- Up-to-date: /home/evan/code/lego-loam/lego/install/cloud_msgs/share/cloud_msgs/local_setup.sh
[11.199s] -- Up-to-date: /home/evan/code/lego-loam/lego/install/cloud_msgs/share/cloud_msgs/local_setup.zsh
[11.200s] -- Up-to-date: /home/evan/code/lego-loam/lego/install/cloud_msgs/share/cloud_msgs/local_setup.dsv
[11.200s] -- Installing: /home/evan/code/lego-loam/lego/install/cloud_msgs/share/cloud_msgs/package.dsv
[11.200s] -- Up-to-date: /home/evan/code/lego-loam/lego/install/cloud_msgs/share/ament_index/resource_index/packages/cloud_msgs
[11.200s] -- Up-to-date: /home/evan/code/lego-loam/lego/install/cloud_msgs/share/cloud_msgs/cmake/export_cloud_msgs__rosidl_generator_cExport.cmake
[11.200s] -- Up-to-date: /home/evan/code/lego-loam/lego/install/cloud_msgs/share/cloud_msgs/cmake/export_cloud_msgs__rosidl_generator_cExport-noconfig.cmake
[11.201s] -- Up-to-date: /home/evan/code/lego-loam/lego/install/cloud_msgs/share/cloud_msgs/cmake/export_cloud_msgs__rosidl_typesupport_fastrtps_cExport.cmake
[11.201s] -- Up-to-date: /home/evan/code/lego-loam/lego/install/cloud_msgs/share/cloud_msgs/cmake/export_cloud_msgs__rosidl_typesupport_fastrtps_cExport-noconfig.cmake
[11.201s] -- Up-to-date: /home/evan/code/lego-loam/lego/install/cloud_msgs/share/cloud_msgs/cmake/export_cloud_msgs__rosidl_generator_cppExport.cmake
[11.201s] -- Up-to-date: /home/evan/code/lego-loam/lego/install/cloud_msgs/share/cloud_msgs/cmake/export_cloud_msgs__rosidl_typesupport_fastrtps_cppExport.cmake
[11.202s] -- Up-to-date: /home/evan/code/lego-loam/lego/install/cloud_msgs/share/cloud_msgs/cmake/export_cloud_msgs__rosidl_typesupport_fastrtps_cppExport-noconfig.cmake
[11.202s] -- Up-to-date: /home/evan/code/lego-loam/lego/install/cloud_msgs/share/cloud_msgs/cmake/cloud_msgs__rosidl_typesupport_introspection_cExport.cmake
[11.202s] -- Up-to-date: /home/evan/code/lego-loam/lego/install/cloud_msgs/share/cloud_msgs/cmake/cloud_msgs__rosidl_typesupport_introspection_cExport-noconfig.cmake
[11.203s] -- Up-to-date: /home/evan/code/lego-loam/lego/install/cloud_msgs/share/cloud_msgs/cmake/cloud_msgs__rosidl_typesupport_cExport.cmake
[11.203s] -- Up-to-date: /home/evan/code/lego-loam/lego/install/cloud_msgs/share/cloud_msgs/cmake/cloud_msgs__rosidl_typesupport_cExport-noconfig.cmake
[11.203s] -- Up-to-date: /home/evan/code/lego-loam/lego/install/cloud_msgs/share/cloud_msgs/cmake/cloud_msgs__rosidl_typesupport_introspection_cppExport.cmake
[11.203s] -- Up-to-date: /home/evan/code/lego-loam/lego/install/cloud_msgs/share/cloud_msgs/cmake/cloud_msgs__rosidl_typesupport_introspection_cppExport-noconfig.cmake
[11.204s] -- Up-to-date: /home/evan/code/lego-loam/lego/install/cloud_msgs/share/cloud_msgs/cmake/cloud_msgs__rosidl_typesupport_cppExport.cmake
[11.204s] -- Up-to-date: /home/evan/code/lego-loam/lego/install/cloud_msgs/share/cloud_msgs/cmake/cloud_msgs__rosidl_typesupport_cppExport-noconfig.cmake
[11.204s] -- Up-to-date: /home/evan/code/lego-loam/lego/install/cloud_msgs/share/cloud_msgs/cmake/export_cloud_msgs__rosidl_generator_pyExport.cmake
[11.204s] -- Up-to-date: /home/evan/code/lego-loam/lego/install/cloud_msgs/share/cloud_msgs/cmake/export_cloud_msgs__rosidl_generator_pyExport-noconfig.cmake
[11.205s] -- Up-to-date: /home/evan/code/lego-loam/lego/install/cloud_msgs/share/cloud_msgs/cmake/rosidl_cmake-extras.cmake
[11.205s] -- Up-to-date: /home/evan/code/lego-loam/lego/install/cloud_msgs/share/cloud_msgs/cmake/ament_cmake_export_dependencies-extras.cmake
[11.205s] -- Up-to-date: /home/evan/code/lego-loam/lego/install/cloud_msgs/share/cloud_msgs/cmake/ament_cmake_export_include_directories-extras.cmake
[11.205s] -- Up-to-date: /home/evan/code/lego-loam/lego/install/cloud_msgs/share/cloud_msgs/cmake/ament_cmake_export_libraries-extras.cmake
[11.205s] -- Up-to-date: /home/evan/code/lego-loam/lego/install/cloud_msgs/share/cloud_msgs/cmake/ament_cmake_export_targets-extras.cmake
[11.205s] -- Up-to-date: /home/evan/code/lego-loam/lego/install/cloud_msgs/share/cloud_msgs/cmake/rosidl_cmake_export_typesupport_targets-extras.cmake
[11.205s] -- Up-to-date: /home/evan/code/lego-loam/lego/install/cloud_msgs/share/cloud_msgs/cmake/rosidl_cmake_export_typesupport_libraries-extras.cmake
[11.205s] -- Up-to-date: /home/evan/code/lego-loam/lego/install/cloud_msgs/share/cloud_msgs/cmake/cloud_msgsConfig.cmake
[11.205s] -- Up-to-date: /home/evan/code/lego-loam/lego/install/cloud_msgs/share/cloud_msgs/cmake/cloud_msgsConfig-version.cmake
[11.205s] -- Up-to-date: /home/evan/code/lego-loam/lego/install/cloud_msgs/share/cloud_msgs/package.xml
[11.208s] Invoked command in '/home/evan/code/lego-loam/lego/build/cloud_msgs' returned '0': CMAKE_PREFIX_PATH=${CMAKE_PREFIX_PATH}:/opt/ros/humble /usr/bin/cmake --install /home/evan/code/lego-loam/lego/build/cloud_msgs
