[0.726s] Invoking command in '/home/evan/code/Complete_slam_system/lidar_slam_system/build/lidar_slam': CMAKE_PREFIX_PATH=${CMAKE_PREFIX_PATH}:/opt/ros/humble /usr/bin/cmake --build /home/evan/code/Complete_slam_system/lidar_slam_system/build/lidar_slam -- -j4 -l4
[0.783s] [35m[1mConsolidate compiler generated dependencies of target lidar_slam[0m
[0.926s] [ 33%] [32mBuilding CXX object CMakeFiles/lidar_slam.dir/src/data_process.cpp.o[0m
[0.929s] [ 66%] [32mBuilding CXX object CMakeFiles/lidar_slam.dir/src/main.cpp.o[0m
[0.938s] [01m[K/home/evan/code/Complete_slam_system/lidar_slam_system/src/lidar_slam/src/data_process.cpp:3:19:[m[K [01;31m[Kerror: [m[K‘[01m[Kstring[m[K’ in namespace ‘[01m[Kstd[m[K’ does not name a type
[0.938s]     3 | static const std::[01;31m[Kstring[m[K PARAM_VERTICAL_SCANS = "laser.vertical_scans";
[0.938s]       |                   [01;31m[K^~~~~~[m[K
[0.938s] [01m[K/home/evan/code/Complete_slam_system/lidar_slam_system/src/lidar_slam/src/data_process.cpp:1:1:[m[K [01;36m[Knote: [m[K‘[01m[Kstd::string[m[K’ is defined in header ‘[01m[K<string>[m[K’; did you forget to ‘[01m[K#include <string>[m[K’?
[0.938s]   +++ |+[32m[K#include <string>[m[K
[0.938s]     1 | namespace lidarslam{
[0.939s] [01m[K/home/evan/code/Complete_slam_system/lidar_slam_system/src/lidar_slam/src/data_process.cpp:4:19:[m[K [01;31m[Kerror: [m[K‘[01m[Kstring[m[K’ in namespace ‘[01m[Kstd[m[K’ does not name a type
[0.939s]     4 | static const std::[01;31m[Kstring[m[K PARAM_HORIZONTAL_SCANS = "laser.horizontal_scans";
[0.939s]       |                   [01;31m[K^~~~~~[m[K
[0.939s] [01m[K/home/evan/code/Complete_slam_system/lidar_slam_system/src/lidar_slam/src/data_process.cpp:4:14:[m[K [01;36m[Knote: [m[K‘[01m[Kstd::string[m[K’ is defined in header ‘[01m[K<string>[m[K’; did you forget to ‘[01m[K#include <string>[m[K’?
[0.939s]     4 | static const [01;36m[Kstd[m[K::string PARAM_HORIZONTAL_SCANS = "laser.horizontal_scans";
[0.939s]       |              [01;36m[K^~~[m[K
[0.939s] [01m[K/home/evan/code/Complete_slam_system/lidar_slam_system/src/lidar_slam/src/data_process.cpp:5:19:[m[K [01;31m[Kerror: [m[K‘[01m[Kstring[m[K’ in namespace ‘[01m[Kstd[m[K’ does not name a type
[0.939s]     5 | static const std::[01;31m[Kstring[m[K PARAM_ANGLE_BOTTOM = "laser.ang_bottom";
[0.939s]       |                   [01;31m[K^~~~~~[m[K
[0.939s] [01m[K/home/evan/code/Complete_slam_system/lidar_slam_system/src/lidar_slam/src/data_process.cpp:5:14:[m[K [01;36m[Knote: [m[K‘[01m[Kstd::string[m[K’ is defined in header ‘[01m[K<string>[m[K’; did you forget to ‘[01m[K#include <string>[m[K’?
[0.939s]     5 | static const [01;36m[Kstd[m[K::string PARAM_ANGLE_BOTTOM = "laser.ang_bottom";
[0.939s]       |              [01;36m[K^~~[m[K
[0.940s] [01m[K/home/evan/code/Complete_slam_system/lidar_slam_system/src/lidar_slam/src/data_process.cpp:6:19:[m[K [01;31m[Kerror: [m[K‘[01m[Kstring[m[K’ in namespace ‘[01m[Kstd[m[K’ does not name a type
[0.940s]     6 | static const std::[01;31m[Kstring[m[K PARAM_ANGLE_TOP = "laser.ang_top";
[0.940s]       |                   [01;31m[K^~~~~~[m[K
[0.940s] [01m[K/home/evan/code/Complete_slam_system/lidar_slam_system/src/lidar_slam/src/data_process.cpp:6:14:[m[K [01;36m[Knote: [m[K‘[01m[Kstd::string[m[K’ is defined in header ‘[01m[K<string>[m[K’; did you forget to ‘[01m[K#include <string>[m[K’?
[0.940s]     6 | static const [01;36m[Kstd[m[K::string PARAM_ANGLE_TOP = "laser.ang_top";
[0.940s]       |              [01;36m[K^~~[m[K
[0.940s] [01m[K/home/evan/code/Complete_slam_system/lidar_slam_system/src/lidar_slam/src/data_process.cpp:7:19:[m[K [01;31m[Kerror: [m[K‘[01m[Kstring[m[K’ in namespace ‘[01m[Kstd[m[K’ does not name a type
[0.940s]     7 | static const std::[01;31m[Kstring[m[K PARAM_GROUND_INDEX = "laser.ground_scan_index";
[0.940s]       |                   [01;31m[K^~~~~~[m[K
[0.940s] [01m[K/home/evan/code/Complete_slam_system/lidar_slam_system/src/lidar_slam/src/data_process.cpp:7:14:[m[K [01;36m[Knote: [m[K‘[01m[Kstd::string[m[K’ is defined in header ‘[01m[K<string>[m[K’; did you forget to ‘[01m[K#include <string>[m[K’?
[0.940s]     7 | static const [01;36m[Kstd[m[K::string PARAM_GROUND_INDEX = "laser.ground_scan_index";
[0.940s]       |              [01;36m[K^~~[m[K
[0.940s] [01m[K/home/evan/code/Complete_slam_system/lidar_slam_system/src/lidar_slam/src/data_process.cpp:8:19:[m[K [01;31m[Kerror: [m[K‘[01m[Kstring[m[K’ in namespace ‘[01m[Kstd[m[K’ does not name a type
[0.940s]     8 | static const std::[01;31m[Kstring[m[K PARAM_SENSOR_ANGLE = "laser.sensor_mount_angle";
[0.940s]       |                   [01;31m[K^~~~~~[m[K
[0.941s] [01m[K/home/evan/code/Complete_slam_system/lidar_slam_system/src/lidar_slam/src/data_process.cpp:8:14:[m[K [01;36m[Knote: [m[K‘[01m[Kstd::string[m[K’ is defined in header ‘[01m[K<string>[m[K’; did you forget to ‘[01m[K#include <string>[m[K’?
[0.941s]     8 | static const [01;36m[Kstd[m[K::string PARAM_SENSOR_ANGLE = "laser.sensor_mount_angle";
[0.941s]       |              [01;36m[K^~~[m[K
[0.941s] [01m[K/home/evan/code/Complete_slam_system/lidar_slam_system/src/lidar_slam/src/data_process.cpp:9:19:[m[K [01;31m[Kerror: [m[K‘[01m[Kstring[m[K’ in namespace ‘[01m[Kstd[m[K’ does not name a type
[0.941s]     9 | static const std::[01;31m[Kstring[m[K PARAM_SEGMENT_THETA = "projection.segment_theta";
[0.941s]       |                   [01;31m[K^~~~~~[m[K
[0.941s] [01m[K/home/evan/code/Complete_slam_system/lidar_slam_system/src/lidar_slam/src/data_process.cpp:9:14:[m[K [01;36m[Knote: [m[K‘[01m[Kstd::string[m[K’ is defined in header ‘[01m[K<string>[m[K’; did you forget to ‘[01m[K#include <string>[m[K’?
[0.941s]     9 | static const [01;36m[Kstd[m[K::string PARAM_SEGMENT_THETA = "projection.segment_theta";
[0.941s]       |              [01;36m[K^~~[m[K
[0.942s] [01m[K/home/evan/code/Complete_slam_system/lidar_slam_system/src/lidar_slam/src/data_process.cpp:10:19:[m[K [01;31m[Kerror: [m[K‘[01m[Kstring[m[K’ in namespace ‘[01m[Kstd[m[K’ does not name a type
[0.942s]    10 | static const std::[01;31m[Kstring[m[K PARAM_SEGMENT_VALID_POINT_NUM = "projection.segment_valid_point_num";
[0.942s]       |                   [01;31m[K^~~~~~[m[K
[0.942s] [01m[K/home/evan/code/Complete_slam_system/lidar_slam_system/src/lidar_slam/src/data_process.cpp:10:14:[m[K [01;36m[Knote: [m[K‘[01m[Kstd::string[m[K’ is defined in header ‘[01m[K<string>[m[K’; did you forget to ‘[01m[K#include <string>[m[K’?
[0.942s]    10 | static const [01;36m[Kstd[m[K::string PARAM_SEGMENT_VALID_POINT_NUM = "projection.segment_valid_point_num";
[0.942s]       |              [01;36m[K^~~[m[K
[0.942s] [01m[K/home/evan/code/Complete_slam_system/lidar_slam_system/src/lidar_slam/src/data_process.cpp:11:19:[m[K [01;31m[Kerror: [m[K‘[01m[Kstring[m[K’ in namespace ‘[01m[Kstd[m[K’ does not name a type
[0.942s]    11 | static const std::[01;31m[Kstring[m[K PARAM_SEGMENT_VALID_LINE_NUM = "projection.segment_valid_line_num";
[0.942s]       |                   [01;31m[K^~~~~~[m[K
[0.942s] [01m[K/home/evan/code/Complete_slam_system/lidar_slam_system/src/lidar_slam/src/data_process.cpp:11:14:[m[K [01;36m[Knote: [m[K‘[01m[Kstd::string[m[K’ is defined in header ‘[01m[K<string>[m[K’; did you forget to ‘[01m[K#include <string>[m[K’?
[0.942s]    11 | static const [01;36m[Kstd[m[K::string PARAM_SEGMENT_VALID_LINE_NUM = "projection.segment_valid_line_num";
[0.942s]       |              [01;36m[K^~~[m[K
[0.944s] [01m[K/home/evan/code/Complete_slam_system/lidar_slam_system/src/lidar_slam/src/data_process.cpp:13:1:[m[K [01;31m[Kerror: [m[K‘[01m[KDataProcess[m[K’ does not name a type
[0.944s]    13 | [01;31m[KDataProcess[m[K::DataProcess(const std::string &name, Channel<DataProcessOut> &output_channel)
[0.944s]       | [01;31m[K^~~~~~~~~~~[m[K
[0.944s] [01m[K/home/evan/code/Complete_slam_system/lidar_slam_system/src/lidar_slam/src/data_process.cpp:83:1:[m[K [01;31m[Kerror: [m[K‘[01m[KDataProcess[m[K’ does not name a type
[0.944s]    83 | [01;31m[KDataProcess[m[K::~DataProcess(){
[0.944s]       | [01;31m[K^~~~~~~~~~~[m[K
[0.944s] [01m[K/home/evan/code/Complete_slam_system/lidar_slam_system/src/lidar_slam/src/data_process.cpp:87:6:[m[K [01;31m[Kerror: [m[K‘[01m[KDataProcess[m[K’ has not been declared
[0.944s]    87 | void [01;31m[KDataProcess[m[K::cloudHandler(const sensor_msgs::msg::PointCloud2 &laserCloudMsg){
[0.944s]       |      [01;31m[K^~~~~~~~~~~[m[K
[0.944s] [01m[K/home/evan/code/Complete_slam_system/lidar_slam_system/src/lidar_slam/src/data_process.cpp:87:38:[m[K [01;31m[Kerror: [m[K‘[01m[Ksensor_msgs[m[K’ does not name a type
[0.945s]    87 | void DataProcess::cloudHandler(const [01;31m[Ksensor_msgs[m[K::msg::PointCloud2 &laserCloudMsg){
[0.945s]       |                                      [01;31m[K^~~~~~~~~~~[m[K
[0.945s] [01m[K/home/evan/code/Complete_slam_system/lidar_slam_system/src/lidar_slam/src/data_process.cpp:87:54:[m[K [01;31m[Kerror: [m[Kexpected unqualified-id before ‘[01m[K::[m[K’ token
[0.945s]    87 | void DataProcess::cloudHandler(const sensor_msgs::msg[01;31m[K::[m[KPointCloud2 &laserCloudMsg){
[0.945s]       |                                                      [01;31m[K^~[m[K
[0.945s] [01m[K/home/evan/code/Complete_slam_system/lidar_slam_system/src/lidar_slam/src/data_process.cpp:87:54:[m[K [01;31m[Kerror: [m[Kexpected ‘[01m[K)[m[K’ before ‘[01m[K::[m[K’ token
[0.945s]    87 | void DataProcess::cloudHandler[34m[K([m[Kconst sensor_msgs::msg[01;31m[K:[m[K[32m[K:[m[KPointCloud2 &laserCloudMsg){
[0.945s]       |                               [34m[K~[m[K                      [01;31m[K^[m[K[32m[K~[m[K
[0.945s]       |                                                      [32m[K)[m[K
[0.945s] [01m[K/home/evan/code/Complete_slam_system/lidar_slam_system/src/lidar_slam/src/data_process.cpp:87:54:[m[K [01;31m[Kerror: [m[Kexpected initializer before ‘[01m[K::[m[K’ token
[0.945s]    87 | void DataProcess::cloudHandler(const sensor_msgs::msg[01;31m[K::[m[KPointCloud2 &laserCloudMsg){
[0.945s]       |                                                      [01;31m[K^~[m[K
[0.945s] [01m[K/home/evan/code/Complete_slam_system/lidar_slam_system/src/lidar_slam/src/data_process.cpp:93:6:[m[K [01;31m[Kerror: [m[K‘[01m[KDataProcess[m[K’ has not been declared
[0.945s]    93 | void [01;31m[KDataProcess[m[K::run(){
[0.946s]       |      [01;31m[K^~~~~~~~~~~[m[K
[0.946s] [01m[K/home/evan/code/Complete_slam_system/lidar_slam_system/src/lidar_slam/src/data_process.cpp:[m[K In function ‘[01m[Kvoid lidarslam::run()[m[K’:
[0.946s] [01m[K/home/evan/code/Complete_slam_system/lidar_slam_system/src/lidar_slam/src/data_process.cpp:94:11:[m[K [01;31m[Kerror: [m[K‘[01m[Krclcpp[m[K’ has not been declared
[0.946s]    94 |     while([01;31m[Krclcpp[m[K::ok()){
[0.946s]       |           [01;31m[K^~~~~~[m[K
[0.946s] [01m[K/home/evan/code/Complete_slam_system/lidar_slam_system/src/lidar_slam/src/data_process.cpp:95:12:[m[K [01;31m[Kerror: [m[K‘[01m[KqueClouds[m[K’ was not declared in this scope
[0.946s]    95 |         if([01;31m[KqueClouds[m[K.empty()){
[0.946s]       |            [01;31m[K^~~~~~~~~[m[K
[0.946s] [01m[K/home/evan/code/Complete_slam_system/lidar_slam_system/src/lidar_slam/src/data_process.cpp:96:13:[m[K [01;31m[Kerror: [m[K‘[01m[Ksleep[m[K’ was not declared in this scope
[0.946s]    96 |             [01;31m[Ksleep[m[K(1);
[0.946s]       |             [01;31m[K^~~~~[m[K
[0.946s] [01m[K/home/evan/code/Complete_slam_system/lidar_slam_system/src/lidar_slam/src/data_process.cpp:99:9:[m[K [01;31m[Kerror: [m[K‘[01m[Kmtx[m[K’ was not declared in this scope
[0.946s]    99 |         [01;31m[Kmtx[m[K.lock();
[0.946s]       |         [01;31m[K^~~[m[K
[0.946s] [01m[K/home/evan/code/Complete_slam_system/lidar_slam_system/src/lidar_slam/src/data_process.cpp:100:9:[m[K [01;31m[Kerror: [m[K‘[01m[KoneCloud[m[K’ was not declared in this scope
[0.947s]   100 |         [01;31m[KoneCloud[m[K = queClouds.front();
[0.947s]       |         [01;31m[K^~~~~~~~[m[K
[0.947s] [01m[K/home/evan/code/Complete_slam_system/lidar_slam_system/src/lidar_slam/src/data_process.cpp:100:20:[m[K [01;31m[Kerror: [m[K‘[01m[KqueClouds[m[K’ was not declared in this scope
[0.947s]   100 |         oneCloud = [01;31m[KqueClouds[m[K.front();
[0.949s]       |                    [01;31m[K^~~~~~~~~[m[K
[0.949s] [01m[K/home/evan/code/Complete_slam_system/lidar_slam_system/src/lidar_slam/src/data_process.cpp:104:9:[m[K [01;31m[Kerror: [m[K‘[01m[KresetParameters[m[K’ was not declared in this scope
[0.949s]   104 |         [01;31m[KresetParameters[m[K();
[0.949s]       |         [01;31m[K^~~~~~~~~~~~~~~[m[K
[0.949s] [01m[K/home/evan/code/Complete_slam_system/lidar_slam_system/src/lidar_slam/src/data_process.cpp:105:9:[m[K [01;31m[Kerror: [m[K‘[01m[Kpcl[m[K’ has not been declared
[0.949s]   105 |         [01;31m[Kpcl[m[K::fromROSMsg(oneCloud, *_cloud_in);
[0.949s]       |         [01;31m[K^~~[m[K
[0.949s] [01m[K/home/evan/code/Complete_slam_system/lidar_slam_system/src/lidar_slam/src/data_process.cpp:105:36:[m[K [01;31m[Kerror: [m[K‘[01m[K_cloud_in[m[K’ was not declared in this scope
[0.949s]   105 |         pcl::fromROSMsg(oneCloud, *[01;31m[K_cloud_in[m[K);
[0.949s]       |                                    [01;31m[K^~~~~~~~~[m[K
[0.949s] [01m[K/home/evan/code/Complete_slam_system/lidar_slam_system/src/lidar_slam/src/data_process.cpp:106:14:[m[K [01;31m[Kerror: [m[K‘[01m[Kvector[m[K’ is not a member of ‘[01m[Kstd[m[K’
[0.949s]   106 |         std::[01;31m[Kvector[m[K<int> indices;
[0.949s]       |              [01;31m[K^~~~~~[m[K
[0.950s] [01m[K/home/evan/code/Complete_slam_system/lidar_slam_system/src/lidar_slam/src/data_process.cpp:1:1:[m[K [01;36m[Knote: [m[K‘[01m[Kstd::vector[m[K’ is defined in header ‘[01m[K<vector>[m[K’; did you forget to ‘[01m[K#include <vector>[m[K’?
[0.950s]   +++ |+[32m[K#include <vector>[m[K
[0.950s]     1 | namespace lidarslam{
[0.950s] [01m[K/home/evan/code/Complete_slam_system/lidar_slam_system/src/lidar_slam/src/data_process.cpp:106:21:[m[K [01;31m[Kerror: [m[Kexpected primary-expression before ‘[01m[Kint[m[K’
[0.950s]   106 |         std::vector<[01;31m[Kint[m[K> indices;
[0.950s]       |                     [01;31m[K^~~[m[K
[0.950s] [01m[K/home/evan/code/Complete_slam_system/lidar_slam_system/src/lidar_slam/src/data_process.cpp:107:9:[m[K [01;31m[Kerror: [m[K‘[01m[Kpcl[m[K’ has not been declared
[0.950s]   107 |         [01;31m[Kpcl[m[K::removeNaNFromPointCloud(*_cloud_in, *_cloud_in, indices);
[0.950s]       |         [01;31m[K^~~[m[K
[0.950s] [01m[K/home/evan/code/Complete_slam_system/lidar_slam_system/src/lidar_slam/src/data_process.cpp:107:62:[m[K [01;31m[Kerror: [m[K‘[01m[Kindices[m[K’ was not declared in this scope
[0.950s]   107 |         pcl::removeNaNFromPointCloud(*_cloud_in, *_cloud_in, [01;31m[Kindices[m[K);
[0.950s]       |                                                              [01;31m[K^~~~~~~[m[K
[0.950s] [01m[K/home/evan/code/Complete_slam_system/lidar_slam_system/src/lidar_slam/src/data_process.cpp:108:9:[m[K [01;31m[Kerror: [m[K‘[01m[KprojectPointCloud[m[K’ was not declared in this scope
[0.950s]   108 |         [01;31m[KprojectPointCloud[m[K();
[0.950s]       |         [01;31m[K^~~~~~~~~~~~~~~~~[m[K
[0.951s] [01m[K/home/evan/code/Complete_slam_system/lidar_slam_system/src/lidar_slam/src/data_process.cpp:109:9:[m[K [01;31m[Kerror: [m[K‘[01m[KgroundRemoval[m[K’ was not declared in this scope
[0.951s]   109 |         [01;31m[KgroundRemoval[m[K();
[0.951s]       |         [01;31m[K^~~~~~~~~~~~~[m[K
[0.951s] [01m[K/home/evan/code/Complete_slam_system/lidar_slam_system/src/lidar_slam/src/data_process.cpp:110:9:[m[K [01;31m[Kerror: [m[K‘[01m[KcalculateSmoothness[m[K’ was not declared in this scope
[0.951s]   110 |         [01;31m[KcalculateSmoothness[m[K();
[0.951s]       |         [01;31m[K^~~~~~~~~~~~~~~~~~~[m[K
[0.951s] [01m[K/home/evan/code/Complete_slam_system/lidar_slam_system/src/lidar_slam/src/data_process.cpp:111:9:[m[K [01;31m[Kerror: [m[K‘[01m[KmarkCornerPoints[m[K’ was not declared in this scope
[0.951s]   111 |         [01;31m[KmarkCornerPoints[m[K();
[0.951s]       |         [01;31m[K^~~~~~~~~~~~~~~~[m[K
[0.951s] [01m[K/home/evan/code/Complete_slam_system/lidar_slam_system/src/lidar_slam/src/data_process.cpp:112:9:[m[K [01;31m[Kerror: [m[K‘[01m[KcornerCloudSegmentation[m[K’ was not declared in this scope
[0.951s]   112 |         [01;31m[KcornerCloudSegmentation[m[K();
[0.951s]       |         [01;31m[K^~~~~~~~~~~~~~~~~~~~~~~[m[K
[0.951s] [01m[K/home/evan/code/Complete_slam_system/lidar_slam_system/src/lidar_slam/src/data_process.cpp:113:9:[m[K [01;31m[Kerror: [m[K‘[01m[KpublishCloud[m[K’ was not declared in this scope
[0.951s]   113 |         [01;31m[KpublishCloud[m[K();
[0.952s]       |         [01;31m[K^~~~~~~~~~~~[m[K
[0.952s] [01m[K/home/evan/code/Complete_slam_system/lidar_slam_system/src/lidar_slam/src/data_process.cpp:[m[K At global scope:
[0.952s] [01m[K/home/evan/code/Complete_slam_system/lidar_slam_system/src/lidar_slam/src/data_process.cpp:118:6:[m[K [01;31m[Kerror: [m[K‘[01m[KDataProcess[m[K’ has not been declared
[0.952s]   118 | void [01;31m[KDataProcess[m[K::resetParameters(){
[0.952s]       |      [01;31m[K^~~~~~~~~~~[m[K
[0.952s] [01m[K/home/evan/code/Complete_slam_system/lidar_slam_system/src/lidar_slam/src/data_process.cpp:[m[K In function ‘[01m[Kvoid lidarslam::resetParameters()[m[K’:
[0.952s] [01m[K/home/evan/code/Complete_slam_system/lidar_slam_system/src/lidar_slam/src/data_process.cpp:119:5:[m[K [01;31m[Kerror: [m[K‘[01m[K_cloud_in[m[K’ was not declared in this scope
[0.952s]   119 |     [01;31m[K_cloud_in[m[K -> clear();
[0.952s]       |     [01;31m[K^~~~~~~~~[m[K
[0.952s] [01m[K/home/evan/code/Complete_slam_system/lidar_slam_system/src/lidar_slam/src/data_process.cpp:120:5:[m[K [01;31m[Kerror: [m[K‘[01m[K_corner_sharp[m[K’ was not declared in this scope
[0.952s]   120 |     [01;31m[K_corner_sharp[m[K -> clear();
[0.952s]       |     [01;31m[K^~~~~~~~~~~~~[m[K
[0.953s] [01m[K/home/evan/code/Complete_slam_system/lidar_slam_system/src/lidar_slam/src/data_process.cpp:121:5:[m[K [01;31m[Kerror: [m[K‘[01m[K_corner_less_sharp[m[K’ was not declared in this scope
[0.953s]   121 |     [01;31m[K_corner_less_sharp[m[K -> clear();
[0.953s]       |     [01;31m[K^~~~~~~~~~~~~~~~~~[m[K
[0.954s] [01m[K/home/evan/code/Complete_slam_system/lidar_slam_system/src/lidar_slam/src/data_process.cpp:122:5:[m[K [01;31m[Kerror: [m[K‘[01m[K_surf_flat[m[K’ was not declared in this scope
[0.955s]   122 |     [01;31m[K_surf_flat[m[K -> clear();
[0.955s]       |     [01;31m[K^~~~~~~~~~[m[K
[0.956s] [01m[K/home/evan/code/Complete_slam_system/lidar_slam_system/src/lidar_slam/src/data_process.cpp:123:5:[m[K [01;31m[Kerror: [m[K‘[01m[K_surf_less_flat[m[K’ was not declared in this scope
[0.957s]   123 |     [01;31m[K_surf_less_flat[m[K -> clear();
[0.957s]       |     [01;31m[K^~~~~~~~~~~~~~~[m[K
[0.958s] [01m[K/home/evan/code/Complete_slam_system/lidar_slam_system/src/lidar_slam/src/data_process.cpp:124:5:[m[K [01;31m[Kerror: [m[K‘[01m[K_segment_cloud[m[K’ was not declared in this scope
[0.958s]   124 |     [01;31m[K_segment_cloud[m[K -> clear();
[0.958s]       |     [01;31m[K^~~~~~~~~~~~~~[m[K
[0.961s] [01m[K/home/evan/code/Complete_slam_system/lidar_slam_system/src/lidar_slam/src/data_process.cpp:125:5:[m[K [01;31m[Kerror: [m[K‘[01m[K_ground_cloud[m[K’ was not declared in this scope
[0.961s]   125 |     [01;31m[K_ground_cloud[m[K -> clear();
[0.961s]       |     [01;31m[K^~~~~~~~~~~~~[m[K
[0.962s] [01m[K/home/evan/code/Complete_slam_system/lidar_slam_system/src/lidar_slam/src/data_process.cpp:126:5:[m[K [01;31m[Kerror: [m[K‘[01m[K_full_cloud[m[K’ was not declared in this scope
[0.962s]   126 |     [01;31m[K_full_cloud[m[K -> clear();
[0.962s]       |     [01;31m[K^~~~~~~~~~~[m[K
[0.962s] [01m[K/home/evan/code/Complete_slam_system/lidar_slam_system/src/lidar_slam/src/data_process.cpp:128:11:[m[K [01;31m[Kerror: [m[K‘[01m[Ksize_t[m[K’ does not name a type
[0.962s]   128 |     const [01;31m[Ksize_t[m[K cloud_size = _vertical_scans * _horizontal_scans;
[0.962s]       |           [01;31m[K^~~~~~[m[K
[0.962s] [01m[K/home/evan/code/Complete_slam_system/lidar_slam_system/src/lidar_slam/src/data_process.cpp:1:1:[m[K [01;36m[Knote: [m[K‘[01m[Ksize_t[m[K’ is defined in header ‘[01m[K<cstddef>[m[K’; did you forget to ‘[01m[K#include <cstddef>[m[K’?
[0.962s]   +++ |+[32m[K#include <cstddef>[m[K
[0.962s]     1 | namespace lidarslam{
[0.962s] [01m[K/home/evan/code/Complete_slam_system/lidar_slam_system/src/lidar_slam/src/data_process.cpp:129:5:[m[K [01;31m[Kerror: [m[K‘[01m[KPointType[m[K’ was not declared in this scope
[0.962s]   129 |     [01;31m[KPointType[m[K nanPoint;
[0.962s]       |     [01;31m[K^~~~~~~~~[m[K
[0.963s] [01m[K/home/evan/code/Complete_slam_system/lidar_slam_system/src/lidar_slam/src/data_process.cpp:130:5:[m[K [01;31m[Kerror: [m[K‘[01m[KnanPoint[m[K’ was not declared in this scope
[0.963s]   130 |     [01;31m[KnanPoint[m[K.x = std::numeric_limits<float>::quiet_NaN();
[0.963s]       |     [01;31m[K^~~~~~~~[m[K
[0.963s] [01m[K/home/evan/code/Complete_slam_system/lidar_slam_system/src/lidar_slam/src/data_process.cpp:130:23:[m[K [01;31m[Kerror: [m[K‘[01m[Knumeric_limits[m[K’ is not a member of ‘[01m[Kstd[m[K’
[0.963s]   130 |     nanPoint.x = std::[01;31m[Knumeric_limits[m[K<float>::quiet_NaN();
[0.963s]       |                       [01;31m[K^~~~~~~~~~~~~~[m[K
[0.963s] [01m[K/home/evan/code/Complete_slam_system/lidar_slam_system/src/lidar_slam/src/data_process.cpp:130:38:[m[K [01;31m[Kerror: [m[Kexpected primary-expression before ‘[01m[Kfloat[m[K’
[0.963s]   130 |     nanPoint.x = std::numeric_limits<[01;31m[Kfloat[m[K>::quiet_NaN();
[0.963s]       |                                      [01;31m[K^~~~~[m[K
[0.964s] [01m[K/home/evan/code/Complete_slam_system/lidar_slam_system/src/lidar_slam/src/data_process.cpp:131:23:[m[K [01;31m[Kerror: [m[K‘[01m[Knumeric_limits[m[K’ is not a member of ‘[01m[Kstd[m[K’
[0.964s]   131 |     nanPoint.y = std::[01;31m[Knumeric_limits[m[K<float>::quiet_NaN();
[0.964s]       |                       [01;31m[K^~~~~~~~~~~~~~[m[K
[0.964s] [01m[K/home/evan/code/Complete_slam_system/lidar_slam_system/src/lidar_slam/src/data_process.cpp:131:38:[m[K [01;31m[Kerror: [m[Kexpected primary-expression before ‘[01m[Kfloat[m[K’
[0.964s]   131 |     nanPoint.y = std::numeric_limits<[01;31m[Kfloat[m[K>::quiet_NaN();
[0.964s]       |                                      [01;31m[K^~~~~[m[K
[0.964s] [01m[K/home/evan/code/Complete_slam_system/lidar_slam_system/src/lidar_slam/src/data_process.cpp:132:23:[m[K [01;31m[Kerror: [m[K‘[01m[Knumeric_limits[m[K’ is not a member of ‘[01m[Kstd[m[K’
[0.964s]   132 |     nanPoint.z = std::[01;31m[Knumeric_limits[m[K<float>::quiet_NaN();
[0.965s]       |                       [01;31m[K^~~~~~~~~~~~~~[m[K
[0.965s] [01m[K/home/evan/code/Complete_slam_system/lidar_slam_system/src/lidar_slam/src/data_process.cpp:132:38:[m[K [01;31m[Kerror: [m[Kexpected primary-expression before ‘[01m[Kfloat[m[K’
[0.965s]   132 |     nanPoint.z = std::numeric_limits<[01;31m[Kfloat[m[K>::quiet_NaN();
[0.965s]       |                                      [01;31m[K^~~~~[m[K
[0.965s] [01m[K/home/evan/code/Complete_slam_system/lidar_slam_system/src/lidar_slam/src/data_process.cpp:133:10:[m[K [01;31m[Kerror: [m[K‘[01m[Kfill[m[K’ is not a member of ‘[01m[Kstd[m[K’
[0.965s]   133 |     std::[01;31m[Kfill[m[K(_full_cloud->points.begin(), _full_cloud->points.end(), nanPoint);
[0.965s]       |          [01;31m[K^~~~[m[K
[0.965s] [01m[K/home/evan/code/Complete_slam_system/lidar_slam_system/src/lidar_slam/src/data_process.cpp:135:5:[m[K [01;31m[Kerror: [m[K‘[01m[K_range_mat[m[K’ was not declared in this scope
[0.965s]   135 |     [01;31m[K_range_mat[m[K.resize(_vertical_scans, _horizontal_scans);
[0.965s]       |     [01;31m[K^~~~~~~~~~[m[K
[0.966s] [01m[K/home/evan/code/Complete_slam_system/lidar_slam_system/src/lidar_slam/src/data_process.cpp:135:23:[m[K [01;31m[Kerror: [m[K‘[01m[K_vertical_scans[m[K’ was not declared in this scope
[0.966s]   135 |     _range_mat.resize([01;31m[K_vertical_scans[m[K, _horizontal_scans);
[0.966s]       |                       [01;31m[K^~~~~~~~~~~~~~~[m[K
[0.968s] [01m[K/home/evan/code/Complete_slam_system/lidar_slam_system/src/lidar_slam/src/data_process.cpp:135:40:[m[K [01;31m[Kerror: [m[K‘[01m[K_horizontal_scans[m[K’ was not declared in this scope
[0.968s]   135 |     _range_mat.resize(_vertical_scans, [01;31m[K_horizontal_scans[m[K);
[0.968s]       |                                        [01;31m[K^~~~~~~~~~~~~~~~~[m[K
[0.969s] [01m[K/home/evan/code/Complete_slam_system/lidar_slam_system/src/lidar_slam/src/data_process.cpp:136:5:[m[K [01;31m[Kerror: [m[K‘[01m[K_ground_mat[m[K’ was not declared in this scope
[0.970s]   136 |     [01;31m[K_ground_mat[m[K.resize(_vertical_scans, _horizontal_scans);
[0.970s]       |     [01;31m[K^~~~~~~~~~~[m[K
[0.971s] [01m[K/home/evan/code/Complete_slam_system/lidar_slam_system/src/lidar_slam/src/data_process.cpp:137:5:[m[K [01;31m[Kerror: [m[K‘[01m[K_label_mat[m[K’ was not declared in this scope
[0.971s]   137 |     [01;31m[K_label_mat[m[K.resize(_vertical_scans, _horizontal_scans);
[0.971s]       |     [01;31m[K^~~~~~~~~~[m[K
[0.972s] [01m[K/home/evan/code/Complete_slam_system/lidar_slam_system/src/lidar_slam/src/data_process.cpp:138:5:[m[K [01;31m[Kerror: [m[K‘[01m[K_corner_label[m[K’ was not declared in this scope
[0.973s]   138 |     [01;31m[K_corner_label[m[K.resize(_vertical_scans, _horizontal_scans);
[0.973s]       |     [01;31m[K^~~~~~~~~~~~~[m[K
[0.973s] [01m[K/home/evan/code/Complete_slam_system/lidar_slam_system/src/lidar_slam/src/data_process.cpp:140:21:[m[K [01;31m[Kerror: [m[K‘[01m[KFLT_MAX[m[K’ was not declared in this scope
[0.973s]   140 |     _range_mat.fill([01;31m[KFLT_MAX[m[K);
[0.973s]       |                     [01;31m[K^~~~~~~[m[K
[0.973s] [01m[K/home/evan/code/Complete_slam_system/lidar_slam_system/src/lidar_slam/src/data_process.cpp:1:1:[m[K [01;36m[Knote: [m[K‘[01m[KFLT_MAX[m[K’ is defined in header ‘[01m[K<cfloat>[m[K’; did you forget to ‘[01m[K#include <cfloat>[m[K’?
[0.973s]   +++ |+[32m[K#include <cfloat>[m[K
[0.973s]     1 | namespace lidarslam{
[0.973s] [01m[K/home/evan/code/Complete_slam_system/lidar_slam_system/src/lidar_slam/src/data_process.cpp:145:5:[m[K [01;31m[Kerror: [m[K‘[01m[KcloudCurvature[m[K’ was not declared in this scope
[0.973s]   145 |     [01;31m[KcloudCurvature[m[K.clear();
[0.973s]       |     [01;31m[K^~~~~~~~~~~~~~[m[K
[0.975s] [01m[K/home/evan/code/Complete_slam_system/lidar_slam_system/src/lidar_slam/src/data_process.cpp:146:28:[m[K [01;31m[Kerror: [m[K‘[01m[Kcloud_size[m[K’ was not declared in this scope
[0.975s]   146 |     cloudCurvature.reserve([01;31m[Kcloud_size[m[K);
[0.975s]       |                            [01;31m[K^~~~~~~~~~[m[K
[0.975s] [01m[K/home/evan/code/Complete_slam_system/lidar_slam_system/src/lidar_slam/src/data_process.cpp:147:5:[m[K [01;31m[Kerror: [m[K‘[01m[Kstr_index[m[K’ was not declared in this scope
[0.975s]   147 |     [01;31m[Kstr_index[m[K.resize(_vertical_scans, 0);
[0.975s]       |     [01;31m[K^~~~~~~~~[m[K
[0.976s] [01m[K/home/evan/code/Complete_slam_system/lidar_slam_system/src/lidar_slam/src/data_process.cpp:148:5:[m[K [01;31m[Kerror: [m[K‘[01m[Kend_index[m[K’ was not declared in this scope
[0.976s]   148 |     [01;31m[Kend_index[m[K.resize(_vertical_scans, 0);
[0.976s]       |     [01;31m[K^~~~~~~~~[m[K
[0.976s] [01m[K/home/evan/code/Complete_slam_system/lidar_slam_system/src/lidar_slam/src/data_process.cpp:[m[K At global scope:
[0.976s] [01m[K/home/evan/code/Complete_slam_system/lidar_slam_system/src/lidar_slam/src/data_process.cpp:151:6:[m[K [01;31m[Kerror: [m[K‘[01m[KDataProcess[m[K’ has not been declared
[0.976s]   151 | void [01;31m[KDataProcess[m[K::projectPointCloud(){
[0.976s]       |      [01;31m[K^~~~~~~~~~~[m[K
[0.976s] [01m[K/home/evan/code/Complete_slam_system/lidar_slam_system/src/lidar_slam/src/data_process.cpp:[m[K In function ‘[01m[Kvoid lidarslam::projectPointCloud()[m[K’:
[0.976s] [01m[K/home/evan/code/Complete_slam_system/lidar_slam_system/src/lidar_slam/src/data_process.cpp:152:11:[m[K [01;31m[Kerror: [m[K‘[01m[Ksize_t[m[K’ does not name a type
[0.976s]   152 |     const [01;31m[Ksize_t[m[K cloudSize = _cloud_in -> size();
[0.976s]       |           [01;31m[K^~~~~~[m[K
[0.977s] [01m[K/home/evan/code/Complete_slam_system/lidar_slam_system/src/lidar_slam/src/data_process.cpp:152:11:[m[K [01;36m[Knote: [m[K‘[01m[Ksize_t[m[K’ is defined in header ‘[01m[K<cstddef>[m[K’; did you forget to ‘[01m[K#include <cstddef>[m[K’?
[0.977s] [01m[K/home/evan/code/Complete_slam_system/lidar_slam_system/src/lidar_slam/src/data_process.cpp:154:10:[m[K [01;31m[Kerror: [m[K‘[01m[Ksize_t[m[K’ was not declared in this scope
[0.977s]   154 |     for ([01;31m[Ksize_t[m[K i = 0; i < cloudSize; ++i) {
[0.977s]       |          [01;31m[K^~~~~~[m[K
[0.977s] [01m[K/home/evan/code/Complete_slam_system/lidar_slam_system/src/lidar_slam/src/data_process.cpp:154:10:[m[K [01;36m[Knote: [m[K‘[01m[Ksize_t[m[K’ is defined in header ‘[01m[K<cstddef>[m[K’; did you forget to ‘[01m[K#include <cstddef>[m[K’?
[0.977s] [01m[K/home/evan/code/Complete_slam_system/lidar_slam_system/src/lidar_slam/src/data_process.cpp:154:24:[m[K [01;31m[Kerror: [m[K‘[01m[Ki[m[K’ was not declared in this scope
[0.977s]   154 |     for (size_t i = 0; [01;31m[Ki[m[K < cloudSize; ++i) {
[0.977s]       |                        [01;31m[K^[m[K
[0.977s] [01m[K/home/evan/code/Complete_slam_system/lidar_slam_system/src/lidar_slam/src/data_process.cpp:154:28:[m[K [01;31m[Kerror: [m[K‘[01m[KcloudSize[m[K’ was not declared in this scope
[0.977s]   154 |     for (size_t i = 0; i < [01;31m[KcloudSize[m[K; ++i) {
[0.977s]       |                            [01;31m[K^~~~~~~~~[m[K
[0.977s] [01m[K/home/evan/code/Complete_slam_system/lidar_slam_system/src/lidar_slam/src/data_process.cpp:155:9:[m[K [01;31m[Kerror: [m[K‘[01m[KPointType[m[K’ was not declared in this scope
[0.977s]   155 |         [01;31m[KPointType[m[K thisPoint = _cloud_in -> points[i];
[0.978s]       |         [01;31m[K^~~~~~~~~[m[K
[0.978s] [01m[K/home/evan/code/Complete_slam_system/lidar_slam_system/src/lidar_slam/src/data_process.cpp:157:28:[m[K [01;31m[Kerror: [m[K‘[01m[KthisPoint[m[K’ was not declared in this scope
[0.978s]   157 |         float range = sqrt([01;31m[KthisPoint[m[K.x * thisPoint.x +
[0.978s]       |                            [01;31m[K^~~~~~~~~[m[K
[0.978s] [01m[K/home/evan/code/Complete_slam_system/lidar_slam_system/src/lidar_slam/src/data_process.cpp:157:23:[m[K [01;31m[Kerror: [m[K‘[01m[Ksqrt[m[K’ was not declared in this scope
[0.978s]   157 |         float range = [01;31m[Ksqrt[m[K(thisPoint.x * thisPoint.x +
[0.978s]       |                       [01;31m[K^~~~[m[K
[0.978s] [01m[K/home/evan/code/Complete_slam_system/lidar_slam_system/src/lidar_slam/src/data_process.cpp:161:36:[m[K [01;31m[Kerror: [m[K‘[01m[Kasin[m[K’ is not a member of ‘[01m[Kstd[m[K’
[0.978s]   161 |         float verticalAngle = std::[01;31m[Kasin[m[K(thisPoint.z / range);
[0.978s]       |                                    [01;31m[K^~~~[m[K
[0.978s] [01m[K/home/evan/code/Complete_slam_system/lidar_slam_system/src/lidar_slam/src/data_process.cpp:163:39:[m[K [01;31m[Kerror: [m[K‘[01m[K_ang_bottom[m[K’ was not declared in this scope
[0.978s]   163 |         int rowIdn = (verticalAngle + [01;31m[K_ang_bottom[m[K) / _ang_resolution_Y;
[0.978s]       |                                       [01;31m[K^~~~~~~~~~~[m[K
[0.980s] [01m[K/home/evan/code/Complete_slam_system/lidar_slam_system/src/lidar_slam/src/data_process.cpp:163:54:[m[K [01;31m[Kerror: [m[K‘[01m[K_ang_resolution_Y[m[K’ was not declared in this scope
[0.980s]   163 |         int rowIdn = (verticalAngle + _ang_bottom) / [01;31m[K_ang_resolution_Y[m[K;
[0.980s]       |                                                      [01;31m[K^~~~~~~~~~~~~~~~~[m[K
[0.982s] [01m[K/home/evan/code/Complete_slam_system/lidar_slam_system/src/lidar_slam/src/data_process.cpp:164:37:[m[K [01;31m[Kerror: [m[K‘[01m[K_vertical_scans[m[K’ was not declared in this scope
[0.982s]   164 |         if (rowIdn < 0 || rowIdn >= [01;31m[K_vertical_scans[m[K) {
[0.982s]       |                                     [01;31m[K^~~~~~~~~~~~~~~[m[K
[0.982s] [01m[K/home/evan/code/Complete_slam_system/lidar_slam_system/src/lidar_slam/src/data_process.cpp:168:35:[m[K [01;31m[Kerror: [m[K‘[01m[Katan2[m[K’ is not a member of ‘[01m[Kstd[m[K’
[0.982s]   168 |         float horizonAngle = std::[01;31m[Katan2[m[K(thisPoint.x, thisPoint.y);
[0.982s]       |                                   [01;31m[K^~~~~[m[K
[0.983s] [01m[K/home/evan/code/Complete_slam_system/lidar_slam_system/src/lidar_slam/src/data_process.cpp:170:48:[m[K [01;31m[Kerror: [m[K‘[01m[KM_PI_2[m[K’ was not declared in this scope
[0.983s]   170 |         int columnIdn = -round((horizonAngle - [01;31m[KM_PI_2[m[K) / _ang_resolution_X) + _horizontal_scans * 0.5;
[0.983s]       |                                                [01;31m[K^~~~~~[m[K
[0.985s] [01m[K/home/evan/code/Complete_slam_system/lidar_slam_system/src/lidar_slam/src/data_process.cpp:170:58:[m[K [01;31m[Kerror: [m[K‘[01m[K_ang_resolution_X[m[K’ was not declared in this scope
[0.985s]   170 |         int columnIdn = -round((horizonAngle - M_PI_2) / [01;31m[K_ang_resolution_X[m[K) + _horizontal_scans * 0.5;
[0.986s]       |                                                          [01;31m[K^~~~~~~~~~~~~~~~~[m[K
[0.986s] [01m[K/home/evan/code/Complete_slam_system/lidar_slam_system/src/lidar_slam/src/data_process.cpp:170:26:[m[K [01;31m[Kerror: [m[K‘[01m[Kround[m[K’ was not declared in this scope; did you mean ‘[01m[Krun[m[K’?
[0.986s]   170 |         int columnIdn = -[01;31m[Kround[m[K((horizonAngle - M_PI_2) / _ang_resolution_X) + _horizontal_scans * 0.5;
[0.986s]       |                          [01;31m[K^~~~~[m[K
[0.986s]       |                          [32m[Krun[m[K
[0.987s] [01m[K/home/evan/code/Complete_slam_system/lidar_slam_system/src/lidar_slam/src/data_process.cpp:170:79:[m[K [01;31m[Kerror: [m[K‘[01m[K_horizontal_scans[m[K’ was not declared in this scope
[0.987s]   170 |         int columnIdn = -round((horizonAngle - M_PI_2) / _ang_resolution_X) + [01;31m[K_horizontal_scans[m[K * 0.5;
[0.987s]       |                                                                               [01;31m[K^~~~~~~~~~~~~~~~~[m[K
[0.988s] [01m[K/home/evan/code/Complete_slam_system/lidar_slam_system/src/lidar_slam/src/data_process.cpp:184:9:[m[K [01;31m[Kerror: [m[K‘[01m[K_range_mat[m[K’ was not declared in this scope
[0.988s]   184 |         [01;31m[K_range_mat[m[K(rowIdn, columnIdn) = range;
[0.988s]       |         [01;31m[K^~~~~~~~~~[m[K
[0.988s] [01m[K/home/evan/code/Complete_slam_system/lidar_slam_system/src/lidar_slam/src/data_process.cpp:188:15:[m[K [01;31m[Kerror: [m[Kexpected ‘[01m[K;[m[K’ before ‘[01m[Kindex[m[K’
[0.989s]   188 |         size_t[01;31m[K [m[K[32m[Kindex[m[K = columnIdn + rowIdn * _horizontal_scans;
[0.989s]       |               [01;31m[K^[m[K[32m[K~~~~~[m[K
[0.989s]       |               [32m[K;[m[K
[0.990s] [01m[K/home/evan/code/Complete_slam_system/lidar_slam_system/src/lidar_slam/src/data_process.cpp:190:9:[m[K [01;31m[Kerror: [m[K‘[01m[K_full_cloud[m[K’ was not declared in this scope
[0.990s]   190 |         [01;31m[K_full_cloud[m[K -> points[index] = thisPoint;
[0.990s]       |         [01;31m[K^~~~~~~~~~~[m[K
[0.990s] [01m[K/home/evan/code/Complete_slam_system/lidar_slam_system/src/lidar_slam/src/data_process.cpp:190:31:[m[K [01;31m[Kerror: [m[K‘[01m[Kindex[m[K’ was not declared in this scope
[0.990s]   190 |         _full_cloud -> points[[01;31m[Kindex[m[K] = thisPoint;
[0.990s]       |                               [01;31m[K^~~~~[m[K
[0.990s] [01m[K/home/evan/code/Complete_slam_system/lidar_slam_system/src/lidar_slam/src/data_process.cpp:[m[K At global scope:
[0.990s] [01m[K/home/evan/code/Complete_slam_system/lidar_slam_system/src/lidar_slam/src/data_process.cpp:194:6:[m[K [01;31m[Kerror: [m[K‘[01m[KDataProcess[m[K’ has not been declared
[0.991s]   194 | void [01;31m[KDataProcess[m[K::groundRemoval(){
[0.991s]       |      [01;31m[K^~~~~~~~~~~[m[K
[0.992s] [01m[K/home/evan/code/Complete_slam_system/lidar_slam_system/src/lidar_slam/src/data_process.cpp:[m[K In function ‘[01m[Kvoid lidarslam::groundRemoval()[m[K’:
[0.992s] [01m[K/home/evan/code/Complete_slam_system/lidar_slam_system/src/lidar_slam/src/data_process.cpp:195:25:[m[K [01;31m[Kerror: [m[K‘[01m[K_horizontal_scans[m[K’ was not declared in this scope
[0.992s]   195 |     for (int j = 0; j < [01;31m[K_horizontal_scans[m[K; ++j) {
[0.993s]       |                         [01;31m[K^~~~~~~~~~~~~~~~~[m[K
[0.994s] [01m[K/home/evan/code/Complete_slam_system/lidar_slam_system/src/lidar_slam/src/data_process.cpp:196:29:[m[K [01;31m[Kerror: [m[K‘[01m[K_ground_scan_index[m[K’ was not declared in this scope
[0.994s]   196 |         for (int i = 0; i < [01;31m[K_ground_scan_index[m[K; ++i) {
[0.995s]       |                             [01;31m[K^~~~~~~~~~~~~~~~~~[m[K
[0.996s] [01m[K/home/evan/code/Complete_slam_system/lidar_slam_system/src/lidar_slam/src/data_process.cpp:200:17:[m[K [01;31m[Kerror: [m[K‘[01m[K_full_cloud[m[K’ was not declared in this scope
[0.996s]   200 |             if ([01;31m[K_full_cloud[m[K->points[lowerInd].intensity == -1 ||
[0.996s]       |                 [01;31m[K^~~~~~~~~~~[m[K
[0.999s] [01m[K/home/evan/code/Complete_slam_system/lidar_slam_system/src/lidar_slam/src/data_process.cpp:202:17:[m[K [01;31m[Kerror: [m[K‘[01m[K_ground_mat[m[K’ was not declared in this scope
[0.999s]   202 |                 [01;31m[K_ground_mat[m[K(i, j) = -1;
[0.999s]       |                 [01;31m[K^~~~~~~~~~~[m[K
[0.999s] [01m[K/home/evan/code/Complete_slam_system/lidar_slam_system/src/lidar_slam/src/data_process.cpp:207:17:[m[K [01;31m[Kerror: [m[K‘[01m[K_full_cloud[m[K’ was not declared in this scope
[0.999s]   207 |                 [01;31m[K_full_cloud[m[K->points[upperInd].x - _full_cloud->points[lowerInd].x;
[1.000s]       |                 [01;31m[K^~~~~~~~~~~[m[K
[1.000s] [01m[K/home/evan/code/Complete_slam_system/lidar_slam_system/src/lidar_slam/src/data_process.cpp:213:41:[m[K [01;31m[Kerror: [m[K‘[01m[Katan2[m[K’ is not a member of ‘[01m[Kstd[m[K’
[1.000s]   213 |             float vertical_angle = std::[01;31m[Katan2[m[K(dZ , sqrt(dX * dX + dY * dY + dZ * dZ));
[1.000s]       |                                         [01;31m[K^~~~~[m[K
[1.000s] [01m[K/home/evan/code/Complete_slam_system/lidar_slam_system/src/lidar_slam/src/data_process.cpp:213:52:[m[K [01;31m[Kerror: [m[K‘[01m[Ksqrt[m[K’ was not declared in this scope
[1.000s]   213 |             float vertical_angle = std::atan2(dZ , [01;31m[Ksqrt[m[K(dX * dX + dY * dY + dZ * dZ));
[1.000s]       |                                                    [01;31m[K^~~~[m[K
[1.003s] [01m[K/home/evan/code/Complete_slam_system/lidar_slam_system/src/lidar_slam/src/data_process.cpp:215:36:[m[K [01;31m[Kerror: [m[K‘[01m[K_sensor_mount_angle[m[K’ was not declared in this scope
[1.003s]   215 |             if ( (vertical_angle - [01;31m[K_sensor_mount_angle[m[K) <= M_PI / 18.0) {
[1.003s]       |                                    [01;31m[K^~~~~~~~~~~~~~~~~~~[m[K
[1.004s] [01m[K/home/evan/code/Complete_slam_system/lidar_slam_system/src/lidar_slam/src/data_process.cpp:215:60:[m[K [01;31m[Kerror: [m[K‘[01m[KM_PI[m[K’ was not declared in this scope
[1.004s]   215 |             if ( (vertical_angle - _sensor_mount_angle) <= [01;31m[KM_PI[m[K / 18.0) {
[1.004s]       |                                                            [01;31m[K^~~~[m[K
[1.005s] [01m[K/home/evan/code/Complete_slam_system/lidar_slam_system/src/lidar_slam/src/data_process.cpp:216:17:[m[K [01;31m[Kerror: [m[K‘[01m[K_ground_mat[m[K’ was not declared in this scope
[1.005s]   216 |                 [01;31m[K_ground_mat[m[K(i, j) = 1;
[1.006s]       |                 [01;31m[K^~~~~~~~~~~[m[K
[1.008s] [01m[K/home/evan/code/Complete_slam_system/lidar_slam_system/src/lidar_slam/src/data_process.cpp:223:25:[m[K [01;31m[Kerror: [m[K‘[01m[K_vertical_scans[m[K’ was not declared in this scope
[1.008s]   223 |     for (int i = 0; i < [01;31m[K_vertical_scans[m[K; ++i) {
[1.009s]       |                         [01;31m[K^~~~~~~~~~~~~~~[m[K
[1.011s] [01m[K/home/evan/code/Complete_slam_system/lidar_slam_system/src/lidar_slam/src/data_process.cpp:224:29:[m[K [01;31m[Kerror: [m[K‘[01m[K_horizontal_scans[m[K’ was not declared in this scope
[1.011s]   224 |         for (int j = 0; j < [01;31m[K_horizontal_scans[m[K; ++j) {
[1.011s]       |                             [01;31m[K^~~~~~~~~~~~~~~~~[m[K
[1.012s] [01m[K/home/evan/code/Complete_slam_system/lidar_slam_system/src/lidar_slam/src/data_process.cpp:225:17:[m[K [01;31m[Kerror: [m[K‘[01m[K_ground_mat[m[K’ was not declared in this scope
[1.012s]   225 |             if ([01;31m[K_ground_mat[m[K(i, j) == 1 ||
[1.012s]       |                 [01;31m[K^~~~~~~~~~~[m[K
[1.013s] [01m[K/home/evan/code/Complete_slam_system/lidar_slam_system/src/lidar_slam/src/data_process.cpp:226:17:[m[K [01;31m[Kerror: [m[K‘[01m[K_range_mat[m[K’ was not declared in this scope
[1.013s]   226 |                 [01;31m[K_range_mat[m[K(i, j) == FLT_MAX) {
[1.014s]       |                 [01;31m[K^~~~~~~~~~[m[K
[1.014s] [01m[K/home/evan/code/Complete_slam_system/lidar_slam_system/src/lidar_slam/src/data_process.cpp:226:37:[m[K [01;31m[Kerror: [m[K‘[01m[KFLT_MAX[m[K’ was not declared in this scope
[1.014s]   226 |                 _range_mat(i, j) == [01;31m[KFLT_MAX[m[K) {
[1.014s]       |                                     [01;31m[K^~~~~~~[m[K
[1.014s] [01m[K/home/evan/code/Complete_slam_system/lidar_slam_system/src/lidar_slam/src/data_process.cpp:226:37:[m[K [01;36m[Knote: [m[K‘[01m[KFLT_MAX[m[K’ is defined in header ‘[01m[K<cfloat>[m[K’; did you forget to ‘[01m[K#include <cfloat>[m[K’?
[1.015s] [01m[K/home/evan/code/Complete_slam_system/lidar_slam_system/src/lidar_slam/src/data_process.cpp:227:17:[m[K [01;31m[Kerror: [m[K‘[01m[K_label_mat[m[K’ was not declared in this scope
[1.015s]   227 |                 [01;31m[K_label_mat[m[K(i, j) = -1;
[1.016s]       |                 [01;31m[K^~~~~~~~~~[m[K
[1.017s] [01m[K/home/evan/code/Complete_slam_system/lidar_slam_system/src/lidar_slam/src/data_process.cpp:[m[K At global scope:
[1.017s] [01m[K/home/evan/code/Complete_slam_system/lidar_slam_system/src/lidar_slam/src/data_process.cpp:233:6:[m[K [01;31m[Kerror: [m[K‘[01m[KDataProcess[m[K’ has not been declared
[1.017s]   233 | void [01;31m[KDataProcess[m[K::calculateSmoothness(){
[1.017s]       |      [01;31m[K^~~~~~~~~~~[m[K
[1.020s] [01m[K/home/evan/code/Complete_slam_system/lidar_slam_system/src/lidar_slam/src/data_process.cpp:[m[K In function ‘[01m[Kvoid lidarslam::calculateSmoothness()[m[K’:
[1.020s] [01m[K/home/evan/code/Complete_slam_system/lidar_slam_system/src/lidar_slam/src/data_process.cpp:234:24:[m[K [01;31m[Kerror: [m[K‘[01m[K_vertical_scans[m[K’ was not declared in this scope
[1.020s]   234 |     for(int i = 0; i < [01;31m[K_vertical_scans[m[K; ++i){
[1.020s]       |                        [01;31m[K^~~~~~~~~~~~~~~[m[K
[1.020s] [01m[K/home/evan/code/Complete_slam_system/lidar_slam_system/src/lidar_slam/src/data_process.cpp:235:14:[m[K [01;31m[Kerror: [m[K‘[01m[Kvector[m[K’ is not a member of ‘[01m[Kstd[m[K’
[1.020s]   235 |         std::[01;31m[Kvector[m[K<float> scan_range;
[1.020s]       |              [01;31m[K^~~~~~[m[K
[1.021s] [01m[K/home/evan/code/Complete_slam_system/lidar_slam_system/src/lidar_slam/src/data_process.cpp:235:14:[m[K [01;36m[Knote: [m[K‘[01m[Kstd::vector[m[K’ is defined in header ‘[01m[K<vector>[m[K’; did you forget to ‘[01m[K#include <vector>[m[K’?
[1.021s] [01m[K/home/evan/code/Complete_slam_system/lidar_slam_system/src/lidar_slam/src/data_process.cpp:235:21:[m[K [01;31m[Kerror: [m[Kexpected primary-expression before ‘[01m[Kfloat[m[K’
[1.021s]   235 |         std::vector<[01;31m[Kfloat[m[K> scan_range;
[1.021s]       |                     [01;31m[K^~~~~[m[K
[1.021s] [01m[K/home/evan/code/Complete_slam_system/lidar_slam_system/src/lidar_slam/src/data_process.cpp:236:14:[m[K [01;31m[Kerror: [m[K‘[01m[Kvector[m[K’ is not a member of ‘[01m[Kstd[m[K’
[1.021s]   236 |         std::[01;31m[Kvector[m[K<int> scan_index;
[1.021s]       |              [01;31m[K^~~~~~[m[K
[1.022s] [01m[K/home/evan/code/Complete_slam_system/lidar_slam_system/src/lidar_slam/src/data_process.cpp:236:14:[m[K [01;36m[Knote: [m[K‘[01m[Kstd::vector[m[K’ is defined in header ‘[01m[K<vector>[m[K’; did you forget to ‘[01m[K#include <vector>[m[K’?
[1.022s] [01m[K/home/evan/code/Complete_slam_system/lidar_slam_system/src/lidar_slam/src/data_process.cpp:236:21:[m[K [01;31m[Kerror: [m[Kexpected primary-expression before ‘[01m[Kint[m[K’
[1.022s]   236 |         std::vector<[01;31m[Kint[m[K> scan_index;
[1.022s]       |                     [01;31m[K^~~[m[K
[1.023s] [01m[K/home/evan/code/Complete_slam_system/lidar_slam_system/src/lidar_slam/src/data_process.cpp:237:9:[m[K [01;31m[Kerror: [m[K‘[01m[Kscan_range[m[K’ was not declared in this scope
[1.023s]   237 |         [01;31m[Kscan_range[m[K.reserve(_horizontal_scans);
[1.023s]       |         [01;31m[K^~~~~~~~~~[m[K
[1.025s] [01m[K/home/evan/code/Complete_slam_system/lidar_slam_system/src/lidar_slam/src/data_process.cpp:237:28:[m[K [01;31m[Kerror: [m[K‘[01m[K_horizontal_scans[m[K’ was not declared in this scope
[1.025s]   237 |         scan_range.reserve([01;31m[K_horizontal_scans[m[K);
[1.026s]       |                            [01;31m[K^~~~~~~~~~~~~~~~~[m[K
[1.026s] [01m[K/home/evan/code/Complete_slam_system/lidar_slam_system/src/lidar_slam/src/data_process.cpp:238:9:[m[K [01;31m[Kerror: [m[K‘[01m[Kscan_index[m[K’ was not declared in this scope
[1.027s]   238 |         [01;31m[Kscan_index[m[K.reserve(_horizontal_scans);
[1.027s]       |         [01;31m[K^~~~~~~~~~[m[K
[1.028s] [01m[K/home/evan/code/Complete_slam_system/lidar_slam_system/src/lidar_slam/src/data_process.cpp:241:16:[m[K [01;31m[Kerror: [m[K‘[01m[K_range_mat[m[K’ was not declared in this scope
[1.029s]   241 |             if([01;31m[K_range_mat[m[K(i, j) != FLT_MAX){
[1.029s]       |                [01;31m[K^~~~~~~~~~[m[K
[1.029s] [01m[K/home/evan/code/Complete_slam_system/lidar_slam_system/src/lidar_slam/src/data_process.cpp:241:36:[m[K [01;31m[Kerror: [m[K‘[01m[KFLT_MAX[m[K’ was not declared in this scope
[1.029s]   241 |             if(_range_mat(i, j) != [01;31m[KFLT_MAX[m[K){
[1.029s]       |                                    [01;31m[K^~~~~~~[m[K
[1.029s] [01m[K/home/evan/code/Complete_slam_system/lidar_slam_system/src/lidar_slam/src/data_process.cpp:241:36:[m[K [01;36m[Knote: [m[K‘[01m[KFLT_MAX[m[K’ is defined in header ‘[01m[K<cfloat>[m[K’; did you forget to ‘[01m[K#include <cfloat>[m[K’?
[1.030s] [01m[K/home/evan/code/Complete_slam_system/lidar_slam_system/src/lidar_slam/src/data_process.cpp:248:9:[m[K [01;31m[Kerror: [m[K‘[01m[Kstr_index[m[K’ was not declared in this scope
[1.030s]   248 |         [01;31m[Kstr_index[m[K[i] = cloudCurvature.size();
[1.031s]       |         [01;31m[K^~~~~~~~~[m[K
[1.031s] [01m[K/home/evan/code/Complete_slam_system/lidar_slam_system/src/lidar_slam/src/data_process.cpp:248:24:[m[K [01;31m[Kerror: [m[K‘[01m[KcloudCurvature[m[K’ was not declared in this scope
[1.032s]   248 |         str_index[i] = [01;31m[KcloudCurvature[m[K.size();
[1.032s]       |                        [01;31m[K^~~~~~~~~~~~~~[m[K
[1.032s] [01m[K/home/evan/code/Complete_slam_system/lidar_slam_system/src/lidar_slam/src/data_process.cpp:249:13:[m[K [01;31m[Kerror: [m[K‘[01m[Ksize_t[m[K’ was not declared in this scope
[1.032s]   249 |         for([01;31m[Ksize_t[m[K j = 5; j < scan_range.size() - 5; ++j){
[1.032s]       |             [01;31m[K^~~~~~[m[K
[1.032s] [01m[K/home/evan/code/Complete_slam_system/lidar_slam_system/src/lidar_slam/src/data_process.cpp:249:13:[m[K [01;36m[Knote: [m[K‘[01m[Ksize_t[m[K’ is defined in header ‘[01m[K<cstddef>[m[K’; did you forget to ‘[01m[K#include <cstddef>[m[K’?
[1.033s] [01m[K/home/evan/code/Complete_slam_system/lidar_slam_system/src/lidar_slam/src/data_process.cpp:249:27:[m[K [01;31m[Kerror: [m[K‘[01m[Kj[m[K’ was not declared in this scope
[1.033s]   249 |         for(size_t j = 5; [01;31m[Kj[m[K < scan_range.size() - 5; ++j){
[1.033s]       |                           [01;31m[K^[m[K
[1.034s] [01m[K/home/evan/code/Complete_slam_system/lidar_slam_system/src/lidar_slam/src/data_process.cpp:253:38:[m[K [01;31m[Kerror: [m[K‘[01m[Ksmoothness[m[K’ was not declared in this scope
[1.034s]   253 |             cloudCurvature.push_back([01;31m[Ksmoothness[m[K(curvature, scan_index[j]));
[1.034s]       |                                      [01;31m[K^~~~~~~~~~[m[K
[1.035s] [01m[K/home/evan/code/Complete_slam_system/lidar_slam_system/src/lidar_slam/src/data_process.cpp:255:9:[m[K [01;31m[Kerror: [m[K‘[01m[Kend_index[m[K’ was not declared in this scope
[1.035s]   255 |         [01;31m[Kend_index[m[K[i] = cloudCurvature.size() - 1;
[1.035s]       |         [01;31m[K^~~~~~~~~[m[K
[1.035s] [01m[K/home/evan/code/Complete_slam_system/lidar_slam_system/src/lidar_slam/src/data_process.cpp:[m[K At global scope:
[1.035s] [01m[K/home/evan/code/Complete_slam_system/lidar_slam_system/src/lidar_slam/src/data_process.cpp:259:6:[m[K [01;31m[Kerror: [m[K‘[01m[KDataProcess[m[K’ has not been declared
[1.035s]   259 | void [01;31m[KDataProcess[m[K::markCornerPoints(){
[1.036s]       |      [01;31m[K^~~~~~~~~~~[m[K
[1.143s] [01m[K/home/evan/code/Complete_slam_system/lidar_slam_system/src/lidar_slam/src/data_process.cpp:[m[K In function ‘[01m[Kvoid lidarslam::markCornerPoints()[m[K’:
[1.143s] [01m[K/home/evan/code/Complete_slam_system/lidar_slam_system/src/lidar_slam/src/data_process.cpp:260:25:[m[K [01;31m[Kerror: [m[K‘[01m[Ksmoothness[m[K’ does not name a type
[1.144s]   260 |     auto cmp = [](const [01;31m[Ksmoothness[m[K &l_val, const smoothness &r_val){
[1.144s]       |                         [01;31m[K^~~~~~~~~~[m[K
[1.144s] [01m[K/home/evan/code/Complete_slam_system/lidar_slam_system/src/lidar_slam/src/data_process.cpp:262:6:[m[K [01;31m[Kerror: [m[Kexpected ‘[01m[K)[m[K’ before ‘[01m[K;[m[K’ token
[1.144s]   262 |     }[01;31m[K;[m[K
[1.144s]       |      [01;31m[K^[m[K
[1.144s]       |      [32m[K)[m[K
[1.144s] [01m[K/home/evan/code/Complete_slam_system/lidar_slam_system/src/lidar_slam/src/data_process.cpp:260:18:[m[K [01;36m[Knote: [m[Kto match this ‘[01m[K([m[K’
[1.144s]   260 |     auto cmp = [][01;36m[K([m[Kconst smoothness &l_val, const smoothness &r_val){
[1.144s]       |                  [01;36m[K^[m[K
[1.144s] [01m[K/home/evan/code/Complete_slam_system/lidar_slam_system/src/lidar_slam/src/data_process.cpp:[m[K In lambda function:
[1.144s] [01m[K/home/evan/code/Complete_slam_system/lidar_slam_system/src/lidar_slam/src/data_process.cpp:262:6:[m[K [01;31m[Kerror: [m[Kexpected ‘[01m[K{[m[K’ before ‘[01m[K;[m[K’ token
[1.144s]   262 |     }[01;31m[K;[m[K
[1.144s]       |      [01;31m[K^[m[K
[1.145s] [01m[K/home/evan/code/Complete_slam_system/lidar_slam_system/src/lidar_slam/src/data_process.cpp:[m[K In function ‘[01m[Kvoid lidarslam::markCornerPoints()[m[K’:
[1.145s] [01m[K/home/evan/code/Complete_slam_system/lidar_slam_system/src/lidar_slam/src/data_process.cpp:264:24:[m[K [01;31m[Kerror: [m[K‘[01m[K_vertical_scans[m[K’ was not declared in this scope
[1.146s]   264 |     for(int i = 0; i < [01;31m[K_vertical_scans[m[K; ++i){
[1.146s]       |                        [01;31m[K^~~~~~~~~~~~~~~[m[K
[1.147s] [01m[K/home/evan/code/Complete_slam_system/lidar_slam_system/src/lidar_slam/src/data_process.cpp:265:12:[m[K [01;31m[Kerror: [m[K‘[01m[Kstr_index[m[K’ was not declared in this scope
[1.147s]   265 |         if([01;31m[Kstr_index[m[K[i] >= end_index[i]){
[1.147s]       |            [01;31m[K^~~~~~~~~[m[K
[1.147s] [01m[K/home/evan/code/Complete_slam_system/lidar_slam_system/src/lidar_slam/src/data_process.cpp:265:28:[m[K [01;31m[Kerror: [m[K‘[01m[Kend_index[m[K’ was not declared in this scope
[1.147s]   265 |         if(str_index[i] >= [01;31m[Kend_index[m[K[i]){
[1.147s]       |                            [01;31m[K^~~~~~~~~[m[K
[1.147s] [01m[K/home/evan/code/Complete_slam_system/lidar_slam_system/src/lidar_slam/src/data_process.cpp:269:22:[m[K [01;31m[Kerror: [m[K‘[01m[Kend_index[m[K’ was not declared in this scope
[1.148s]   269 |         int length = [01;31m[Kend_index[m[K[i] - str_index[i];
[1.148s]       |                      [01;31m[K^~~~~~~~~[m[K
[1.148s] [01m[K/home/evan/code/Complete_slam_system/lidar_slam_system/src/lidar_slam/src/data_process.cpp:269:37:[m[K [01;31m[Kerror: [m[K‘[01m[Kstr_index[m[K’ was not declared in this scope
[1.148s]   269 |         int length = end_index[i] - [01;31m[Kstr_index[m[K[i];
[1.148s]       |                                     [01;31m[K^~~~~~~~~[m[K
[1.148s] [01m[K/home/evan/code/Complete_slam_system/lidar_slam_system/src/lidar_slam/src/data_process.cpp:275:18:[m[K [01;31m[Kerror: [m[K‘[01m[KcloudCurvature[m[K’ was not declared in this scope
[1.148s]   275 |             sort([01;31m[KcloudCurvature[m[K.begin() + sp, cloudCurvature.begin() + ep, cmp);
[1.148s]       |                  [01;31m[K^~~~~~~~~~~~~~[m[K
[1.148s] [01m[K/home/evan/code/Complete_slam_system/lidar_slam_system/src/lidar_slam/src/data_process.cpp:275:13:[m[K [01;31m[Kerror: [m[K‘[01m[Ksort[m[K’ was not declared in this scope; did you mean ‘[01m[Kshort[m[K’?
[1.148s]   275 |             [01;31m[Ksort[m[K(cloudCurvature.begin() + sp, cloudCurvature.begin() + ep, cmp);
[1.148s]       |             [01;31m[K^~~~[m[K
[1.148s]       |             [32m[Kshort[m[K
[1.149s] [01m[K/home/evan/code/Complete_slam_system/lidar_slam_system/src/lidar_slam/src/data_process.cpp:280:57:[m[K [01;31m[Kerror: [m[K‘[01m[K_ground_mat[m[K’ was not declared in this scope
[1.150s]   280 |                 if(cloudCurvature[k].curvature > 0.1 && [01;31m[K_ground_mat[m[K(i, j) != 1){
[1.150s]       |                                                         [01;31m[K^~~~~~~~~~~[m[K
[1.151s] [01m[K/home/evan/code/Complete_slam_system/lidar_slam_system/src/lidar_slam/src/data_process.cpp:282:25:[m[K [01;31m[Kerror: [m[K‘[01m[K_corner_label[m[K’ was not declared in this scope
[1.151s]   282 |                         [01;31m[K_corner_label[m[K(i, ind) = 2;
[1.151s]       |                         [01;31m[K^~~~~~~~~~~~~[m[K
[1.153s] [01m[K/home/evan/code/Complete_slam_system/lidar_slam_system/src/lidar_slam/src/data_process.cpp:284:25:[m[K [01;31m[Kerror: [m[K‘[01m[K_corner_label[m[K’ was not declared in this scope
[1.153s]   284 |                         [01;31m[K_corner_label[m[K(i, ind) = 1;
[1.153s]       |                         [01;31m[K^~~~~~~~~~~~~[m[K
[1.153s] [01m[K/home/evan/code/Complete_slam_system/lidar_slam_system/src/lidar_slam/src/data_process.cpp:[m[K At global scope:
[1.153s] [01m[K/home/evan/code/Complete_slam_system/lidar_slam_system/src/lidar_slam/src/data_process.cpp:295:6:[m[K [01;31m[Kerror: [m[K‘[01m[KDataProcess[m[K’ has not been declared
[1.153s]   295 | void [01;31m[KDataProcess[m[K::labelVaildableCornerPoints(int row, int col){
[1.153s]       |      [01;31m[K^~~~~~~~~~~[m[K
[1.155s] [01m[K/home/evan/code/Complete_slam_system/lidar_slam_system/src/lidar_slam/src/data_process.cpp:[m[K In function ‘[01m[Kvoid lidarslam::labelVaildableCornerPoints(int, int)[m[K’:
[1.155s] [01m[K/home/evan/code/Complete_slam_system/lidar_slam_system/src/lidar_slam/src/data_process.cpp:296:45:[m[K [01;31m[Kerror: [m[K‘[01m[K_segment_theta[m[K’ was not declared in this scope
[1.155s]   296 |     const float segmentThetaThreshold = tan([01;31m[K_segment_theta[m[K);
[1.155s]       |                                             [01;31m[K^~~~~~~~~~~~~~[m[K
[1.156s] [01m[K/home/evan/code/Complete_slam_system/lidar_slam_system/src/lidar_slam/src/data_process.cpp:296:41:[m[K [01;31m[Kerror: [m[K‘[01m[Ktan[m[K’ was not declared in this scope
[1.156s]   296 |     const float segmentThetaThreshold = [01;31m[Ktan[m[K(_segment_theta);
[1.156s]       |                                         [01;31m[K^~~[m[K
[1.156s] [01m[K/home/evan/code/Complete_slam_system/lidar_slam_system/src/lidar_slam/src/data_process.cpp:298:10:[m[K [01;31m[Kerror: [m[K‘[01m[Kunordered_set[m[K’ is not a member of ‘[01m[Kstd[m[K’
[1.156s]   298 |     std::[01;31m[Kunordered_set[m[K<int> lineCountFlag;
[1.156s]       |          [01;31m[K^~~~~~~~~~~~~[m[K
[1.156s] [01m[K/home/evan/code/Complete_slam_system/lidar_slam_system/src/lidar_slam/src/data_process.cpp:1:1:[m[K [01;36m[Knote: [m[K‘[01m[Kstd::unordered_set[m[K’ is defined in header ‘[01m[K<unordered_set>[m[K’; did you forget to ‘[01m[K#include <unordered_set>[m[K’?
[1.156s]   +++ |+[32m[K#include <unordered_set>[m[K
[1.156s]     1 | namespace lidarslam{
[1.156s] [01m[K/home/evan/code/Complete_slam_system/lidar_slam_system/src/lidar_slam/src/data_process.cpp:298:24:[m[K [01;31m[Kerror: [m[Kexpected primary-expression before ‘[01m[Kint[m[K’
[1.156s]   298 |     std::unordered_set<[01;31m[Kint[m[K> lineCountFlag;
[1.157s]       |                        [01;31m[K^~~[m[K
[1.157s] [01m[K/home/evan/code/Complete_slam_system/lidar_slam_system/src/lidar_slam/src/data_process.cpp:299:11:[m[K [01;31m[Kerror: [m[K‘[01m[Ksize_t[m[K’ does not name a type
[1.157s]   299 |     const [01;31m[Ksize_t[m[K cloud_size = _vertical_scans * _horizontal_scans;
[1.157s]       |           [01;31m[K^~~~~~[m[K
[1.157s] [01m[K/home/evan/code/Complete_slam_system/lidar_slam_system/src/lidar_slam/src/data_process.cpp:299:11:[m[K [01;36m[Knote: [m[K‘[01m[Ksize_t[m[K’ is defined in header ‘[01m[K<cstddef>[m[K’; did you forget to ‘[01m[K#include <cstddef>[m[K’?
[1.157s] [01m[K/home/evan/code/Complete_slam_system/lidar_slam_system/src/lidar_slam/src/data_process.cpp:300:21:[m[K [01;31m[Kerror: [m[K‘[01m[KEigen[m[K’ does not name a type
[1.157s]   300 |     using Coord2D = [01;31m[KEigen[m[K::Vector2i;
[1.157s]       |                     [01;31m[K^~~~~[m[K
[1.157s] [01m[K/home/evan/code/Complete_slam_system/lidar_slam_system/src/lidar_slam/src/data_process.cpp:301:5:[m[K [01;31m[Kerror: [m[K‘[01m[Kboost[m[K’ has not been declared
[1.157s]   301 |     [01;31m[Kboost[m[K::circular_buffer<Coord2D> queue(cloud_size);
[1.157s]       |     [01;31m[K^~~~~[m[K
[1.157s] [01m[K/home/evan/code/Complete_slam_system/lidar_slam_system/src/lidar_slam/src/data_process.cpp:301:28:[m[K [01;31m[Kerror: [m[K‘[01m[KCoord2D[m[K’ was not declared in this scope
[1.158s]   301 |     boost::circular_buffer<[01;31m[KCoord2D[m[K> queue(cloud_size);
[1.158s]       |                            [01;31m[K^~~~~~~[m[K
[1.158s] [01m[K/home/evan/code/Complete_slam_system/lidar_slam_system/src/lidar_slam/src/data_process.cpp:301:43:[m[K [01;31m[Kerror: [m[K‘[01m[Kcloud_size[m[K’ was not declared in this scope
[1.158s]   301 |     boost::circular_buffer<Coord2D> queue([01;31m[Kcloud_size[m[K);
[1.158s]       |                                           [01;31m[K^~~~~~~~~~[m[K
[1.158s] [01m[K/home/evan/code/Complete_slam_system/lidar_slam_system/src/lidar_slam/src/data_process.cpp:301:37:[m[K [01;31m[Kerror: [m[K‘[01m[Kqueue[m[K’ was not declared in this scope
[1.158s]   301 |     boost::circular_buffer<Coord2D> [01;31m[Kqueue[m[K(cloud_size);
[1.158s]       |                                     [01;31m[K^~~~~[m[K
[1.158s] [01m[K/home/evan/code/Complete_slam_system/lidar_slam_system/src/lidar_slam/src/data_process.cpp:302:5:[m[K [01;31m[Kerror: [m[K‘[01m[Kboost[m[K’ has not been declared
[1.158s]   302 |     [01;31m[Kboost[m[K::circular_buffer<Coord2D> all_pushed(cloud_size);
[1.158s]       |     [01;31m[K^~~~~[m[K
[1.158s] [01m[K/home/evan/code/Complete_slam_system/lidar_slam_system/src/lidar_slam/src/data_process.cpp:302:37:[m[K [01;31m[Kerror: [m[K‘[01m[Kall_pushed[m[K’ was not declared in this scope
[1.158s]   302 |     boost::circular_buffer<Coord2D> [01;31m[Kall_pushed[m[K(cloud_size);
[1.158s]       |                                     [01;31m[K^~~~~~~~~~[m[K
[1.159s] [01m[K/home/evan/code/Complete_slam_system/lidar_slam_system/src/lidar_slam/src/data_process.cpp:306:5:[m[K [01;31m[Kerror: [m[K‘[01m[KlineCountFlag[m[K’ was not declared in this scope
[1.159s]   306 |     [01;31m[KlineCountFlag[m[K.insert(row);
[1.159s]       |     [01;31m[K^~~~~~~~~~~~~[m[K
[1.159s] [01m[K/home/evan/code/Complete_slam_system/lidar_slam_system/src/lidar_slam/src/data_process.cpp:308:11:[m[K [01;31m[Kerror: [m[K‘[01m[KCoord2D[m[K’ does not name a type
[1.159s]   308 |     const [01;31m[KCoord2D[m[K neighborIterator[4] = {{1, 0}, {-1, 0}};
[1.159s]       |           [01;31m[K^~~~~~~[m[K
[1.159s] [01m[K/home/evan/code/Complete_slam_system/lidar_slam_system/src/lidar_slam/src/data_process.cpp:311:16:[m[K [01;31m[Kerror: [m[Kexpected ‘[01m[K;[m[K’ before ‘[01m[KfromInd[m[K’
[1.159s]   311 |         Coord2D[01;31m[K [m[K[32m[KfromInd[m[K = queue.front();
[1.160s]       |                [01;31m[K^[m[K[32m[K~~~~~~~[m[K
[1.160s]       |                [32m[K;[m[K
[1.160s] [01m[K/home/evan/code/Complete_slam_system/lidar_slam_system/src/lidar_slam/src/data_process.cpp:314:33:[m[K [01;31m[Kerror: [m[K‘[01m[KneighborIterator[m[K’ was not declared in this scope
[1.160s]   314 |         for (const auto& iter : [01;31m[KneighborIterator[m[K) {
[1.160s]       |                                 [01;31m[K^~~~~~~~~~~~~~~~[m[K
[1.160s] [01m[K/home/evan/code/Complete_slam_system/lidar_slam_system/src/lidar_slam/src/data_process.cpp:315:28:[m[K [01;31m[Kerror: [m[K‘[01m[KfromInd[m[K’ was not declared in this scope
[1.160s]   315 |             int thisIndX = [01;31m[KfromInd[m[K.x() + iter.x();
[1.161s]       |                            [01;31m[K^~~~~~~[m[K
[1.162s] [01m[K/home/evan/code/Complete_slam_system/lidar_slam_system/src/lidar_slam/src/data_process.cpp:319:45:[m[K [01;31m[Kerror: [m[K‘[01m[K_vertical_scans[m[K’ was not declared in this scope
[1.162s]   319 |             if (thisIndX < 0 || thisIndX >= [01;31m[K_vertical_scans[m[K){
[1.162s]       |                                             [01;31m[K^~~~~~~~~~~~~~~[m[K
[1.164s] [01m[K/home/evan/code/Complete_slam_system/lidar_slam_system/src/lidar_slam/src/data_process.cpp:324:17:[m[K [01;31m[Kerror: [m[K‘[01m[K_label_mat[m[K’ was not declared in this scope
[1.165s]   324 |             if ([01;31m[K_label_mat[m[K(thisIndX, thisIndY) == -1){
[1.165s]       |                 [01;31m[K^~~~~~~~~~[m[K
[1.165s] [01m[K/home/evan/code/Complete_slam_system/lidar_slam_system/src/lidar_slam/src/data_process.cpp:333:29:[m[K [01;31m[Kerror: [m[K‘[01m[Kmax[m[K’ is not a member of ‘[01m[Kstd[m[K’
[1.166s]   333 |             float d1 = std::[01;31m[Kmax[m[K(_range_mat(fromInd.x(), fromInd.y()),
[1.166s]       |                             [01;31m[K^~~[m[K
[1.166s] [01m[K/home/evan/code/Complete_slam_system/lidar_slam_system/src/lidar_slam/src/data_process.cpp:333:33:[m[K [01;31m[Kerror: [m[K‘[01m[K_range_mat[m[K’ was not declared in this scope
[1.166s]   333 |             float d1 = std::max([01;31m[K_range_mat[m[K(fromInd.x(), fromInd.y()),
[1.167s]       |                                 [01;31m[K^~~~~~~~~~[m[K
[1.167s] [01m[K/home/evan/code/Complete_slam_system/lidar_slam_system/src/lidar_slam/src/data_process.cpp:335:29:[m[K [01;31m[Kerror: [m[K‘[01m[Kmin[m[K’ is not a member of ‘[01m[Kstd[m[K’
[1.167s]   335 |             float d2 = std::[01;31m[Kmin[m[K(_range_mat(fromInd.x(), fromInd.y()),
[1.167s]       |                             [01;31m[K^~~[m[K
[1.169s] [01m[K/home/evan/code/Complete_slam_system/lidar_slam_system/src/lidar_slam/src/data_process.cpp:338:27:[m[K [01;31m[Kerror: [m[K‘[01m[K_ang_resolution_Y[m[K’ was not declared in this scope
[1.169s]   338 |             float alpha = [01;31m[K_ang_resolution_Y[m[K;
[1.169s]       |                           [01;31m[K^~~~~~~~~~~~~~~~~[m[K
[1.170s] [01m[K/home/evan/code/Complete_slam_system/lidar_slam_system/src/lidar_slam/src/data_process.cpp:339:32:[m[K [01;31m[Kerror: [m[K‘[01m[Ksin[m[K’ was not declared in this scope
[1.170s]   339 |             float tang = (d2 * [01;31m[Ksin[m[K(alpha) / (d1 - d2 * cos(alpha)));
[1.170s]       |                                [01;31m[K^~~[m[K
[1.170s] [01m[K/home/evan/code/Complete_slam_system/lidar_slam_system/src/lidar_slam/src/data_process.cpp:339:56:[m[K [01;31m[Kerror: [m[K‘[01m[Kcos[m[K’ was not declared in this scope; did you mean ‘[01m[Kcol[m[K’?
[1.170s]   339 |             float tang = (d2 * sin(alpha) / (d1 - d2 * [01;31m[Kcos[m[K(alpha)));
[1.170s]       |                                                        [01;31m[K^~~[m[K
[1.171s]       |                                                        [32m[Kcol[m[K
[1.173s] [01m[K/home/evan/code/Complete_slam_system/lidar_slam_system/src/lidar_slam/src/data_process.cpp:349:31:[m[K [01;31m[Kerror: [m[K‘[01m[K_segment_valid_line_num[m[K’ was not declared in this scope
[1.173s]   349 |     if(lineCountFlag.size() > [01;31m[K_segment_valid_line_num[m[K){
[1.173s]       |                               [01;31m[K^~~~~~~~~~~~~~~~~~~~~~~[m[K
[1.173s] [01m[K/home/evan/code/Complete_slam_system/lidar_slam_system/src/lidar_slam/src/data_process.cpp:351:20:[m[K [01;31m[Kerror: [m[Kexpected ‘[01m[K;[m[K’ before ‘[01m[Kind[m[K’
[1.173s]   351 |             Coord2D[01;31m[K [m[K[32m[Kind[m[K = all_pushed.front();
[1.173s]       |                    [01;31m[K^[m[K[32m[K~~~[m[K
[1.173s]       |                    [32m[K;[m[K
[1.174s] [01m[K/home/evan/code/Complete_slam_system/lidar_slam_system/src/lidar_slam/src/data_process.cpp:353:30:[m[K [01;31m[Kerror: [m[K‘[01m[Kind[m[K’ was not declared in this scope; did you mean ‘[01m[Kint[m[K’?
[1.174s]   353 |             if(_corner_label([01;31m[Kind[m[K.x(), ind.y()) == 2){
[1.174s]       |                              [01;31m[K^~~[m[K
[1.174s]       |                              [32m[Kint[m[K
[1.177s] [01m[K/home/evan/code/Complete_slam_system/lidar_slam_system/src/lidar_slam/src/data_process.cpp:353:16:[m[K [01;31m[Kerror: [m[K‘[01m[K_corner_label[m[K’ was not declared in this scope
[1.177s]   353 |             if([01;31m[K_corner_label[m[K(ind.x(), ind.y()) == 2){
[1.177s]       |                [01;31m[K^~~~~~~~~~~~~[m[K
[1.177s] [01m[K/home/evan/code/Complete_slam_system/lidar_slam_system/src/lidar_slam/src/data_process.cpp:361:20:[m[K [01;31m[Kerror: [m[Kexpected ‘[01m[K;[m[K’ before ‘[01m[Kind[m[K’
[1.177s]   361 |             Coord2D[01;31m[K [m[K[32m[Kind[m[K = all_pushed.front();
[1.177s]       |                    [01;31m[K^[m[K[32m[K~~~[m[K
[1.177s]       |                    [32m[K;[m[K
[1.177s] [01m[K/home/evan/code/Complete_slam_system/lidar_slam_system/src/lidar_slam/src/data_process.cpp:363:27:[m[K [01;31m[Kerror: [m[K‘[01m[Kind[m[K’ was not declared in this scope; did you mean ‘[01m[Kint[m[K’?
[1.177s]   363 |             _corner_label([01;31m[Kind[m[K.x(), ind.y()) = 0;
[1.177s]       |                           [01;31m[K^~~[m[K
[1.178s]       |                           [32m[Kint[m[K
[1.179s] [01m[K/home/evan/code/Complete_slam_system/lidar_slam_system/src/lidar_slam/src/data_process.cpp:363:13:[m[K [01;31m[Kerror: [m[K‘[01m[K_corner_label[m[K’ was not declared in this scope
[1.181s]   363 |             [01;31m[K_corner_label[m[K(ind.x(), ind.y()) = 0;
[1.181s]       |             [01;31m[K^~~~~~~~~~~~~[m[K
[1.181s] [01m[K/home/evan/code/Complete_slam_system/lidar_slam_system/src/lidar_slam/src/data_process.cpp:[m[K At global scope:
[1.181s] [01m[K/home/evan/code/Complete_slam_system/lidar_slam_system/src/lidar_slam/src/data_process.cpp:368:6:[m[K [01;31m[Kerror: [m[K‘[01m[KDataProcess[m[K’ has not been declared
[1.181s]   368 | void [01;31m[KDataProcess[m[K::cornerCloudSegmentation(){
[1.181s]       |      [01;31m[K^~~~~~~~~~~[m[K
[1.181s] [01m[K/home/evan/code/Complete_slam_system/lidar_slam_system/src/lidar_slam/src/data_process.cpp:[m[K In function ‘[01m[Kvoid lidarslam::cornerCloudSegmentation()[m[K’:
[1.181s] [01m[K/home/evan/code/Complete_slam_system/lidar_slam_system/src/lidar_slam/src/data_process.cpp:369:24:[m[K [01;31m[Kerror: [m[K‘[01m[K_vertical_scans[m[K’ was not declared in this scope
[1.182s]   369 |     for(int i = 0; i < [01;31m[K_vertical_scans[m[K; ++i){
[1.182s]       |                        [01;31m[K^~~~~~~~~~~~~~~[m[K
[1.184s] [01m[K/home/evan/code/Complete_slam_system/lidar_slam_system/src/lidar_slam/src/data_process.cpp:370:28:[m[K [01;31m[Kerror: [m[K‘[01m[K_horizontal_scans[m[K’ was not declared in this scope
[1.184s]   370 |         for(int j = 0; j < [01;31m[K_horizontal_scans[m[K; ++j){
[1.184s]       |                            [01;31m[K^~~~~~~~~~~~~~~~~[m[K
[1.186s] [01m[K/home/evan/code/Complete_slam_system/lidar_slam_system/src/lidar_slam/src/data_process.cpp:371:16:[m[K [01;31m[Kerror: [m[K‘[01m[K_corner_label[m[K’ was not declared in this scope
[1.186s]   371 |             if([01;31m[K_corner_label[m[K(i, j) == 1 || _corner_label(i, j) == 2)
[1.186s]       |                [01;31m[K^~~~~~~~~~~~~[m[K
[1.188s] [01m[K/home/evan/code/Complete_slam_system/lidar_slam_system/src/lidar_slam/src/data_process.cpp:376:24:[m[K [01;31m[Kerror: [m[K‘[01m[K_vertical_scans[m[K’ was not declared in this scope
[1.188s]   376 |     for(int i = 0; i < [01;31m[K_vertical_scans[m[K; ++i){
[1.188s]       |                        [01;31m[K^~~~~~~~~~~~~~~[m[K
[1.190s] [01m[K/home/evan/code/Complete_slam_system/lidar_slam_system/src/lidar_slam/src/data_process.cpp:377:28:[m[K [01;31m[Kerror: [m[K‘[01m[K_horizontal_scans[m[K’ was not declared in this scope
[1.191s]   377 |         for(int j = 0; j < [01;31m[K_horizontal_scans[m[K; ++j){
[1.191s]       |                            [01;31m[K^~~~~~~~~~~~~~~~~[m[K
[1.193s] [01m[K/home/evan/code/Complete_slam_system/lidar_slam_system/src/lidar_slam/src/data_process.cpp:379:16:[m[K [01;31m[Kerror: [m[K‘[01m[K_corner_label[m[K’ was not declared in this scope
[1.193s]   379 |             if([01;31m[K_corner_label[m[K(i, j) == 4){
[1.193s]       |                [01;31m[K^~~~~~~~~~~~~[m[K
[1.194s] [01m[K/home/evan/code/Complete_slam_system/lidar_slam_system/src/lidar_slam/src/data_process.cpp:380:17:[m[K [01;31m[Kerror: [m[K‘[01m[K_corner_sharp[m[K’ was not declared in this scope
[1.195s]   380 |                 [01;31m[K_corner_sharp[m[K -> push_back(_full_cloud -> points[ind]);
[1.195s]       |                 [01;31m[K^~~~~~~~~~~~~[m[K
[1.196s] [01m[K/home/evan/code/Complete_slam_system/lidar_slam_system/src/lidar_slam/src/data_process.cpp:380:44:[m[K [01;31m[Kerror: [m[K‘[01m[K_full_cloud[m[K’ was not declared in this scope
[1.197s]   380 |                 _corner_sharp -> push_back([01;31m[K_full_cloud[m[K -> points[ind]);
[1.198s]       |                                            [01;31m[K^~~~~~~~~~~[m[K
[1.201s] [01m[K/home/evan/code/Complete_slam_system/lidar_slam_system/src/lidar_slam/src/data_process.cpp:381:17:[m[K [01;31m[Kerror: [m[K‘[01m[K_corner_less_sharp[m[K’ was not declared in this scope
[1.201s]   381 |                 [01;31m[K_corner_less_sharp[m[K -> push_back(_full_cloud -> points[ind]);
[1.201s]       |                 [01;31m[K^~~~~~~~~~~~~~~~~~[m[K
[1.205s] [01m[K/home/evan/code/Complete_slam_system/lidar_slam_system/src/lidar_slam/src/data_process.cpp:383:16:[m[K [01;31m[Kerror: [m[K‘[01m[K_corner_label[m[K’ was not declared in this scope
[1.205s]   383 |             if([01;31m[K_corner_label[m[K(i, j) == 3){
[1.205s]       |                [01;31m[K^~~~~~~~~~~~~[m[K
[1.208s] [01m[K/home/evan/code/Complete_slam_system/lidar_slam_system/src/lidar_slam/src/data_process.cpp:384:17:[m[K [01;31m[Kerror: [m[K‘[01m[K_corner_less_sharp[m[K’ was not declared in this scope
[1.208s]   384 |                 [01;31m[K_corner_less_sharp[m[K -> push_back(_full_cloud -> points[ind]);
[1.208s]       |                 [01;31m[K^~~~~~~~~~~~~~~~~~[m[K
[1.210s] [01m[K/home/evan/code/Complete_slam_system/lidar_slam_system/src/lidar_slam/src/data_process.cpp:384:49:[m[K [01;31m[Kerror: [m[K‘[01m[K_full_cloud[m[K’ was not declared in this scope
[1.210s]   384 |                 _corner_less_sharp -> push_back([01;31m[K_full_cloud[m[K -> points[ind]);
[1.210s]       |                                                 [01;31m[K^~~~~~~~~~~[m[K
[1.212s] [01m[K/home/evan/code/Complete_slam_system/lidar_slam_system/src/lidar_slam/src/data_process.cpp:386:16:[m[K [01;31m[Kerror: [m[K‘[01m[K_label_mat[m[K’ was not declared in this scope
[1.212s]   386 |             if([01;31m[K_label_mat[m[K(i, j) != -1){
[1.212s]       |                [01;31m[K^~~~~~~~~~[m[K
[1.213s] [01m[K/home/evan/code/Complete_slam_system/lidar_slam_system/src/lidar_slam/src/data_process.cpp:387:20:[m[K [01;31m[Kerror: [m[K‘[01m[K_ground_mat[m[K’ was not declared in this scope
[1.214s]   387 |                 if([01;31m[K_ground_mat[m[K(i, j) == 1){
[1.214s]       |                    [01;31m[K^~~~~~~~~~~[m[K
[1.218s] [01m[K/home/evan/code/Complete_slam_system/lidar_slam_system/src/lidar_slam/src/data_process.cpp:388:21:[m[K [01;31m[Kerror: [m[K‘[01m[K_ground_cloud[m[K’ was not declared in this scope
[1.219s]   388 |                     [01;31m[K_ground_cloud[m[K -> push_back(_full_cloud -> points[ind]);
[1.219s]       |                     [01;31m[K^~~~~~~~~~~~~[m[K
[1.221s] [01m[K/home/evan/code/Complete_slam_system/lidar_slam_system/src/lidar_slam/src/data_process.cpp:388:48:[m[K [01;31m[Kerror: [m[K‘[01m[K_full_cloud[m[K’ was not declared in this scope
[1.221s]   388 |                     _ground_cloud -> push_back([01;31m[K_full_cloud[m[K -> points[ind]);
[1.221s]       |                                                [01;31m[K^~~~~~~~~~~[m[K
[1.223s] [01m[K/home/evan/code/Complete_slam_system/lidar_slam_system/src/lidar_slam/src/data_process.cpp:390:21:[m[K [01;31m[Kerror: [m[K‘[01m[K_segment_cloud[m[K’ was not declared in this scope
[1.224s]   390 |                     [01;31m[K_segment_cloud[m[K -> push_back(_full_cloud -> points[ind]);
[1.224s]       |                     [01;31m[K^~~~~~~~~~~~~~[m[K
[1.226s] [01m[K/home/evan/code/Complete_slam_system/lidar_slam_system/src/lidar_slam/src/data_process.cpp:390:49:[m[K [01;31m[Kerror: [m[K‘[01m[K_full_cloud[m[K’ was not declared in this scope
[1.226s]   390 |                     _segment_cloud -> push_back([01;31m[K_full_cloud[m[K -> points[ind]);
[1.226s]       |                                                 [01;31m[K^~~~~~~~~~~[m[K
[1.226s] [01m[K/home/evan/code/Complete_slam_system/lidar_slam_system/src/lidar_slam/src/data_process.cpp:[m[K At global scope:
[1.226s] [01m[K/home/evan/code/Complete_slam_system/lidar_slam_system/src/lidar_slam/src/data_process.cpp:398:6:[m[K [01;31m[Kerror: [m[K‘[01m[KDataProcess[m[K’ has not been declared
[1.227s]   398 | void [01;31m[KDataProcess[m[K::publishCloud(){
[1.227s]       |      [01;31m[K^~~~~~~~~~~[m[K
[1.227s] [01m[K/home/evan/code/Complete_slam_system/lidar_slam_system/src/lidar_slam/src/data_process.cpp:[m[K In function ‘[01m[Kvoid lidarslam::publishCloud()[m[K’:
[1.227s] [01m[K/home/evan/code/Complete_slam_system/lidar_slam_system/src/lidar_slam/src/data_process.cpp:399:24:[m[K [01;31m[Kerror: [m[K‘[01m[Krclcpp[m[K’ has not been declared
[1.227s]   399 |     auto publish = [&]([01;31m[Krclcpp[m[K::Publisher<sensor_msgs::msg::PointCloud2>::SharedPtr pub, CloudTypePtr cloud){
[1.227s]       |                        [01;31m[K^~~~~~[m[K
[1.227s] [01m[K/home/evan/code/Complete_slam_system/lidar_slam_system/src/lidar_slam/src/data_process.cpp:399:41:[m[K [01;31m[Kerror: [m[Kexpected ‘[01m[K,[m[K’ or ‘[01m[K...[m[K’ before ‘[01m[K<[m[K’ token
[1.228s]   399 |     auto publish = [&](rclcpp::Publisher[01;31m[K<[m[Ksensor_msgs::msg::PointCloud2>::SharedPtr pub, CloudTypePtr cloud){
[1.228s]       |                                         [01;31m[K^[m[K
[1.228s] [01m[K/home/evan/code/Complete_slam_system/lidar_slam_system/src/lidar_slam/src/data_process.cpp:[m[K In lambda function:
[1.228s] [01m[K/home/evan/code/Complete_slam_system/lidar_slam_system/src/lidar_slam/src/data_process.cpp:400:9:[m[K [01;31m[Kerror: [m[K‘[01m[Ksensor_msgs[m[K’ has not been declared
[1.228s]   400 |         [01;31m[Ksensor_msgs[m[K::msg::PointCloud2 msg;
[1.228s]       |         [01;31m[K^~~~~~~~~~~[m[K
[1.228s] [01m[K/home/evan/code/Complete_slam_system/lidar_slam_system/src/lidar_slam/src/data_process.cpp:401:9:[m[K [01;31m[Kerror: [m[K‘[01m[Kpcl[m[K’ has not been declared
[1.229s]   401 |         [01;31m[Kpcl[m[K::toROSMsg(*cloud, msg);
[1.229s]       |         [01;31m[K^~~[m[K
[1.230s] [01m[K/home/evan/code/Complete_slam_system/lidar_slam_system/src/lidar_slam/src/data_process.cpp:401:24:[m[K [01;31m[Kerror: [m[K‘[01m[Kcloud[m[K’ was not declared in this scope
[1.230s]   401 |         pcl::toROSMsg(*[01;31m[Kcloud[m[K, msg);
[1.230s]       |                        [01;31m[K^~~~~[m[K
[1.233s] [01m[K/home/evan/code/Complete_slam_system/lidar_slam_system/src/lidar_slam/src/data_process.cpp:401:31:[m[K [01;31m[Kerror: [m[K‘[01m[Kmsg[m[K’ was not declared in this scope
[1.233s]   401 |         pcl::toROSMsg(*cloud, [01;31m[Kmsg[m[K);
[1.233s]       |                               [01;31m[K^~~[m[K
[1.234s] [01m[K/home/evan/code/Complete_slam_system/lidar_slam_system/src/lidar_slam/src/data_process.cpp:402:22:[m[K [01;31m[Kerror: [m[K‘[01m[KoneCloud[m[K’ was not declared in this scope
[1.235s]   402 |         msg.header = [01;31m[KoneCloud[m[K.header;
[1.235s]       |                      [01;31m[K^~~~~~~~[m[K
[1.236s] [01m[K/home/evan/code/Complete_slam_system/lidar_slam_system/src/lidar_slam/src/data_process.cpp:404:9:[m[K [01;31m[Kerror: [m[K‘[01m[Kpub[m[K’ was not declared in this scope
[1.236s]   404 |         [01;31m[Kpub[m[K -> publish(msg);
[1.236s]       |         [01;31m[K^~~[m[K
[1.237s] [01m[K/home/evan/code/Complete_slam_system/lidar_slam_system/src/lidar_slam/src/data_process.cpp:[m[K In function ‘[01m[Kvoid lidarslam::publishCloud()[m[K’:
[1.237s] [01m[K/home/evan/code/Complete_slam_system/lidar_slam_system/src/lidar_slam/src/data_process.cpp:407:13:[m[K [01;31m[Kerror: [m[K‘[01m[Kpub_cloud_in[m[K’ was not declared in this scope
[1.238s]   407 |     publish([01;31m[Kpub_cloud_in[m[K, _cloud_in);
[1.238s]       |             [01;31m[K^~~~~~~~~~~~[m[K
[1.239s] [01m[K/home/evan/code/Complete_slam_system/lidar_slam_system/src/lidar_slam/src/data_process.cpp:407:27:[m[K [01;31m[Kerror: [m[K‘[01m[K_cloud_in[m[K’ was not declared in this scope
[1.239s]   407 |     publish(pub_cloud_in, [01;31m[K_cloud_in[m[K);
[1.239s]       |                           [01;31m[K^~~~~~~~~[m[K
[1.240s] [01m[K/home/evan/code/Complete_slam_system/lidar_slam_system/src/lidar_slam/src/data_process.cpp:408:13:[m[K [01;31m[Kerror: [m[K‘[01m[Kpub_corner_sharp[m[K’ was not declared in this scope
[1.240s]   408 |     publish([01;31m[Kpub_corner_sharp[m[K, _corner_sharp);
[1.240s]       |             [01;31m[K^~~~~~~~~~~~~~~~[m[K
[1.242s] [01m[K/home/evan/code/Complete_slam_system/lidar_slam_system/src/lidar_slam/src/data_process.cpp:408:31:[m[K [01;31m[Kerror: [m[K‘[01m[K_corner_sharp[m[K’ was not declared in this scope
[1.242s]   408 |     publish(pub_corner_sharp, [01;31m[K_corner_sharp[m[K);
[1.243s]       |                               [01;31m[K^~~~~~~~~~~~~[m[K
[1.243s] [01m[K/home/evan/code/Complete_slam_system/lidar_slam_system/src/lidar_slam/src/data_process.cpp:409:13:[m[K [01;31m[Kerror: [m[K‘[01m[Kpub_corner_less_sharp[m[K’ was not declared in this scope
[1.244s]   409 |     publish([01;31m[Kpub_corner_less_sharp[m[K, _corner_less_sharp);
[1.244s]       |             [01;31m[K^~~~~~~~~~~~~~~~~~~~~[m[K
[1.246s] [01m[K/home/evan/code/Complete_slam_system/lidar_slam_system/src/lidar_slam/src/data_process.cpp:409:36:[m[K [01;31m[Kerror: [m[K‘[01m[K_corner_less_sharp[m[K’ was not declared in this scope
[1.246s]   409 |     publish(pub_corner_less_sharp, [01;31m[K_corner_less_sharp[m[K);
[1.246s]       |                                    [01;31m[K^~~~~~~~~~~~~~~~~~[m[K
[1.247s] [01m[K/home/evan/code/Complete_slam_system/lidar_slam_system/src/lidar_slam/src/data_process.cpp:410:13:[m[K [01;31m[Kerror: [m[K‘[01m[Kpub_surf_flat[m[K’ was not declared in this scope
[1.250s]   410 |     publish([01;31m[Kpub_surf_flat[m[K, _surf_flat);
[1.250s]       |             [01;31m[K^~~~~~~~~~~~~[m[K
[1.252s] [01m[K/home/evan/code/Complete_slam_system/lidar_slam_system/src/lidar_slam/src/data_process.cpp:410:28:[m[K [01;31m[Kerror: [m[K‘[01m[K_surf_flat[m[K’ was not declared in this scope
[1.252s]   410 |     publish(pub_surf_flat, [01;31m[K_surf_flat[m[K);
[1.252s]       |                            [01;31m[K^~~~~~~~~~[m[K
[1.253s] [01m[K/home/evan/code/Complete_slam_system/lidar_slam_system/src/lidar_slam/src/data_process.cpp:411:13:[m[K [01;31m[Kerror: [m[K‘[01m[Kpub_surf_less_flat[m[K’ was not declared in this scope
[1.253s]   411 |     publish([01;31m[Kpub_surf_less_flat[m[K, _surf_less_flat);
[1.254s]       |             [01;31m[K^~~~~~~~~~~~~~~~~~[m[K
[1.256s] [01m[K/home/evan/code/Complete_slam_system/lidar_slam_system/src/lidar_slam/src/data_process.cpp:411:33:[m[K [01;31m[Kerror: [m[K‘[01m[K_surf_less_flat[m[K’ was not declared in this scope
[1.256s]   411 |     publish(pub_surf_less_flat, [01;31m[K_surf_less_flat[m[K);
[1.256s]       |                                 [01;31m[K^~~~~~~~~~~~~~~[m[K
[1.257s] [01m[K/home/evan/code/Complete_slam_system/lidar_slam_system/src/lidar_slam/src/data_process.cpp:412:13:[m[K [01;31m[Kerror: [m[K‘[01m[Kpub_segment_cloud[m[K’ was not declared in this scope
[1.257s]   412 |     publish([01;31m[Kpub_segment_cloud[m[K, _segment_cloud);
[1.257s]       |             [01;31m[K^~~~~~~~~~~~~~~~~[m[K
[1.259s] [01m[K/home/evan/code/Complete_slam_system/lidar_slam_system/src/lidar_slam/src/data_process.cpp:412:32:[m[K [01;31m[Kerror: [m[K‘[01m[K_segment_cloud[m[K’ was not declared in this scope
[1.259s]   412 |     publish(pub_segment_cloud, [01;31m[K_segment_cloud[m[K);
[1.259s]       |                                [01;31m[K^~~~~~~~~~~~~~[m[K
[1.260s] [01m[K/home/evan/code/Complete_slam_system/lidar_slam_system/src/lidar_slam/src/data_process.cpp:413:13:[m[K [01;31m[Kerror: [m[K‘[01m[Kpub_ground_cloud[m[K’ was not declared in this scope
[1.260s]   413 |     publish([01;31m[Kpub_ground_cloud[m[K, _ground_cloud);
[1.260s]       |             [01;31m[K^~~~~~~~~~~~~~~~[m[K
[1.264s] [01m[K/home/evan/code/Complete_slam_system/lidar_slam_system/src/lidar_slam/src/data_process.cpp:413:31:[m[K [01;31m[Kerror: [m[K‘[01m[K_ground_cloud[m[K’ was not declared in this scope
[1.264s]   413 |     publish(pub_ground_cloud, [01;31m[K_ground_cloud[m[K);
[1.264s]       |                               [01;31m[K^~~~~~~~~~~~~[m[K
[1.265s] [01m[K/home/evan/code/Complete_slam_system/lidar_slam_system/src/lidar_slam/src/data_process.cpp:416:5:[m[K [01;31m[Kerror: [m[K‘[01m[KDataProcessOut[m[K’ was not declared in this scope
[1.266s]   416 |     [01;31m[KDataProcessOut[m[K out;
[1.266s]       |     [01;31m[K^~~~~~~~~~~~~~[m[K
[1.266s] [01m[K/home/evan/code/Complete_slam_system/lidar_slam_system/src/lidar_slam/src/data_process.cpp:417:5:[m[K [01;31m[Kerror: [m[K‘[01m[Kout[m[K’ was not declared in this scope
[1.267s]   417 |     [01;31m[Kout[m[K.corner_sharp.swap(_corner_sharp);
[1.267s]       |     [01;31m[K^~~[m[K
[1.269s] [01m[K/home/evan/code/Complete_slam_system/lidar_slam_system/src/lidar_slam/src/data_process.cpp:423:5:[m[K [01;31m[Kerror: [m[K‘[01m[K_output_channel[m[K’ was not declared in this scope
[1.269s]   423 |     [01;31m[K_output_channel[m[K.send(std::move(out));
[1.269s]       |     [01;31m[K^~~~~~~~~~~~~~~[m[K
[1.269s] [01m[K/home/evan/code/Complete_slam_system/lidar_slam_system/src/lidar_slam/src/data_process.cpp:423:31:[m[K [01;31m[Kerror: [m[K‘[01m[Kmove[m[K’ is not a member of ‘[01m[Kstd[m[K’
[1.269s]   423 |     _output_channel.send(std::[01;31m[Kmove[m[K(out));
[1.269s]       |                               [01;31m[K^~~~[m[K
[1.270s] [01m[K/home/evan/code/Complete_slam_system/lidar_slam_system/src/lidar_slam/src/data_process.cpp:1:1:[m[K [01;36m[Knote: [m[K‘[01m[Kstd::move[m[K’ is defined in header ‘[01m[K<utility>[m[K’; did you forget to ‘[01m[K#include <utility>[m[K’?
[1.270s]   +++ |+[32m[K#include <utility>[m[K
[1.270s]     1 | namespace lidarslam{
[1.386s] gmake[2]: *** [CMakeFiles/lidar_slam.dir/build.make:76: CMakeFiles/lidar_slam.dir/src/data_process.cpp.o] Error 1
[1.386s] gmake[2]: *** Waiting for unfinished jobs....
[8.929s] gmake[1]: *** [CMakeFiles/Makefile2:137: CMakeFiles/lidar_slam.dir/all] Error 2
[8.930s] gmake: *** [Makefile:146: all] Error 2
[8.933s] Invoked command in '/home/evan/code/Complete_slam_system/lidar_slam_system/build/lidar_slam' returned '2': CMAKE_PREFIX_PATH=${CMAKE_PREFIX_PATH}:/opt/ros/humble /usr/bin/cmake --build /home/evan/code/Complete_slam_system/lidar_slam_system/build/lidar_slam -- -j4 -l4
