-- Found ament_cmake: 1.3.3 (/opt/ros/humble/share/ament_cmake/cmake)
-- Found std_msgs: 4.2.3 (/opt/ros/humble/share/std_msgs/cmake)
-- Found rosidl_generator_c: 3.1.4 (/opt/ros/humble/share/rosidl_generator_c/cmake)
-- Found rosidl_adapter: 3.1.4 (/opt/ros/humble/share/rosidl_adapter/cmake)
-- Found rosidl_generator_cpp: 3.1.4 (/opt/ros/humble/share/rosidl_generator_cpp/cmake)
-- Using all available rosidl_typesupport_c: rosidl_typesupport_fastrtps_c;rosidl_typesupport_introspection_c
-- Using all available rosidl_typesupport_cpp: rosidl_typesupport_fastrtps_cpp;rosidl_typesupport_introspection_cpp
-- Found rosidl_default_generators: 1.2.0 (/opt/ros/humble/share/rosidl_default_generators/cmake)
-- Found ament_cmake_ros: 0.10.0 (/opt/ros/humble/share/ament_cmake_ros/cmake)
-- Using all available rosidl_typesupport_c: rosidl_typesupport_fastrtps_c;rosidl_typesupport_introspection_c
-- Using all available rosidl_typesupport_cpp: rosidl_typesupport_fastrtps_cpp;rosidl_typesupport_introspection_cpp
-- Found PythonInterp: /usr/bin/python3 (found suitable version "3.10.6", minimum required is "3.6") 
-- Found python_cmake_module: 0.10.0 (/opt/ros/humble/share/python_cmake_module/cmake)
-- Found PythonLibs: /usr/lib/x86_64-linux-gnu/libpython3.10.so (found suitable version "3.10.6", minimum required is "3.5") 
-- Using PYTHON_EXECUTABLE: /usr/bin/python3
-- Using PYTHON_INCLUDE_DIRS: /usr/include/python3.10
-- Using PYTHON_LIBRARIES: /usr/lib/x86_64-linux-gnu/libpython3.10.so
-- Found PythonExtra: .so  
-- Configuring done
-- Generating done
-- Build files have been written to: /home/evan/code/Complete_slam_system/lidar_slam_system/build/lidar_slam_msgs
[  2%] [34m[1mGenerating C code for ROS interfaces[0m
[  4%] [34m[1mGenerating C++ code for ROS interfaces[0m
[  4%] Built target ament_cmake_python_copy_lidar_slam_msgs
running egg_info
creating lidar_slam_msgs.egg-info
writing lidar_slam_msgs.egg-info/PKG-INFO
writing dependency_links to lidar_slam_msgs.egg-info/dependency_links.txt
writing top-level names to lidar_slam_msgs.egg-info/top_level.txt
writing manifest file 'lidar_slam_msgs.egg-info/SOURCES.txt'
reading manifest file 'lidar_slam_msgs.egg-info/SOURCES.txt'
writing manifest file 'lidar_slam_msgs.egg-info/SOURCES.txt'
[  4%] Built target ament_cmake_python_build_lidar_slam_msgs_egg
[  4%] Built target lidar_slam_msgs__cpp
[  6%] [34m[1mGenerating C++ type support dispatch for ROS interfaces[0m
[  8%] [34m[1mGenerating C++ type support for eProsima Fast-RTPS[0m
[ 10%] [34m[1mGenerating C++ introspection for ROS interfaces[0m
[ 12%] [32mBuilding C object CMakeFiles/lidar_slam_msgs__rosidl_generator_c.dir/rosidl_generator_c/lidar_slam_msgs/msg/detail/point__functions.c.o[0m
[ 14%] [32mBuilding C object CMakeFiles/lidar_slam_msgs__rosidl_generator_c.dir/rosidl_generator_c/lidar_slam_msgs/msg/detail/cloud__functions.c.o[0m
[ 17%] [32mBuilding C object CMakeFiles/lidar_slam_msgs__rosidl_generator_c.dir/rosidl_generator_c/lidar_slam_msgs/msg/detail/cloud2__functions.c.o[0m
[ 19%] [32m[1mLinking C shared library liblidar_slam_msgs__rosidl_generator_c.so[0m
[ 19%] Built target lidar_slam_msgs__rosidl_generator_c
[ 21%] [34m[1mGenerating C type support for eProsima Fast-RTPS[0m
[ 23%] [32mBuilding CXX object CMakeFiles/lidar_slam_msgs__rosidl_typesupport_cpp.dir/rosidl_typesupport_cpp/lidar_slam_msgs/msg/point__type_support.cpp.o[0m
[ 25%] [32mBuilding CXX object CMakeFiles/lidar_slam_msgs__rosidl_typesupport_introspection_cpp.dir/rosidl_typesupport_introspection_cpp/lidar_slam_msgs/msg/detail/point__type_support.cpp.o[0m
[ 27%] [32mBuilding CXX object CMakeFiles/lidar_slam_msgs__rosidl_typesupport_fastrtps_cpp.dir/rosidl_typesupport_fastrtps_cpp/lidar_slam_msgs/msg/detail/dds_fastrtps/point__type_support.cpp.o[0m
[ 29%] [32mBuilding CXX object CMakeFiles/lidar_slam_msgs__rosidl_typesupport_cpp.dir/rosidl_typesupport_cpp/lidar_slam_msgs/msg/cloud__type_support.cpp.o[0m
[ 31%] [32mBuilding CXX object CMakeFiles/lidar_slam_msgs__rosidl_typesupport_fastrtps_c.dir/rosidl_typesupport_fastrtps_c/lidar_slam_msgs/msg/detail/point__type_support_c.cpp.o[0m
[ 34%] [32mBuilding CXX object CMakeFiles/lidar_slam_msgs__rosidl_typesupport_introspection_cpp.dir/rosidl_typesupport_introspection_cpp/lidar_slam_msgs/msg/detail/cloud__type_support.cpp.o[0m
[ 36%] [32mBuilding CXX object CMakeFiles/lidar_slam_msgs__rosidl_typesupport_fastrtps_cpp.dir/rosidl_typesupport_fastrtps_cpp/lidar_slam_msgs/msg/detail/dds_fastrtps/cloud__type_support.cpp.o[0m
[ 38%] [32mBuilding CXX object CMakeFiles/lidar_slam_msgs__rosidl_typesupport_cpp.dir/rosidl_typesupport_cpp/lidar_slam_msgs/msg/cloud2__type_support.cpp.o[0m
[ 40%] [32mBuilding CXX object CMakeFiles/lidar_slam_msgs__rosidl_typesupport_fastrtps_c.dir/rosidl_typesupport_fastrtps_c/lidar_slam_msgs/msg/detail/cloud__type_support_c.cpp.o[0m
[ 42%] [32mBuilding CXX object CMakeFiles/lidar_slam_msgs__rosidl_typesupport_introspection_cpp.dir/rosidl_typesupport_introspection_cpp/lidar_slam_msgs/msg/detail/cloud2__type_support.cpp.o[0m
[ 44%] [32m[1mLinking CXX shared library liblidar_slam_msgs__rosidl_typesupport_cpp.so[0m
[ 44%] Built target lidar_slam_msgs__rosidl_typesupport_cpp
[ 46%] [32mBuilding CXX object CMakeFiles/lidar_slam_msgs__rosidl_typesupport_fastrtps_cpp.dir/rosidl_typesupport_fastrtps_cpp/lidar_slam_msgs/msg/detail/dds_fastrtps/cloud2__type_support.cpp.o[0m
[ 48%] [32mBuilding CXX object CMakeFiles/lidar_slam_msgs__rosidl_typesupport_fastrtps_c.dir/rosidl_typesupport_fastrtps_c/lidar_slam_msgs/msg/detail/cloud2__type_support_c.cpp.o[0m
[ 51%] [34m[1mGenerating C introspection for ROS interfaces[0m
[ 53%] [32m[1mLinking CXX shared library liblidar_slam_msgs__rosidl_typesupport_fastrtps_c.so[0m
[ 55%] [32m[1mLinking CXX shared library liblidar_slam_msgs__rosidl_typesupport_fastrtps_cpp.so[0m
[ 57%] [32m[1mLinking CXX shared library liblidar_slam_msgs__rosidl_typesupport_introspection_cpp.so[0m
[ 57%] Built target lidar_slam_msgs__rosidl_typesupport_fastrtps_cpp
[ 59%] [34m[1mGenerating C type support dispatch for ROS interfaces[0m
[ 59%] Built target lidar_slam_msgs__rosidl_typesupport_introspection_cpp
[ 59%] Built target lidar_slam_msgs__rosidl_typesupport_fastrtps_c
[ 61%] [32mBuilding C object CMakeFiles/lidar_slam_msgs__rosidl_typesupport_introspection_c.dir/rosidl_typesupport_introspection_c/lidar_slam_msgs/msg/detail/cloud2__type_support.c.o[0m
[ 63%] [32mBuilding C object CMakeFiles/lidar_slam_msgs__rosidl_typesupport_introspection_c.dir/rosidl_typesupport_introspection_c/lidar_slam_msgs/msg/detail/point__type_support.c.o[0m
[ 65%] [32mBuilding C object CMakeFiles/lidar_slam_msgs__rosidl_typesupport_introspection_c.dir/rosidl_typesupport_introspection_c/lidar_slam_msgs/msg/detail/cloud__type_support.c.o[0m
[ 68%] [32m[1mLinking C shared library liblidar_slam_msgs__rosidl_typesupport_introspection_c.so[0m
[ 68%] Built target lidar_slam_msgs__rosidl_typesupport_introspection_c
[ 70%] [32mBuilding CXX object CMakeFiles/lidar_slam_msgs__rosidl_typesupport_c.dir/rosidl_typesupport_c/lidar_slam_msgs/msg/cloud__type_support.cpp.o[0m
[ 72%] [32mBuilding CXX object CMakeFiles/lidar_slam_msgs__rosidl_typesupport_c.dir/rosidl_typesupport_c/lidar_slam_msgs/msg/point__type_support.cpp.o[0m
[ 74%] [32mBuilding CXX object CMakeFiles/lidar_slam_msgs__rosidl_typesupport_c.dir/rosidl_typesupport_c/lidar_slam_msgs/msg/cloud2__type_support.cpp.o[0m
[ 76%] [32m[1mLinking CXX shared library liblidar_slam_msgs__rosidl_typesupport_c.so[0m
[ 76%] Built target lidar_slam_msgs__rosidl_typesupport_c
[ 76%] Built target lidar_slam_msgs
[ 78%] [34m[1mGenerating Python code for ROS interfaces[0m
[ 78%] Built target lidar_slam_msgs__py
[ 85%] [32mBuilding C object CMakeFiles/lidar_slam_msgs__rosidl_generator_py.dir/rosidl_generator_py/lidar_slam_msgs/msg/_point_s.c.o[0m
[ 85%] [32mBuilding C object CMakeFiles/lidar_slam_msgs__rosidl_generator_py.dir/rosidl_generator_py/lidar_slam_msgs/msg/_cloud2_s.c.o[0m
[ 85%] [32mBuilding C object CMakeFiles/lidar_slam_msgs__rosidl_generator_py.dir/rosidl_generator_py/lidar_slam_msgs/msg/_cloud_s.c.o[0m
[ 87%] [32m[1mLinking C shared library rosidl_generator_py/lidar_slam_msgs/liblidar_slam_msgs__rosidl_generator_py.so[0m
[ 87%] Built target lidar_slam_msgs__rosidl_generator_py
[ 89%] [32mBuilding C object CMakeFiles/lidar_slam_msgs__rosidl_typesupport_c__pyext.dir/rosidl_generator_py/lidar_slam_msgs/_lidar_slam_msgs_s.ep.rosidl_typesupport_c.c.o[0m
[ 91%] [32mBuilding C object CMakeFiles/lidar_slam_msgs__rosidl_typesupport_fastrtps_c__pyext.dir/rosidl_generator_py/lidar_slam_msgs/_lidar_slam_msgs_s.ep.rosidl_typesupport_fastrtps_c.c.o[0m
[ 93%] [32mBuilding C object CMakeFiles/lidar_slam_msgs__rosidl_typesupport_introspection_c__pyext.dir/rosidl_generator_py/lidar_slam_msgs/_lidar_slam_msgs_s.ep.rosidl_typesupport_introspection_c.c.o[0m
[ 95%] [32m[1mLinking C shared library rosidl_generator_py/lidar_slam_msgs/lidar_slam_msgs_s__rosidl_typesupport_c.cpython-310-x86_64-linux-gnu.so[0m
[ 97%] [32m[1mLinking C shared library rosidl_generator_py/lidar_slam_msgs/lidar_slam_msgs_s__rosidl_typesupport_introspection_c.cpython-310-x86_64-linux-gnu.so[0m
[100%] [32m[1mLinking C shared library rosidl_generator_py/lidar_slam_msgs/lidar_slam_msgs_s__rosidl_typesupport_fastrtps_c.cpython-310-x86_64-linux-gnu.so[0m
[100%] Built target lidar_slam_msgs__rosidl_typesupport_c__pyext
[100%] Built target lidar_slam_msgs__rosidl_typesupport_introspection_c__pyext
[100%] Built target lidar_slam_msgs__rosidl_typesupport_fastrtps_c__pyext
-- Install configuration: ""
-- Installing: /home/evan/code/Complete_slam_system/lidar_slam_system/install/lidar_slam_msgs/share/ament_index/resource_index/rosidl_interfaces/lidar_slam_msgs
-- Installing: /home/evan/code/Complete_slam_system/lidar_slam_system/install/lidar_slam_msgs/include/lidar_slam_msgs/lidar_slam_msgs
-- Installing: /home/evan/code/Complete_slam_system/lidar_slam_system/install/lidar_slam_msgs/include/lidar_slam_msgs/lidar_slam_msgs/msg
-- Installing: /home/evan/code/Complete_slam_system/lidar_slam_system/install/lidar_slam_msgs/include/lidar_slam_msgs/lidar_slam_msgs/msg/detail
-- Installing: /home/evan/code/Complete_slam_system/lidar_slam_system/install/lidar_slam_msgs/include/lidar_slam_msgs/lidar_slam_msgs/msg/detail/point__type_support.h
-- Installing: /home/evan/code/Complete_slam_system/lidar_slam_system/install/lidar_slam_msgs/include/lidar_slam_msgs/lidar_slam_msgs/msg/detail/cloud__functions.c
-- Installing: /home/evan/code/Complete_slam_system/lidar_slam_system/install/lidar_slam_msgs/include/lidar_slam_msgs/lidar_slam_msgs/msg/detail/cloud__struct.h
-- Installing: /home/evan/code/Complete_slam_system/lidar_slam_system/install/lidar_slam_msgs/include/lidar_slam_msgs/lidar_slam_msgs/msg/detail/cloud2__functions.c
-- Installing: /home/evan/code/Complete_slam_system/lidar_slam_system/install/lidar_slam_msgs/include/lidar_slam_msgs/lidar_slam_msgs/msg/detail/point__struct.h
-- Installing: /home/evan/code/Complete_slam_system/lidar_slam_system/install/lidar_slam_msgs/include/lidar_slam_msgs/lidar_slam_msgs/msg/detail/point__functions.c
-- Installing: /home/evan/code/Complete_slam_system/lidar_slam_system/install/lidar_slam_msgs/include/lidar_slam_msgs/lidar_slam_msgs/msg/detail/cloud2__type_support.h
-- Installing: /home/evan/code/Complete_slam_system/lidar_slam_system/install/lidar_slam_msgs/include/lidar_slam_msgs/lidar_slam_msgs/msg/detail/point__functions.h
-- Installing: /home/evan/code/Complete_slam_system/lidar_slam_system/install/lidar_slam_msgs/include/lidar_slam_msgs/lidar_slam_msgs/msg/detail/cloud__type_support.h
-- Installing: /home/evan/code/Complete_slam_system/lidar_slam_system/install/lidar_slam_msgs/include/lidar_slam_msgs/lidar_slam_msgs/msg/detail/cloud2__struct.h
-- Installing: /home/evan/code/Complete_slam_system/lidar_slam_system/install/lidar_slam_msgs/include/lidar_slam_msgs/lidar_slam_msgs/msg/detail/cloud__functions.h
-- Installing: /home/evan/code/Complete_slam_system/lidar_slam_system/install/lidar_slam_msgs/include/lidar_slam_msgs/lidar_slam_msgs/msg/detail/cloud2__functions.h
-- Installing: /home/evan/code/Complete_slam_system/lidar_slam_system/install/lidar_slam_msgs/include/lidar_slam_msgs/lidar_slam_msgs/msg/cloud.h
-- Installing: /home/evan/code/Complete_slam_system/lidar_slam_system/install/lidar_slam_msgs/include/lidar_slam_msgs/lidar_slam_msgs/msg/point.h
-- Installing: /home/evan/code/Complete_slam_system/lidar_slam_system/install/lidar_slam_msgs/include/lidar_slam_msgs/lidar_slam_msgs/msg/rosidl_generator_c__visibility_control.h
-- Installing: /home/evan/code/Complete_slam_system/lidar_slam_system/install/lidar_slam_msgs/include/lidar_slam_msgs/lidar_slam_msgs/msg/cloud2.h
-- Installing: /home/evan/code/Complete_slam_system/lidar_slam_system/install/lidar_slam_msgs/share/lidar_slam_msgs/environment/library_path.sh
-- Installing: /home/evan/code/Complete_slam_system/lidar_slam_system/install/lidar_slam_msgs/share/lidar_slam_msgs/environment/library_path.dsv
-- Installing: /home/evan/code/Complete_slam_system/lidar_slam_system/install/lidar_slam_msgs/lib/liblidar_slam_msgs__rosidl_generator_c.so
-- Set runtime path of "/home/evan/code/Complete_slam_system/lidar_slam_system/install/lidar_slam_msgs/lib/liblidar_slam_msgs__rosidl_generator_c.so" to ""
-- Up-to-date: /home/evan/code/Complete_slam_system/lidar_slam_system/install/lidar_slam_msgs/include/lidar_slam_msgs/lidar_slam_msgs
-- Up-to-date: /home/evan/code/Complete_slam_system/lidar_slam_system/install/lidar_slam_msgs/include/lidar_slam_msgs/lidar_slam_msgs/msg
-- Up-to-date: /home/evan/code/Complete_slam_system/lidar_slam_system/install/lidar_slam_msgs/include/lidar_slam_msgs/lidar_slam_msgs/msg/detail
-- Installing: /home/evan/code/Complete_slam_system/lidar_slam_system/install/lidar_slam_msgs/include/lidar_slam_msgs/lidar_slam_msgs/msg/detail/cloud2__rosidl_typesupport_fastrtps_c.h
-- Installing: /home/evan/code/Complete_slam_system/lidar_slam_system/install/lidar_slam_msgs/include/lidar_slam_msgs/lidar_slam_msgs/msg/detail/cloud__rosidl_typesupport_fastrtps_c.h
-- Installing: /home/evan/code/Complete_slam_system/lidar_slam_system/install/lidar_slam_msgs/include/lidar_slam_msgs/lidar_slam_msgs/msg/detail/point__rosidl_typesupport_fastrtps_c.h
-- Installing: /home/evan/code/Complete_slam_system/lidar_slam_system/install/lidar_slam_msgs/include/lidar_slam_msgs/lidar_slam_msgs/msg/rosidl_typesupport_fastrtps_c__visibility_control.h
-- Installing: /home/evan/code/Complete_slam_system/lidar_slam_system/install/lidar_slam_msgs/lib/liblidar_slam_msgs__rosidl_typesupport_fastrtps_c.so
-- Set runtime path of "/home/evan/code/Complete_slam_system/lidar_slam_system/install/lidar_slam_msgs/lib/liblidar_slam_msgs__rosidl_typesupport_fastrtps_c.so" to ""
-- Up-to-date: /home/evan/code/Complete_slam_system/lidar_slam_system/install/lidar_slam_msgs/include/lidar_slam_msgs/lidar_slam_msgs
-- Up-to-date: /home/evan/code/Complete_slam_system/lidar_slam_system/install/lidar_slam_msgs/include/lidar_slam_msgs/lidar_slam_msgs/msg
-- Up-to-date: /home/evan/code/Complete_slam_system/lidar_slam_system/install/lidar_slam_msgs/include/lidar_slam_msgs/lidar_slam_msgs/msg/detail
-- Installing: /home/evan/code/Complete_slam_system/lidar_slam_system/install/lidar_slam_msgs/include/lidar_slam_msgs/lidar_slam_msgs/msg/detail/cloud2__builder.hpp
-- Installing: /home/evan/code/Complete_slam_system/lidar_slam_system/install/lidar_slam_msgs/include/lidar_slam_msgs/lidar_slam_msgs/msg/detail/cloud2__traits.hpp
-- Installing: /home/evan/code/Complete_slam_system/lidar_slam_system/install/lidar_slam_msgs/include/lidar_slam_msgs/lidar_slam_msgs/msg/detail/cloud__builder.hpp
-- Installing: /home/evan/code/Complete_slam_system/lidar_slam_system/install/lidar_slam_msgs/include/lidar_slam_msgs/lidar_slam_msgs/msg/detail/point__traits.hpp
-- Installing: /home/evan/code/Complete_slam_system/lidar_slam_system/install/lidar_slam_msgs/include/lidar_slam_msgs/lidar_slam_msgs/msg/detail/point__builder.hpp
-- Installing: /home/evan/code/Complete_slam_system/lidar_slam_system/install/lidar_slam_msgs/include/lidar_slam_msgs/lidar_slam_msgs/msg/detail/cloud__traits.hpp
-- Installing: /home/evan/code/Complete_slam_system/lidar_slam_system/install/lidar_slam_msgs/include/lidar_slam_msgs/lidar_slam_msgs/msg/detail/point__struct.hpp
-- Installing: /home/evan/code/Complete_slam_system/lidar_slam_system/install/lidar_slam_msgs/include/lidar_slam_msgs/lidar_slam_msgs/msg/detail/cloud__struct.hpp
-- Installing: /home/evan/code/Complete_slam_system/lidar_slam_system/install/lidar_slam_msgs/include/lidar_slam_msgs/lidar_slam_msgs/msg/detail/cloud2__struct.hpp
-- Installing: /home/evan/code/Complete_slam_system/lidar_slam_system/install/lidar_slam_msgs/include/lidar_slam_msgs/lidar_slam_msgs/msg/cloud2.hpp
-- Installing: /home/evan/code/Complete_slam_system/lidar_slam_system/install/lidar_slam_msgs/include/lidar_slam_msgs/lidar_slam_msgs/msg/point.hpp
-- Installing: /home/evan/code/Complete_slam_system/lidar_slam_system/install/lidar_slam_msgs/include/lidar_slam_msgs/lidar_slam_msgs/msg/cloud.hpp
-- Up-to-date: /home/evan/code/Complete_slam_system/lidar_slam_system/install/lidar_slam_msgs/include/lidar_slam_msgs/lidar_slam_msgs
-- Up-to-date: /home/evan/code/Complete_slam_system/lidar_slam_system/install/lidar_slam_msgs/include/lidar_slam_msgs/lidar_slam_msgs/msg
-- Up-to-date: /home/evan/code/Complete_slam_system/lidar_slam_system/install/lidar_slam_msgs/include/lidar_slam_msgs/lidar_slam_msgs/msg/detail
-- Installing: /home/evan/code/Complete_slam_system/lidar_slam_system/install/lidar_slam_msgs/include/lidar_slam_msgs/lidar_slam_msgs/msg/detail/dds_fastrtps
-- Installing: /home/evan/code/Complete_slam_system/lidar_slam_system/install/lidar_slam_msgs/include/lidar_slam_msgs/lidar_slam_msgs/msg/detail/cloud__rosidl_typesupport_fastrtps_cpp.hpp
-- Installing: /home/evan/code/Complete_slam_system/lidar_slam_system/install/lidar_slam_msgs/include/lidar_slam_msgs/lidar_slam_msgs/msg/detail/point__rosidl_typesupport_fastrtps_cpp.hpp
-- Installing: /home/evan/code/Complete_slam_system/lidar_slam_system/install/lidar_slam_msgs/include/lidar_slam_msgs/lidar_slam_msgs/msg/detail/cloud2__rosidl_typesupport_fastrtps_cpp.hpp
-- Installing: /home/evan/code/Complete_slam_system/lidar_slam_system/install/lidar_slam_msgs/include/lidar_slam_msgs/lidar_slam_msgs/msg/rosidl_typesupport_fastrtps_cpp__visibility_control.h
-- Installing: /home/evan/code/Complete_slam_system/lidar_slam_system/install/lidar_slam_msgs/lib/liblidar_slam_msgs__rosidl_typesupport_fastrtps_cpp.so
-- Set runtime path of "/home/evan/code/Complete_slam_system/lidar_slam_system/install/lidar_slam_msgs/lib/liblidar_slam_msgs__rosidl_typesupport_fastrtps_cpp.so" to ""
-- Up-to-date: /home/evan/code/Complete_slam_system/lidar_slam_system/install/lidar_slam_msgs/include/lidar_slam_msgs/lidar_slam_msgs
-- Up-to-date: /home/evan/code/Complete_slam_system/lidar_slam_system/install/lidar_slam_msgs/include/lidar_slam_msgs/lidar_slam_msgs/msg
-- Up-to-date: /home/evan/code/Complete_slam_system/lidar_slam_system/install/lidar_slam_msgs/include/lidar_slam_msgs/lidar_slam_msgs/msg/detail
-- Installing: /home/evan/code/Complete_slam_system/lidar_slam_system/install/lidar_slam_msgs/include/lidar_slam_msgs/lidar_slam_msgs/msg/detail/point__type_support.c
-- Installing: /home/evan/code/Complete_slam_system/lidar_slam_system/install/lidar_slam_msgs/include/lidar_slam_msgs/lidar_slam_msgs/msg/detail/cloud2__type_support.c
-- Installing: /home/evan/code/Complete_slam_system/lidar_slam_system/install/lidar_slam_msgs/include/lidar_slam_msgs/lidar_slam_msgs/msg/detail/cloud__type_support.c
-- Installing: /home/evan/code/Complete_slam_system/lidar_slam_system/install/lidar_slam_msgs/include/lidar_slam_msgs/lidar_slam_msgs/msg/detail/cloud2__rosidl_typesupport_introspection_c.h
-- Installing: /home/evan/code/Complete_slam_system/lidar_slam_system/install/lidar_slam_msgs/include/lidar_slam_msgs/lidar_slam_msgs/msg/detail/cloud__rosidl_typesupport_introspection_c.h
-- Installing: /home/evan/code/Complete_slam_system/lidar_slam_system/install/lidar_slam_msgs/include/lidar_slam_msgs/lidar_slam_msgs/msg/detail/point__rosidl_typesupport_introspection_c.h
-- Installing: /home/evan/code/Complete_slam_system/lidar_slam_system/install/lidar_slam_msgs/include/lidar_slam_msgs/lidar_slam_msgs/msg/rosidl_typesupport_introspection_c__visibility_control.h
-- Installing: /home/evan/code/Complete_slam_system/lidar_slam_system/install/lidar_slam_msgs/lib/liblidar_slam_msgs__rosidl_typesupport_introspection_c.so
-- Set runtime path of "/home/evan/code/Complete_slam_system/lidar_slam_system/install/lidar_slam_msgs/lib/liblidar_slam_msgs__rosidl_typesupport_introspection_c.so" to ""
-- Installing: /home/evan/code/Complete_slam_system/lidar_slam_system/install/lidar_slam_msgs/lib/liblidar_slam_msgs__rosidl_typesupport_c.so
-- Set runtime path of "/home/evan/code/Complete_slam_system/lidar_slam_system/install/lidar_slam_msgs/lib/liblidar_slam_msgs__rosidl_typesupport_c.so" to ""
-- Up-to-date: /home/evan/code/Complete_slam_system/lidar_slam_system/install/lidar_slam_msgs/include/lidar_slam_msgs/lidar_slam_msgs
-- Up-to-date: /home/evan/code/Complete_slam_system/lidar_slam_system/install/lidar_slam_msgs/include/lidar_slam_msgs/lidar_slam_msgs/msg
-- Up-to-date: /home/evan/code/Complete_slam_system/lidar_slam_system/install/lidar_slam_msgs/include/lidar_slam_msgs/lidar_slam_msgs/msg/detail
-- Installing: /home/evan/code/Complete_slam_system/lidar_slam_system/install/lidar_slam_msgs/include/lidar_slam_msgs/lidar_slam_msgs/msg/detail/cloud2__type_support.cpp
-- Installing: /home/evan/code/Complete_slam_system/lidar_slam_system/install/lidar_slam_msgs/include/lidar_slam_msgs/lidar_slam_msgs/msg/detail/point__type_support.cpp
-- Installing: /home/evan/code/Complete_slam_system/lidar_slam_system/install/lidar_slam_msgs/include/lidar_slam_msgs/lidar_slam_msgs/msg/detail/cloud2__rosidl_typesupport_introspection_cpp.hpp
-- Installing: /home/evan/code/Complete_slam_system/lidar_slam_system/install/lidar_slam_msgs/include/lidar_slam_msgs/lidar_slam_msgs/msg/detail/cloud__rosidl_typesupport_introspection_cpp.hpp
-- Installing: /home/evan/code/Complete_slam_system/lidar_slam_system/install/lidar_slam_msgs/include/lidar_slam_msgs/lidar_slam_msgs/msg/detail/point__rosidl_typesupport_introspection_cpp.hpp
-- Installing: /home/evan/code/Complete_slam_system/lidar_slam_system/install/lidar_slam_msgs/include/lidar_slam_msgs/lidar_slam_msgs/msg/detail/cloud__type_support.cpp
-- Installing: /home/evan/code/Complete_slam_system/lidar_slam_system/install/lidar_slam_msgs/lib/liblidar_slam_msgs__rosidl_typesupport_introspection_cpp.so
-- Set runtime path of "/home/evan/code/Complete_slam_system/lidar_slam_system/install/lidar_slam_msgs/lib/liblidar_slam_msgs__rosidl_typesupport_introspection_cpp.so" to ""
-- Installing: /home/evan/code/Complete_slam_system/lidar_slam_system/install/lidar_slam_msgs/lib/liblidar_slam_msgs__rosidl_typesupport_cpp.so
-- Set runtime path of "/home/evan/code/Complete_slam_system/lidar_slam_system/install/lidar_slam_msgs/lib/liblidar_slam_msgs__rosidl_typesupport_cpp.so" to ""
-- Installing: /home/evan/code/Complete_slam_system/lidar_slam_system/install/lidar_slam_msgs/share/lidar_slam_msgs/environment/pythonpath.sh
-- Installing: /home/evan/code/Complete_slam_system/lidar_slam_system/install/lidar_slam_msgs/share/lidar_slam_msgs/environment/pythonpath.dsv
-- Installing: /home/evan/code/Complete_slam_system/lidar_slam_system/install/lidar_slam_msgs/local/lib/python3.10/dist-packages/lidar_slam_msgs-0.0.0-py3.10.egg-info
-- Installing: /home/evan/code/Complete_slam_system/lidar_slam_system/install/lidar_slam_msgs/local/lib/python3.10/dist-packages/lidar_slam_msgs-0.0.0-py3.10.egg-info/top_level.txt
-- Installing: /home/evan/code/Complete_slam_system/lidar_slam_system/install/lidar_slam_msgs/local/lib/python3.10/dist-packages/lidar_slam_msgs-0.0.0-py3.10.egg-info/dependency_links.txt
-- Installing: /home/evan/code/Complete_slam_system/lidar_slam_system/install/lidar_slam_msgs/local/lib/python3.10/dist-packages/lidar_slam_msgs-0.0.0-py3.10.egg-info/PKG-INFO
-- Installing: /home/evan/code/Complete_slam_system/lidar_slam_system/install/lidar_slam_msgs/local/lib/python3.10/dist-packages/lidar_slam_msgs-0.0.0-py3.10.egg-info/SOURCES.txt
-- Installing: /home/evan/code/Complete_slam_system/lidar_slam_system/install/lidar_slam_msgs/local/lib/python3.10/dist-packages/lidar_slam_msgs
-- Installing: /home/evan/code/Complete_slam_system/lidar_slam_system/install/lidar_slam_msgs/local/lib/python3.10/dist-packages/lidar_slam_msgs/msg
-- Installing: /home/evan/code/Complete_slam_system/lidar_slam_system/install/lidar_slam_msgs/local/lib/python3.10/dist-packages/lidar_slam_msgs/msg/_cloud2.py
-- Installing: /home/evan/code/Complete_slam_system/lidar_slam_system/install/lidar_slam_msgs/local/lib/python3.10/dist-packages/lidar_slam_msgs/msg/_cloud_s.c
-- Installing: /home/evan/code/Complete_slam_system/lidar_slam_system/install/lidar_slam_msgs/local/lib/python3.10/dist-packages/lidar_slam_msgs/msg/__init__.py
-- Installing: /home/evan/code/Complete_slam_system/lidar_slam_system/install/lidar_slam_msgs/local/lib/python3.10/dist-packages/lidar_slam_msgs/msg/_cloud.py
-- Installing: /home/evan/code/Complete_slam_system/lidar_slam_system/install/lidar_slam_msgs/local/lib/python3.10/dist-packages/lidar_slam_msgs/msg/_point_s.c
-- Installing: /home/evan/code/Complete_slam_system/lidar_slam_system/install/lidar_slam_msgs/local/lib/python3.10/dist-packages/lidar_slam_msgs/msg/_point.py
-- Installing: /home/evan/code/Complete_slam_system/lidar_slam_system/install/lidar_slam_msgs/local/lib/python3.10/dist-packages/lidar_slam_msgs/msg/_cloud2_s.c
-- Installing: /home/evan/code/Complete_slam_system/lidar_slam_system/install/lidar_slam_msgs/local/lib/python3.10/dist-packages/lidar_slam_msgs/lidar_slam_msgs_s__rosidl_typesupport_c.cpython-310-x86_64-linux-gnu.so
-- Installing: /home/evan/code/Complete_slam_system/lidar_slam_system/install/lidar_slam_msgs/local/lib/python3.10/dist-packages/lidar_slam_msgs/liblidar_slam_msgs__rosidl_generator_py.so
-- Installing: /home/evan/code/Complete_slam_system/lidar_slam_system/install/lidar_slam_msgs/local/lib/python3.10/dist-packages/lidar_slam_msgs/_lidar_slam_msgs_s.ep.rosidl_typesupport_introspection_c.c
-- Installing: /home/evan/code/Complete_slam_system/lidar_slam_system/install/lidar_slam_msgs/local/lib/python3.10/dist-packages/lidar_slam_msgs/_lidar_slam_msgs_s.ep.rosidl_typesupport_fastrtps_c.c
-- Installing: /home/evan/code/Complete_slam_system/lidar_slam_system/install/lidar_slam_msgs/local/lib/python3.10/dist-packages/lidar_slam_msgs/_lidar_slam_msgs_s.ep.rosidl_typesupport_c.c
-- Installing: /home/evan/code/Complete_slam_system/lidar_slam_system/install/lidar_slam_msgs/local/lib/python3.10/dist-packages/lidar_slam_msgs/__init__.py
-- Installing: /home/evan/code/Complete_slam_system/lidar_slam_system/install/lidar_slam_msgs/local/lib/python3.10/dist-packages/lidar_slam_msgs/lidar_slam_msgs_s__rosidl_typesupport_introspection_c.cpython-310-x86_64-linux-gnu.so
-- Installing: /home/evan/code/Complete_slam_system/lidar_slam_system/install/lidar_slam_msgs/local/lib/python3.10/dist-packages/lidar_slam_msgs/lidar_slam_msgs_s__rosidl_typesupport_fastrtps_c.cpython-310-x86_64-linux-gnu.so
Listing '/home/evan/code/Complete_slam_system/lidar_slam_system/install/lidar_slam_msgs/local/lib/python3.10/dist-packages/lidar_slam_msgs'...
Compiling '/home/evan/code/Complete_slam_system/lidar_slam_system/install/lidar_slam_msgs/local/lib/python3.10/dist-packages/lidar_slam_msgs/__init__.py'...
Listing '/home/evan/code/Complete_slam_system/lidar_slam_system/install/lidar_slam_msgs/local/lib/python3.10/dist-packages/lidar_slam_msgs/msg'...
Compiling '/home/evan/code/Complete_slam_system/lidar_slam_system/install/lidar_slam_msgs/local/lib/python3.10/dist-packages/lidar_slam_msgs/msg/__init__.py'...
Compiling '/home/evan/code/Complete_slam_system/lidar_slam_system/install/lidar_slam_msgs/local/lib/python3.10/dist-packages/lidar_slam_msgs/msg/_cloud.py'...
Compiling '/home/evan/code/Complete_slam_system/lidar_slam_system/install/lidar_slam_msgs/local/lib/python3.10/dist-packages/lidar_slam_msgs/msg/_cloud2.py'...
Compiling '/home/evan/code/Complete_slam_system/lidar_slam_system/install/lidar_slam_msgs/local/lib/python3.10/dist-packages/lidar_slam_msgs/msg/_point.py'...
-- Installing: /home/evan/code/Complete_slam_system/lidar_slam_system/install/lidar_slam_msgs/local/lib/python3.10/dist-packages/lidar_slam_msgs/lidar_slam_msgs_s__rosidl_typesupport_fastrtps_c.cpython-310-x86_64-linux-gnu.so
-- Set runtime path of "/home/evan/code/Complete_slam_system/lidar_slam_system/install/lidar_slam_msgs/local/lib/python3.10/dist-packages/lidar_slam_msgs/lidar_slam_msgs_s__rosidl_typesupport_fastrtps_c.cpython-310-x86_64-linux-gnu.so" to ""
-- Installing: /home/evan/code/Complete_slam_system/lidar_slam_system/install/lidar_slam_msgs/local/lib/python3.10/dist-packages/lidar_slam_msgs/lidar_slam_msgs_s__rosidl_typesupport_introspection_c.cpython-310-x86_64-linux-gnu.so
-- Set runtime path of "/home/evan/code/Complete_slam_system/lidar_slam_system/install/lidar_slam_msgs/local/lib/python3.10/dist-packages/lidar_slam_msgs/lidar_slam_msgs_s__rosidl_typesupport_introspection_c.cpython-310-x86_64-linux-gnu.so" to ""
-- Installing: /home/evan/code/Complete_slam_system/lidar_slam_system/install/lidar_slam_msgs/local/lib/python3.10/dist-packages/lidar_slam_msgs/lidar_slam_msgs_s__rosidl_typesupport_c.cpython-310-x86_64-linux-gnu.so
-- Set runtime path of "/home/evan/code/Complete_slam_system/lidar_slam_system/install/lidar_slam_msgs/local/lib/python3.10/dist-packages/lidar_slam_msgs/lidar_slam_msgs_s__rosidl_typesupport_c.cpython-310-x86_64-linux-gnu.so" to ""
-- Installing: /home/evan/code/Complete_slam_system/lidar_slam_system/install/lidar_slam_msgs/lib/liblidar_slam_msgs__rosidl_generator_py.so
-- Set runtime path of "/home/evan/code/Complete_slam_system/lidar_slam_system/install/lidar_slam_msgs/lib/liblidar_slam_msgs__rosidl_generator_py.so" to ""
-- Installing: /home/evan/code/Complete_slam_system/lidar_slam_system/install/lidar_slam_msgs/share/lidar_slam_msgs/msg/Point.idl
-- Installing: /home/evan/code/Complete_slam_system/lidar_slam_system/install/lidar_slam_msgs/share/lidar_slam_msgs/msg/Cloud.idl
-- Installing: /home/evan/code/Complete_slam_system/lidar_slam_system/install/lidar_slam_msgs/share/lidar_slam_msgs/msg/Cloud2.idl
-- Installing: /home/evan/code/Complete_slam_system/lidar_slam_system/install/lidar_slam_msgs/share/lidar_slam_msgs/msg/Point.msg
-- Installing: /home/evan/code/Complete_slam_system/lidar_slam_system/install/lidar_slam_msgs/share/lidar_slam_msgs/msg/Cloud.msg
-- Installing: /home/evan/code/Complete_slam_system/lidar_slam_system/install/lidar_slam_msgs/share/lidar_slam_msgs/msg/Cloud2.msg
-- Installing: /home/evan/code/Complete_slam_system/lidar_slam_system/install/lidar_slam_msgs/share/ament_index/resource_index/package_run_dependencies/lidar_slam_msgs
-- Installing: /home/evan/code/Complete_slam_system/lidar_slam_system/install/lidar_slam_msgs/share/ament_index/resource_index/parent_prefix_path/lidar_slam_msgs
-- Up-to-date: /home/evan/code/Complete_slam_system/lidar_slam_system/install/lidar_slam_msgs/share/lidar_slam_msgs/environment/ament_prefix_path.sh
-- Installing: /home/evan/code/Complete_slam_system/lidar_slam_system/install/lidar_slam_msgs/share/lidar_slam_msgs/environment/ament_prefix_path.dsv
-- Up-to-date: /home/evan/code/Complete_slam_system/lidar_slam_system/install/lidar_slam_msgs/share/lidar_slam_msgs/environment/path.sh
-- Installing: /home/evan/code/Complete_slam_system/lidar_slam_system/install/lidar_slam_msgs/share/lidar_slam_msgs/environment/path.dsv
-- Up-to-date: /home/evan/code/Complete_slam_system/lidar_slam_system/install/lidar_slam_msgs/share/lidar_slam_msgs/local_setup.bash
-- Installing: /home/evan/code/Complete_slam_system/lidar_slam_system/install/lidar_slam_msgs/share/lidar_slam_msgs/local_setup.sh
-- Up-to-date: /home/evan/code/Complete_slam_system/lidar_slam_system/install/lidar_slam_msgs/share/lidar_slam_msgs/local_setup.zsh
-- Installing: /home/evan/code/Complete_slam_system/lidar_slam_system/install/lidar_slam_msgs/share/lidar_slam_msgs/local_setup.dsv
-- Installing: /home/evan/code/Complete_slam_system/lidar_slam_system/install/lidar_slam_msgs/share/lidar_slam_msgs/package.dsv
-- Up-to-date: /home/evan/code/Complete_slam_system/lidar_slam_system/install/lidar_slam_msgs/share/ament_index/resource_index/packages/lidar_slam_msgs
-- Installing: /home/evan/code/Complete_slam_system/lidar_slam_system/install/lidar_slam_msgs/share/lidar_slam_msgs/cmake/export_lidar_slam_msgs__rosidl_generator_cExport.cmake
-- Installing: /home/evan/code/Complete_slam_system/lidar_slam_system/install/lidar_slam_msgs/share/lidar_slam_msgs/cmake/export_lidar_slam_msgs__rosidl_generator_cExport-noconfig.cmake
-- Installing: /home/evan/code/Complete_slam_system/lidar_slam_system/install/lidar_slam_msgs/share/lidar_slam_msgs/cmake/export_lidar_slam_msgs__rosidl_typesupport_fastrtps_cExport.cmake
-- Installing: /home/evan/code/Complete_slam_system/lidar_slam_system/install/lidar_slam_msgs/share/lidar_slam_msgs/cmake/export_lidar_slam_msgs__rosidl_typesupport_fastrtps_cExport-noconfig.cmake
-- Installing: /home/evan/code/Complete_slam_system/lidar_slam_system/install/lidar_slam_msgs/share/lidar_slam_msgs/cmake/export_lidar_slam_msgs__rosidl_generator_cppExport.cmake
-- Installing: /home/evan/code/Complete_slam_system/lidar_slam_system/install/lidar_slam_msgs/share/lidar_slam_msgs/cmake/export_lidar_slam_msgs__rosidl_typesupport_fastrtps_cppExport.cmake
-- Installing: /home/evan/code/Complete_slam_system/lidar_slam_system/install/lidar_slam_msgs/share/lidar_slam_msgs/cmake/export_lidar_slam_msgs__rosidl_typesupport_fastrtps_cppExport-noconfig.cmake
-- Installing: /home/evan/code/Complete_slam_system/lidar_slam_system/install/lidar_slam_msgs/share/lidar_slam_msgs/cmake/lidar_slam_msgs__rosidl_typesupport_introspection_cExport.cmake
-- Installing: /home/evan/code/Complete_slam_system/lidar_slam_system/install/lidar_slam_msgs/share/lidar_slam_msgs/cmake/lidar_slam_msgs__rosidl_typesupport_introspection_cExport-noconfig.cmake
-- Installing: /home/evan/code/Complete_slam_system/lidar_slam_system/install/lidar_slam_msgs/share/lidar_slam_msgs/cmake/lidar_slam_msgs__rosidl_typesupport_cExport.cmake
-- Installing: /home/evan/code/Complete_slam_system/lidar_slam_system/install/lidar_slam_msgs/share/lidar_slam_msgs/cmake/lidar_slam_msgs__rosidl_typesupport_cExport-noconfig.cmake
-- Installing: /home/evan/code/Complete_slam_system/lidar_slam_system/install/lidar_slam_msgs/share/lidar_slam_msgs/cmake/lidar_slam_msgs__rosidl_typesupport_introspection_cppExport.cmake
-- Installing: /home/evan/code/Complete_slam_system/lidar_slam_system/install/lidar_slam_msgs/share/lidar_slam_msgs/cmake/lidar_slam_msgs__rosidl_typesupport_introspection_cppExport-noconfig.cmake
-- Installing: /home/evan/code/Complete_slam_system/lidar_slam_system/install/lidar_slam_msgs/share/lidar_slam_msgs/cmake/lidar_slam_msgs__rosidl_typesupport_cppExport.cmake
-- Installing: /home/evan/code/Complete_slam_system/lidar_slam_system/install/lidar_slam_msgs/share/lidar_slam_msgs/cmake/lidar_slam_msgs__rosidl_typesupport_cppExport-noconfig.cmake
-- Installing: /home/evan/code/Complete_slam_system/lidar_slam_system/install/lidar_slam_msgs/share/lidar_slam_msgs/cmake/export_lidar_slam_msgs__rosidl_generator_pyExport.cmake
-- Installing: /home/evan/code/Complete_slam_system/lidar_slam_system/install/lidar_slam_msgs/share/lidar_slam_msgs/cmake/export_lidar_slam_msgs__rosidl_generator_pyExport-noconfig.cmake
-- Installing: /home/evan/code/Complete_slam_system/lidar_slam_system/install/lidar_slam_msgs/share/lidar_slam_msgs/cmake/rosidl_cmake-extras.cmake
-- Installing: /home/evan/code/Complete_slam_system/lidar_slam_system/install/lidar_slam_msgs/share/lidar_slam_msgs/cmake/ament_cmake_export_dependencies-extras.cmake
-- Installing: /home/evan/code/Complete_slam_system/lidar_slam_system/install/lidar_slam_msgs/share/lidar_slam_msgs/cmake/ament_cmake_export_include_directories-extras.cmake
-- Installing: /home/evan/code/Complete_slam_system/lidar_slam_system/install/lidar_slam_msgs/share/lidar_slam_msgs/cmake/ament_cmake_export_libraries-extras.cmake
-- Installing: /home/evan/code/Complete_slam_system/lidar_slam_system/install/lidar_slam_msgs/share/lidar_slam_msgs/cmake/ament_cmake_export_targets-extras.cmake
-- Installing: /home/evan/code/Complete_slam_system/lidar_slam_system/install/lidar_slam_msgs/share/lidar_slam_msgs/cmake/rosidl_cmake_export_typesupport_targets-extras.cmake
-- Installing: /home/evan/code/Complete_slam_system/lidar_slam_system/install/lidar_slam_msgs/share/lidar_slam_msgs/cmake/rosidl_cmake_export_typesupport_libraries-extras.cmake
-- Installing: /home/evan/code/Complete_slam_system/lidar_slam_system/install/lidar_slam_msgs/share/lidar_slam_msgs/cmake/lidar_slam_msgsConfig.cmake
-- Up-to-date: /home/evan/code/Complete_slam_system/lidar_slam_system/install/lidar_slam_msgs/share/lidar_slam_msgs/cmake/lidar_slam_msgsConfig-version.cmake
-- Installing: /home/evan/code/Complete_slam_system/lidar_slam_system/install/lidar_slam_msgs/share/lidar_slam_msgs/package.xml
