[0.035s] Invoking command in '/home/evan/code/Complete_slam_system/lidar_slam_system/build/lidar_slam_msgs': CMAKE_PREFIX_PATH=${CMAKE_PREFIX_PATH}:/opt/ros/humble /usr/bin/cmake --build /home/evan/code/Complete_slam_system/lidar_slam_system/build/lidar_slam_msgs -- -j4 -l4
[0.048s] -- Found ament_cmake: 1.3.3 (/opt/ros/humble/share/ament_cmake/cmake)
[0.228s] -- Found std_msgs: 4.2.3 (/opt/ros/humble/share/std_msgs/cmake)
[0.280s] -- Found rosidl_generator_c: 3.1.4 (/opt/ros/humble/share/rosidl_generator_c/cmake)
[0.289s] -- Found rosidl_adapter: 3.1.4 (/opt/ros/humble/share/rosidl_adapter/cmake)
[0.302s] -- Found rosidl_generator_cpp: 3.1.4 (/opt/ros/humble/share/rosidl_generator_cpp/cmake)
[0.322s] -- Using all available rosidl_typesupport_c: rosidl_typesupport_fastrtps_c;rosidl_typesupport_introspection_c
[0.349s] -- Using all available rosidl_typesupport_cpp: rosidl_typesupport_fastrtps_cpp;rosidl_typesupport_introspection_cpp
[0.425s] -- Found rosidl_default_generators: 1.2.0 (/opt/ros/humble/share/rosidl_default_generators/cmake)
[0.768s] -- Found ament_cmake_ros: 0.10.0 (/opt/ros/humble/share/ament_cmake_ros/cmake)
[1.184s] -- Using all available rosidl_typesupport_c: rosidl_typesupport_fastrtps_c;rosidl_typesupport_introspection_c
[1.348s] -- Using all available rosidl_typesupport_cpp: rosidl_typesupport_fastrtps_cpp;rosidl_typesupport_introspection_cpp
[1.374s] -- Found PythonInterp: /usr/bin/python3 (found suitable version "3.10.6", minimum required is "3.6") 
[1.377s] -- Found python_cmake_module: 0.10.0 (/opt/ros/humble/share/python_cmake_module/cmake)
[1.410s] -- Found PythonLibs: /usr/lib/x86_64-linux-gnu/libpython3.10.so (found suitable version "3.10.6", minimum required is "3.5") 
[1.410s] -- Using PYTHON_EXECUTABLE: /usr/bin/python3
[1.410s] -- Using PYTHON_INCLUDE_DIRS: /usr/include/python3.10
[1.410s] -- Using PYTHON_LIBRARIES: /usr/lib/x86_64-linux-gnu/libpython3.10.so
[1.435s] -- Found PythonExtra: .so  
[1.506s] -- Configuring done
[1.548s] -- Generating done
[1.552s] -- Build files have been written to: /home/evan/code/Complete_slam_system/lidar_slam_system/build/lidar_slam_msgs
[1.579s] [  2%] [34m[1mGenerating C code for ROS interfaces[0m
[1.591s] [  4%] [34m[1mGenerating C++ code for ROS interfaces[0m
[1.602s] [  4%] Built target ament_cmake_python_copy_lidar_slam_msgs
[1.899s] running egg_info
[1.901s] creating lidar_slam_msgs.egg-info
[1.902s] writing lidar_slam_msgs.egg-info/PKG-INFO
[1.903s] writing dependency_links to lidar_slam_msgs.egg-info/dependency_links.txt
[1.904s] writing top-level names to lidar_slam_msgs.egg-info/top_level.txt
[1.905s] writing manifest file 'lidar_slam_msgs.egg-info/SOURCES.txt'
[1.908s] reading manifest file 'lidar_slam_msgs.egg-info/SOURCES.txt'
[1.910s] writing manifest file 'lidar_slam_msgs.egg-info/SOURCES.txt'
[1.941s] [  4%] Built target ament_cmake_python_build_lidar_slam_msgs_egg
[2.068s] [  4%] Built target lidar_slam_msgs__cpp
[2.079s] [  6%] [34m[1mGenerating C++ type support dispatch for ROS interfaces[0m
[2.083s] [  8%] [34m[1mGenerating C++ type support for eProsima Fast-RTPS[0m
[2.086s] [ 10%] [34m[1mGenerating C++ introspection for ROS interfaces[0m
[2.100s] [ 12%] [32mBuilding C object CMakeFiles/lidar_slam_msgs__rosidl_generator_c.dir/rosidl_generator_c/lidar_slam_msgs/msg/detail/point__functions.c.o[0m
[2.156s] [ 14%] [32mBuilding C object CMakeFiles/lidar_slam_msgs__rosidl_generator_c.dir/rosidl_generator_c/lidar_slam_msgs/msg/detail/cloud__functions.c.o[0m
[2.217s] [ 17%] [32mBuilding C object CMakeFiles/lidar_slam_msgs__rosidl_generator_c.dir/rosidl_generator_c/lidar_slam_msgs/msg/detail/cloud2__functions.c.o[0m
[2.277s] [ 19%] [32m[1mLinking C shared library liblidar_slam_msgs__rosidl_generator_c.so[0m
[2.323s] [ 19%] Built target lidar_slam_msgs__rosidl_generator_c
[2.335s] [ 21%] [34m[1mGenerating C type support for eProsima Fast-RTPS[0m
[2.487s] [ 23%] [32mBuilding CXX object CMakeFiles/lidar_slam_msgs__rosidl_typesupport_cpp.dir/rosidl_typesupport_cpp/lidar_slam_msgs/msg/point__type_support.cpp.o[0m
[2.515s] [ 25%] [32mBuilding CXX object CMakeFiles/lidar_slam_msgs__rosidl_typesupport_introspection_cpp.dir/rosidl_typesupport_introspection_cpp/lidar_slam_msgs/msg/detail/point__type_support.cpp.o[0m
[2.579s] [ 27%] [32mBuilding CXX object CMakeFiles/lidar_slam_msgs__rosidl_typesupport_fastrtps_cpp.dir/rosidl_typesupport_fastrtps_cpp/lidar_slam_msgs/msg/detail/dds_fastrtps/point__type_support.cpp.o[0m
[2.803s] [ 29%] [32mBuilding CXX object CMakeFiles/lidar_slam_msgs__rosidl_typesupport_cpp.dir/rosidl_typesupport_cpp/lidar_slam_msgs/msg/cloud__type_support.cpp.o[0m
[3.070s] [ 31%] [32mBuilding CXX object CMakeFiles/lidar_slam_msgs__rosidl_typesupport_fastrtps_c.dir/rosidl_typesupport_fastrtps_c/lidar_slam_msgs/msg/detail/point__type_support_c.cpp.o[0m
[3.129s] [ 34%] [32mBuilding CXX object CMakeFiles/lidar_slam_msgs__rosidl_typesupport_introspection_cpp.dir/rosidl_typesupport_introspection_cpp/lidar_slam_msgs/msg/detail/cloud__type_support.cpp.o[0m
[3.155s] [ 36%] [32mBuilding CXX object CMakeFiles/lidar_slam_msgs__rosidl_typesupport_fastrtps_cpp.dir/rosidl_typesupport_fastrtps_cpp/lidar_slam_msgs/msg/detail/dds_fastrtps/cloud__type_support.cpp.o[0m
[3.168s] [ 38%] [32mBuilding CXX object CMakeFiles/lidar_slam_msgs__rosidl_typesupport_cpp.dir/rosidl_typesupport_cpp/lidar_slam_msgs/msg/cloud2__type_support.cpp.o[0m
[3.649s] [ 40%] [32mBuilding CXX object CMakeFiles/lidar_slam_msgs__rosidl_typesupport_fastrtps_c.dir/rosidl_typesupport_fastrtps_c/lidar_slam_msgs/msg/detail/cloud__type_support_c.cpp.o[0m
[3.674s] [ 42%] [32mBuilding CXX object CMakeFiles/lidar_slam_msgs__rosidl_typesupport_introspection_cpp.dir/rosidl_typesupport_introspection_cpp/lidar_slam_msgs/msg/detail/cloud2__type_support.cpp.o[0m
[3.780s] [ 44%] [32m[1mLinking CXX shared library liblidar_slam_msgs__rosidl_typesupport_cpp.so[0m
[3.844s] [ 44%] Built target lidar_slam_msgs__rosidl_typesupport_cpp
[3.854s] [ 46%] [32mBuilding CXX object CMakeFiles/lidar_slam_msgs__rosidl_typesupport_fastrtps_cpp.dir/rosidl_typesupport_fastrtps_cpp/lidar_slam_msgs/msg/detail/dds_fastrtps/cloud2__type_support.cpp.o[0m
[3.862s] [ 48%] [32mBuilding CXX object CMakeFiles/lidar_slam_msgs__rosidl_typesupport_fastrtps_c.dir/rosidl_typesupport_fastrtps_c/lidar_slam_msgs/msg/detail/cloud2__type_support_c.cpp.o[0m
[4.237s] [ 51%] [34m[1mGenerating C introspection for ROS interfaces[0m
[4.528s] [ 53%] [32m[1mLinking CXX shared library liblidar_slam_msgs__rosidl_typesupport_fastrtps_c.so[0m
[4.547s] [ 55%] [32m[1mLinking CXX shared library liblidar_slam_msgs__rosidl_typesupport_fastrtps_cpp.so[0m
[4.562s] [ 57%] [32m[1mLinking CXX shared library liblidar_slam_msgs__rosidl_typesupport_introspection_cpp.so[0m
[4.658s] [ 57%] Built target lidar_slam_msgs__rosidl_typesupport_fastrtps_cpp
[4.670s] [ 59%] [34m[1mGenerating C type support dispatch for ROS interfaces[0m
[4.684s] [ 59%] Built target lidar_slam_msgs__rosidl_typesupport_introspection_cpp
[4.734s] [ 59%] Built target lidar_slam_msgs__rosidl_typesupport_fastrtps_c
[4.826s] [ 61%] [32mBuilding C object CMakeFiles/lidar_slam_msgs__rosidl_typesupport_introspection_c.dir/rosidl_typesupport_introspection_c/lidar_slam_msgs/msg/detail/cloud2__type_support.c.o[0m
[4.829s] [ 63%] [32mBuilding C object CMakeFiles/lidar_slam_msgs__rosidl_typesupport_introspection_c.dir/rosidl_typesupport_introspection_c/lidar_slam_msgs/msg/detail/point__type_support.c.o[0m
[4.840s] [ 65%] [32mBuilding C object CMakeFiles/lidar_slam_msgs__rosidl_typesupport_introspection_c.dir/rosidl_typesupport_introspection_c/lidar_slam_msgs/msg/detail/cloud__type_support.c.o[0m
[4.924s] [ 68%] [32m[1mLinking C shared library liblidar_slam_msgs__rosidl_typesupport_introspection_c.so[0m
[4.964s] [ 68%] Built target lidar_slam_msgs__rosidl_typesupport_introspection_c
[5.030s] [ 70%] [32mBuilding CXX object CMakeFiles/lidar_slam_msgs__rosidl_typesupport_c.dir/rosidl_typesupport_c/lidar_slam_msgs/msg/cloud__type_support.cpp.o[0m
[5.032s] [ 72%] [32mBuilding CXX object CMakeFiles/lidar_slam_msgs__rosidl_typesupport_c.dir/rosidl_typesupport_c/lidar_slam_msgs/msg/point__type_support.cpp.o[0m
[5.035s] [ 74%] [32mBuilding CXX object CMakeFiles/lidar_slam_msgs__rosidl_typesupport_c.dir/rosidl_typesupport_c/lidar_slam_msgs/msg/cloud2__type_support.cpp.o[0m
[5.084s] [ 76%] [32m[1mLinking CXX shared library liblidar_slam_msgs__rosidl_typesupport_c.so[0m
[5.133s] [ 76%] Built target lidar_slam_msgs__rosidl_typesupport_c
[5.158s] [ 76%] Built target lidar_slam_msgs
[5.181s] [ 78%] [34m[1mGenerating Python code for ROS interfaces[0m
[5.795s] [ 78%] Built target lidar_slam_msgs__py
[5.818s] [ 85%] [32mBuilding C object CMakeFiles/lidar_slam_msgs__rosidl_generator_py.dir/rosidl_generator_py/lidar_slam_msgs/msg/_point_s.c.o[0m
[5.818s] [ 85%] [32mBuilding C object CMakeFiles/lidar_slam_msgs__rosidl_generator_py.dir/rosidl_generator_py/lidar_slam_msgs/msg/_cloud2_s.c.o[0m
[5.819s] [ 85%] [32mBuilding C object CMakeFiles/lidar_slam_msgs__rosidl_generator_py.dir/rosidl_generator_py/lidar_slam_msgs/msg/_cloud_s.c.o[0m
[5.972s] [ 87%] [32m[1mLinking C shared library rosidl_generator_py/lidar_slam_msgs/liblidar_slam_msgs__rosidl_generator_py.so[0m
[6.019s] [ 87%] Built target lidar_slam_msgs__rosidl_generator_py
[6.046s] [ 89%] [32mBuilding C object CMakeFiles/lidar_slam_msgs__rosidl_typesupport_c__pyext.dir/rosidl_generator_py/lidar_slam_msgs/_lidar_slam_msgs_s.ep.rosidl_typesupport_c.c.o[0m
[6.047s] [ 91%] [32mBuilding C object CMakeFiles/lidar_slam_msgs__rosidl_typesupport_fastrtps_c__pyext.dir/rosidl_generator_py/lidar_slam_msgs/_lidar_slam_msgs_s.ep.rosidl_typesupport_fastrtps_c.c.o[0m
[6.052s] [ 93%] [32mBuilding C object CMakeFiles/lidar_slam_msgs__rosidl_typesupport_introspection_c__pyext.dir/rosidl_generator_py/lidar_slam_msgs/_lidar_slam_msgs_s.ep.rosidl_typesupport_introspection_c.c.o[0m
[6.174s] [ 95%] [32m[1mLinking C shared library rosidl_generator_py/lidar_slam_msgs/lidar_slam_msgs_s__rosidl_typesupport_c.cpython-310-x86_64-linux-gnu.so[0m
[6.184s] [ 97%] [32m[1mLinking C shared library rosidl_generator_py/lidar_slam_msgs/lidar_slam_msgs_s__rosidl_typesupport_introspection_c.cpython-310-x86_64-linux-gnu.so[0m
[6.207s] [100%] [32m[1mLinking C shared library rosidl_generator_py/lidar_slam_msgs/lidar_slam_msgs_s__rosidl_typesupport_fastrtps_c.cpython-310-x86_64-linux-gnu.so[0m
[6.221s] [100%] Built target lidar_slam_msgs__rosidl_typesupport_c__pyext
[6.234s] [100%] Built target lidar_slam_msgs__rosidl_typesupport_introspection_c__pyext
[6.259s] [100%] Built target lidar_slam_msgs__rosidl_typesupport_fastrtps_c__pyext
[6.273s] Invoked command in '/home/evan/code/Complete_slam_system/lidar_slam_system/build/lidar_slam_msgs' returned '0': CMAKE_PREFIX_PATH=${CMAKE_PREFIX_PATH}:/opt/ros/humble /usr/bin/cmake --build /home/evan/code/Complete_slam_system/lidar_slam_system/build/lidar_slam_msgs -- -j4 -l4
[6.406s] Invoking command in '/home/evan/code/Complete_slam_system/lidar_slam_system/build/lidar_slam_msgs': CMAKE_PREFIX_PATH=${CMAKE_PREFIX_PATH}:/opt/ros/humble /usr/bin/cmake --install /home/evan/code/Complete_slam_system/lidar_slam_system/build/lidar_slam_msgs
[6.415s] -- Install configuration: ""
[6.415s] -- Installing: /home/evan/code/Complete_slam_system/lidar_slam_system/install/lidar_slam_msgs/share/ament_index/resource_index/rosidl_interfaces/lidar_slam_msgs
[6.415s] -- Installing: /home/evan/code/Complete_slam_system/lidar_slam_system/install/lidar_slam_msgs/include/lidar_slam_msgs/lidar_slam_msgs
[6.415s] -- Installing: /home/evan/code/Complete_slam_system/lidar_slam_system/install/lidar_slam_msgs/include/lidar_slam_msgs/lidar_slam_msgs/msg
[6.416s] -- Installing: /home/evan/code/Complete_slam_system/lidar_slam_system/install/lidar_slam_msgs/include/lidar_slam_msgs/lidar_slam_msgs/msg/detail
[6.416s] -- Installing: /home/evan/code/Complete_slam_system/lidar_slam_system/install/lidar_slam_msgs/include/lidar_slam_msgs/lidar_slam_msgs/msg/detail/point__type_support.h
[6.416s] -- Installing: /home/evan/code/Complete_slam_system/lidar_slam_system/install/lidar_slam_msgs/include/lidar_slam_msgs/lidar_slam_msgs/msg/detail/cloud__functions.c
[6.416s] -- Installing: /home/evan/code/Complete_slam_system/lidar_slam_system/install/lidar_slam_msgs/include/lidar_slam_msgs/lidar_slam_msgs/msg/detail/cloud__struct.h
[6.416s] -- Installing: /home/evan/code/Complete_slam_system/lidar_slam_system/install/lidar_slam_msgs/include/lidar_slam_msgs/lidar_slam_msgs/msg/detail/cloud2__functions.c
[6.416s] -- Installing: /home/evan/code/Complete_slam_system/lidar_slam_system/install/lidar_slam_msgs/include/lidar_slam_msgs/lidar_slam_msgs/msg/detail/point__struct.h
[6.416s] -- Installing: /home/evan/code/Complete_slam_system/lidar_slam_system/install/lidar_slam_msgs/include/lidar_slam_msgs/lidar_slam_msgs/msg/detail/point__functions.c
[6.416s] -- Installing: /home/evan/code/Complete_slam_system/lidar_slam_system/install/lidar_slam_msgs/include/lidar_slam_msgs/lidar_slam_msgs/msg/detail/cloud2__type_support.h
[6.417s] -- Installing: /home/evan/code/Complete_slam_system/lidar_slam_system/install/lidar_slam_msgs/include/lidar_slam_msgs/lidar_slam_msgs/msg/detail/point__functions.h
[6.417s] -- Installing: /home/evan/code/Complete_slam_system/lidar_slam_system/install/lidar_slam_msgs/include/lidar_slam_msgs/lidar_slam_msgs/msg/detail/cloud__type_support.h
[6.417s] -- Installing: /home/evan/code/Complete_slam_system/lidar_slam_system/install/lidar_slam_msgs/include/lidar_slam_msgs/lidar_slam_msgs/msg/detail/cloud2__struct.h
[6.417s] -- Installing: /home/evan/code/Complete_slam_system/lidar_slam_system/install/lidar_slam_msgs/include/lidar_slam_msgs/lidar_slam_msgs/msg/detail/cloud__functions.h
[6.417s] -- Installing: /home/evan/code/Complete_slam_system/lidar_slam_system/install/lidar_slam_msgs/include/lidar_slam_msgs/lidar_slam_msgs/msg/detail/cloud2__functions.h
[6.417s] -- Installing: /home/evan/code/Complete_slam_system/lidar_slam_system/install/lidar_slam_msgs/include/lidar_slam_msgs/lidar_slam_msgs/msg/cloud.h
[6.417s] -- Installing: /home/evan/code/Complete_slam_system/lidar_slam_system/install/lidar_slam_msgs/include/lidar_slam_msgs/lidar_slam_msgs/msg/point.h
[6.417s] -- Installing: /home/evan/code/Complete_slam_system/lidar_slam_system/install/lidar_slam_msgs/include/lidar_slam_msgs/lidar_slam_msgs/msg/rosidl_generator_c__visibility_control.h
[6.418s] -- Installing: /home/evan/code/Complete_slam_system/lidar_slam_system/install/lidar_slam_msgs/include/lidar_slam_msgs/lidar_slam_msgs/msg/cloud2.h
[6.418s] -- Installing: /home/evan/code/Complete_slam_system/lidar_slam_system/install/lidar_slam_msgs/share/lidar_slam_msgs/environment/library_path.sh
[6.418s] -- Installing: /home/evan/code/Complete_slam_system/lidar_slam_system/install/lidar_slam_msgs/share/lidar_slam_msgs/environment/library_path.dsv
[6.418s] -- Installing: /home/evan/code/Complete_slam_system/lidar_slam_system/install/lidar_slam_msgs/lib/liblidar_slam_msgs__rosidl_generator_c.so
[6.419s] -- Set runtime path of "/home/evan/code/Complete_slam_system/lidar_slam_system/install/lidar_slam_msgs/lib/liblidar_slam_msgs__rosidl_generator_c.so" to ""
[6.419s] -- Up-to-date: /home/evan/code/Complete_slam_system/lidar_slam_system/install/lidar_slam_msgs/include/lidar_slam_msgs/lidar_slam_msgs
[6.419s] -- Up-to-date: /home/evan/code/Complete_slam_system/lidar_slam_system/install/lidar_slam_msgs/include/lidar_slam_msgs/lidar_slam_msgs/msg
[6.419s] -- Up-to-date: /home/evan/code/Complete_slam_system/lidar_slam_system/install/lidar_slam_msgs/include/lidar_slam_msgs/lidar_slam_msgs/msg/detail
[6.419s] -- Installing: /home/evan/code/Complete_slam_system/lidar_slam_system/install/lidar_slam_msgs/include/lidar_slam_msgs/lidar_slam_msgs/msg/detail/cloud2__rosidl_typesupport_fastrtps_c.h
[6.419s] -- Installing: /home/evan/code/Complete_slam_system/lidar_slam_system/install/lidar_slam_msgs/include/lidar_slam_msgs/lidar_slam_msgs/msg/detail/cloud__rosidl_typesupport_fastrtps_c.h
[6.419s] -- Installing: /home/evan/code/Complete_slam_system/lidar_slam_system/install/lidar_slam_msgs/include/lidar_slam_msgs/lidar_slam_msgs/msg/detail/point__rosidl_typesupport_fastrtps_c.h
[6.420s] -- Installing: /home/evan/code/Complete_slam_system/lidar_slam_system/install/lidar_slam_msgs/include/lidar_slam_msgs/lidar_slam_msgs/msg/rosidl_typesupport_fastrtps_c__visibility_control.h
[6.420s] -- Installing: /home/evan/code/Complete_slam_system/lidar_slam_system/install/lidar_slam_msgs/lib/liblidar_slam_msgs__rosidl_typesupport_fastrtps_c.so
[6.420s] -- Set runtime path of "/home/evan/code/Complete_slam_system/lidar_slam_system/install/lidar_slam_msgs/lib/liblidar_slam_msgs__rosidl_typesupport_fastrtps_c.so" to ""
[6.420s] -- Up-to-date: /home/evan/code/Complete_slam_system/lidar_slam_system/install/lidar_slam_msgs/include/lidar_slam_msgs/lidar_slam_msgs
[6.420s] -- Up-to-date: /home/evan/code/Complete_slam_system/lidar_slam_system/install/lidar_slam_msgs/include/lidar_slam_msgs/lidar_slam_msgs/msg
[6.420s] -- Up-to-date: /home/evan/code/Complete_slam_system/lidar_slam_system/install/lidar_slam_msgs/include/lidar_slam_msgs/lidar_slam_msgs/msg/detail
[6.420s] -- Installing: /home/evan/code/Complete_slam_system/lidar_slam_system/install/lidar_slam_msgs/include/lidar_slam_msgs/lidar_slam_msgs/msg/detail/cloud2__builder.hpp
[6.421s] -- Installing: /home/evan/code/Complete_slam_system/lidar_slam_system/install/lidar_slam_msgs/include/lidar_slam_msgs/lidar_slam_msgs/msg/detail/cloud2__traits.hpp
[6.421s] -- Installing: /home/evan/code/Complete_slam_system/lidar_slam_system/install/lidar_slam_msgs/include/lidar_slam_msgs/lidar_slam_msgs/msg/detail/cloud__builder.hpp
[6.421s] -- Installing: /home/evan/code/Complete_slam_system/lidar_slam_system/install/lidar_slam_msgs/include/lidar_slam_msgs/lidar_slam_msgs/msg/detail/point__traits.hpp
[6.421s] -- Installing: /home/evan/code/Complete_slam_system/lidar_slam_system/install/lidar_slam_msgs/include/lidar_slam_msgs/lidar_slam_msgs/msg/detail/point__builder.hpp
[6.421s] -- Installing: /home/evan/code/Complete_slam_system/lidar_slam_system/install/lidar_slam_msgs/include/lidar_slam_msgs/lidar_slam_msgs/msg/detail/cloud__traits.hpp
[6.421s] -- Installing: /home/evan/code/Complete_slam_system/lidar_slam_system/install/lidar_slam_msgs/include/lidar_slam_msgs/lidar_slam_msgs/msg/detail/point__struct.hpp
[6.421s] -- Installing: /home/evan/code/Complete_slam_system/lidar_slam_system/install/lidar_slam_msgs/include/lidar_slam_msgs/lidar_slam_msgs/msg/detail/cloud__struct.hpp
[6.421s] -- Installing: /home/evan/code/Complete_slam_system/lidar_slam_system/install/lidar_slam_msgs/include/lidar_slam_msgs/lidar_slam_msgs/msg/detail/cloud2__struct.hpp
[6.421s] -- Installing: /home/evan/code/Complete_slam_system/lidar_slam_system/install/lidar_slam_msgs/include/lidar_slam_msgs/lidar_slam_msgs/msg/cloud2.hpp
[6.421s] -- Installing: /home/evan/code/Complete_slam_system/lidar_slam_system/install/lidar_slam_msgs/include/lidar_slam_msgs/lidar_slam_msgs/msg/point.hpp
[6.422s] -- Installing: /home/evan/code/Complete_slam_system/lidar_slam_system/install/lidar_slam_msgs/include/lidar_slam_msgs/lidar_slam_msgs/msg/cloud.hpp
[6.422s] -- Up-to-date: /home/evan/code/Complete_slam_system/lidar_slam_system/install/lidar_slam_msgs/include/lidar_slam_msgs/lidar_slam_msgs
[6.429s] -- Up-to-date: /home/evan/code/Complete_slam_system/lidar_slam_system/install/lidar_slam_msgs/include/lidar_slam_msgs/lidar_slam_msgs/msg
[6.429s] -- Up-to-date: /home/evan/code/Complete_slam_system/lidar_slam_system/install/lidar_slam_msgs/include/lidar_slam_msgs/lidar_slam_msgs/msg/detail
[6.429s] -- Installing: /home/evan/code/Complete_slam_system/lidar_slam_system/install/lidar_slam_msgs/include/lidar_slam_msgs/lidar_slam_msgs/msg/detail/dds_fastrtps
[6.429s] -- Installing: /home/evan/code/Complete_slam_system/lidar_slam_system/install/lidar_slam_msgs/include/lidar_slam_msgs/lidar_slam_msgs/msg/detail/cloud__rosidl_typesupport_fastrtps_cpp.hpp
[6.429s] -- Installing: /home/evan/code/Complete_slam_system/lidar_slam_system/install/lidar_slam_msgs/include/lidar_slam_msgs/lidar_slam_msgs/msg/detail/point__rosidl_typesupport_fastrtps_cpp.hpp
[6.429s] -- Installing: /home/evan/code/Complete_slam_system/lidar_slam_system/install/lidar_slam_msgs/include/lidar_slam_msgs/lidar_slam_msgs/msg/detail/cloud2__rosidl_typesupport_fastrtps_cpp.hpp
[6.429s] -- Installing: /home/evan/code/Complete_slam_system/lidar_slam_system/install/lidar_slam_msgs/include/lidar_slam_msgs/lidar_slam_msgs/msg/rosidl_typesupport_fastrtps_cpp__visibility_control.h
[6.429s] -- Installing: /home/evan/code/Complete_slam_system/lidar_slam_system/install/lidar_slam_msgs/lib/liblidar_slam_msgs__rosidl_typesupport_fastrtps_cpp.so
[6.430s] -- Set runtime path of "/home/evan/code/Complete_slam_system/lidar_slam_system/install/lidar_slam_msgs/lib/liblidar_slam_msgs__rosidl_typesupport_fastrtps_cpp.so" to ""
[6.430s] -- Up-to-date: /home/evan/code/Complete_slam_system/lidar_slam_system/install/lidar_slam_msgs/include/lidar_slam_msgs/lidar_slam_msgs
[6.430s] -- Up-to-date: /home/evan/code/Complete_slam_system/lidar_slam_system/install/lidar_slam_msgs/include/lidar_slam_msgs/lidar_slam_msgs/msg
[6.430s] -- Up-to-date: /home/evan/code/Complete_slam_system/lidar_slam_system/install/lidar_slam_msgs/include/lidar_slam_msgs/lidar_slam_msgs/msg/detail
[6.430s] -- Installing: /home/evan/code/Complete_slam_system/lidar_slam_system/install/lidar_slam_msgs/include/lidar_slam_msgs/lidar_slam_msgs/msg/detail/point__type_support.c
[6.430s] -- Installing: /home/evan/code/Complete_slam_system/lidar_slam_system/install/lidar_slam_msgs/include/lidar_slam_msgs/lidar_slam_msgs/msg/detail/cloud2__type_support.c
[6.430s] -- Installing: /home/evan/code/Complete_slam_system/lidar_slam_system/install/lidar_slam_msgs/include/lidar_slam_msgs/lidar_slam_msgs/msg/detail/cloud__type_support.c
[6.430s] -- Installing: /home/evan/code/Complete_slam_system/lidar_slam_system/install/lidar_slam_msgs/include/lidar_slam_msgs/lidar_slam_msgs/msg/detail/cloud2__rosidl_typesupport_introspection_c.h
[6.430s] -- Installing: /home/evan/code/Complete_slam_system/lidar_slam_system/install/lidar_slam_msgs/include/lidar_slam_msgs/lidar_slam_msgs/msg/detail/cloud__rosidl_typesupport_introspection_c.h
[6.430s] -- Installing: /home/evan/code/Complete_slam_system/lidar_slam_system/install/lidar_slam_msgs/include/lidar_slam_msgs/lidar_slam_msgs/msg/detail/point__rosidl_typesupport_introspection_c.h
[6.431s] -- Installing: /home/evan/code/Complete_slam_system/lidar_slam_system/install/lidar_slam_msgs/include/lidar_slam_msgs/lidar_slam_msgs/msg/rosidl_typesupport_introspection_c__visibility_control.h
[6.431s] -- Installing: /home/evan/code/Complete_slam_system/lidar_slam_system/install/lidar_slam_msgs/lib/liblidar_slam_msgs__rosidl_typesupport_introspection_c.so
[6.431s] -- Set runtime path of "/home/evan/code/Complete_slam_system/lidar_slam_system/install/lidar_slam_msgs/lib/liblidar_slam_msgs__rosidl_typesupport_introspection_c.so" to ""
[6.431s] -- Installing: /home/evan/code/Complete_slam_system/lidar_slam_system/install/lidar_slam_msgs/lib/liblidar_slam_msgs__rosidl_typesupport_c.so
[6.431s] -- Set runtime path of "/home/evan/code/Complete_slam_system/lidar_slam_system/install/lidar_slam_msgs/lib/liblidar_slam_msgs__rosidl_typesupport_c.so" to ""
[6.434s] -- Up-to-date: /home/evan/code/Complete_slam_system/lidar_slam_system/install/lidar_slam_msgs/include/lidar_slam_msgs/lidar_slam_msgs
[6.434s] -- Up-to-date: /home/evan/code/Complete_slam_system/lidar_slam_system/install/lidar_slam_msgs/include/lidar_slam_msgs/lidar_slam_msgs/msg
[6.434s] -- Up-to-date: /home/evan/code/Complete_slam_system/lidar_slam_system/install/lidar_slam_msgs/include/lidar_slam_msgs/lidar_slam_msgs/msg/detail
[6.434s] -- Installing: /home/evan/code/Complete_slam_system/lidar_slam_system/install/lidar_slam_msgs/include/lidar_slam_msgs/lidar_slam_msgs/msg/detail/cloud2__type_support.cpp
[6.435s] -- Installing: /home/evan/code/Complete_slam_system/lidar_slam_system/install/lidar_slam_msgs/include/lidar_slam_msgs/lidar_slam_msgs/msg/detail/point__type_support.cpp
[6.435s] -- Installing: /home/evan/code/Complete_slam_system/lidar_slam_system/install/lidar_slam_msgs/include/lidar_slam_msgs/lidar_slam_msgs/msg/detail/cloud2__rosidl_typesupport_introspection_cpp.hpp
[6.435s] -- Installing: /home/evan/code/Complete_slam_system/lidar_slam_system/install/lidar_slam_msgs/include/lidar_slam_msgs/lidar_slam_msgs/msg/detail/cloud__rosidl_typesupport_introspection_cpp.hpp
[6.435s] -- Installing: /home/evan/code/Complete_slam_system/lidar_slam_system/install/lidar_slam_msgs/include/lidar_slam_msgs/lidar_slam_msgs/msg/detail/point__rosidl_typesupport_introspection_cpp.hpp
[6.435s] -- Installing: /home/evan/code/Complete_slam_system/lidar_slam_system/install/lidar_slam_msgs/include/lidar_slam_msgs/lidar_slam_msgs/msg/detail/cloud__type_support.cpp
[6.435s] -- Installing: /home/evan/code/Complete_slam_system/lidar_slam_system/install/lidar_slam_msgs/lib/liblidar_slam_msgs__rosidl_typesupport_introspection_cpp.so
[6.435s] -- Set runtime path of "/home/evan/code/Complete_slam_system/lidar_slam_system/install/lidar_slam_msgs/lib/liblidar_slam_msgs__rosidl_typesupport_introspection_cpp.so" to ""
[6.435s] -- Installing: /home/evan/code/Complete_slam_system/lidar_slam_system/install/lidar_slam_msgs/lib/liblidar_slam_msgs__rosidl_typesupport_cpp.so
[6.435s] -- Set runtime path of "/home/evan/code/Complete_slam_system/lidar_slam_system/install/lidar_slam_msgs/lib/liblidar_slam_msgs__rosidl_typesupport_cpp.so" to ""
[6.435s] -- Installing: /home/evan/code/Complete_slam_system/lidar_slam_system/install/lidar_slam_msgs/share/lidar_slam_msgs/environment/pythonpath.sh
[6.435s] -- Installing: /home/evan/code/Complete_slam_system/lidar_slam_system/install/lidar_slam_msgs/share/lidar_slam_msgs/environment/pythonpath.dsv
[6.435s] -- Installing: /home/evan/code/Complete_slam_system/lidar_slam_system/install/lidar_slam_msgs/local/lib/python3.10/dist-packages/lidar_slam_msgs-0.0.0-py3.10.egg-info
[6.435s] -- Installing: /home/evan/code/Complete_slam_system/lidar_slam_system/install/lidar_slam_msgs/local/lib/python3.10/dist-packages/lidar_slam_msgs-0.0.0-py3.10.egg-info/top_level.txt
[6.435s] -- Installing: /home/evan/code/Complete_slam_system/lidar_slam_system/install/lidar_slam_msgs/local/lib/python3.10/dist-packages/lidar_slam_msgs-0.0.0-py3.10.egg-info/dependency_links.txt
[6.436s] -- Installing: /home/evan/code/Complete_slam_system/lidar_slam_system/install/lidar_slam_msgs/local/lib/python3.10/dist-packages/lidar_slam_msgs-0.0.0-py3.10.egg-info/PKG-INFO
[6.437s] -- Installing: /home/evan/code/Complete_slam_system/lidar_slam_system/install/lidar_slam_msgs/local/lib/python3.10/dist-packages/lidar_slam_msgs-0.0.0-py3.10.egg-info/SOURCES.txt
[6.441s] -- Installing: /home/evan/code/Complete_slam_system/lidar_slam_system/install/lidar_slam_msgs/local/lib/python3.10/dist-packages/lidar_slam_msgs
[6.441s] -- Installing: /home/evan/code/Complete_slam_system/lidar_slam_system/install/lidar_slam_msgs/local/lib/python3.10/dist-packages/lidar_slam_msgs/msg
[6.441s] -- Installing: /home/evan/code/Complete_slam_system/lidar_slam_system/install/lidar_slam_msgs/local/lib/python3.10/dist-packages/lidar_slam_msgs/msg/_cloud2.py
[6.441s] -- Installing: /home/evan/code/Complete_slam_system/lidar_slam_system/install/lidar_slam_msgs/local/lib/python3.10/dist-packages/lidar_slam_msgs/msg/_cloud_s.c
[6.442s] -- Installing: /home/evan/code/Complete_slam_system/lidar_slam_system/install/lidar_slam_msgs/local/lib/python3.10/dist-packages/lidar_slam_msgs/msg/__init__.py
[6.442s] -- Installing: /home/evan/code/Complete_slam_system/lidar_slam_system/install/lidar_slam_msgs/local/lib/python3.10/dist-packages/lidar_slam_msgs/msg/_cloud.py
[6.442s] -- Installing: /home/evan/code/Complete_slam_system/lidar_slam_system/install/lidar_slam_msgs/local/lib/python3.10/dist-packages/lidar_slam_msgs/msg/_point_s.c
[6.442s] -- Installing: /home/evan/code/Complete_slam_system/lidar_slam_system/install/lidar_slam_msgs/local/lib/python3.10/dist-packages/lidar_slam_msgs/msg/_point.py
[6.442s] -- Installing: /home/evan/code/Complete_slam_system/lidar_slam_system/install/lidar_slam_msgs/local/lib/python3.10/dist-packages/lidar_slam_msgs/msg/_cloud2_s.c
[6.442s] -- Installing: /home/evan/code/Complete_slam_system/lidar_slam_system/install/lidar_slam_msgs/local/lib/python3.10/dist-packages/lidar_slam_msgs/lidar_slam_msgs_s__rosidl_typesupport_c.cpython-310-x86_64-linux-gnu.so
[6.442s] -- Installing: /home/evan/code/Complete_slam_system/lidar_slam_system/install/lidar_slam_msgs/local/lib/python3.10/dist-packages/lidar_slam_msgs/liblidar_slam_msgs__rosidl_generator_py.so
[6.442s] -- Installing: /home/evan/code/Complete_slam_system/lidar_slam_system/install/lidar_slam_msgs/local/lib/python3.10/dist-packages/lidar_slam_msgs/_lidar_slam_msgs_s.ep.rosidl_typesupport_introspection_c.c
[6.442s] -- Installing: /home/evan/code/Complete_slam_system/lidar_slam_system/install/lidar_slam_msgs/local/lib/python3.10/dist-packages/lidar_slam_msgs/_lidar_slam_msgs_s.ep.rosidl_typesupport_fastrtps_c.c
[6.442s] -- Installing: /home/evan/code/Complete_slam_system/lidar_slam_system/install/lidar_slam_msgs/local/lib/python3.10/dist-packages/lidar_slam_msgs/_lidar_slam_msgs_s.ep.rosidl_typesupport_c.c
[6.442s] -- Installing: /home/evan/code/Complete_slam_system/lidar_slam_system/install/lidar_slam_msgs/local/lib/python3.10/dist-packages/lidar_slam_msgs/__init__.py
[6.442s] -- Installing: /home/evan/code/Complete_slam_system/lidar_slam_system/install/lidar_slam_msgs/local/lib/python3.10/dist-packages/lidar_slam_msgs/lidar_slam_msgs_s__rosidl_typesupport_introspection_c.cpython-310-x86_64-linux-gnu.so
[6.443s] -- Installing: /home/evan/code/Complete_slam_system/lidar_slam_system/install/lidar_slam_msgs/local/lib/python3.10/dist-packages/lidar_slam_msgs/lidar_slam_msgs_s__rosidl_typesupport_fastrtps_c.cpython-310-x86_64-linux-gnu.so
[6.475s] Listing '/home/evan/code/Complete_slam_system/lidar_slam_system/install/lidar_slam_msgs/local/lib/python3.10/dist-packages/lidar_slam_msgs'...
[6.475s] Compiling '/home/evan/code/Complete_slam_system/lidar_slam_system/install/lidar_slam_msgs/local/lib/python3.10/dist-packages/lidar_slam_msgs/__init__.py'...
[6.475s] Listing '/home/evan/code/Complete_slam_system/lidar_slam_system/install/lidar_slam_msgs/local/lib/python3.10/dist-packages/lidar_slam_msgs/msg'...
[6.475s] Compiling '/home/evan/code/Complete_slam_system/lidar_slam_system/install/lidar_slam_msgs/local/lib/python3.10/dist-packages/lidar_slam_msgs/msg/__init__.py'...
[6.475s] Compiling '/home/evan/code/Complete_slam_system/lidar_slam_system/install/lidar_slam_msgs/local/lib/python3.10/dist-packages/lidar_slam_msgs/msg/_cloud.py'...
[6.475s] Compiling '/home/evan/code/Complete_slam_system/lidar_slam_system/install/lidar_slam_msgs/local/lib/python3.10/dist-packages/lidar_slam_msgs/msg/_cloud2.py'...
[6.475s] Compiling '/home/evan/code/Complete_slam_system/lidar_slam_system/install/lidar_slam_msgs/local/lib/python3.10/dist-packages/lidar_slam_msgs/msg/_point.py'...
[6.480s] -- Installing: /home/evan/code/Complete_slam_system/lidar_slam_system/install/lidar_slam_msgs/local/lib/python3.10/dist-packages/lidar_slam_msgs/lidar_slam_msgs_s__rosidl_typesupport_fastrtps_c.cpython-310-x86_64-linux-gnu.so
[6.480s] -- Set runtime path of "/home/evan/code/Complete_slam_system/lidar_slam_system/install/lidar_slam_msgs/local/lib/python3.10/dist-packages/lidar_slam_msgs/lidar_slam_msgs_s__rosidl_typesupport_fastrtps_c.cpython-310-x86_64-linux-gnu.so" to ""
[6.481s] -- Installing: /home/evan/code/Complete_slam_system/lidar_slam_system/install/lidar_slam_msgs/local/lib/python3.10/dist-packages/lidar_slam_msgs/lidar_slam_msgs_s__rosidl_typesupport_introspection_c.cpython-310-x86_64-linux-gnu.so
[6.481s] -- Set runtime path of "/home/evan/code/Complete_slam_system/lidar_slam_system/install/lidar_slam_msgs/local/lib/python3.10/dist-packages/lidar_slam_msgs/lidar_slam_msgs_s__rosidl_typesupport_introspection_c.cpython-310-x86_64-linux-gnu.so" to ""
[6.481s] -- Installing: /home/evan/code/Complete_slam_system/lidar_slam_system/install/lidar_slam_msgs/local/lib/python3.10/dist-packages/lidar_slam_msgs/lidar_slam_msgs_s__rosidl_typesupport_c.cpython-310-x86_64-linux-gnu.so
[6.482s] -- Set runtime path of "/home/evan/code/Complete_slam_system/lidar_slam_system/install/lidar_slam_msgs/local/lib/python3.10/dist-packages/lidar_slam_msgs/lidar_slam_msgs_s__rosidl_typesupport_c.cpython-310-x86_64-linux-gnu.so" to ""
[6.482s] -- Installing: /home/evan/code/Complete_slam_system/lidar_slam_system/install/lidar_slam_msgs/lib/liblidar_slam_msgs__rosidl_generator_py.so
[6.482s] -- Set runtime path of "/home/evan/code/Complete_slam_system/lidar_slam_system/install/lidar_slam_msgs/lib/liblidar_slam_msgs__rosidl_generator_py.so" to ""
[6.482s] -- Installing: /home/evan/code/Complete_slam_system/lidar_slam_system/install/lidar_slam_msgs/share/lidar_slam_msgs/msg/Point.idl
[6.483s] -- Installing: /home/evan/code/Complete_slam_system/lidar_slam_system/install/lidar_slam_msgs/share/lidar_slam_msgs/msg/Cloud.idl
[6.483s] -- Installing: /home/evan/code/Complete_slam_system/lidar_slam_system/install/lidar_slam_msgs/share/lidar_slam_msgs/msg/Cloud2.idl
[6.483s] -- Installing: /home/evan/code/Complete_slam_system/lidar_slam_system/install/lidar_slam_msgs/share/lidar_slam_msgs/msg/Point.msg
[6.483s] -- Installing: /home/evan/code/Complete_slam_system/lidar_slam_system/install/lidar_slam_msgs/share/lidar_slam_msgs/msg/Cloud.msg
[6.483s] -- Installing: /home/evan/code/Complete_slam_system/lidar_slam_system/install/lidar_slam_msgs/share/lidar_slam_msgs/msg/Cloud2.msg
[6.483s] -- Installing: /home/evan/code/Complete_slam_system/lidar_slam_system/install/lidar_slam_msgs/share/ament_index/resource_index/package_run_dependencies/lidar_slam_msgs
[6.484s] -- Installing: /home/evan/code/Complete_slam_system/lidar_slam_system/install/lidar_slam_msgs/share/ament_index/resource_index/parent_prefix_path/lidar_slam_msgs
[6.484s] -- Up-to-date: /home/evan/code/Complete_slam_system/lidar_slam_system/install/lidar_slam_msgs/share/lidar_slam_msgs/environment/ament_prefix_path.sh
[6.484s] -- Installing: /home/evan/code/Complete_slam_system/lidar_slam_system/install/lidar_slam_msgs/share/lidar_slam_msgs/environment/ament_prefix_path.dsv
[6.484s] -- Up-to-date: /home/evan/code/Complete_slam_system/lidar_slam_system/install/lidar_slam_msgs/share/lidar_slam_msgs/environment/path.sh
[6.484s] -- Installing: /home/evan/code/Complete_slam_system/lidar_slam_system/install/lidar_slam_msgs/share/lidar_slam_msgs/environment/path.dsv
[6.484s] -- Up-to-date: /home/evan/code/Complete_slam_system/lidar_slam_system/install/lidar_slam_msgs/share/lidar_slam_msgs/local_setup.bash
[6.484s] -- Installing: /home/evan/code/Complete_slam_system/lidar_slam_system/install/lidar_slam_msgs/share/lidar_slam_msgs/local_setup.sh
[6.485s] -- Up-to-date: /home/evan/code/Complete_slam_system/lidar_slam_system/install/lidar_slam_msgs/share/lidar_slam_msgs/local_setup.zsh
[6.485s] -- Installing: /home/evan/code/Complete_slam_system/lidar_slam_system/install/lidar_slam_msgs/share/lidar_slam_msgs/local_setup.dsv
[6.485s] -- Installing: /home/evan/code/Complete_slam_system/lidar_slam_system/install/lidar_slam_msgs/share/lidar_slam_msgs/package.dsv
[6.485s] -- Up-to-date: /home/evan/code/Complete_slam_system/lidar_slam_system/install/lidar_slam_msgs/share/ament_index/resource_index/packages/lidar_slam_msgs
[6.485s] -- Installing: /home/evan/code/Complete_slam_system/lidar_slam_system/install/lidar_slam_msgs/share/lidar_slam_msgs/cmake/export_lidar_slam_msgs__rosidl_generator_cExport.cmake
[6.485s] -- Installing: /home/evan/code/Complete_slam_system/lidar_slam_system/install/lidar_slam_msgs/share/lidar_slam_msgs/cmake/export_lidar_slam_msgs__rosidl_generator_cExport-noconfig.cmake
[6.486s] -- Installing: /home/evan/code/Complete_slam_system/lidar_slam_system/install/lidar_slam_msgs/share/lidar_slam_msgs/cmake/export_lidar_slam_msgs__rosidl_typesupport_fastrtps_cExport.cmake
[6.486s] -- Installing: /home/evan/code/Complete_slam_system/lidar_slam_system/install/lidar_slam_msgs/share/lidar_slam_msgs/cmake/export_lidar_slam_msgs__rosidl_typesupport_fastrtps_cExport-noconfig.cmake
[6.486s] -- Installing: /home/evan/code/Complete_slam_system/lidar_slam_system/install/lidar_slam_msgs/share/lidar_slam_msgs/cmake/export_lidar_slam_msgs__rosidl_generator_cppExport.cmake
[6.486s] -- Installing: /home/evan/code/Complete_slam_system/lidar_slam_system/install/lidar_slam_msgs/share/lidar_slam_msgs/cmake/export_lidar_slam_msgs__rosidl_typesupport_fastrtps_cppExport.cmake
[6.486s] -- Installing: /home/evan/code/Complete_slam_system/lidar_slam_system/install/lidar_slam_msgs/share/lidar_slam_msgs/cmake/export_lidar_slam_msgs__rosidl_typesupport_fastrtps_cppExport-noconfig.cmake
[6.486s] -- Installing: /home/evan/code/Complete_slam_system/lidar_slam_system/install/lidar_slam_msgs/share/lidar_slam_msgs/cmake/lidar_slam_msgs__rosidl_typesupport_introspection_cExport.cmake
[6.487s] -- Installing: /home/evan/code/Complete_slam_system/lidar_slam_system/install/lidar_slam_msgs/share/lidar_slam_msgs/cmake/lidar_slam_msgs__rosidl_typesupport_introspection_cExport-noconfig.cmake
[6.487s] -- Installing: /home/evan/code/Complete_slam_system/lidar_slam_system/install/lidar_slam_msgs/share/lidar_slam_msgs/cmake/lidar_slam_msgs__rosidl_typesupport_cExport.cmake
[6.487s] -- Installing: /home/evan/code/Complete_slam_system/lidar_slam_system/install/lidar_slam_msgs/share/lidar_slam_msgs/cmake/lidar_slam_msgs__rosidl_typesupport_cExport-noconfig.cmake
[6.487s] -- Installing: /home/evan/code/Complete_slam_system/lidar_slam_system/install/lidar_slam_msgs/share/lidar_slam_msgs/cmake/lidar_slam_msgs__rosidl_typesupport_introspection_cppExport.cmake
[6.487s] -- Installing: /home/evan/code/Complete_slam_system/lidar_slam_system/install/lidar_slam_msgs/share/lidar_slam_msgs/cmake/lidar_slam_msgs__rosidl_typesupport_introspection_cppExport-noconfig.cmake
[6.487s] -- Installing: /home/evan/code/Complete_slam_system/lidar_slam_system/install/lidar_slam_msgs/share/lidar_slam_msgs/cmake/lidar_slam_msgs__rosidl_typesupport_cppExport.cmake
[6.488s] -- Installing: /home/evan/code/Complete_slam_system/lidar_slam_system/install/lidar_slam_msgs/share/lidar_slam_msgs/cmake/lidar_slam_msgs__rosidl_typesupport_cppExport-noconfig.cmake
[6.488s] -- Installing: /home/evan/code/Complete_slam_system/lidar_slam_system/install/lidar_slam_msgs/share/lidar_slam_msgs/cmake/export_lidar_slam_msgs__rosidl_generator_pyExport.cmake
[6.488s] -- Installing: /home/evan/code/Complete_slam_system/lidar_slam_system/install/lidar_slam_msgs/share/lidar_slam_msgs/cmake/export_lidar_slam_msgs__rosidl_generator_pyExport-noconfig.cmake
[6.488s] -- Installing: /home/evan/code/Complete_slam_system/lidar_slam_system/install/lidar_slam_msgs/share/lidar_slam_msgs/cmake/rosidl_cmake-extras.cmake
[6.488s] -- Installing: /home/evan/code/Complete_slam_system/lidar_slam_system/install/lidar_slam_msgs/share/lidar_slam_msgs/cmake/ament_cmake_export_dependencies-extras.cmake
[6.488s] -- Installing: /home/evan/code/Complete_slam_system/lidar_slam_system/install/lidar_slam_msgs/share/lidar_slam_msgs/cmake/ament_cmake_export_include_directories-extras.cmake
[6.489s] -- Installing: /home/evan/code/Complete_slam_system/lidar_slam_system/install/lidar_slam_msgs/share/lidar_slam_msgs/cmake/ament_cmake_export_libraries-extras.cmake
[6.489s] -- Installing: /home/evan/code/Complete_slam_system/lidar_slam_system/install/lidar_slam_msgs/share/lidar_slam_msgs/cmake/ament_cmake_export_targets-extras.cmake
[6.489s] -- Installing: /home/evan/code/Complete_slam_system/lidar_slam_system/install/lidar_slam_msgs/share/lidar_slam_msgs/cmake/rosidl_cmake_export_typesupport_targets-extras.cmake
[6.489s] -- Installing: /home/evan/code/Complete_slam_system/lidar_slam_system/install/lidar_slam_msgs/share/lidar_slam_msgs/cmake/rosidl_cmake_export_typesupport_libraries-extras.cmake
[6.489s] -- Installing: /home/evan/code/Complete_slam_system/lidar_slam_system/install/lidar_slam_msgs/share/lidar_slam_msgs/cmake/lidar_slam_msgsConfig.cmake
[6.489s] -- Up-to-date: /home/evan/code/Complete_slam_system/lidar_slam_system/install/lidar_slam_msgs/share/lidar_slam_msgs/cmake/lidar_slam_msgsConfig-version.cmake
[6.490s] -- Installing: /home/evan/code/Complete_slam_system/lidar_slam_system/install/lidar_slam_msgs/share/lidar_slam_msgs/package.xml
[6.492s] Invoked command in '/home/evan/code/Complete_slam_system/lidar_slam_system/build/lidar_slam_msgs' returned '0': CMAKE_PREFIX_PATH=${CMAKE_PREFIX_PATH}:/opt/ros/humble /usr/bin/cmake --install /home/evan/code/Complete_slam_system/lidar_slam_system/build/lidar_slam_msgs
