[35m[1mConsolidate compiler generated dependencies of target lego_loam_sr[0m
[ 16%] [32mBuilding CXX object CMakeFiles/lego_loam_sr.dir/src/imageProjection.cpp.o[0m
[01m[K/home/evan/code/lego-loam/lego/src/LeGO-LOAM/src/imageProjection.cpp:499:2:[m[K [01;31m[Kerror: [m[Kunterminated argument list invoking macro "RCLCPP_INFO"
  499 | }
      |  [01;31m[K^[m[K
[01m[K/home/evan/code/lego-loam/lego/src/LeGO-LOAM/src/imageProjection.cpp:[m[K In member function ‘[01m[Kvoid ImageProjection::groundRemoval()[m[K’:
[01m[K/home/evan/code/lego-loam/lego/src/LeGO-LOAM/src/imageProjection.cpp:287:5:[m[K [01;31m[Kerror: [m[K‘[01m[KRCLCPP_INFO[m[K’ was not declared in this scope
  287 |     [01;31m[KRCLCPP_INFO[m[K(this -> get_logger(), "%d", name_to_handle_atnum = 0;
      |     [01;31m[K^~~~~~~~~~~[m[K
[01m[K/home/evan/code/lego-loam/lego/src/LeGO-LOAM/src/imageProjection.cpp:287:16:[m[K [01;31m[Kerror: [m[Kexpected ‘[01m[K}[m[K’ at end of input
  287 |     RCLCPP_INFO[01;31m[K([m[Kthis -> get_logger(), "%d", name_to_handle_atnum = 0;
      |                [01;31m[K^[m[K
[01m[K/home/evan/code/lego-loam/lego/src/LeGO-LOAM/src/imageProjection.cpp:258:47:[m[K [01;36m[Knote: [m[Kto match this ‘[01m[K{[m[K’
  258 |   for (int j = 0; j < _horizontal_scans; ++j) [01;36m[K{[m[K
      |                                               [01;36m[K^[m[K
[01m[K/home/evan/code/lego-loam/lego/src/LeGO-LOAM/src/imageProjection.cpp:287:16:[m[K [01;31m[Kerror: [m[Kexpected ‘[01m[K}[m[K’ at end of input
  287 |     RCLCPP_INFO[01;31m[K([m[Kthis -> get_logger(), "%d", name_to_handle_atnum = 0;
      |                [01;31m[K^[m[K
[01m[K/home/evan/code/lego-loam/lego/src/LeGO-LOAM/src/imageProjection.cpp:252:39:[m[K [01;36m[Knote: [m[Kto match this ‘[01m[K{[m[K’
  252 | void ImageProjection::groundRemoval() [01;36m[K{[m[K
      |                                       [01;36m[K^[m[K
gmake[2]: *** [CMakeFiles/lego_loam_sr.dir/build.make:76: CMakeFiles/lego_loam_sr.dir/src/imageProjection.cpp.o] Interrupt
gmake[1]: *** [CMakeFiles/Makefile2:137: CMakeFiles/lego_loam_sr.dir/all] Interrupt
gmake: *** [Makefile:146: all] Interrupt
