[0.160s] Invoking command in '/home/evan/code/lego-loam/lego/build/lego_loam_sr': CMAKE_PREFIX_PATH=/home/evan/code/lego-loam/lego/install/cloud_msgs:/home/evan/code/lidar_slam/lidar_slam/install/slam_learn:/home/evan/code/lidar_slam/lidar_slam/install/other_msgs:/home/evan/code/lego-loam/lego/install/lego_loam_sr:/home/evan/code/ndt-loc/install/radar-odometry:/home/evan/code/ndt-loc/install/radar-data:/home/evan/code/ndt-loc/install/ndt-lidar-radar:/home/evan/code/ndt-loc/install/map:/home/evan/code/ndt-loc/install/data-publisher:/home/evan/code/ndt-loc/install/cloud_msgs:/home/evan/code/ndt-loc/install/a-loam:/opt/ros/humble LD_LIBRARY_PATH=/home/evan/code/lego-loam/lego/install/cloud_msgs/lib:/home/evan/code/lidar_slam/lidar_slam/install/other_msgs/lib:/home/evan/code/ndt-loc/install/cloud_msgs/lib:/opt/ros/humble/opt/rviz_ogre_vendor/lib:/opt/ros/humble/lib/x86_64-linux-gnu:/opt/ros/humble/lib:/usr/local/lib:/usr/local/lib /usr/bin/cmake --build /home/evan/code/lego-loam/lego/build/lego_loam_sr -- -j4 -l4
[0.312s] [35m[1mConsolidate compiler generated dependencies of target lego_loam_sr[0m
[0.402s] [ 16%] [32mBuilding CXX object CMakeFiles/lego_loam_sr.dir/src/imageProjection.cpp.o[0m
[7.771s] [01m[K/home/evan/code/lego-loam/lego/src/LeGO-LOAM/src/imageProjection.cpp:499:2:[m[K [01;31m[Kerror: [m[Kunterminated argument list invoking macro "RCLCPP_INFO"
[7.771s]   499 | }
[7.771s]       |  [01;31m[K^[m[K
[12.676s] [01m[K/home/evan/code/lego-loam/lego/src/LeGO-LOAM/src/imageProjection.cpp:[m[K In member function ‘[01m[Kvoid ImageProjection::groundRemoval()[m[K’:
[12.676s] [01m[K/home/evan/code/lego-loam/lego/src/LeGO-LOAM/src/imageProjection.cpp:287:5:[m[K [01;31m[Kerror: [m[K‘[01m[KRCLCPP_INFO[m[K’ was not declared in this scope
[12.676s]   287 |     [01;31m[KRCLCPP_INFO[m[K(this -> get_logger(), "%d", name_to_handle_atnum = 0;
[12.676s]       |     [01;31m[K^~~~~~~~~~~[m[K
[12.676s] [01m[K/home/evan/code/lego-loam/lego/src/LeGO-LOAM/src/imageProjection.cpp:287:16:[m[K [01;31m[Kerror: [m[Kexpected ‘[01m[K}[m[K’ at end of input
[12.676s]   287 |     RCLCPP_INFO[01;31m[K([m[Kthis -> get_logger(), "%d", name_to_handle_atnum = 0;
[12.676s]       |                [01;31m[K^[m[K
[12.676s] [01m[K/home/evan/code/lego-loam/lego/src/LeGO-LOAM/src/imageProjection.cpp:258:47:[m[K [01;36m[Knote: [m[Kto match this ‘[01m[K{[m[K’
[12.676s]   258 |   for (int j = 0; j < _horizontal_scans; ++j) [01;36m[K{[m[K
[12.676s]       |                                               [01;36m[K^[m[K
[12.677s] [01m[K/home/evan/code/lego-loam/lego/src/LeGO-LOAM/src/imageProjection.cpp:287:16:[m[K [01;31m[Kerror: [m[Kexpected ‘[01m[K}[m[K’ at end of input
[12.677s]   287 |     RCLCPP_INFO[01;31m[K([m[Kthis -> get_logger(), "%d", name_to_handle_atnum = 0;
[12.677s]       |                [01;31m[K^[m[K
[12.677s] [01m[K/home/evan/code/lego-loam/lego/src/LeGO-LOAM/src/imageProjection.cpp:252:39:[m[K [01;36m[Knote: [m[Kto match this ‘[01m[K{[m[K’
[12.677s]   252 | void ImageProjection::groundRemoval() [01;36m[K{[m[K
[12.677s]       |                                       [01;36m[K^[m[K
[15.750s] gmake[2]: *** [CMakeFiles/lego_loam_sr.dir/build.make:76: CMakeFiles/lego_loam_sr.dir/src/imageProjection.cpp.o] Interrupt
[15.750s] gmake[1]: *** [CMakeFiles/Makefile2:137: CMakeFiles/lego_loam_sr.dir/all] Interrupt
[15.751s] gmake: *** [Makefile:146: all] Interrupt
[15.822s] Invoked command in '/home/evan/code/lego-loam/lego/build/lego_loam_sr' returned '-2': CMAKE_PREFIX_PATH=/home/evan/code/lego-loam/lego/install/cloud_msgs:/home/evan/code/lidar_slam/lidar_slam/install/slam_learn:/home/evan/code/lidar_slam/lidar_slam/install/other_msgs:/home/evan/code/lego-loam/lego/install/lego_loam_sr:/home/evan/code/ndt-loc/install/radar-odometry:/home/evan/code/ndt-loc/install/radar-data:/home/evan/code/ndt-loc/install/ndt-lidar-radar:/home/evan/code/ndt-loc/install/map:/home/evan/code/ndt-loc/install/data-publisher:/home/evan/code/ndt-loc/install/cloud_msgs:/home/evan/code/ndt-loc/install/a-loam:/opt/ros/humble LD_LIBRARY_PATH=/home/evan/code/lego-loam/lego/install/cloud_msgs/lib:/home/evan/code/lidar_slam/lidar_slam/install/other_msgs/lib:/home/evan/code/ndt-loc/install/cloud_msgs/lib:/opt/ros/humble/opt/rviz_ogre_vendor/lib:/opt/ros/humble/lib/x86_64-linux-gnu:/opt/ros/humble/lib:/usr/local/lib:/usr/local/lib /usr/bin/cmake --build /home/evan/code/lego-loam/lego/build/lego_loam_sr -- -j4 -l4
