[28.217s] DEBUG:colcon:Command line arguments: ['/usr/bin/colcon', 'build', '--packages-select', 'lidar_slam']
[28.217s] DEBUG:colcon:Parsed command line arguments: Namespace(log_base=None, log_level=None, verb_name='build', build_base='build', install_base='install', merge_install=False, symlink_install=False, test_result_base=None, continue_on_error=False, executor='parallel', parallel_workers=4, event_handlers=None, ignore_user_meta=False, metas=['./colcon.meta'], base_paths=['.'], packages_ignore=None, packages_ignore_regex=None, paths=None, packages_up_to=None, packages_up_to_regex=None, packages_above=None, packages_above_and_dependencies=None, packages_above_depth=None, packages_select_by_dep=None, packages_skip_by_dep=None, packages_skip_up_to=None, packages_select_build_failed=False, packages_skip_build_finished=False, packages_select_test_failures=False, packages_skip_test_passed=False, packages_select=['lidar_slam'], packages_skip=None, packages_select_regex=None, packages_skip_regex=None, packages_start=None, packages_end=None, allow_overriding=[], cmake_args=None, cmake_target=None, cmake_target_skip_unavailable=False, cmake_clean_cache=False, cmake_clean_first=False, cmake_force_configure=False, ament_cmake_args=None, catkin_cmake_args=None, catkin_skip_building_tests=False, verb_parser=<colcon_defaults.argument_parser.defaults.DefaultArgumentsDecorator object at 0x7fc9b3faab00>, verb_extension=<colcon_core.verb.build.BuildVerb object at 0x7fc9b407ffa0>, main=<bound method BuildVerb.main of <colcon_core.verb.build.BuildVerb object at 0x7fc9b407ffa0>>)
[30.484s] Level 1:colcon.colcon_core.package_discovery:discover_packages(colcon_meta) check parameters
[30.484s] Level 1:colcon.colcon_core.package_discovery:discover_packages(recursive) check parameters
[30.484s] Level 1:colcon.colcon_core.package_discovery:discover_packages(ignore) check parameters
[30.484s] Level 1:colcon.colcon_core.package_discovery:discover_packages(path) check parameters
[30.484s] Level 1:colcon.colcon_core.package_discovery:discover_packages(colcon_meta) discover
[30.484s] Level 1:colcon.colcon_core.package_discovery:discover_packages(recursive) discover
[30.484s] INFO:colcon.colcon_core.package_discovery:Crawling recursively for packages in '/home/evan/code/Complete_slam_system/lidar_slam_system'
[30.484s] Level 1:colcon.colcon_core.package_identification:_identify(.) by extensions ['ignore', 'ignore_ament_install']
[30.484s] Level 1:colcon.colcon_core.package_identification:_identify(.) by extension 'ignore'
[30.485s] Level 1:colcon.colcon_core.package_identification:_identify(.) by extension 'ignore_ament_install'
[30.485s] Level 1:colcon.colcon_core.package_identification:_identify(.) by extensions ['colcon_pkg']
[30.485s] Level 1:colcon.colcon_core.package_identification:_identify(.) by extension 'colcon_pkg'
[30.485s] Level 1:colcon.colcon_core.package_identification:_identify(.) by extensions ['colcon_meta']
[30.485s] Level 1:colcon.colcon_core.package_identification:_identify(.) by extension 'colcon_meta'
[30.485s] Level 1:colcon.colcon_core.package_identification:_identify(.) by extensions ['ros']
[30.485s] Level 1:colcon.colcon_core.package_identification:_identify(.) by extension 'ros'
[30.804s] Level 1:colcon.colcon_core.package_identification:_identify(.) by extensions ['cmake', 'python']
[30.805s] Level 1:colcon.colcon_core.package_identification:_identify(.) by extension 'cmake'
[30.805s] Level 1:colcon.colcon_core.package_identification:_identify(.) by extension 'python'
[30.805s] Level 1:colcon.colcon_core.package_identification:_identify(.) by extensions ['python_setup_py']
[30.805s] Level 1:colcon.colcon_core.package_identification:_identify(.) by extension 'python_setup_py'
[30.805s] Level 1:colcon.colcon_core.package_identification:_identify(build) by extensions ['ignore', 'ignore_ament_install']
[30.805s] Level 1:colcon.colcon_core.package_identification:_identify(build) by extension 'ignore'
[30.805s] Level 1:colcon.colcon_core.package_identification:_identify(build) ignored
[30.805s] Level 1:colcon.colcon_core.package_identification:_identify(install) by extensions ['ignore', 'ignore_ament_install']
[30.805s] Level 1:colcon.colcon_core.package_identification:_identify(install) by extension 'ignore'
[30.805s] Level 1:colcon.colcon_core.package_identification:_identify(install) ignored
[30.806s] Level 1:colcon.colcon_core.package_identification:_identify(log) by extensions ['ignore', 'ignore_ament_install']
[30.806s] Level 1:colcon.colcon_core.package_identification:_identify(log) by extension 'ignore'
[30.806s] Level 1:colcon.colcon_core.package_identification:_identify(log) ignored
[30.806s] Level 1:colcon.colcon_core.package_identification:_identify(src) by extensions ['ignore', 'ignore_ament_install']
[30.806s] Level 1:colcon.colcon_core.package_identification:_identify(src) by extension 'ignore'
[30.806s] Level 1:colcon.colcon_core.package_identification:_identify(src) by extension 'ignore_ament_install'
[30.806s] Level 1:colcon.colcon_core.package_identification:_identify(src) by extensions ['colcon_pkg']
[30.806s] Level 1:colcon.colcon_core.package_identification:_identify(src) by extension 'colcon_pkg'
[30.806s] Level 1:colcon.colcon_core.package_identification:_identify(src) by extensions ['colcon_meta']
[30.806s] Level 1:colcon.colcon_core.package_identification:_identify(src) by extension 'colcon_meta'
[30.806s] Level 1:colcon.colcon_core.package_identification:_identify(src) by extensions ['ros']
[30.806s] Level 1:colcon.colcon_core.package_identification:_identify(src) by extension 'ros'
[30.806s] Level 1:colcon.colcon_core.package_identification:_identify(src) by extensions ['cmake', 'python']
[30.807s] Level 1:colcon.colcon_core.package_identification:_identify(src) by extension 'cmake'
[30.807s] Level 1:colcon.colcon_core.package_identification:_identify(src) by extension 'python'
[30.807s] Level 1:colcon.colcon_core.package_identification:_identify(src) by extensions ['python_setup_py']
[30.807s] Level 1:colcon.colcon_core.package_identification:_identify(src) by extension 'python_setup_py'
[30.807s] Level 1:colcon.colcon_core.package_identification:_identify(src/lidar_slam) by extensions ['ignore', 'ignore_ament_install']
[30.807s] Level 1:colcon.colcon_core.package_identification:_identify(src/lidar_slam) by extension 'ignore'
[30.807s] Level 1:colcon.colcon_core.package_identification:_identify(src/lidar_slam) by extension 'ignore_ament_install'
[30.807s] Level 1:colcon.colcon_core.package_identification:_identify(src/lidar_slam) by extensions ['colcon_pkg']
[30.807s] Level 1:colcon.colcon_core.package_identification:_identify(src/lidar_slam) by extension 'colcon_pkg'
[30.807s] Level 1:colcon.colcon_core.package_identification:_identify(src/lidar_slam) by extensions ['colcon_meta']
[30.807s] Level 1:colcon.colcon_core.package_identification:_identify(src/lidar_slam) by extension 'colcon_meta'
[30.807s] Level 1:colcon.colcon_core.package_identification:_identify(src/lidar_slam) by extensions ['ros']
[30.807s] Level 1:colcon.colcon_core.package_identification:_identify(src/lidar_slam) by extension 'ros'
[30.904s] DEBUG:colcon.colcon_core.package_identification:Package 'src/lidar_slam' with type 'ros.ament_cmake' and name 'lidar_slam'
[30.904s] Level 1:colcon.colcon_core.package_identification:_identify(src/lidar_slam_msgs) by extensions ['ignore', 'ignore_ament_install']
[30.905s] Level 1:colcon.colcon_core.package_identification:_identify(src/lidar_slam_msgs) by extension 'ignore'
[30.905s] Level 1:colcon.colcon_core.package_identification:_identify(src/lidar_slam_msgs) by extension 'ignore_ament_install'
[30.905s] Level 1:colcon.colcon_core.package_identification:_identify(src/lidar_slam_msgs) by extensions ['colcon_pkg']
[30.905s] Level 1:colcon.colcon_core.package_identification:_identify(src/lidar_slam_msgs) by extension 'colcon_pkg'
[30.905s] Level 1:colcon.colcon_core.package_identification:_identify(src/lidar_slam_msgs) by extensions ['colcon_meta']
[30.905s] Level 1:colcon.colcon_core.package_identification:_identify(src/lidar_slam_msgs) by extension 'colcon_meta'
[30.905s] Level 1:colcon.colcon_core.package_identification:_identify(src/lidar_slam_msgs) by extensions ['ros']
[30.905s] Level 1:colcon.colcon_core.package_identification:_identify(src/lidar_slam_msgs) by extension 'ros'
[30.958s] DEBUG:colcon.colcon_core.package_identification:Package 'src/lidar_slam_msgs' with type 'ros.ament_cmake' and name 'lidar_slam_msgs'
[30.958s] Level 1:colcon.colcon_core.package_discovery:discover_packages(recursive) using defaults
[30.958s] Level 1:colcon.colcon_core.package_discovery:discover_packages(ignore) discover
[30.958s] Level 1:colcon.colcon_core.package_discovery:discover_packages(ignore) using defaults
[30.958s] Level 1:colcon.colcon_core.package_discovery:discover_packages(path) discover
[30.958s] Level 1:colcon.colcon_core.package_discovery:discover_packages(path) using defaults
[32.774s] INFO:colcon.colcon_core.package_selection:Skipping not selected package 'lidar_slam_msgs' in 'src/lidar_slam_msgs'
[32.860s] Level 1:colcon.colcon_core.package_discovery:discover_packages(prefix_path) check parameters
[32.860s] Level 1:colcon.colcon_core.package_discovery:discover_packages(prefix_path) discover
[33.671s] DEBUG:colcon.colcon_installed_package_information.package_discovery:Found 2 installed packages in /home/evan/code/lidar_slam/lidar_slam/install
[33.672s] DEBUG:colcon.colcon_installed_package_information.package_discovery:Found 2 installed packages in /home/evan/code/Complete_slam_system/lidar_slam_system/install
[33.723s] DEBUG:colcon.colcon_installed_package_information.package_discovery:Found 2 installed packages in /home/evan/code/lego-loam/lego/install
[33.757s] DEBUG:colcon.colcon_installed_package_information.package_discovery:Found 7 installed packages in /home/evan/code/ndt-loc/install
[33.883s] DEBUG:colcon.colcon_installed_package_information.package_discovery:Found 270 installed packages in /opt/ros/humble
[33.885s] Level 1:colcon.colcon_core.package_discovery:discover_packages(prefix_path) using defaults
[40.614s] Level 5:colcon.colcon_core.verb:set package 'lidar_slam' build argument 'cmake_args' from command line to 'None'
[40.614s] Level 5:colcon.colcon_core.verb:set package 'lidar_slam' build argument 'cmake_target' from command line to 'None'
[40.614s] Level 5:colcon.colcon_core.verb:set package 'lidar_slam' build argument 'cmake_target_skip_unavailable' from command line to 'False'
[40.614s] Level 5:colcon.colcon_core.verb:set package 'lidar_slam' build argument 'cmake_clean_cache' from command line to 'False'
[40.614s] Level 5:colcon.colcon_core.verb:set package 'lidar_slam' build argument 'cmake_clean_first' from command line to 'False'
[40.614s] Level 5:colcon.colcon_core.verb:set package 'lidar_slam' build argument 'cmake_force_configure' from command line to 'False'
[40.614s] Level 5:colcon.colcon_core.verb:set package 'lidar_slam' build argument 'ament_cmake_args' from command line to 'None'
[40.614s] Level 5:colcon.colcon_core.verb:set package 'lidar_slam' build argument 'catkin_cmake_args' from command line to 'None'
[40.615s] Level 5:colcon.colcon_core.verb:set package 'lidar_slam' build argument 'catkin_skip_building_tests' from command line to 'False'
[40.615s] DEBUG:colcon.colcon_core.verb:Building package 'lidar_slam' with the following arguments: {'ament_cmake_args': None, 'build_base': '/home/evan/code/Complete_slam_system/lidar_slam_system/build/lidar_slam', 'catkin_cmake_args': None, 'catkin_skip_building_tests': False, 'cmake_args': None, 'cmake_clean_cache': False, 'cmake_clean_first': False, 'cmake_force_configure': False, 'cmake_target': None, 'cmake_target_skip_unavailable': False, 'install_base': '/home/evan/code/Complete_slam_system/lidar_slam_system/install/lidar_slam', 'merge_install': False, 'path': '/home/evan/code/Complete_slam_system/lidar_slam_system/src/lidar_slam', 'symlink_install': False, 'test_result_base': None}
[40.615s] INFO:colcon.colcon_core.executor:Executing jobs using 'parallel' executor
[40.619s] DEBUG:colcon.colcon_parallel_executor.executor.parallel:run_until_complete
[40.619s] INFO:colcon.colcon_ros.task.ament_cmake.build:Building ROS package in '/home/evan/code/Complete_slam_system/lidar_slam_system/src/lidar_slam' with build type 'ament_cmake'
[40.619s] INFO:colcon.colcon_cmake.task.cmake.build:Building CMake package in '/home/evan/code/Complete_slam_system/lidar_slam_system/src/lidar_slam'
[40.936s] INFO:colcon.colcon_core.plugin_system:Skipping extension 'colcon_core.shell.bat': Not used on non-Windows systems
[40.937s] INFO:colcon.colcon_core.shell:Skip shell extension 'powershell' for command environment: Not usable outside of PowerShell
[40.937s] DEBUG:colcon.colcon_core.shell:Skip shell extension 'dsv' for command environment
[41.183s] DEBUG:colcon.colcon_core.event_handler.log_command:Invoking command in '/home/evan/code/Complete_slam_system/lidar_slam_system/build/lidar_slam': CMAKE_PREFIX_PATH=${CMAKE_PREFIX_PATH}:/home/evan/code/lego-loam/lego/install/cloud_msgs:/opt/ros/humble /usr/bin/cmake --build /home/evan/code/Complete_slam_system/lidar_slam_system/build/lidar_slam -- -j4 -l4
[80.533s] DEBUG:colcon.colcon_core.event_handler.log_command:Invoked command in '/home/evan/code/Complete_slam_system/lidar_slam_system/build/lidar_slam' returned '0': CMAKE_PREFIX_PATH=${CMAKE_PREFIX_PATH}:/home/evan/code/lego-loam/lego/install/cloud_msgs:/opt/ros/humble /usr/bin/cmake --build /home/evan/code/Complete_slam_system/lidar_slam_system/build/lidar_slam -- -j4 -l4
[80.588s] DEBUG:colcon.colcon_core.event_handler.log_command:Invoking command in '/home/evan/code/Complete_slam_system/lidar_slam_system/build/lidar_slam': CMAKE_PREFIX_PATH=${CMAKE_PREFIX_PATH}:/home/evan/code/lego-loam/lego/install/cloud_msgs:/opt/ros/humble /usr/bin/cmake --install /home/evan/code/Complete_slam_system/lidar_slam_system/build/lidar_slam
[81.001s] Level 1:colcon.colcon_core.environment:create_environment_scripts_only(lidar_slam)
[81.003s] DEBUG:colcon.colcon_core.event_handler.log_command:Invoked command in '/home/evan/code/Complete_slam_system/lidar_slam_system/build/lidar_slam' returned '0': CMAKE_PREFIX_PATH=${CMAKE_PREFIX_PATH}:/home/evan/code/lego-loam/lego/install/cloud_msgs:/opt/ros/humble /usr/bin/cmake --install /home/evan/code/Complete_slam_system/lidar_slam_system/build/lidar_slam
[81.188s] Level 1:colcon.colcon_core.environment:checking '/home/evan/code/Complete_slam_system/lidar_slam_system/install/lidar_slam' for CMake module files
[81.189s] Level 1:colcon.colcon_core.environment:checking '/home/evan/code/Complete_slam_system/lidar_slam_system/install/lidar_slam' for CMake config files
[81.189s] Level 1:colcon.colcon_core.shell:create_environment_hook('lidar_slam', 'cmake_prefix_path')
[81.191s] INFO:colcon.colcon_core.shell:Creating environment hook '/home/evan/code/Complete_slam_system/lidar_slam_system/install/lidar_slam/share/lidar_slam/hook/cmake_prefix_path.ps1'
[81.225s] INFO:colcon.colcon_core.shell:Creating environment descriptor '/home/evan/code/Complete_slam_system/lidar_slam_system/install/lidar_slam/share/lidar_slam/hook/cmake_prefix_path.dsv'
[81.245s] INFO:colcon.colcon_core.shell:Creating environment hook '/home/evan/code/Complete_slam_system/lidar_slam_system/install/lidar_slam/share/lidar_slam/hook/cmake_prefix_path.sh'
[81.247s] Level 1:colcon.colcon_core.environment:checking '/home/evan/code/Complete_slam_system/lidar_slam_system/install/lidar_slam/lib'
[81.247s] Level 1:colcon.colcon_core.environment:checking '/home/evan/code/Complete_slam_system/lidar_slam_system/install/lidar_slam/bin'
[81.247s] Level 1:colcon.colcon_core.environment:checking '/home/evan/code/Complete_slam_system/lidar_slam_system/install/lidar_slam/lib/pkgconfig/lidar_slam.pc'
[81.247s] Level 1:colcon.colcon_core.environment:checking '/home/evan/code/Complete_slam_system/lidar_slam_system/install/lidar_slam/lib/python3.10/site-packages'
[81.248s] Level 1:colcon.colcon_core.environment:checking '/home/evan/code/Complete_slam_system/lidar_slam_system/install/lidar_slam/bin'
[81.249s] INFO:colcon.colcon_core.shell:Creating package script '/home/evan/code/Complete_slam_system/lidar_slam_system/install/lidar_slam/share/lidar_slam/package.ps1'
[81.250s] INFO:colcon.colcon_core.shell:Creating package descriptor '/home/evan/code/Complete_slam_system/lidar_slam_system/install/lidar_slam/share/lidar_slam/package.dsv'
[81.251s] INFO:colcon.colcon_core.shell:Creating package script '/home/evan/code/Complete_slam_system/lidar_slam_system/install/lidar_slam/share/lidar_slam/package.sh'
[81.252s] INFO:colcon.colcon_core.shell:Creating package script '/home/evan/code/Complete_slam_system/lidar_slam_system/install/lidar_slam/share/lidar_slam/package.bash'
[81.280s] INFO:colcon.colcon_core.shell:Creating package script '/home/evan/code/Complete_slam_system/lidar_slam_system/install/lidar_slam/share/lidar_slam/package.zsh'
[81.286s] Level 1:colcon.colcon_core.environment:create_file_with_runtime_dependencies(/home/evan/code/Complete_slam_system/lidar_slam_system/install/lidar_slam/share/colcon-core/packages/lidar_slam)
[81.333s] Level 1:colcon.colcon_core.environment:create_environment_scripts_only(lidar_slam)
[81.335s] Level 1:colcon.colcon_core.environment:checking '/home/evan/code/Complete_slam_system/lidar_slam_system/install/lidar_slam' for CMake module files
[81.335s] Level 1:colcon.colcon_core.environment:checking '/home/evan/code/Complete_slam_system/lidar_slam_system/install/lidar_slam' for CMake config files
[81.336s] Level 1:colcon.colcon_core.shell:create_environment_hook('lidar_slam', 'cmake_prefix_path')
[81.337s] INFO:colcon.colcon_core.shell:Creating environment hook '/home/evan/code/Complete_slam_system/lidar_slam_system/install/lidar_slam/share/lidar_slam/hook/cmake_prefix_path.ps1'
[81.338s] INFO:colcon.colcon_core.shell:Creating environment descriptor '/home/evan/code/Complete_slam_system/lidar_slam_system/install/lidar_slam/share/lidar_slam/hook/cmake_prefix_path.dsv'
[81.338s] INFO:colcon.colcon_core.shell:Creating environment hook '/home/evan/code/Complete_slam_system/lidar_slam_system/install/lidar_slam/share/lidar_slam/hook/cmake_prefix_path.sh'
[81.339s] Level 1:colcon.colcon_core.environment:checking '/home/evan/code/Complete_slam_system/lidar_slam_system/install/lidar_slam/lib'
[81.339s] Level 1:colcon.colcon_core.environment:checking '/home/evan/code/Complete_slam_system/lidar_slam_system/install/lidar_slam/bin'
[81.339s] Level 1:colcon.colcon_core.environment:checking '/home/evan/code/Complete_slam_system/lidar_slam_system/install/lidar_slam/lib/pkgconfig/lidar_slam.pc'
[81.340s] Level 1:colcon.colcon_core.environment:checking '/home/evan/code/Complete_slam_system/lidar_slam_system/install/lidar_slam/lib/python3.10/site-packages'
[81.340s] Level 1:colcon.colcon_core.environment:checking '/home/evan/code/Complete_slam_system/lidar_slam_system/install/lidar_slam/bin'
[81.341s] INFO:colcon.colcon_core.shell:Creating package script '/home/evan/code/Complete_slam_system/lidar_slam_system/install/lidar_slam/share/lidar_slam/package.ps1'
[81.342s] INFO:colcon.colcon_core.shell:Creating package descriptor '/home/evan/code/Complete_slam_system/lidar_slam_system/install/lidar_slam/share/lidar_slam/package.dsv'
[81.343s] INFO:colcon.colcon_core.shell:Creating package script '/home/evan/code/Complete_slam_system/lidar_slam_system/install/lidar_slam/share/lidar_slam/package.sh'
[81.343s] INFO:colcon.colcon_core.shell:Creating package script '/home/evan/code/Complete_slam_system/lidar_slam_system/install/lidar_slam/share/lidar_slam/package.bash'
[81.344s] INFO:colcon.colcon_core.shell:Creating package script '/home/evan/code/Complete_slam_system/lidar_slam_system/install/lidar_slam/share/lidar_slam/package.zsh'
[81.344s] Level 1:colcon.colcon_core.environment:create_file_with_runtime_dependencies(/home/evan/code/Complete_slam_system/lidar_slam_system/install/lidar_slam/share/colcon-core/packages/lidar_slam)
[81.345s] DEBUG:colcon.colcon_parallel_executor.executor.parallel:closing loop
[81.345s] DEBUG:colcon.colcon_parallel_executor.executor.parallel:loop closed
[81.345s] DEBUG:colcon.colcon_parallel_executor.executor.parallel:run_until_complete finished with '0'
[81.345s] DEBUG:colcon.colcon_core.event_reactor:joining thread
[81.459s] INFO:colcon.colcon_core.plugin_system:Skipping extension 'colcon_notification.desktop_notification.terminal_notifier': Not used on non-Darwin systems
[81.459s] INFO:colcon.colcon_core.plugin_system:Skipping extension 'colcon_notification.desktop_notification.win32': Not used on non-Windows systems
[81.459s] INFO:colcon.colcon_notification.desktop_notification:Sending desktop notification using 'notify2'
[81.492s] DEBUG:colcon.colcon_core.event_reactor:joined thread
[81.494s] INFO:colcon.colcon_core.shell:Creating prefix script '/home/evan/code/Complete_slam_system/lidar_slam_system/install/local_setup.ps1'
[81.496s] INFO:colcon.colcon_core.shell:Creating prefix util module '/home/evan/code/Complete_slam_system/lidar_slam_system/install/_local_setup_util_ps1.py'
[81.510s] INFO:colcon.colcon_core.shell:Creating prefix chain script '/home/evan/code/Complete_slam_system/lidar_slam_system/install/setup.ps1'
[81.514s] INFO:colcon.colcon_core.shell:Creating prefix script '/home/evan/code/Complete_slam_system/lidar_slam_system/install/local_setup.sh'
[81.515s] INFO:colcon.colcon_core.shell:Creating prefix util module '/home/evan/code/Complete_slam_system/lidar_slam_system/install/_local_setup_util_sh.py'
[81.516s] INFO:colcon.colcon_core.shell:Creating prefix chain script '/home/evan/code/Complete_slam_system/lidar_slam_system/install/setup.sh'
[81.518s] INFO:colcon.colcon_core.shell:Creating prefix script '/home/evan/code/Complete_slam_system/lidar_slam_system/install/local_setup.bash'
[81.519s] INFO:colcon.colcon_core.shell:Creating prefix chain script '/home/evan/code/Complete_slam_system/lidar_slam_system/install/setup.bash'
[81.522s] INFO:colcon.colcon_core.shell:Creating prefix script '/home/evan/code/Complete_slam_system/lidar_slam_system/install/local_setup.zsh'
[81.522s] INFO:colcon.colcon_core.shell:Creating prefix chain script '/home/evan/code/Complete_slam_system/lidar_slam_system/install/setup.zsh'
