[0.074s] Invoking command in '/home/evan/code/lego-loam/lego/build/cloud_msgs': CMAKE_PREFIX_PATH=${CMAKE_PREFIX_PATH}:/opt/ros/humble /usr/bin/cmake --build /home/evan/code/lego-loam/lego/build/cloud_msgs -- -j4 -l4
[1.279s] [  3%] Built target cloud_msgs__cpp
[1.338s] [  3%] Built target ament_cmake_python_copy_cloud_msgs
[1.356s] [ 12%] Built target cloud_msgs__rosidl_generator_c
[1.515s] [ 22%] Built target cloud_msgs__rosidl_typesupport_fastrtps_cpp
[1.523s] [ 32%] Built target cloud_msgs__rosidl_typesupport_cpp
[1.544s] [ 41%] Built target cloud_msgs__rosidl_typesupport_introspection_cpp
[1.641s] [ 51%] Built target cloud_msgs__rosidl_typesupport_fastrtps_c
[1.656s] [ 61%] Built target cloud_msgs__rosidl_typesupport_introspection_c
[1.774s] [ 70%] Built target cloud_msgs__rosidl_typesupport_c
[1.834s] [ 70%] Built target cloud_msgs
[2.001s] running egg_info
[2.003s] writing cloud_msgs.egg-info/PKG-INFO
[2.003s] writing dependency_links to cloud_msgs.egg-info/dependency_links.txt
[2.003s] writing top-level names to cloud_msgs.egg-info/top_level.txt
[2.043s] [ 74%] Built target cloud_msgs__py
[2.068s] reading manifest file 'cloud_msgs.egg-info/SOURCES.txt'
[2.109s] writing manifest file 'cloud_msgs.egg-info/SOURCES.txt'
[2.213s] [ 74%] Built target ament_cmake_python_build_cloud_msgs_egg
[2.290s] [ 80%] Built target cloud_msgs__rosidl_generator_py
[2.547s] [ 87%] Built target cloud_msgs__rosidl_typesupport_introspection_c__pyext
[2.548s] [ 96%] Built target cloud_msgs__rosidl_typesupport_fastrtps_c__pyext
[2.549s] [100%] Built target cloud_msgs__rosidl_typesupport_c__pyext
[2.589s] Invoked command in '/home/evan/code/lego-loam/lego/build/cloud_msgs' returned '0': CMAKE_PREFIX_PATH=${CMAKE_PREFIX_PATH}:/opt/ros/humble /usr/bin/cmake --build /home/evan/code/lego-loam/lego/build/cloud_msgs -- -j4 -l4
[2.666s] Invoking command in '/home/evan/code/lego-loam/lego/build/cloud_msgs': CMAKE_PREFIX_PATH=${CMAKE_PREFIX_PATH}:/opt/ros/humble /usr/bin/cmake --install /home/evan/code/lego-loam/lego/build/cloud_msgs
[2.700s] -- Install configuration: ""
[2.700s] -- Up-to-date: /home/evan/code/lego-loam/lego/install/cloud_msgs/share/ament_index/resource_index/rosidl_interfaces/cloud_msgs
[2.701s] -- Up-to-date: /home/evan/code/lego-loam/lego/install/cloud_msgs/include/cloud_msgs/cloud_msgs
[2.701s] -- Up-to-date: /home/evan/code/lego-loam/lego/install/cloud_msgs/include/cloud_msgs/cloud_msgs/msg
[2.701s] -- Up-to-date: /home/evan/code/lego-loam/lego/install/cloud_msgs/include/cloud_msgs/cloud_msgs/msg/detail
[2.701s] -- Up-to-date: /home/evan/code/lego-loam/lego/install/cloud_msgs/include/cloud_msgs/cloud_msgs/msg/detail/cloud_info__functions.c
[2.701s] -- Up-to-date: /home/evan/code/lego-loam/lego/install/cloud_msgs/include/cloud_msgs/cloud_msgs/msg/detail/cloud_info__struct.h
[2.701s] -- Up-to-date: /home/evan/code/lego-loam/lego/install/cloud_msgs/include/cloud_msgs/cloud_msgs/msg/detail/cloud_info__functions.h
[2.701s] -- Up-to-date: /home/evan/code/lego-loam/lego/install/cloud_msgs/include/cloud_msgs/cloud_msgs/msg/detail/cloud_info__type_support.h
[2.701s] -- Up-to-date: /home/evan/code/lego-loam/lego/install/cloud_msgs/include/cloud_msgs/cloud_msgs/msg/cloud_info.h
[2.701s] -- Up-to-date: /home/evan/code/lego-loam/lego/install/cloud_msgs/include/cloud_msgs/cloud_msgs/msg/rosidl_generator_c__visibility_control.h
[2.701s] -- Up-to-date: /home/evan/code/lego-loam/lego/install/cloud_msgs/share/cloud_msgs/environment/library_path.sh
[2.701s] -- Up-to-date: /home/evan/code/lego-loam/lego/install/cloud_msgs/share/cloud_msgs/environment/library_path.dsv
[2.786s] -- Up-to-date: /home/evan/code/lego-loam/lego/install/cloud_msgs/lib/libcloud_msgs__rosidl_generator_c.so
[2.787s] -- Up-to-date: /home/evan/code/lego-loam/lego/install/cloud_msgs/include/cloud_msgs/cloud_msgs
[2.787s] -- Up-to-date: /home/evan/code/lego-loam/lego/install/cloud_msgs/include/cloud_msgs/cloud_msgs/msg
[2.787s] -- Up-to-date: /home/evan/code/lego-loam/lego/install/cloud_msgs/include/cloud_msgs/cloud_msgs/msg/detail
[2.787s] -- Up-to-date: /home/evan/code/lego-loam/lego/install/cloud_msgs/include/cloud_msgs/cloud_msgs/msg/detail/cloud_info__rosidl_typesupport_fastrtps_c.h
[2.787s] -- Up-to-date: /home/evan/code/lego-loam/lego/install/cloud_msgs/include/cloud_msgs/cloud_msgs/msg/rosidl_typesupport_fastrtps_c__visibility_control.h
[2.794s] -- Up-to-date: /home/evan/code/lego-loam/lego/install/cloud_msgs/lib/libcloud_msgs__rosidl_typesupport_fastrtps_c.so
[2.795s] -- Up-to-date: /home/evan/code/lego-loam/lego/install/cloud_msgs/include/cloud_msgs/cloud_msgs
[2.795s] -- Up-to-date: /home/evan/code/lego-loam/lego/install/cloud_msgs/include/cloud_msgs/cloud_msgs/msg
[2.795s] -- Up-to-date: /home/evan/code/lego-loam/lego/install/cloud_msgs/include/cloud_msgs/cloud_msgs/msg/detail
[2.795s] -- Up-to-date: /home/evan/code/lego-loam/lego/install/cloud_msgs/include/cloud_msgs/cloud_msgs/msg/detail/cloud_info__builder.hpp
[2.795s] -- Up-to-date: /home/evan/code/lego-loam/lego/install/cloud_msgs/include/cloud_msgs/cloud_msgs/msg/detail/cloud_info__traits.hpp
[2.795s] -- Up-to-date: /home/evan/code/lego-loam/lego/install/cloud_msgs/include/cloud_msgs/cloud_msgs/msg/detail/cloud_info__struct.hpp
[2.795s] -- Up-to-date: /home/evan/code/lego-loam/lego/install/cloud_msgs/include/cloud_msgs/cloud_msgs/msg/cloud_info.hpp
[2.795s] -- Up-to-date: /home/evan/code/lego-loam/lego/install/cloud_msgs/include/cloud_msgs/cloud_msgs
[2.796s] -- Up-to-date: /home/evan/code/lego-loam/lego/install/cloud_msgs/include/cloud_msgs/cloud_msgs/msg
[2.796s] -- Up-to-date: /home/evan/code/lego-loam/lego/install/cloud_msgs/include/cloud_msgs/cloud_msgs/msg/detail
[2.796s] -- Up-to-date: /home/evan/code/lego-loam/lego/install/cloud_msgs/include/cloud_msgs/cloud_msgs/msg/detail/dds_fastrtps
[2.796s] -- Up-to-date: /home/evan/code/lego-loam/lego/install/cloud_msgs/include/cloud_msgs/cloud_msgs/msg/detail/cloud_info__rosidl_typesupport_fastrtps_cpp.hpp
[2.796s] -- Up-to-date: /home/evan/code/lego-loam/lego/install/cloud_msgs/include/cloud_msgs/cloud_msgs/msg/rosidl_typesupport_fastrtps_cpp__visibility_control.h
[2.796s] -- Up-to-date: /home/evan/code/lego-loam/lego/install/cloud_msgs/lib/libcloud_msgs__rosidl_typesupport_fastrtps_cpp.so
[2.796s] -- Up-to-date: /home/evan/code/lego-loam/lego/install/cloud_msgs/include/cloud_msgs/cloud_msgs
[2.796s] -- Up-to-date: /home/evan/code/lego-loam/lego/install/cloud_msgs/include/cloud_msgs/cloud_msgs/msg
[2.796s] -- Up-to-date: /home/evan/code/lego-loam/lego/install/cloud_msgs/include/cloud_msgs/cloud_msgs/msg/detail
[2.796s] -- Up-to-date: /home/evan/code/lego-loam/lego/install/cloud_msgs/include/cloud_msgs/cloud_msgs/msg/detail/cloud_info__rosidl_typesupport_introspection_c.h
[2.796s] -- Up-to-date: /home/evan/code/lego-loam/lego/install/cloud_msgs/include/cloud_msgs/cloud_msgs/msg/detail/cloud_info__type_support.c
[2.796s] -- Up-to-date: /home/evan/code/lego-loam/lego/install/cloud_msgs/include/cloud_msgs/cloud_msgs/msg/rosidl_typesupport_introspection_c__visibility_control.h
[2.826s] -- Up-to-date: /home/evan/code/lego-loam/lego/install/cloud_msgs/lib/libcloud_msgs__rosidl_typesupport_introspection_c.so
[2.852s] -- Up-to-date: /home/evan/code/lego-loam/lego/install/cloud_msgs/lib/libcloud_msgs__rosidl_typesupport_c.so
[2.852s] -- Up-to-date: /home/evan/code/lego-loam/lego/install/cloud_msgs/include/cloud_msgs/cloud_msgs
[2.852s] -- Up-to-date: /home/evan/code/lego-loam/lego/install/cloud_msgs/include/cloud_msgs/cloud_msgs/msg
[2.852s] -- Up-to-date: /home/evan/code/lego-loam/lego/install/cloud_msgs/include/cloud_msgs/cloud_msgs/msg/detail
[2.852s] -- Up-to-date: /home/evan/code/lego-loam/lego/install/cloud_msgs/include/cloud_msgs/cloud_msgs/msg/detail/cloud_info__type_support.cpp
[2.852s] -- Up-to-date: /home/evan/code/lego-loam/lego/install/cloud_msgs/include/cloud_msgs/cloud_msgs/msg/detail/cloud_info__rosidl_typesupport_introspection_cpp.hpp
[2.852s] -- Up-to-date: /home/evan/code/lego-loam/lego/install/cloud_msgs/lib/libcloud_msgs__rosidl_typesupport_introspection_cpp.so
[2.853s] -- Up-to-date: /home/evan/code/lego-loam/lego/install/cloud_msgs/lib/libcloud_msgs__rosidl_typesupport_cpp.so
[2.853s] -- Up-to-date: /home/evan/code/lego-loam/lego/install/cloud_msgs/share/cloud_msgs/environment/pythonpath.sh
[2.853s] -- Up-to-date: /home/evan/code/lego-loam/lego/install/cloud_msgs/share/cloud_msgs/environment/pythonpath.dsv
[2.853s] -- Up-to-date: /home/evan/code/lego-loam/lego/install/cloud_msgs/local/lib/python3.10/dist-packages/cloud_msgs-1.0.0-py3.10.egg-info
[2.853s] -- Installing: /home/evan/code/lego-loam/lego/install/cloud_msgs/local/lib/python3.10/dist-packages/cloud_msgs-1.0.0-py3.10.egg-info/top_level.txt
[2.853s] -- Installing: /home/evan/code/lego-loam/lego/install/cloud_msgs/local/lib/python3.10/dist-packages/cloud_msgs-1.0.0-py3.10.egg-info/dependency_links.txt
[2.853s] -- Installing: /home/evan/code/lego-loam/lego/install/cloud_msgs/local/lib/python3.10/dist-packages/cloud_msgs-1.0.0-py3.10.egg-info/PKG-INFO
[2.854s] -- Installing: /home/evan/code/lego-loam/lego/install/cloud_msgs/local/lib/python3.10/dist-packages/cloud_msgs-1.0.0-py3.10.egg-info/SOURCES.txt
[2.854s] -- Up-to-date: /home/evan/code/lego-loam/lego/install/cloud_msgs/local/lib/python3.10/dist-packages/cloud_msgs
[2.854s] -- Up-to-date: /home/evan/code/lego-loam/lego/install/cloud_msgs/local/lib/python3.10/dist-packages/cloud_msgs/msg
[2.854s] -- Up-to-date: /home/evan/code/lego-loam/lego/install/cloud_msgs/local/lib/python3.10/dist-packages/cloud_msgs/msg/_cloud_info.py
[2.854s] -- Up-to-date: /home/evan/code/lego-loam/lego/install/cloud_msgs/local/lib/python3.10/dist-packages/cloud_msgs/msg/__init__.py
[2.854s] -- Up-to-date: /home/evan/code/lego-loam/lego/install/cloud_msgs/local/lib/python3.10/dist-packages/cloud_msgs/msg/_cloud_info_s.c
[2.854s] -- Up-to-date: /home/evan/code/lego-loam/lego/install/cloud_msgs/local/lib/python3.10/dist-packages/cloud_msgs/_cloud_msgs_s.ep.rosidl_typesupport_c.c
[2.854s] -- Up-to-date: /home/evan/code/lego-loam/lego/install/cloud_msgs/local/lib/python3.10/dist-packages/cloud_msgs/libcloud_msgs__rosidl_generator_py.so
[2.854s] -- Up-to-date: /home/evan/code/lego-loam/lego/install/cloud_msgs/local/lib/python3.10/dist-packages/cloud_msgs/_cloud_msgs_s.ep.rosidl_typesupport_fastrtps_c.c
[2.854s] -- Up-to-date: /home/evan/code/lego-loam/lego/install/cloud_msgs/local/lib/python3.10/dist-packages/cloud_msgs/cloud_msgs_s__rosidl_typesupport_fastrtps_c.cpython-310-x86_64-linux-gnu.so
[2.854s] -- Up-to-date: /home/evan/code/lego-loam/lego/install/cloud_msgs/local/lib/python3.10/dist-packages/cloud_msgs/cloud_msgs_s__rosidl_typesupport_introspection_c.cpython-310-x86_64-linux-gnu.so
[2.855s] -- Up-to-date: /home/evan/code/lego-loam/lego/install/cloud_msgs/local/lib/python3.10/dist-packages/cloud_msgs/_cloud_msgs_s.ep.rosidl_typesupport_introspection_c.c
[2.855s] -- Up-to-date: /home/evan/code/lego-loam/lego/install/cloud_msgs/local/lib/python3.10/dist-packages/cloud_msgs/__init__.py
[2.855s] -- Up-to-date: /home/evan/code/lego-loam/lego/install/cloud_msgs/local/lib/python3.10/dist-packages/cloud_msgs/cloud_msgs_s__rosidl_typesupport_c.cpython-310-x86_64-linux-gnu.so
[3.011s] Listing '/home/evan/code/lego-loam/lego/install/cloud_msgs/local/lib/python3.10/dist-packages/cloud_msgs'...
[3.011s] Listing '/home/evan/code/lego-loam/lego/install/cloud_msgs/local/lib/python3.10/dist-packages/cloud_msgs/msg'...
[3.040s] -- Up-to-date: /home/evan/code/lego-loam/lego/install/cloud_msgs/local/lib/python3.10/dist-packages/cloud_msgs/cloud_msgs_s__rosidl_typesupport_fastrtps_c.cpython-310-x86_64-linux-gnu.so
[3.041s] -- Up-to-date: /home/evan/code/lego-loam/lego/install/cloud_msgs/local/lib/python3.10/dist-packages/cloud_msgs/cloud_msgs_s__rosidl_typesupport_introspection_c.cpython-310-x86_64-linux-gnu.so
[3.051s] -- Up-to-date: /home/evan/code/lego-loam/lego/install/cloud_msgs/local/lib/python3.10/dist-packages/cloud_msgs/cloud_msgs_s__rosidl_typesupport_c.cpython-310-x86_64-linux-gnu.so
[3.056s] -- Up-to-date: /home/evan/code/lego-loam/lego/install/cloud_msgs/lib/libcloud_msgs__rosidl_generator_py.so
[3.056s] -- Up-to-date: /home/evan/code/lego-loam/lego/install/cloud_msgs/share/cloud_msgs/msg/CloudInfo.idl
[3.056s] -- Up-to-date: /home/evan/code/lego-loam/lego/install/cloud_msgs/share/cloud_msgs/msg/CloudInfo.msg
[3.056s] -- Up-to-date: /home/evan/code/lego-loam/lego/install/cloud_msgs/share/ament_index/resource_index/package_run_dependencies/cloud_msgs
[3.056s] -- Up-to-date: /home/evan/code/lego-loam/lego/install/cloud_msgs/share/ament_index/resource_index/parent_prefix_path/cloud_msgs
[3.057s] -- Up-to-date: /home/evan/code/lego-loam/lego/install/cloud_msgs/share/cloud_msgs/environment/ament_prefix_path.sh
[3.057s] -- Up-to-date: /home/evan/code/lego-loam/lego/install/cloud_msgs/share/cloud_msgs/environment/ament_prefix_path.dsv
[3.057s] -- Up-to-date: /home/evan/code/lego-loam/lego/install/cloud_msgs/share/cloud_msgs/environment/path.sh
[3.057s] -- Up-to-date: /home/evan/code/lego-loam/lego/install/cloud_msgs/share/cloud_msgs/environment/path.dsv
[3.057s] -- Up-to-date: /home/evan/code/lego-loam/lego/install/cloud_msgs/share/cloud_msgs/local_setup.bash
[3.057s] -- Up-to-date: /home/evan/code/lego-loam/lego/install/cloud_msgs/share/cloud_msgs/local_setup.sh
[3.057s] -- Up-to-date: /home/evan/code/lego-loam/lego/install/cloud_msgs/share/cloud_msgs/local_setup.zsh
[3.057s] -- Up-to-date: /home/evan/code/lego-loam/lego/install/cloud_msgs/share/cloud_msgs/local_setup.dsv
[3.057s] -- Installing: /home/evan/code/lego-loam/lego/install/cloud_msgs/share/cloud_msgs/package.dsv
[3.082s] -- Up-to-date: /home/evan/code/lego-loam/lego/install/cloud_msgs/share/ament_index/resource_index/packages/cloud_msgs
[3.128s] -- Up-to-date: /home/evan/code/lego-loam/lego/install/cloud_msgs/share/cloud_msgs/cmake/export_cloud_msgs__rosidl_generator_cExport.cmake
[3.128s] -- Up-to-date: /home/evan/code/lego-loam/lego/install/cloud_msgs/share/cloud_msgs/cmake/export_cloud_msgs__rosidl_generator_cExport-noconfig.cmake
[3.159s] -- Up-to-date: /home/evan/code/lego-loam/lego/install/cloud_msgs/share/cloud_msgs/cmake/export_cloud_msgs__rosidl_typesupport_fastrtps_cExport.cmake
[3.159s] -- Up-to-date: /home/evan/code/lego-loam/lego/install/cloud_msgs/share/cloud_msgs/cmake/export_cloud_msgs__rosidl_typesupport_fastrtps_cExport-noconfig.cmake
[3.192s] -- Up-to-date: /home/evan/code/lego-loam/lego/install/cloud_msgs/share/cloud_msgs/cmake/export_cloud_msgs__rosidl_generator_cppExport.cmake
[3.207s] -- Up-to-date: /home/evan/code/lego-loam/lego/install/cloud_msgs/share/cloud_msgs/cmake/export_cloud_msgs__rosidl_typesupport_fastrtps_cppExport.cmake
[3.207s] -- Up-to-date: /home/evan/code/lego-loam/lego/install/cloud_msgs/share/cloud_msgs/cmake/export_cloud_msgs__rosidl_typesupport_fastrtps_cppExport-noconfig.cmake
[3.207s] -- Up-to-date: /home/evan/code/lego-loam/lego/install/cloud_msgs/share/cloud_msgs/cmake/cloud_msgs__rosidl_typesupport_introspection_cExport.cmake
[3.207s] -- Up-to-date: /home/evan/code/lego-loam/lego/install/cloud_msgs/share/cloud_msgs/cmake/cloud_msgs__rosidl_typesupport_introspection_cExport-noconfig.cmake
[3.207s] -- Up-to-date: /home/evan/code/lego-loam/lego/install/cloud_msgs/share/cloud_msgs/cmake/cloud_msgs__rosidl_typesupport_cExport.cmake
[3.207s] -- Up-to-date: /home/evan/code/lego-loam/lego/install/cloud_msgs/share/cloud_msgs/cmake/cloud_msgs__rosidl_typesupport_cExport-noconfig.cmake
[3.235s] -- Up-to-date: /home/evan/code/lego-loam/lego/install/cloud_msgs/share/cloud_msgs/cmake/cloud_msgs__rosidl_typesupport_introspection_cppExport.cmake
[3.235s] -- Up-to-date: /home/evan/code/lego-loam/lego/install/cloud_msgs/share/cloud_msgs/cmake/cloud_msgs__rosidl_typesupport_introspection_cppExport-noconfig.cmake
[3.251s] -- Up-to-date: /home/evan/code/lego-loam/lego/install/cloud_msgs/share/cloud_msgs/cmake/cloud_msgs__rosidl_typesupport_cppExport.cmake
[3.251s] -- Up-to-date: /home/evan/code/lego-loam/lego/install/cloud_msgs/share/cloud_msgs/cmake/cloud_msgs__rosidl_typesupport_cppExport-noconfig.cmake
[3.254s] -- Up-to-date: /home/evan/code/lego-loam/lego/install/cloud_msgs/share/cloud_msgs/cmake/export_cloud_msgs__rosidl_generator_pyExport.cmake
[3.254s] -- Up-to-date: /home/evan/code/lego-loam/lego/install/cloud_msgs/share/cloud_msgs/cmake/export_cloud_msgs__rosidl_generator_pyExport-noconfig.cmake
[3.255s] -- Up-to-date: /home/evan/code/lego-loam/lego/install/cloud_msgs/share/cloud_msgs/cmake/rosidl_cmake-extras.cmake
[3.255s] -- Up-to-date: /home/evan/code/lego-loam/lego/install/cloud_msgs/share/cloud_msgs/cmake/ament_cmake_export_dependencies-extras.cmake
[3.255s] -- Up-to-date: /home/evan/code/lego-loam/lego/install/cloud_msgs/share/cloud_msgs/cmake/ament_cmake_export_include_directories-extras.cmake
[3.255s] -- Up-to-date: /home/evan/code/lego-loam/lego/install/cloud_msgs/share/cloud_msgs/cmake/ament_cmake_export_libraries-extras.cmake
[3.255s] -- Up-to-date: /home/evan/code/lego-loam/lego/install/cloud_msgs/share/cloud_msgs/cmake/ament_cmake_export_targets-extras.cmake
[3.255s] -- Up-to-date: /home/evan/code/lego-loam/lego/install/cloud_msgs/share/cloud_msgs/cmake/rosidl_cmake_export_typesupport_targets-extras.cmake
[3.255s] -- Up-to-date: /home/evan/code/lego-loam/lego/install/cloud_msgs/share/cloud_msgs/cmake/rosidl_cmake_export_typesupport_libraries-extras.cmake
[3.255s] -- Up-to-date: /home/evan/code/lego-loam/lego/install/cloud_msgs/share/cloud_msgs/cmake/cloud_msgsConfig.cmake
[3.255s] -- Up-to-date: /home/evan/code/lego-loam/lego/install/cloud_msgs/share/cloud_msgs/cmake/cloud_msgsConfig-version.cmake
[3.255s] -- Up-to-date: /home/evan/code/lego-loam/lego/install/cloud_msgs/share/cloud_msgs/package.xml
[3.313s] Invoked command in '/home/evan/code/lego-loam/lego/build/cloud_msgs' returned '0': CMAKE_PREFIX_PATH=${CMAKE_PREFIX_PATH}:/opt/ros/humble /usr/bin/cmake --install /home/evan/code/lego-loam/lego/build/cloud_msgs
