[0.077s] Invoking command in '/home/evan/code/lego-loam/lego/build/lego_loam_sr': CMAKE_PREFIX_PATH=${CMAKE_PREFIX_PATH}:/opt/ros/humble /usr/bin/cmake --build /home/evan/code/lego-loam/lego/build/lego_loam_sr -- -j4 -l4
[0.205s] [35m[1mConsolidate compiler generated dependencies of target lego_loam_sr[0m
[0.258s] [ 16%] [32mBuilding CXX object CMakeFiles/lego_loam_sr.dir/src/featureAssociation.cpp.o[0m
[0.261s] [ 50%] [32mBuilding CXX object CMakeFiles/lego_loam_sr.dir/src/mapOptmization.cpp.o[0m
[0.269s] [ 50%] [32mBuilding CXX object CMakeFiles/lego_loam_sr.dir/src/imageProjection.cpp.o[0m
[0.269s] [ 66%] [32mBuilding CXX object CMakeFiles/lego_loam_sr.dir/src/transformFusion.cpp.o[0m
[10.335s] [01m[K/home/evan/code/lego-loam/lego/src/LeGO-LOAM/src/transformFusion.cpp:[m[K In member function ‘[01m[Kvoid TransformFusion::laserOdometryHandler(nav_msgs::msg::Odometry_<std::allocator<void> >::SharedPtr)[m[K’:
[10.335s] [01m[K/home/evan/code/lego-loam/lego/src/LeGO-LOAM/src/transformFusion.cpp:191:23:[m[K [01;31m[Kerror: [m[Kno matching function for call to ‘[01m[KtoMsg(tf2::Quaternion&)[m[K’
[10.335s]   191 |   geoQuat = [01;31m[Ktf2::toMsg(q)[m[K;
[10.335s]       |             [01;31m[K~~~~~~~~~~^~~[m[K
[10.335s] In file included from [01m[K/opt/ros/humble/include/tf2/tf2/impl/utils.h:18[m[K,
[10.335s]                  from [01m[K/opt/ros/humble/include/tf2/tf2/utils.h:20[m[K,
[10.335s]                  from [01m[K/home/evan/code/lego-loam/lego/src/LeGO-LOAM/include/lego_loam/utility.h:21[m[K,
[10.335s]                  from [01m[K/home/evan/code/lego-loam/lego/src/LeGO-LOAM/src/transformFusion.h:4[m[K,
[10.336s]                  from [01m[K/home/evan/code/lego-loam/lego/src/LeGO-LOAM/src/transformFusion.cpp:33[m[K:
[10.336s] [01m[K/opt/ros/humble/include/tf2/tf2/convert.h:129:3:[m[K [01;36m[Knote: [m[Kcandidate: ‘[01m[Ktemplate<class A, class B> B tf2::toMsg(const A&)[m[K’
[10.336s]   129 | B [01;36m[KtoMsg[m[K(const A & a);
[10.336s]       |   [01;36m[K^~~~~[m[K
[10.336s] [01m[K/opt/ros/humble/include/tf2/tf2/convert.h:129:3:[m[K [01;36m[Knote: [m[K  template argument deduction/substitution failed:
[10.336s] [01m[K/home/evan/code/lego-loam/lego/src/LeGO-LOAM/src/transformFusion.cpp:191:23:[m[K [01;36m[Knote: [m[K  couldn’t deduce template parameter ‘[01m[KB[m[K’
[10.336s]   191 |   geoQuat = [01;36m[Ktf2::toMsg(q)[m[K;
[10.336s]       |             [01;36m[K~~~~~~~~~~^~~[m[K
[10.336s] [01m[K/home/evan/code/lego-loam/lego/src/LeGO-LOAM/src/featureAssociation.cpp:[m[K In destructor ‘[01m[Kvirtual FeatureAssociation::~FeatureAssociation()[m[K’:
[10.336s] [01m[K/home/evan/code/lego-loam/lego/src/LeGO-LOAM/src/featureAssociation.cpp:110:22:[m[K [01;35m[Kwarning: [m[Kconverting to ‘[01m[Kcloud_msgs::msg::CloudInfo[m[K’ {aka ‘[01m[Kcloud_msgs::msg::CloudInfo_<std::allocator<void> >[m[K’} from initializer list would use explicit constructor ‘[01m[Kcloud_msgs::msg::CloudInfo_<ContainerAllocator>::CloudInfo_(rosidl_runtime_cpp::MessageInitialization) [with ContainerAllocator = std::allocator<void>][m[K’
[10.336s]   110 |   [01;35m[K_input_channel.send({})[m[K;
[10.336s]       |   [01;35m[K~~~~~~~~~~~~~~~~~~~^~~~[m[K
[10.336s] [01m[K/home/evan/code/lego-loam/lego/src/LeGO-LOAM/src/featureAssociation.cpp:110:22:[m[K [01;36m[Knote: [m[Kin C++11 and above a default constructor can be explicit
[10.829s] [01m[K/home/evan/code/lego-loam/lego/src/LeGO-LOAM/src/featureAssociation.cpp:[m[K In member function ‘[01m[Kvoid FeatureAssociation::publishOdometry()[m[K’:
[10.829s] [01m[K/home/evan/code/lego-loam/lego/src/LeGO-LOAM/src/featureAssociation.cpp:1207:23:[m[K [01;31m[Kerror: [m[Kno matching function for call to ‘[01m[KtoMsg(tf2::Quaternion&)[m[K’
[10.830s]  1207 |   geoQuat = [01;31m[Ktf2::toMsg(q)[m[K;
[10.830s]       |             [01;31m[K~~~~~~~~~~^~~[m[K
[10.830s] In file included from [01m[K/opt/ros/humble/include/tf2/tf2/impl/utils.h:18[m[K,
[10.830s]                  from [01m[K/opt/ros/humble/include/tf2/tf2/utils.h:20[m[K,
[10.830s]                  from [01m[K/home/evan/code/lego-loam/lego/src/LeGO-LOAM/include/lego_loam/utility.h:21[m[K,
[10.830s]                  from [01m[K/home/evan/code/lego-loam/lego/src/LeGO-LOAM/src/featureAssociation.h:4[m[K,
[10.830s]                  from [01m[K/home/evan/code/lego-loam/lego/src/LeGO-LOAM/src/featureAssociation.cpp:37[m[K:
[10.830s] [01m[K/opt/ros/humble/include/tf2/tf2/convert.h:129:3:[m[K [01;36m[Knote: [m[Kcandidate: ‘[01m[Ktemplate<class A, class B> B tf2::toMsg(const A&)[m[K’
[10.830s]   129 | B [01;36m[KtoMsg[m[K(const A & a);
[10.830s]       |   [01;36m[K^~~~~[m[K
[10.830s] [01m[K/opt/ros/humble/include/tf2/tf2/convert.h:129:3:[m[K [01;36m[Knote: [m[K  template argument deduction/substitution failed:
[10.830s] [01m[K/home/evan/code/lego-loam/lego/src/LeGO-LOAM/src/featureAssociation.cpp:1207:23:[m[K [01;36m[Knote: [m[K  couldn’t deduce template parameter ‘[01m[KB[m[K’
[10.830s]  1207 |   geoQuat = [01;36m[Ktf2::toMsg(q)[m[K;
[10.830s]       |             [01;36m[K~~~~~~~~~~^~~[m[K
[13.470s] In file included from [01m[K/usr/local/include/gtsam/base/Matrix.h:28[m[K,
[13.470s]                  from [01m[K/usr/local/include/gtsam/base/Manifold.h:22[m[K,
[13.471s]                  from [01m[K/usr/local/include/gtsam/geometry/BearingRange.h:21[m[K,
[13.471s]                  from [01m[K/usr/local/include/gtsam/geometry/Pose3.h:22[m[K,
[13.472s]                  from [01m[K/home/evan/code/lego-loam/lego/src/LeGO-LOAM/src/mapOptimization.h:8[m[K,
[13.472s]                  from [01m[K/home/evan/code/lego-loam/lego/src/LeGO-LOAM/src/mapOptmization.cpp:37[m[K:
[13.473s] [01m[K/usr/local/include/gtsam/base/Vector.h:76:30:[m[K [01;31m[Kerror: [m[Kstatic assertion failed: Error: GTSAM was built against a different version of Eigen
[13.473s]    76 |     GTSAM_EIGEN_VERSION_MAJOR[01;31m[K=[m[K=EIGEN_MAJOR_VERSION,
[13.473s]       |                              [01;31m[K^[m[K
[20.312s] gmake[2]: *** [CMakeFiles/lego_loam_sr.dir/build.make:118: CMakeFiles/lego_loam_sr.dir/src/transformFusion.cpp.o] Error 1
[20.312s] gmake[2]: *** Waiting for unfinished jobs....
[23.748s] [01m[K/home/evan/code/lego-loam/lego/src/LeGO-LOAM/src/mapOptmization.cpp:[m[K In destructor ‘[01m[Kvirtual MapOptimization::~MapOptimization()[m[K’:
[23.748s] [01m[K/home/evan/code/lego-loam/lego/src/LeGO-LOAM/src/mapOptmization.cpp:128:22:[m[K [01;35m[Kwarning: [m[Kconverting to ‘[01m[Knav_msgs::msg::Odometry[m[K’ {aka ‘[01m[Knav_msgs::msg::Odometry_<std::allocator<void> >[m[K’} from initializer list would use explicit constructor ‘[01m[Knav_msgs::msg::Odometry_<ContainerAllocator>::Odometry_(rosidl_runtime_cpp::MessageInitialization) [with ContainerAllocator = std::allocator<void>][m[K’
[23.748s]   128 |   [01;35m[K_input_channel.send({})[m[K;
[23.748s]       |   [01;35m[K~~~~~~~~~~~~~~~~~~~^~~~[m[K
[23.748s] [01m[K/home/evan/code/lego-loam/lego/src/LeGO-LOAM/src/mapOptmization.cpp:128:22:[m[K [01;36m[Knote: [m[Kin C++11 and above a default constructor can be explicit
[23.759s] [01m[K/home/evan/code/lego-loam/lego/src/LeGO-LOAM/src/mapOptmization.cpp:[m[K In member function ‘[01m[Kvoid MapOptimization::publishTF()[m[K’:
[23.759s] [01m[K/home/evan/code/lego-loam/lego/src/LeGO-LOAM/src/mapOptmization.cpp:503:23:[m[K [01;31m[Kerror: [m[Kno matching function for call to ‘[01m[KtoMsg(tf2::Quaternion&)[m[K’
[23.759s]   503 |   geoQuat = [01;31m[Ktf2::toMsg(q)[m[K;
[23.760s]       |             [01;31m[K~~~~~~~~~~^~~[m[K
[23.760s] In file included from [01m[K/opt/ros/humble/include/tf2/tf2/impl/utils.h:18[m[K,
[23.760s]                  from [01m[K/opt/ros/humble/include/tf2/tf2/utils.h:20[m[K,
[23.760s]                  from [01m[K/home/evan/code/lego-loam/lego/src/LeGO-LOAM/include/lego_loam/utility.h:21[m[K,
[23.760s]                  from [01m[K/home/evan/code/lego-loam/lego/src/LeGO-LOAM/src/mapOptimization.h:4[m[K,
[23.760s]                  from [01m[K/home/evan/code/lego-loam/lego/src/LeGO-LOAM/src/mapOptmization.cpp:37[m[K:
[23.760s] [01m[K/opt/ros/humble/include/tf2/tf2/convert.h:129:3:[m[K [01;36m[Knote: [m[Kcandidate: ‘[01m[Ktemplate<class A, class B> B tf2::toMsg(const A&)[m[K’
[23.760s]   129 | B [01;36m[KtoMsg[m[K(const A & a);
[23.760s]       |   [01;36m[K^~~~~[m[K
[23.760s] [01m[K/opt/ros/humble/include/tf2/tf2/convert.h:129:3:[m[K [01;36m[Knote: [m[K  template argument deduction/substitution failed:
[23.760s] [01m[K/home/evan/code/lego-loam/lego/src/LeGO-LOAM/src/mapOptmization.cpp:503:23:[m[K [01;36m[Knote: [m[K  couldn’t deduce template parameter ‘[01m[KB[m[K’
[23.760s]   503 |   geoQuat = [01;36m[Ktf2::toMsg(q)[m[K;
[23.760s]       |             [01;36m[K~~~~~~~~~~^~~[m[K
[33.390s] gmake[2]: *** [CMakeFiles/lego_loam_sr.dir/build.make:90: CMakeFiles/lego_loam_sr.dir/src/featureAssociation.cpp.o] Error 1
[53.131s] gmake[2]: *** [CMakeFiles/lego_loam_sr.dir/build.make:104: CMakeFiles/lego_loam_sr.dir/src/mapOptmization.cpp.o] Error 1
[53.131s] gmake[1]: *** [CMakeFiles/Makefile2:137: CMakeFiles/lego_loam_sr.dir/all] Error 2
[53.132s] gmake: *** [Makefile:146: all] Error 2
[53.780s] Invoked command in '/home/evan/code/lego-loam/lego/build/lego_loam_sr' returned '2': CMAKE_PREFIX_PATH=${CMAKE_PREFIX_PATH}:/opt/ros/humble /usr/bin/cmake --build /home/evan/code/lego-loam/lego/build/lego_loam_sr -- -j4 -l4
