[0.345s] DEBUG:colcon:Command line arguments: ['/usr/bin/colcon', 'build', '--packages-select', 'lego_loam_sr']
[0.345s] DEBUG:colcon:Parsed command line arguments: Namespace(log_base=None, log_level=None, verb_name='build', build_base='build', install_base='install', merge_install=False, symlink_install=False, test_result_base=None, continue_on_error=False, executor='parallel', parallel_workers=4, event_handlers=None, ignore_user_meta=False, metas=['./colcon.meta'], base_paths=['.'], packages_ignore=None, packages_ignore_regex=None, paths=None, packages_up_to=None, packages_up_to_regex=None, packages_above=None, packages_above_and_dependencies=None, packages_above_depth=None, packages_select_by_dep=None, packages_skip_by_dep=None, packages_skip_up_to=None, packages_select_build_failed=False, packages_skip_build_finished=False, packages_select_test_failures=False, packages_skip_test_passed=False, packages_select=['lego_loam_sr'], packages_skip=None, packages_select_regex=None, packages_skip_regex=None, packages_start=None, packages_end=None, allow_overriding=[], cmake_args=None, cmake_target=None, cmake_target_skip_unavailable=False, cmake_clean_cache=False, cmake_clean_first=False, cmake_force_configure=False, ament_cmake_args=None, catkin_cmake_args=None, catkin_skip_building_tests=False, verb_parser=<colcon_defaults.argument_parser.defaults.DefaultArgumentsDecorator object at 0x7ff6759b24d0>, verb_extension=<colcon_core.verb.build.BuildVerb object at 0x7ff6761f63b0>, main=<bound method BuildVerb.main of <colcon_core.verb.build.BuildVerb object at 0x7ff6761f63b0>>)
[0.381s] Level 1:colcon.colcon_core.package_discovery:discover_packages(colcon_meta) check parameters
[0.381s] Level 1:colcon.colcon_core.package_discovery:discover_packages(recursive) check parameters
[0.381s] Level 1:colcon.colcon_core.package_discovery:discover_packages(ignore) check parameters
[0.381s] Level 1:colcon.colcon_core.package_discovery:discover_packages(path) check parameters
[0.381s] Level 1:colcon.colcon_core.package_discovery:discover_packages(colcon_meta) discover
[0.381s] Level 1:colcon.colcon_core.package_discovery:discover_packages(recursive) discover
[0.381s] INFO:colcon.colcon_core.package_discovery:Crawling recursively for packages in '/home/evan/code/lego-loam/lego'
[0.381s] Level 1:colcon.colcon_core.package_identification:_identify(.) by extensions ['ignore', 'ignore_ament_install']
[0.381s] Level 1:colcon.colcon_core.package_identification:_identify(.) by extension 'ignore'
[0.381s] Level 1:colcon.colcon_core.package_identification:_identify(.) by extension 'ignore_ament_install'
[0.381s] Level 1:colcon.colcon_core.package_identification:_identify(.) by extensions ['colcon_pkg']
[0.381s] Level 1:colcon.colcon_core.package_identification:_identify(.) by extension 'colcon_pkg'
[0.381s] Level 1:colcon.colcon_core.package_identification:_identify(.) by extensions ['colcon_meta']
[0.381s] Level 1:colcon.colcon_core.package_identification:_identify(.) by extension 'colcon_meta'
[0.381s] Level 1:colcon.colcon_core.package_identification:_identify(.) by extensions ['ros']
[0.382s] Level 1:colcon.colcon_core.package_identification:_identify(.) by extension 'ros'
[0.393s] Level 1:colcon.colcon_core.package_identification:_identify(.) by extensions ['cmake', 'python']
[0.394s] Level 1:colcon.colcon_core.package_identification:_identify(.) by extension 'cmake'
[0.394s] Level 1:colcon.colcon_core.package_identification:_identify(.) by extension 'python'
[0.394s] Level 1:colcon.colcon_core.package_identification:_identify(.) by extensions ['python_setup_py']
[0.394s] Level 1:colcon.colcon_core.package_identification:_identify(.) by extension 'python_setup_py'
[0.394s] Level 1:colcon.colcon_core.package_identification:_identify(build) by extensions ['ignore', 'ignore_ament_install']
[0.394s] Level 1:colcon.colcon_core.package_identification:_identify(build) by extension 'ignore'
[0.394s] Level 1:colcon.colcon_core.package_identification:_identify(build) ignored
[0.394s] Level 1:colcon.colcon_core.package_identification:_identify(install) by extensions ['ignore', 'ignore_ament_install']
[0.394s] Level 1:colcon.colcon_core.package_identification:_identify(install) by extension 'ignore'
[0.394s] Level 1:colcon.colcon_core.package_identification:_identify(install) ignored
[0.395s] Level 1:colcon.colcon_core.package_identification:_identify(log) by extensions ['ignore', 'ignore_ament_install']
[0.395s] Level 1:colcon.colcon_core.package_identification:_identify(log) by extension 'ignore'
[0.395s] Level 1:colcon.colcon_core.package_identification:_identify(log) ignored
[0.395s] Level 1:colcon.colcon_core.package_identification:_identify(src) by extensions ['ignore', 'ignore_ament_install']
[0.395s] Level 1:colcon.colcon_core.package_identification:_identify(src) by extension 'ignore'
[0.395s] Level 1:colcon.colcon_core.package_identification:_identify(src) by extension 'ignore_ament_install'
[0.395s] Level 1:colcon.colcon_core.package_identification:_identify(src) by extensions ['colcon_pkg']
[0.395s] Level 1:colcon.colcon_core.package_identification:_identify(src) by extension 'colcon_pkg'
[0.395s] Level 1:colcon.colcon_core.package_identification:_identify(src) by extensions ['colcon_meta']
[0.395s] Level 1:colcon.colcon_core.package_identification:_identify(src) by extension 'colcon_meta'
[0.395s] Level 1:colcon.colcon_core.package_identification:_identify(src) by extensions ['ros']
[0.395s] Level 1:colcon.colcon_core.package_identification:_identify(src) by extension 'ros'
[0.395s] Level 1:colcon.colcon_core.package_identification:_identify(src) by extensions ['cmake', 'python']
[0.395s] Level 1:colcon.colcon_core.package_identification:_identify(src) by extension 'cmake'
[0.396s] Level 1:colcon.colcon_core.package_identification:_identify(src) by extension 'python'
[0.396s] Level 1:colcon.colcon_core.package_identification:_identify(src) by extensions ['python_setup_py']
[0.396s] Level 1:colcon.colcon_core.package_identification:_identify(src) by extension 'python_setup_py'
[0.396s] Level 1:colcon.colcon_core.package_identification:_identify(src/LeGO-LOAM) by extensions ['ignore', 'ignore_ament_install']
[0.396s] Level 1:colcon.colcon_core.package_identification:_identify(src/LeGO-LOAM) by extension 'ignore'
[0.396s] Level 1:colcon.colcon_core.package_identification:_identify(src/LeGO-LOAM) by extension 'ignore_ament_install'
[0.396s] Level 1:colcon.colcon_core.package_identification:_identify(src/LeGO-LOAM) by extensions ['colcon_pkg']
[0.396s] Level 1:colcon.colcon_core.package_identification:_identify(src/LeGO-LOAM) by extension 'colcon_pkg'
[0.396s] Level 1:colcon.colcon_core.package_identification:_identify(src/LeGO-LOAM) by extensions ['colcon_meta']
[0.396s] Level 1:colcon.colcon_core.package_identification:_identify(src/LeGO-LOAM) by extension 'colcon_meta'
[0.396s] Level 1:colcon.colcon_core.package_identification:_identify(src/LeGO-LOAM) by extensions ['ros']
[0.396s] Level 1:colcon.colcon_core.package_identification:_identify(src/LeGO-LOAM) by extension 'ros'
[0.399s] DEBUG:colcon.colcon_core.package_identification:Package 'src/LeGO-LOAM' with type 'ros.ament_cmake' and name 'lego_loam_sr'
[0.399s] Level 1:colcon.colcon_core.package_identification:_identify(src/cloud_msgs) by extensions ['ignore', 'ignore_ament_install']
[0.399s] Level 1:colcon.colcon_core.package_identification:_identify(src/cloud_msgs) by extension 'ignore'
[0.399s] Level 1:colcon.colcon_core.package_identification:_identify(src/cloud_msgs) by extension 'ignore_ament_install'
[0.399s] Level 1:colcon.colcon_core.package_identification:_identify(src/cloud_msgs) by extensions ['colcon_pkg']
[0.399s] Level 1:colcon.colcon_core.package_identification:_identify(src/cloud_msgs) by extension 'colcon_pkg'
[0.399s] Level 1:colcon.colcon_core.package_identification:_identify(src/cloud_msgs) by extensions ['colcon_meta']
[0.399s] Level 1:colcon.colcon_core.package_identification:_identify(src/cloud_msgs) by extension 'colcon_meta'
[0.399s] Level 1:colcon.colcon_core.package_identification:_identify(src/cloud_msgs) by extensions ['ros']
[0.399s] Level 1:colcon.colcon_core.package_identification:_identify(src/cloud_msgs) by extension 'ros'
[0.400s] DEBUG:colcon.colcon_core.package_identification:Package 'src/cloud_msgs' with type 'ros.ament_cmake' and name 'cloud_msgs'
[0.400s] Level 1:colcon.colcon_core.package_discovery:discover_packages(recursive) using defaults
[0.400s] Level 1:colcon.colcon_core.package_discovery:discover_packages(ignore) discover
[0.400s] Level 1:colcon.colcon_core.package_discovery:discover_packages(ignore) using defaults
[0.400s] Level 1:colcon.colcon_core.package_discovery:discover_packages(path) discover
[0.400s] Level 1:colcon.colcon_core.package_discovery:discover_packages(path) using defaults
[0.427s] INFO:colcon.colcon_core.package_selection:Skipping not selected package 'cloud_msgs' in 'src/cloud_msgs'
[0.428s] Level 1:colcon.colcon_core.package_discovery:discover_packages(prefix_path) check parameters
[0.428s] Level 1:colcon.colcon_core.package_discovery:discover_packages(prefix_path) discover
[0.431s] DEBUG:colcon.colcon_installed_package_information.package_discovery:Found 2 installed packages in /home/evan/code/lidar_slam/lidar_slam/install
[0.432s] DEBUG:colcon.colcon_installed_package_information.package_discovery:Found 2 installed packages in /home/evan/code/lego-loam/lego/install
[0.433s] DEBUG:colcon.colcon_installed_package_information.package_discovery:Found 7 installed packages in /home/evan/code/ndt-loc/install
[0.435s] DEBUG:colcon.colcon_installed_package_information.package_discovery:Found 270 installed packages in /opt/ros/humble
[0.436s] Level 1:colcon.colcon_core.package_discovery:discover_packages(prefix_path) using defaults
[0.502s] Level 5:colcon.colcon_core.verb:set package 'lego_loam_sr' build argument 'cmake_args' from command line to 'None'
[0.502s] Level 5:colcon.colcon_core.verb:set package 'lego_loam_sr' build argument 'cmake_target' from command line to 'None'
[0.502s] Level 5:colcon.colcon_core.verb:set package 'lego_loam_sr' build argument 'cmake_target_skip_unavailable' from command line to 'False'
[0.502s] Level 5:colcon.colcon_core.verb:set package 'lego_loam_sr' build argument 'cmake_clean_cache' from command line to 'False'
[0.502s] Level 5:colcon.colcon_core.verb:set package 'lego_loam_sr' build argument 'cmake_clean_first' from command line to 'False'
[0.502s] Level 5:colcon.colcon_core.verb:set package 'lego_loam_sr' build argument 'cmake_force_configure' from command line to 'False'
[0.502s] Level 5:colcon.colcon_core.verb:set package 'lego_loam_sr' build argument 'ament_cmake_args' from command line to 'None'
[0.502s] Level 5:colcon.colcon_core.verb:set package 'lego_loam_sr' build argument 'catkin_cmake_args' from command line to 'None'
[0.502s] Level 5:colcon.colcon_core.verb:set package 'lego_loam_sr' build argument 'catkin_skip_building_tests' from command line to 'False'
[0.502s] DEBUG:colcon.colcon_core.verb:Building package 'lego_loam_sr' with the following arguments: {'ament_cmake_args': None, 'build_base': '/home/evan/code/lego-loam/lego/build/lego_loam_sr', 'catkin_cmake_args': None, 'catkin_skip_building_tests': False, 'cmake_args': None, 'cmake_clean_cache': False, 'cmake_clean_first': False, 'cmake_force_configure': False, 'cmake_target': None, 'cmake_target_skip_unavailable': False, 'install_base': '/home/evan/code/lego-loam/lego/install/lego_loam_sr', 'merge_install': False, 'path': '/home/evan/code/lego-loam/lego/src/LeGO-LOAM', 'symlink_install': False, 'test_result_base': None}
[0.503s] INFO:colcon.colcon_core.executor:Executing jobs using 'parallel' executor
[0.506s] DEBUG:colcon.colcon_parallel_executor.executor.parallel:run_until_complete
[0.506s] INFO:colcon.colcon_ros.task.ament_cmake.build:Building ROS package in '/home/evan/code/lego-loam/lego/src/LeGO-LOAM' with build type 'ament_cmake'
[0.507s] INFO:colcon.colcon_cmake.task.cmake.build:Building CMake package in '/home/evan/code/lego-loam/lego/src/LeGO-LOAM'
[0.512s] INFO:colcon.colcon_core.plugin_system:Skipping extension 'colcon_core.shell.bat': Not used on non-Windows systems
[0.512s] INFO:colcon.colcon_core.shell:Skip shell extension 'powershell' for command environment: Not usable outside of PowerShell
[0.512s] DEBUG:colcon.colcon_core.shell:Skip shell extension 'dsv' for command environment
[0.530s] DEBUG:colcon.colcon_core.event_handler.log_command:Invoking command in '/home/evan/code/lego-loam/lego/build/lego_loam_sr': CMAKE_PREFIX_PATH=/home/evan/code/lego-loam/lego/install/cloud_msgs:/home/evan/code/lidar_slam/lidar_slam/install/slam_learn:/home/evan/code/lidar_slam/lidar_slam/install/other_msgs:/home/evan/code/lego-loam/lego/install/lego_loam_sr:/home/evan/code/ndt-loc/install/radar-odometry:/home/evan/code/ndt-loc/install/radar-data:/home/evan/code/ndt-loc/install/ndt-lidar-radar:/home/evan/code/ndt-loc/install/map:/home/evan/code/ndt-loc/install/data-publisher:/home/evan/code/ndt-loc/install/cloud_msgs:/home/evan/code/ndt-loc/install/a-loam:/opt/ros/humble LD_LIBRARY_PATH=/home/evan/code/lego-loam/lego/install/cloud_msgs/lib:/home/evan/code/lidar_slam/lidar_slam/install/other_msgs/lib:/home/evan/code/ndt-loc/install/cloud_msgs/lib:/opt/ros/humble/opt/rviz_ogre_vendor/lib:/opt/ros/humble/lib/x86_64-linux-gnu:/opt/ros/humble/lib:/usr/local/lib:/usr/local/lib /usr/bin/cmake --build /home/evan/code/lego-loam/lego/build/lego_loam_sr -- -j4 -l4
[42.808s] DEBUG:colcon.colcon_core.event_handler.log_command:Invoked command in '/home/evan/code/lego-loam/lego/build/lego_loam_sr' returned '0': CMAKE_PREFIX_PATH=/home/evan/code/lego-loam/lego/install/cloud_msgs:/home/evan/code/lidar_slam/lidar_slam/install/slam_learn:/home/evan/code/lidar_slam/lidar_slam/install/other_msgs:/home/evan/code/lego-loam/lego/install/lego_loam_sr:/home/evan/code/ndt-loc/install/radar-odometry:/home/evan/code/ndt-loc/install/radar-data:/home/evan/code/ndt-loc/install/ndt-lidar-radar:/home/evan/code/ndt-loc/install/map:/home/evan/code/ndt-loc/install/data-publisher:/home/evan/code/ndt-loc/install/cloud_msgs:/home/evan/code/ndt-loc/install/a-loam:/opt/ros/humble LD_LIBRARY_PATH=/home/evan/code/lego-loam/lego/install/cloud_msgs/lib:/home/evan/code/lidar_slam/lidar_slam/install/other_msgs/lib:/home/evan/code/ndt-loc/install/cloud_msgs/lib:/opt/ros/humble/opt/rviz_ogre_vendor/lib:/opt/ros/humble/lib/x86_64-linux-gnu:/opt/ros/humble/lib:/usr/local/lib:/usr/local/lib /usr/bin/cmake --build /home/evan/code/lego-loam/lego/build/lego_loam_sr -- -j4 -l4
[42.864s] DEBUG:colcon.colcon_core.event_handler.log_command:Invoking command in '/home/evan/code/lego-loam/lego/build/lego_loam_sr': CMAKE_PREFIX_PATH=/home/evan/code/lego-loam/lego/install/cloud_msgs:/home/evan/code/lidar_slam/lidar_slam/install/slam_learn:/home/evan/code/lidar_slam/lidar_slam/install/other_msgs:/home/evan/code/lego-loam/lego/install/lego_loam_sr:/home/evan/code/ndt-loc/install/radar-odometry:/home/evan/code/ndt-loc/install/radar-data:/home/evan/code/ndt-loc/install/ndt-lidar-radar:/home/evan/code/ndt-loc/install/map:/home/evan/code/ndt-loc/install/data-publisher:/home/evan/code/ndt-loc/install/cloud_msgs:/home/evan/code/ndt-loc/install/a-loam:/opt/ros/humble LD_LIBRARY_PATH=/home/evan/code/lego-loam/lego/install/cloud_msgs/lib:/home/evan/code/lidar_slam/lidar_slam/install/other_msgs/lib:/home/evan/code/ndt-loc/install/cloud_msgs/lib:/opt/ros/humble/opt/rviz_ogre_vendor/lib:/opt/ros/humble/lib/x86_64-linux-gnu:/opt/ros/humble/lib:/usr/local/lib:/usr/local/lib /usr/bin/cmake --install /home/evan/code/lego-loam/lego/build/lego_loam_sr
[42.880s] Level 1:colcon.colcon_core.environment:create_environment_scripts_only(lego_loam_sr)
[42.881s] DEBUG:colcon.colcon_core.event_handler.log_command:Invoked command in '/home/evan/code/lego-loam/lego/build/lego_loam_sr' returned '0': CMAKE_PREFIX_PATH=/home/evan/code/lego-loam/lego/install/cloud_msgs:/home/evan/code/lidar_slam/lidar_slam/install/slam_learn:/home/evan/code/lidar_slam/lidar_slam/install/other_msgs:/home/evan/code/lego-loam/lego/install/lego_loam_sr:/home/evan/code/ndt-loc/install/radar-odometry:/home/evan/code/ndt-loc/install/radar-data:/home/evan/code/ndt-loc/install/ndt-lidar-radar:/home/evan/code/ndt-loc/install/map:/home/evan/code/ndt-loc/install/data-publisher:/home/evan/code/ndt-loc/install/cloud_msgs:/home/evan/code/ndt-loc/install/a-loam:/opt/ros/humble LD_LIBRARY_PATH=/home/evan/code/lego-loam/lego/install/cloud_msgs/lib:/home/evan/code/lidar_slam/lidar_slam/install/other_msgs/lib:/home/evan/code/ndt-loc/install/cloud_msgs/lib:/opt/ros/humble/opt/rviz_ogre_vendor/lib:/opt/ros/humble/lib/x86_64-linux-gnu:/opt/ros/humble/lib:/usr/local/lib:/usr/local/lib /usr/bin/cmake --install /home/evan/code/lego-loam/lego/build/lego_loam_sr
[42.885s] Level 1:colcon.colcon_core.environment:checking '/home/evan/code/lego-loam/lego/install/lego_loam_sr' for CMake module files
[42.885s] Level 1:colcon.colcon_core.environment:checking '/home/evan/code/lego-loam/lego/install/lego_loam_sr' for CMake config files
[42.886s] Level 1:colcon.colcon_core.shell:create_environment_hook('lego_loam_sr', 'cmake_prefix_path')
[42.887s] INFO:colcon.colcon_core.shell:Creating environment hook '/home/evan/code/lego-loam/lego/install/lego_loam_sr/share/lego_loam_sr/hook/cmake_prefix_path.ps1'
[42.888s] INFO:colcon.colcon_core.shell:Creating environment descriptor '/home/evan/code/lego-loam/lego/install/lego_loam_sr/share/lego_loam_sr/hook/cmake_prefix_path.dsv'
[42.889s] INFO:colcon.colcon_core.shell:Creating environment hook '/home/evan/code/lego-loam/lego/install/lego_loam_sr/share/lego_loam_sr/hook/cmake_prefix_path.sh'
[42.890s] Level 1:colcon.colcon_core.environment:checking '/home/evan/code/lego-loam/lego/install/lego_loam_sr/lib'
[42.890s] Level 1:colcon.colcon_core.environment:checking '/home/evan/code/lego-loam/lego/install/lego_loam_sr/bin'
[42.891s] Level 1:colcon.colcon_core.environment:checking '/home/evan/code/lego-loam/lego/install/lego_loam_sr/lib/pkgconfig/lego_loam_sr.pc'
[42.891s] Level 1:colcon.colcon_core.environment:checking '/home/evan/code/lego-loam/lego/install/lego_loam_sr/lib/python3.10/site-packages'
[42.891s] Level 1:colcon.colcon_core.environment:checking '/home/evan/code/lego-loam/lego/install/lego_loam_sr/bin'
[42.893s] INFO:colcon.colcon_core.shell:Creating package script '/home/evan/code/lego-loam/lego/install/lego_loam_sr/share/lego_loam_sr/package.ps1'
[42.894s] INFO:colcon.colcon_core.shell:Creating package descriptor '/home/evan/code/lego-loam/lego/install/lego_loam_sr/share/lego_loam_sr/package.dsv'
[42.895s] INFO:colcon.colcon_core.shell:Creating package script '/home/evan/code/lego-loam/lego/install/lego_loam_sr/share/lego_loam_sr/package.sh'
[42.895s] INFO:colcon.colcon_core.shell:Creating package script '/home/evan/code/lego-loam/lego/install/lego_loam_sr/share/lego_loam_sr/package.bash'
[42.896s] INFO:colcon.colcon_core.shell:Creating package script '/home/evan/code/lego-loam/lego/install/lego_loam_sr/share/lego_loam_sr/package.zsh'
[42.897s] Level 1:colcon.colcon_core.environment:create_file_with_runtime_dependencies(/home/evan/code/lego-loam/lego/install/lego_loam_sr/share/colcon-core/packages/lego_loam_sr)
[42.942s] Level 1:colcon.colcon_core.environment:create_environment_scripts_only(lego_loam_sr)
[42.945s] Level 1:colcon.colcon_core.environment:checking '/home/evan/code/lego-loam/lego/install/lego_loam_sr' for CMake module files
[42.945s] Level 1:colcon.colcon_core.environment:checking '/home/evan/code/lego-loam/lego/install/lego_loam_sr' for CMake config files
[42.945s] Level 1:colcon.colcon_core.shell:create_environment_hook('lego_loam_sr', 'cmake_prefix_path')
[42.947s] INFO:colcon.colcon_core.shell:Creating environment hook '/home/evan/code/lego-loam/lego/install/lego_loam_sr/share/lego_loam_sr/hook/cmake_prefix_path.ps1'
[42.947s] INFO:colcon.colcon_core.shell:Creating environment descriptor '/home/evan/code/lego-loam/lego/install/lego_loam_sr/share/lego_loam_sr/hook/cmake_prefix_path.dsv'
[42.948s] INFO:colcon.colcon_core.shell:Creating environment hook '/home/evan/code/lego-loam/lego/install/lego_loam_sr/share/lego_loam_sr/hook/cmake_prefix_path.sh'
[42.948s] Level 1:colcon.colcon_core.environment:checking '/home/evan/code/lego-loam/lego/install/lego_loam_sr/lib'
[42.948s] Level 1:colcon.colcon_core.environment:checking '/home/evan/code/lego-loam/lego/install/lego_loam_sr/bin'
[42.948s] Level 1:colcon.colcon_core.environment:checking '/home/evan/code/lego-loam/lego/install/lego_loam_sr/lib/pkgconfig/lego_loam_sr.pc'
[42.949s] Level 1:colcon.colcon_core.environment:checking '/home/evan/code/lego-loam/lego/install/lego_loam_sr/lib/python3.10/site-packages'
[42.949s] Level 1:colcon.colcon_core.environment:checking '/home/evan/code/lego-loam/lego/install/lego_loam_sr/bin'
[42.950s] INFO:colcon.colcon_core.shell:Creating package script '/home/evan/code/lego-loam/lego/install/lego_loam_sr/share/lego_loam_sr/package.ps1'
[42.951s] INFO:colcon.colcon_core.shell:Creating package descriptor '/home/evan/code/lego-loam/lego/install/lego_loam_sr/share/lego_loam_sr/package.dsv'
[42.951s] INFO:colcon.colcon_core.shell:Creating package script '/home/evan/code/lego-loam/lego/install/lego_loam_sr/share/lego_loam_sr/package.sh'
[42.952s] INFO:colcon.colcon_core.shell:Creating package script '/home/evan/code/lego-loam/lego/install/lego_loam_sr/share/lego_loam_sr/package.bash'
[42.952s] INFO:colcon.colcon_core.shell:Creating package script '/home/evan/code/lego-loam/lego/install/lego_loam_sr/share/lego_loam_sr/package.zsh'
[42.953s] Level 1:colcon.colcon_core.environment:create_file_with_runtime_dependencies(/home/evan/code/lego-loam/lego/install/lego_loam_sr/share/colcon-core/packages/lego_loam_sr)
[42.953s] DEBUG:colcon.colcon_parallel_executor.executor.parallel:closing loop
[42.953s] DEBUG:colcon.colcon_parallel_executor.executor.parallel:loop closed
[42.953s] DEBUG:colcon.colcon_parallel_executor.executor.parallel:run_until_complete finished with '0'
[42.953s] DEBUG:colcon.colcon_core.event_reactor:joining thread
[42.961s] INFO:colcon.colcon_core.plugin_system:Skipping extension 'colcon_notification.desktop_notification.terminal_notifier': Not used on non-Darwin systems
[42.961s] INFO:colcon.colcon_core.plugin_system:Skipping extension 'colcon_notification.desktop_notification.win32': Not used on non-Windows systems
[42.961s] INFO:colcon.colcon_notification.desktop_notification:Sending desktop notification using 'notify2'
[42.975s] DEBUG:colcon.colcon_core.event_reactor:joined thread
[42.977s] INFO:colcon.colcon_core.shell:Creating prefix script '/home/evan/code/lego-loam/lego/install/local_setup.ps1'
[42.978s] INFO:colcon.colcon_core.shell:Creating prefix util module '/home/evan/code/lego-loam/lego/install/_local_setup_util_ps1.py'
[42.980s] INFO:colcon.colcon_core.shell:Creating prefix chain script '/home/evan/code/lego-loam/lego/install/setup.ps1'
[42.982s] INFO:colcon.colcon_core.shell:Creating prefix script '/home/evan/code/lego-loam/lego/install/local_setup.sh'
[42.982s] INFO:colcon.colcon_core.shell:Creating prefix util module '/home/evan/code/lego-loam/lego/install/_local_setup_util_sh.py'
[42.983s] INFO:colcon.colcon_core.shell:Creating prefix chain script '/home/evan/code/lego-loam/lego/install/setup.sh'
[42.985s] INFO:colcon.colcon_core.shell:Creating prefix script '/home/evan/code/lego-loam/lego/install/local_setup.bash'
[42.985s] INFO:colcon.colcon_core.shell:Creating prefix chain script '/home/evan/code/lego-loam/lego/install/setup.bash'
[42.987s] INFO:colcon.colcon_core.shell:Creating prefix script '/home/evan/code/lego-loam/lego/install/local_setup.zsh'
[42.988s] INFO:colcon.colcon_core.shell:Creating prefix chain script '/home/evan/code/lego-loam/lego/install/setup.zsh'
