[0.021s] Invoking command in '/home/evan/code/Complete_slam_system/lidar_slam_system/build/lidar_slam': CMAKE_PREFIX_PATH=${CMAKE_PREFIX_PATH}:/home/evan/code/lego-loam/lego/install/cloud_msgs:/opt/ros/humble /usr/bin/cmake --build /home/evan/code/Complete_slam_system/lidar_slam_system/build/lidar_slam -- -j4 -l4
[0.095s] [35m[1mConsolidate compiler generated dependencies of target lidar_slam[0m
[0.188s] [ 20%] [32mBuilding CXX object CMakeFiles/lidar_slam.dir/src/back_end.cpp.o[0m
[10.925s] [01m[K/home/evan/code/Complete_slam_system/lidar_slam_system/src/lidar_slam/src/back_end.cpp:[m[K In destructor ‘[01m[Kvirtual lidarslam::BackEnd::~BackEnd()[m[K’:
[10.925s] [01m[K/home/evan/code/Complete_slam_system/lidar_slam_system/src/lidar_slam/src/back_end.cpp:57:24:[m[K [01;35m[Kwarning: [m[Kconverting to ‘[01m[Knav_msgs::msg::Odometry[m[K’ {aka ‘[01m[Knav_msgs::msg::Odometry_<std::allocator<void> >[m[K’} from initializer list would use explicit constructor ‘[01m[Knav_msgs::msg::Odometry_<ContainerAllocator>::Odometry_(rosidl_runtime_cpp::MessageInitialization) [with ContainerAllocator = std::allocator<void>][m[K’
[10.926s]    57 |     [01;35m[K_input_channel.send({})[m[K;
[10.926s]       |     [01;35m[K~~~~~~~~~~~~~~~~~~~^~~~[m[K
[10.926s] [01m[K/home/evan/code/Complete_slam_system/lidar_slam_system/src/lidar_slam/src/back_end.cpp:57:24:[m[K [01;36m[Knote: [m[Kin C++11 and above a default constructor can be explicit
[10.932s] In file included from [01m[K/opt/ros/humble/include/rclcpp/rclcpp/logging.hpp:24[m[K,
[10.932s]                  from [01m[K/opt/ros/humble/include/rclcpp/rclcpp/client.hpp:40[m[K,
[10.932s]                  from [01m[K/opt/ros/humble/include/rclcpp/rclcpp/callback_group.hpp:24[m[K,
[10.932s]                  from [01m[K/opt/ros/humble/include/rclcpp/rclcpp/any_executable.hpp:20[m[K,
[10.932s]                  from [01m[K/opt/ros/humble/include/rclcpp/rclcpp/memory_strategy.hpp:25[m[K,
[10.932s]                  from [01m[K/opt/ros/humble/include/rclcpp/rclcpp/memory_strategies.hpp:18[m[K,
[10.932s]                  from [01m[K/opt/ros/humble/include/rclcpp/rclcpp/executor_options.hpp:20[m[K,
[10.932s]                  from [01m[K/opt/ros/humble/include/rclcpp/rclcpp/executor.hpp:37[m[K,
[10.932s]                  from [01m[K/opt/ros/humble/include/rclcpp/rclcpp/executors/multi_threaded_executor.hpp:25[m[K,
[10.932s]                  from [01m[K/opt/ros/humble/include/rclcpp/rclcpp/executors.hpp:21[m[K,
[10.933s]                  from [01m[K/opt/ros/humble/include/rclcpp/rclcpp/rclcpp.hpp:155[m[K,
[10.933s]                  from [01m[K/home/evan/code/Complete_slam_system/lidar_slam_system/src/lidar_slam/include/lidar_slam/slam_utils.h:16[m[K,
[10.933s]                  from [01m[K/home/evan/code/Complete_slam_system/lidar_slam_system/src/lidar_slam/include/lidar_slam/back_end.h:4[m[K,
[10.933s]                  from [01m[K/home/evan/code/Complete_slam_system/lidar_slam_system/src/lidar_slam/src/back_end.cpp:1[m[K:
[10.933s] [01m[K/home/evan/code/Complete_slam_system/lidar_slam_system/src/lidar_slam/src/back_end.cpp:[m[K In member function ‘[01m[Kvoid lidarslam::BackEnd::extractSurroundingKeyFrames()[m[K’:
[10.933s] [01m[K/home/evan/code/Complete_slam_system/lidar_slam_system/src/lidar_slam/src/back_end.cpp:125:65:[m[K [01;31m[Kerror: [m[Kexpected primary-expression before ‘[01m[K>[m[K’ token
[10.933s]   125 |         RCLCPP_INFO(this -> get_logger(), "tempsize%ld", temp - [01;31m[K>[m[K size());
[10.933s]       |                                                                 [01;31m[K^[m[K
[10.934s] [01m[K/home/evan/code/Complete_slam_system/lidar_slam_system/src/lidar_slam/src/back_end.cpp:125:67:[m[K [01;31m[Kerror: [m[K‘[01m[Ksize[m[K’ was not declared in this scope
[10.934s]   125 |         RCLCPP_INFO(this -> get_logger(), "tempsize%ld", temp - > [01;31m[Ksize[m[K());
[10.934s]       |                                                                   [01;31m[K^~~~[m[K
[10.957s] [01m[K/home/evan/code/Complete_slam_system/lidar_slam_system/src/lidar_slam/src/back_end.cpp:125:67:[m[K [01;36m[Knote: [m[Ksuggested alternatives:
[10.958s] In file included from [01m[K/usr/include/c++/11/array:41[m[K,
[10.958s]                  from [01m[K/usr/include/c++/11/tuple:39[m[K,
[10.958s]                  from [01m[K/usr/include/c++/11/bits/unique_ptr.h:37[m[K,
[10.958s]                  from [01m[K/usr/include/c++/11/memory:76[m[K,
[10.958s]                  from [01m[K/usr/local/include/ceres/autodiff_cost_function.h:128[m[K,
[10.959s]                  from [01m[K/usr/local/include/ceres/ceres.h:37[m[K,
[10.959s]                  from [01m[K/home/evan/code/Complete_slam_system/lidar_slam_system/src/lidar_slam/include/lidar_slam/lidar_factor.hpp:1[m[K,
[10.959s]                  from [01m[K/home/evan/code/Complete_slam_system/lidar_slam_system/src/lidar_slam/include/lidar_slam/slam_utils.h:4[m[K,
[10.959s]                  from [01m[K/home/evan/code/Complete_slam_system/lidar_slam_system/src/lidar_slam/include/lidar_slam/back_end.h:4[m[K,
[10.959s]                  from [01m[K/home/evan/code/Complete_slam_system/lidar_slam_system/src/lidar_slam/src/back_end.cpp:1[m[K:
[10.959s] [01m[K/usr/include/c++/11/bits/range_access.h:254:5:[m[K [01;36m[Knote: [m[K  ‘[01m[Kstd::size[m[K’
[10.959s]   254 |     [01;36m[Ksize[m[K(const _Tp (&)[_Nm]) noexcept
[10.959s]       |     [01;36m[K^~~~[m[K
[10.959s] In file included from [01m[K/usr/include/boost/range/functions.hpp:20[m[K,
[10.959s]                  from [01m[K/usr/include/boost/range/iterator_range_core.hpp:38[m[K,
[10.959s]                  from [01m[K/usr/include/boost/range/iterator_range.hpp:13[m[K,
[10.959s]                  from [01m[K/usr/include/boost/range/as_literal.hpp:18[m[K,
[10.959s]                  from [01m[K/usr/include/boost/algorithm/string/predicate.hpp:20[m[K,
[10.959s]                  from [01m[K/usr/include/pcl-1.12/pcl/io/file_io.h:47[m[K,
[10.959s]                  from [01m[K/usr/include/pcl-1.12/pcl/io/pcd_io.h:45[m[K,
[10.960s]                  from [01m[K/opt/ros/humble/include/pcl_conversions/pcl_conversions.h:72[m[K,
[10.960s]                  from [01m[K/home/evan/code/Complete_slam_system/lidar_slam_system/src/lidar_slam/include/lidar_slam/slam_utils.h:25[m[K,
[10.960s]                  from [01m[K/home/evan/code/Complete_slam_system/lidar_slam_system/src/lidar_slam/include/lidar_slam/back_end.h:4[m[K,
[10.960s]                  from [01m[K/home/evan/code/Complete_slam_system/lidar_slam_system/src/lidar_slam/src/back_end.cpp:1[m[K:
[10.960s] [01m[K/usr/include/boost/range/size.hpp:55:5:[m[K [01;36m[Knote: [m[K  ‘[01m[Kboost::size[m[K’
[10.960s]    55 |     [01;36m[Ksize[m[K(const SinglePassRange& rng)
[10.960s]       |     [01;36m[K^~~~[m[K
[10.960s] In file included from [01m[K/usr/include/eigen3/Eigen/Core:162[m[K,
[10.960s]                  from [01m[K/usr/local/include/ceres/internal/fixed_array.h:33[m[K,
[10.960s]                  from [01m[K/usr/local/include/ceres/internal/array_selector.h:38[m[K,
[10.960s]                  from [01m[K/usr/local/include/ceres/internal/autodiff.h:147[m[K,
[10.960s]                  from [01m[K/usr/local/include/ceres/autodiff_cost_function.h:130[m[K,
[10.960s]                  from [01m[K/usr/local/include/ceres/ceres.h:37[m[K,
[10.960s]                  from [01m[K/home/evan/code/Complete_slam_system/lidar_slam_system/src/lidar_slam/include/lidar_slam/lidar_factor.hpp:1[m[K,
[10.960s]                  from [01m[K/home/evan/code/Complete_slam_system/lidar_slam_system/src/lidar_slam/include/lidar_slam/slam_utils.h:4[m[K,
[10.961s]                  from [01m[K/home/evan/code/Complete_slam_system/lidar_slam_system/src/lidar_slam/include/lidar_slam/back_end.h:4[m[K,
[10.961s]                  from [01m[K/home/evan/code/Complete_slam_system/lidar_slam_system/src/lidar_slam/src/back_end.cpp:1[m[K:
[10.961s] [01m[K/usr/include/eigen3/Eigen/src/Core/util/Meta.h:482:23:[m[K [01;36m[Knote: [m[K  ‘[01m[KEigen::internal::size[m[K’
[10.961s]   482 | EIGEN_CONSTEXPR Index [01;36m[Ksize[m[K(const T (&) [N]) { return N; }
[10.961s]       |                       [01;36m[K^~~~[m[K
[10.961s] In file included from [01m[K/usr/include/boost/mpl/vector/aux_/size.hpp:17[m[K,
[10.961s]                  from [01m[K/usr/include/boost/mpl/vector/vector0.hpp:26[m[K,
[10.961s]                  from [01m[K/usr/include/boost/mpl/vector/vector10.hpp:18[m[K,
[10.961s]                  from [01m[K/usr/include/boost/mpl/vector/vector20.hpp:18[m[K,
[10.961s]                  from [01m[K/usr/include/boost/mpl/vector.hpp:36[m[K,
[10.961s]                  from [01m[K/usr/include/pcl-1.12/pcl/point_struct_traits.h:43[m[K,
[10.961s]                  from [01m[K/usr/include/pcl-1.12/pcl/type_traits.h:40[m[K,
[10.961s]                  from [01m[K/usr/include/pcl-1.12/pcl/memory.h:46[m[K,
[10.961s]                  from [01m[K/usr/include/pcl-1.12/pcl/PCLHeader.h:3[m[K,
[10.961s]                  from [01m[K/usr/include/pcl-1.12/pcl/point_cloud.h:47[m[K,
[10.962s]                  from [01m[K/home/evan/code/Complete_slam_system/lidar_slam_system/src/lidar_slam/include/lidar_slam/slam_utils.h:23[m[K,
[10.962s]                  from [01m[K/home/evan/code/Complete_slam_system/lidar_slam_system/src/lidar_slam/include/lidar_slam/back_end.h:4[m[K,
[10.962s]                  from [01m[K/home/evan/code/Complete_slam_system/lidar_slam_system/src/lidar_slam/src/back_end.cpp:1[m[K:
[10.962s] [01m[K/usr/include/boost/mpl/size_fwd.hpp:20:38:[m[K [01;36m[Knote: [m[K  ‘[01m[Kboost::mpl::size[m[K’
[10.962s]    20 | template< typename Sequence > struct [01;36m[Ksize[m[K;
[10.962s]       |                                      [01;36m[K^~~~[m[K
[10.962s] In file included from [01m[K/usr/include/boost/fusion/view/joint_view/joint_view.hpp:16[m[K,
[10.962s]                  from [01m[K/usr/include/boost/fusion/algorithm/transformation/push_back.hpp:12[m[K,
[10.962s]                  from [01m[K/usr/include/boost/fusion/view/iterator_range/detail/segmented_iterator_range.hpp:21[m[K,
[10.962s]                  from [01m[K/usr/include/boost/fusion/view/iterator_range/detail/segments_impl.hpp:14[m[K,
[10.962s]                  from [01m[K/usr/include/boost/fusion/view/iterator_range/iterator_range.hpp:22[m[K,
[10.962s]                  from [01m[K/usr/include/boost/fusion/view/iterator_range.hpp:11[m[K,
[10.963s]                  from [01m[K/usr/include/boost/fusion/sequence/intrinsic/detail/segmented_begin.hpp:13[m[K,
[10.963s]                  from [01m[K/usr/include/boost/fusion/sequence/intrinsic/begin.hpp:18[m[K,
[10.963s]                  from [01m[K/usr/include/boost/fusion/iterator/segmented_iterator.hpp:13[m[K,
[10.963s]                  from [01m[K/usr/include/boost/fusion/sequence/intrinsic/detail/segmented_end.hpp:12[m[K,
[10.963s]                  from [01m[K/usr/include/boost/fusion/sequence/intrinsic/end.hpp:18[m[K,
[10.963s]                  from [01m[K/usr/include/boost/fusion/mpl/back.hpp:12[m[K,
[10.963s]                  from [01m[K/usr/include/boost/fusion/mpl.hpp:15[m[K,
[10.963s]                  from [01m[K/usr/include/boost/fusion/include/mpl.hpp:12[m[K,
[10.963s]                  from [01m[K/usr/include/pcl-1.12/pcl/common/impl/accumulators.hpp:44[m[K,
[10.963s]                  from [01m[K/usr/include/pcl-1.12/pcl/common/centroid.h:955[m[K,
[10.963s]                  from [01m[K/usr/include/pcl-1.12/pcl/common/transforms.h:44[m[K,
[10.963s]                  from [01m[K/usr/include/pcl-1.12/pcl/registration/transformation_estimation.h:43[m[K,
[10.963s]                  from [01m[K/usr/include/pcl-1.12/pcl/registration/registration.h:46[m[K,
[10.963s]                  from [01m[K/usr/include/pcl-1.12/pcl/registration/icp.h:46[m[K,
[10.963s]                  from [01m[K/home/evan/code/Complete_slam_system/lidar_slam_system/src/lidar_slam/include/lidar_slam/slam_utils.h:29[m[K,
[10.964s]                  from [01m[K/home/evan/code/Complete_slam_system/lidar_slam_system/src/lidar_slam/include/lidar_slam/back_end.h:4[m[K,
[10.964s]                  from [01m[K/home/evan/code/Complete_slam_system/lidar_slam_system/src/lidar_slam/src/back_end.cpp:1[m[K:
[10.964s] [01m[K/usr/include/boost/fusion/sequence/intrinsic/size.hpp:79:5:[m[K [01;36m[Knote: [m[K  ‘[01m[Kboost::fusion::size[m[K’
[10.964s]    79 |     [01;36m[Ksize[m[K(Sequence const&)
[10.964s]       |     [01;36m[K^~~~[m[K
[10.964s] In file included from [01m[K/usr/include/boost/fusion/sequence/intrinsic/value_at.hpp:16[m[K,
[10.964s]                  from [01m[K/usr/include/boost/fusion/mpl/at.hpp:12[m[K,
[10.964s]                  from [01m[K/usr/include/boost/fusion/mpl.hpp:14[m[K,
[10.964s]                  from [01m[K/usr/include/boost/fusion/include/mpl.hpp:12[m[K,
[10.964s]                  from [01m[K/usr/include/pcl-1.12/pcl/common/impl/accumulators.hpp:44[m[K,
[10.964s]                  from [01m[K/usr/include/pcl-1.12/pcl/common/centroid.h:955[m[K,
[10.964s]                  from [01m[K/usr/include/pcl-1.12/pcl/common/transforms.h:44[m[K,
[10.964s]                  from [01m[K/usr/include/pcl-1.12/pcl/registration/transformation_estimation.h:43[m[K,
[10.964s]                  from [01m[K/usr/include/pcl-1.12/pcl/registration/registration.h:46[m[K,
[10.965s]                  from [01m[K/usr/include/pcl-1.12/pcl/registration/icp.h:46[m[K,
[10.965s]                  from [01m[K/home/evan/code/Complete_slam_system/lidar_slam_system/src/lidar_slam/include/lidar_slam/slam_utils.h:29[m[K,
[10.965s]                  from [01m[K/home/evan/code/Complete_slam_system/lidar_slam_system/src/lidar_slam/include/lidar_slam/back_end.h:4[m[K,
[10.965s]                  from [01m[K/home/evan/code/Complete_slam_system/lidar_slam_system/src/lidar_slam/src/back_end.cpp:1[m[K:
[10.965s] [01m[K/usr/include/boost/fusion/sequence/intrinsic_fwd.hpp:80:16:[m[K [01;36m[Knote: [m[K  ‘[01m[Kboost::fusion::result_of::size[m[K’
[10.965s]    80 |         struct [01;36m[Ksize[m[K;
[10.965s]       |                [01;36m[K^~~~[m[K
[20.545s] gmake[2]: *** [CMakeFiles/lidar_slam.dir/build.make:104: CMakeFiles/lidar_slam.dir/src/back_end.cpp.o] Error 1
[20.545s] gmake[1]: *** [CMakeFiles/Makefile2:137: CMakeFiles/lidar_slam.dir/all] Error 2
[20.545s] gmake: *** [Makefile:146: all] Error 2
[20.549s] Invoked command in '/home/evan/code/Complete_slam_system/lidar_slam_system/build/lidar_slam' returned '2': CMAKE_PREFIX_PATH=${CMAKE_PREFIX_PATH}:/home/evan/code/lego-loam/lego/install/cloud_msgs:/opt/ros/humble /usr/bin/cmake --build /home/evan/code/Complete_slam_system/lidar_slam_system/build/lidar_slam -- -j4 -l4
