[0.024s] Invoking command in '/home/evan/code/Complete_slam_system/lidar_slam_system/build/lidar_slam': CMAKE_PREFIX_PATH=${CMAKE_PREFIX_PATH}:/opt/ros/humble /usr/bin/cmake --build /home/evan/code/Complete_slam_system/lidar_slam_system/build/lidar_slam -- -j4 -l4
[0.097s] -- Found ament_cmake: 1.3.3 (/opt/ros/humble/share/ament_cmake/cmake)
[0.260s] -- Found rclcpp: 16.0.3 (/opt/ros/humble/share/rclcpp/cmake)
[0.293s] -- Found rosidl_generator_c: 3.1.4 (/opt/ros/humble/share/rosidl_generator_c/cmake)
[0.296s] -- Found rosidl_adapter: 3.1.4 (/opt/ros/humble/share/rosidl_adapter/cmake)
[0.303s] -- Found rosidl_generator_cpp: 3.1.4 (/opt/ros/humble/share/rosidl_generator_cpp/cmake)
[0.319s] -- Using all available rosidl_typesupport_c: rosidl_typesupport_fastrtps_c;rosidl_typesupport_introspection_c
[0.338s] -- Using all available rosidl_typesupport_cpp: rosidl_typesupport_fastrtps_cpp;rosidl_typesupport_introspection_cpp
[0.407s] -- Found rmw_implementation_cmake: 6.1.1 (/opt/ros/humble/share/rmw_implementation_cmake/cmake)
[0.410s] -- Found rmw_fastrtps_cpp: 6.2.2 (/opt/ros/humble/share/rmw_fastrtps_cpp/cmake)
[0.620s] -- Using RMW implementation 'rmw_fastrtps_cpp' as default
[0.813s] -- Found sensor_msgs: 4.2.3 (/opt/ros/humble/share/sensor_msgs/cmake)
[0.970s] -- Found nav_msgs: 4.2.3 (/opt/ros/humble/share/nav_msgs/cmake)
[1.076s] -- Found pcl_conversions: 2.4.0 (/opt/ros/humble/share/pcl_conversions/cmake)
[1.251s] -- Eigen found (include: /usr/include/eigen3, version: 3.4.0)
[1.261s] -- Found Boost: /usr/lib/x86_64-linux-gnu/cmake/Boost-1.74.0/BoostConfig.cmake (found suitable version "1.74.0", minimum required is "1.65.0") found components: system filesystem date_time iostreams serialization 
[1.285s] -- FLANN found (include: /usr/include, lib: /usr/lib/x86_64-linux-gnu/libflann_cpp.so)
[1.624s] -- OpenNI found (version: 1.5.4.0, include: /usr/include/ni, lib: /usr/lib/libOpenNI.so;libusb::libusb)
[1.632s] -- OpenNI2 found (version: 2.2.0.33, include: /usr/include/openni2, lib: /usr/lib/x86_64-linux-gnu/libOpenNI2.so;libusb::libusb)
[1.632s] [0m** WARNING ** io features related to pcap will be disabled[0m
[1.808s] -- Eigen found (include: /usr/include/eigen3, version: 3.4.0)
[1.817s] -- OpenNI found (version: 1.5.4.0, include: /usr/include/ni, lib: /usr/lib/libOpenNI.so;libusb::libusb)
[1.825s] -- OpenNI2 found (version: 2.2.0.33, include: /usr/include/openni2, lib: /usr/lib/x86_64-linux-gnu/libOpenNI2.so;libusb::libusb)
[1.996s] -- Found Qhull version 8.0.2
[2.176s] -- OpenNI found (version: 1.5.4.0, include: /usr/include/ni, lib: /usr/lib/libOpenNI.so;libusb::libusb)
[2.344s] -- looking for PCL_COMMON
[2.344s] -- looking for PCL_KDTREE
[2.345s] -- looking for PCL_OCTREE
[2.345s] -- looking for PCL_SEARCH
[2.346s] -- looking for PCL_SAMPLE_CONSENSUS
[2.346s] -- looking for PCL_FILTERS
[2.347s] -- looking for PCL_2D
[2.347s] -- looking for PCL_GEOMETRY
[2.347s] -- looking for PCL_IO
[2.348s] -- looking for PCL_FEATURES
[2.348s] -- looking for PCL_ML
[2.349s] -- looking for PCL_SEGMENTATION
[2.349s] -- looking for PCL_VISUALIZATION
[2.350s] -- looking for PCL_SURFACE
[2.350s] -- looking for PCL_REGISTRATION
[2.351s] -- looking for PCL_KEYPOINTS
[2.352s] -- looking for PCL_TRACKING
[2.352s] -- looking for PCL_RECOGNITION
[2.353s] -- looking for PCL_STEREO
[2.353s] -- looking for PCL_APPS
[2.354s] -- looking for PCL_IN_HAND_SCANNER
[2.355s] -- looking for PCL_MODELER
[2.355s] -- looking for PCL_POINT_CLOUD_EDITOR
[2.355s] -- looking for PCL_OUTOFCORE
[2.356s] -- looking for PCL_PEOPLE
[2.375s] -- GTSAM include directory:  /usr/local/lib/cmake/GTSAM/../../../include
[2.380s] -- Found Boost: /usr/lib/x86_64-linux-gnu/cmake/Boost-1.74.0/BoostConfig.cmake (found version "1.74.0") found components: thread serialization timer 
[2.549s] -- Configuring done
[2.598s] -- Generating done
[2.601s] -- Build files have been written to: /home/evan/code/Complete_slam_system/lidar_slam_system/build/lidar_slam
[2.655s] [ 33%] [32mBuilding CXX object CMakeFiles/lidar_slam.dir/src/data_process.cpp.o[0m
[2.655s] [ 66%] [32mBuilding CXX object CMakeFiles/lidar_slam.dir/src/main.cpp.o[0m
[2.665s] [01m[K/home/evan/code/Complete_slam_system/lidar_slam_system/src/lidar_slam/src/data_process.cpp:1:10:[m[K [01;31m[Kfatal error: [m[Kdata_process.h: No such file or directory
[2.665s]     1 | #include [01;31m[K"data_process.h"[m[K
[2.665s]       |          [01;31m[K^~~~~~~~~~~~~~~~[m[K
[2.665s] compilation terminated.
[2.666s] gmake[2]: *** [CMakeFiles/lidar_slam.dir/build.make:76: CMakeFiles/lidar_slam.dir/src/data_process.cpp.o] Error 1
[2.666s] gmake[2]: *** Waiting for unfinished jobs....
[3.050s] [01m[K/home/evan/code/Complete_slam_system/lidar_slam_system/src/lidar_slam/src/main.cpp:2:10:[m[K [01;31m[Kfatal error: [m[Kdata_process.h: No such file or directory
[3.050s]     2 | #include [01;31m[K"data_process.h"[m[K
[3.050s]       |          [01;31m[K^~~~~~~~~~~~~~~~[m[K
[3.050s] compilation terminated.
[3.054s] gmake[2]: *** [CMakeFiles/lidar_slam.dir/build.make:90: CMakeFiles/lidar_slam.dir/src/main.cpp.o] Error 1
[3.054s] gmake[1]: *** [CMakeFiles/Makefile2:137: CMakeFiles/lidar_slam.dir/all] Error 2
[3.054s] gmake: *** [Makefile:146: all] Error 2
[3.057s] Invoked command in '/home/evan/code/Complete_slam_system/lidar_slam_system/build/lidar_slam' returned '2': CMAKE_PREFIX_PATH=${CMAKE_PREFIX_PATH}:/opt/ros/humble /usr/bin/cmake --build /home/evan/code/Complete_slam_system/lidar_slam_system/build/lidar_slam -- -j4 -l4
