[0.705s] DEBUG:colcon:Command line arguments: ['/usr/bin/colcon', 'build', '--packages-select', 'lego_loam_sr']
[0.705s] DEBUG:colcon:Parsed command line arguments: Namespace(log_base=None, log_level=None, verb_name='build', build_base='build', install_base='install', merge_install=False, symlink_install=False, test_result_base=None, continue_on_error=False, executor='parallel', parallel_workers=4, event_handlers=None, ignore_user_meta=False, metas=['./colcon.meta'], base_paths=['.'], packages_ignore=None, packages_ignore_regex=None, paths=None, packages_up_to=None, packages_up_to_regex=None, packages_above=None, packages_above_and_dependencies=None, packages_above_depth=None, packages_select_by_dep=None, packages_skip_by_dep=None, packages_skip_up_to=None, packages_select_build_failed=False, packages_skip_build_finished=False, packages_select_test_failures=False, packages_skip_test_passed=False, packages_select=['lego_loam_sr'], packages_skip=None, packages_select_regex=None, packages_skip_regex=None, packages_start=None, packages_end=None, allow_overriding=[], cmake_args=None, cmake_target=None, cmake_target_skip_unavailable=False, cmake_clean_cache=False, cmake_clean_first=False, cmake_force_configure=False, ament_cmake_args=None, catkin_cmake_args=None, catkin_skip_building_tests=False, verb_parser=<colcon_defaults.argument_parser.defaults.DefaultArgumentsDecorator object at 0x7ff9552a26e0>, verb_extension=<colcon_core.verb.build.BuildVerb object at 0x7ff955b2a410>, main=<bound method BuildVerb.main of <colcon_core.verb.build.BuildVerb object at 0x7ff955b2a410>>)
[0.744s] Level 1:colcon.colcon_core.package_discovery:discover_packages(colcon_meta) check parameters
[0.745s] Level 1:colcon.colcon_core.package_discovery:discover_packages(recursive) check parameters
[0.745s] Level 1:colcon.colcon_core.package_discovery:discover_packages(ignore) check parameters
[0.745s] Level 1:colcon.colcon_core.package_discovery:discover_packages(path) check parameters
[0.745s] Level 1:colcon.colcon_core.package_discovery:discover_packages(colcon_meta) discover
[0.745s] Level 1:colcon.colcon_core.package_discovery:discover_packages(recursive) discover
[0.745s] INFO:colcon.colcon_core.package_discovery:Crawling recursively for packages in '/home/evan/code/lego-loam/lego'
[0.745s] Level 1:colcon.colcon_core.package_identification:_identify(.) by extensions ['ignore', 'ignore_ament_install']
[0.745s] Level 1:colcon.colcon_core.package_identification:_identify(.) by extension 'ignore'
[0.745s] Level 1:colcon.colcon_core.package_identification:_identify(.) by extension 'ignore_ament_install'
[0.745s] Level 1:colcon.colcon_core.package_identification:_identify(.) by extensions ['colcon_pkg']
[0.745s] Level 1:colcon.colcon_core.package_identification:_identify(.) by extension 'colcon_pkg'
[0.745s] Level 1:colcon.colcon_core.package_identification:_identify(.) by extensions ['colcon_meta']
[0.745s] Level 1:colcon.colcon_core.package_identification:_identify(.) by extension 'colcon_meta'
[0.745s] Level 1:colcon.colcon_core.package_identification:_identify(.) by extensions ['ros']
[0.746s] Level 1:colcon.colcon_core.package_identification:_identify(.) by extension 'ros'
[0.771s] Level 1:colcon.colcon_core.package_identification:_identify(.) by extensions ['cmake', 'python']
[0.771s] Level 1:colcon.colcon_core.package_identification:_identify(.) by extension 'cmake'
[0.771s] Level 1:colcon.colcon_core.package_identification:_identify(.) by extension 'python'
[0.772s] Level 1:colcon.colcon_core.package_identification:_identify(.) by extensions ['python_setup_py']
[0.772s] Level 1:colcon.colcon_core.package_identification:_identify(.) by extension 'python_setup_py'
[0.772s] Level 1:colcon.colcon_core.package_identification:_identify(build) by extensions ['ignore', 'ignore_ament_install']
[0.772s] Level 1:colcon.colcon_core.package_identification:_identify(build) by extension 'ignore'
[0.772s] Level 1:colcon.colcon_core.package_identification:_identify(build) ignored
[0.782s] Level 1:colcon.colcon_core.package_identification:_identify(install) by extensions ['ignore', 'ignore_ament_install']
[0.782s] Level 1:colcon.colcon_core.package_identification:_identify(install) by extension 'ignore'
[0.782s] Level 1:colcon.colcon_core.package_identification:_identify(install) ignored
[0.782s] Level 1:colcon.colcon_core.package_identification:_identify(log) by extensions ['ignore', 'ignore_ament_install']
[0.782s] Level 1:colcon.colcon_core.package_identification:_identify(log) by extension 'ignore'
[0.782s] Level 1:colcon.colcon_core.package_identification:_identify(log) ignored
[0.782s] Level 1:colcon.colcon_core.package_identification:_identify(src) by extensions ['ignore', 'ignore_ament_install']
[0.782s] Level 1:colcon.colcon_core.package_identification:_identify(src) by extension 'ignore'
[0.782s] Level 1:colcon.colcon_core.package_identification:_identify(src) by extension 'ignore_ament_install'
[0.783s] Level 1:colcon.colcon_core.package_identification:_identify(src) by extensions ['colcon_pkg']
[0.783s] Level 1:colcon.colcon_core.package_identification:_identify(src) by extension 'colcon_pkg'
[0.783s] Level 1:colcon.colcon_core.package_identification:_identify(src) by extensions ['colcon_meta']
[0.783s] Level 1:colcon.colcon_core.package_identification:_identify(src) by extension 'colcon_meta'
[0.783s] Level 1:colcon.colcon_core.package_identification:_identify(src) by extensions ['ros']
[0.783s] Level 1:colcon.colcon_core.package_identification:_identify(src) by extension 'ros'
[0.783s] Level 1:colcon.colcon_core.package_identification:_identify(src) by extensions ['cmake', 'python']
[0.783s] Level 1:colcon.colcon_core.package_identification:_identify(src) by extension 'cmake'
[0.783s] Level 1:colcon.colcon_core.package_identification:_identify(src) by extension 'python'
[0.783s] Level 1:colcon.colcon_core.package_identification:_identify(src) by extensions ['python_setup_py']
[0.783s] Level 1:colcon.colcon_core.package_identification:_identify(src) by extension 'python_setup_py'
[0.783s] Level 1:colcon.colcon_core.package_identification:_identify(src/LeGO-LOAM) by extensions ['ignore', 'ignore_ament_install']
[0.783s] Level 1:colcon.colcon_core.package_identification:_identify(src/LeGO-LOAM) by extension 'ignore'
[0.783s] Level 1:colcon.colcon_core.package_identification:_identify(src/LeGO-LOAM) by extension 'ignore_ament_install'
[0.783s] Level 1:colcon.colcon_core.package_identification:_identify(src/LeGO-LOAM) by extensions ['colcon_pkg']
[0.783s] Level 1:colcon.colcon_core.package_identification:_identify(src/LeGO-LOAM) by extension 'colcon_pkg'
[0.784s] Level 1:colcon.colcon_core.package_identification:_identify(src/LeGO-LOAM) by extensions ['colcon_meta']
[0.784s] Level 1:colcon.colcon_core.package_identification:_identify(src/LeGO-LOAM) by extension 'colcon_meta'
[0.784s] Level 1:colcon.colcon_core.package_identification:_identify(src/LeGO-LOAM) by extensions ['ros']
[0.784s] Level 1:colcon.colcon_core.package_identification:_identify(src/LeGO-LOAM) by extension 'ros'
[0.810s] DEBUG:colcon.colcon_core.package_identification:Package 'src/LeGO-LOAM' with type 'ros.ament_cmake' and name 'lego_loam_sr'
[0.810s] Level 1:colcon.colcon_core.package_identification:_identify(src/cloud_msgs) by extensions ['ignore', 'ignore_ament_install']
[0.810s] Level 1:colcon.colcon_core.package_identification:_identify(src/cloud_msgs) by extension 'ignore'
[0.811s] Level 1:colcon.colcon_core.package_identification:_identify(src/cloud_msgs) by extension 'ignore_ament_install'
[0.811s] Level 1:colcon.colcon_core.package_identification:_identify(src/cloud_msgs) by extensions ['colcon_pkg']
[0.811s] Level 1:colcon.colcon_core.package_identification:_identify(src/cloud_msgs) by extension 'colcon_pkg'
[0.811s] Level 1:colcon.colcon_core.package_identification:_identify(src/cloud_msgs) by extensions ['colcon_meta']
[0.811s] Level 1:colcon.colcon_core.package_identification:_identify(src/cloud_msgs) by extension 'colcon_meta'
[0.811s] Level 1:colcon.colcon_core.package_identification:_identify(src/cloud_msgs) by extensions ['ros']
[0.811s] Level 1:colcon.colcon_core.package_identification:_identify(src/cloud_msgs) by extension 'ros'
[0.811s] DEBUG:colcon.colcon_core.package_identification:Package 'src/cloud_msgs' with type 'ros.ament_cmake' and name 'cloud_msgs'
[0.812s] Level 1:colcon.colcon_core.package_discovery:discover_packages(recursive) using defaults
[0.812s] Level 1:colcon.colcon_core.package_discovery:discover_packages(ignore) discover
[0.812s] Level 1:colcon.colcon_core.package_discovery:discover_packages(ignore) using defaults
[0.812s] Level 1:colcon.colcon_core.package_discovery:discover_packages(path) discover
[0.812s] Level 1:colcon.colcon_core.package_discovery:discover_packages(path) using defaults
[0.873s] INFO:colcon.colcon_core.package_selection:Skipping not selected package 'cloud_msgs' in 'src/cloud_msgs'
[0.874s] Level 1:colcon.colcon_core.package_discovery:discover_packages(prefix_path) check parameters
[0.874s] Level 1:colcon.colcon_core.package_discovery:discover_packages(prefix_path) discover
[0.898s] DEBUG:colcon.colcon_installed_package_information.package_discovery:Found 2 installed packages in /home/evan/code/lidar_slam/lidar_slam/install
[0.899s] DEBUG:colcon.colcon_installed_package_information.package_discovery:Found 2 installed packages in /home/evan/code/lego-loam/lego/install
[0.922s] DEBUG:colcon.colcon_installed_package_information.package_discovery:Found 7 installed packages in /home/evan/code/ndt-loc/install
[0.952s] DEBUG:colcon.colcon_installed_package_information.package_discovery:Found 270 installed packages in /opt/ros/humble
[0.954s] Level 1:colcon.colcon_core.package_discovery:discover_packages(prefix_path) using defaults
[3.744s] Level 5:colcon.colcon_core.verb:set package 'lego_loam_sr' build argument 'cmake_args' from command line to 'None'
[3.744s] Level 5:colcon.colcon_core.verb:set package 'lego_loam_sr' build argument 'cmake_target' from command line to 'None'
[3.745s] Level 5:colcon.colcon_core.verb:set package 'lego_loam_sr' build argument 'cmake_target_skip_unavailable' from command line to 'False'
[3.745s] Level 5:colcon.colcon_core.verb:set package 'lego_loam_sr' build argument 'cmake_clean_cache' from command line to 'False'
[3.745s] Level 5:colcon.colcon_core.verb:set package 'lego_loam_sr' build argument 'cmake_clean_first' from command line to 'False'
[3.745s] Level 5:colcon.colcon_core.verb:set package 'lego_loam_sr' build argument 'cmake_force_configure' from command line to 'False'
[3.745s] Level 5:colcon.colcon_core.verb:set package 'lego_loam_sr' build argument 'ament_cmake_args' from command line to 'None'
[3.745s] Level 5:colcon.colcon_core.verb:set package 'lego_loam_sr' build argument 'catkin_cmake_args' from command line to 'None'
[3.745s] Level 5:colcon.colcon_core.verb:set package 'lego_loam_sr' build argument 'catkin_skip_building_tests' from command line to 'False'
[3.745s] DEBUG:colcon.colcon_core.verb:Building package 'lego_loam_sr' with the following arguments: {'ament_cmake_args': None, 'build_base': '/home/evan/code/lego-loam/lego/build/lego_loam_sr', 'catkin_cmake_args': None, 'catkin_skip_building_tests': False, 'cmake_args': None, 'cmake_clean_cache': False, 'cmake_clean_first': False, 'cmake_force_configure': False, 'cmake_target': None, 'cmake_target_skip_unavailable': False, 'install_base': '/home/evan/code/lego-loam/lego/install/lego_loam_sr', 'merge_install': False, 'path': '/home/evan/code/lego-loam/lego/src/LeGO-LOAM', 'symlink_install': False, 'test_result_base': None}
[3.746s] INFO:colcon.colcon_core.executor:Executing jobs using 'parallel' executor
[3.749s] DEBUG:colcon.colcon_parallel_executor.executor.parallel:run_until_complete
[3.749s] INFO:colcon.colcon_ros.task.ament_cmake.build:Building ROS package in '/home/evan/code/lego-loam/lego/src/LeGO-LOAM' with build type 'ament_cmake'
[3.749s] INFO:colcon.colcon_cmake.task.cmake.build:Building CMake package in '/home/evan/code/lego-loam/lego/src/LeGO-LOAM'
[3.851s] INFO:colcon.colcon_core.plugin_system:Skipping extension 'colcon_core.shell.bat': Not used on non-Windows systems
[3.852s] INFO:colcon.colcon_core.shell:Skip shell extension 'powershell' for command environment: Not usable outside of PowerShell
[3.852s] DEBUG:colcon.colcon_core.shell:Skip shell extension 'dsv' for command environment
[3.911s] DEBUG:colcon.colcon_core.event_handler.log_command:Invoking command in '/home/evan/code/lego-loam/lego/build/lego_loam_sr': CMAKE_PREFIX_PATH=/home/evan/code/lego-loam/lego/install/cloud_msgs:/home/evan/code/lidar_slam/lidar_slam/install/slam_learn:/home/evan/code/lidar_slam/lidar_slam/install/other_msgs:/home/evan/code/lego-loam/lego/install/lego_loam_sr:/home/evan/code/ndt-loc/install/radar-odometry:/home/evan/code/ndt-loc/install/radar-data:/home/evan/code/ndt-loc/install/ndt-lidar-radar:/home/evan/code/ndt-loc/install/map:/home/evan/code/ndt-loc/install/data-publisher:/home/evan/code/ndt-loc/install/cloud_msgs:/home/evan/code/ndt-loc/install/a-loam:/opt/ros/humble LD_LIBRARY_PATH=/home/evan/code/lego-loam/lego/install/cloud_msgs/lib:/home/evan/code/lidar_slam/lidar_slam/install/other_msgs/lib:/home/evan/code/ndt-loc/install/cloud_msgs/lib:/opt/ros/humble/opt/rviz_ogre_vendor/lib:/opt/ros/humble/lib/x86_64-linux-gnu:/opt/ros/humble/lib:/usr/local/lib:/usr/local/lib /usr/bin/cmake --build /home/evan/code/lego-loam/lego/build/lego_loam_sr -- -j4 -l4
[19.499s] DEBUG:colcon.colcon_parallel_executor.executor.parallel:run_until_complete was interrupted
[19.500s] DEBUG:colcon.colcon_parallel_executor.executor.parallel:run_until_complete again
[19.572s] DEBUG:colcon.colcon_core.event_handler.log_command:Invoked command in '/home/evan/code/lego-loam/lego/build/lego_loam_sr' returned '-2': CMAKE_PREFIX_PATH=/home/evan/code/lego-loam/lego/install/cloud_msgs:/home/evan/code/lidar_slam/lidar_slam/install/slam_learn:/home/evan/code/lidar_slam/lidar_slam/install/other_msgs:/home/evan/code/lego-loam/lego/install/lego_loam_sr:/home/evan/code/ndt-loc/install/radar-odometry:/home/evan/code/ndt-loc/install/radar-data:/home/evan/code/ndt-loc/install/ndt-lidar-radar:/home/evan/code/ndt-loc/install/map:/home/evan/code/ndt-loc/install/data-publisher:/home/evan/code/ndt-loc/install/cloud_msgs:/home/evan/code/ndt-loc/install/a-loam:/opt/ros/humble LD_LIBRARY_PATH=/home/evan/code/lego-loam/lego/install/cloud_msgs/lib:/home/evan/code/lidar_slam/lidar_slam/install/other_msgs/lib:/home/evan/code/ndt-loc/install/cloud_msgs/lib:/opt/ros/humble/opt/rviz_ogre_vendor/lib:/opt/ros/humble/lib/x86_64-linux-gnu:/opt/ros/humble/lib:/usr/local/lib:/usr/local/lib /usr/bin/cmake --build /home/evan/code/lego-loam/lego/build/lego_loam_sr -- -j4 -l4
[19.623s] Level 1:colcon.colcon_core.environment:create_environment_scripts_only(lego_loam_sr)
[19.629s] Level 1:colcon.colcon_core.environment:checking '/home/evan/code/lego-loam/lego/install/lego_loam_sr' for CMake module files
[19.630s] Level 1:colcon.colcon_core.environment:checking '/home/evan/code/lego-loam/lego/install/lego_loam_sr' for CMake config files
[19.631s] Level 1:colcon.colcon_core.shell:create_environment_hook('lego_loam_sr', 'cmake_prefix_path')
[19.633s] INFO:colcon.colcon_core.shell:Creating environment hook '/home/evan/code/lego-loam/lego/install/lego_loam_sr/share/lego_loam_sr/hook/cmake_prefix_path.ps1'
[19.634s] INFO:colcon.colcon_core.shell:Creating environment descriptor '/home/evan/code/lego-loam/lego/install/lego_loam_sr/share/lego_loam_sr/hook/cmake_prefix_path.dsv'
[19.635s] INFO:colcon.colcon_core.shell:Creating environment hook '/home/evan/code/lego-loam/lego/install/lego_loam_sr/share/lego_loam_sr/hook/cmake_prefix_path.sh'
[19.637s] Level 1:colcon.colcon_core.environment:checking '/home/evan/code/lego-loam/lego/install/lego_loam_sr/lib'
[19.637s] Level 1:colcon.colcon_core.environment:checking '/home/evan/code/lego-loam/lego/install/lego_loam_sr/bin'
[19.637s] Level 1:colcon.colcon_core.environment:checking '/home/evan/code/lego-loam/lego/install/lego_loam_sr/lib/pkgconfig/lego_loam_sr.pc'
[19.638s] Level 1:colcon.colcon_core.environment:checking '/home/evan/code/lego-loam/lego/install/lego_loam_sr/lib/python3.10/site-packages'
[19.638s] Level 1:colcon.colcon_core.environment:checking '/home/evan/code/lego-loam/lego/install/lego_loam_sr/bin'
[19.640s] INFO:colcon.colcon_core.shell:Creating package script '/home/evan/code/lego-loam/lego/install/lego_loam_sr/share/lego_loam_sr/package.ps1'
[19.641s] INFO:colcon.colcon_core.shell:Creating package descriptor '/home/evan/code/lego-loam/lego/install/lego_loam_sr/share/lego_loam_sr/package.dsv'
[19.641s] INFO:colcon.colcon_core.shell:Creating package script '/home/evan/code/lego-loam/lego/install/lego_loam_sr/share/lego_loam_sr/package.sh'
[19.642s] INFO:colcon.colcon_core.shell:Creating package script '/home/evan/code/lego-loam/lego/install/lego_loam_sr/share/lego_loam_sr/package.bash'
[19.643s] INFO:colcon.colcon_core.shell:Creating package script '/home/evan/code/lego-loam/lego/install/lego_loam_sr/share/lego_loam_sr/package.zsh'
[19.645s] Level 1:colcon.colcon_core.environment:create_file_with_runtime_dependencies(/home/evan/code/lego-loam/lego/install/lego_loam_sr/share/colcon-core/packages/lego_loam_sr)
[19.656s] DEBUG:colcon.colcon_parallel_executor.executor.parallel:run_until_complete finished
[19.656s] DEBUG:colcon.colcon_parallel_executor.executor.parallel:closing loop
[19.656s] DEBUG:colcon.colcon_parallel_executor.executor.parallel:loop closed
[19.656s] DEBUG:colcon.colcon_core.event_reactor:joining thread
[19.664s] INFO:colcon.colcon_core.plugin_system:Skipping extension 'colcon_notification.desktop_notification.terminal_notifier': Not used on non-Darwin systems
[19.664s] INFO:colcon.colcon_core.plugin_system:Skipping extension 'colcon_notification.desktop_notification.win32': Not used on non-Windows systems
[19.664s] INFO:colcon.colcon_notification.desktop_notification:Sending desktop notification using 'notify2'
[19.677s] DEBUG:colcon.colcon_core.event_reactor:joined thread
[19.679s] INFO:colcon.colcon_core.shell:Creating prefix script '/home/evan/code/lego-loam/lego/install/local_setup.ps1'
[19.681s] INFO:colcon.colcon_core.shell:Creating prefix util module '/home/evan/code/lego-loam/lego/install/_local_setup_util_ps1.py'
[19.682s] INFO:colcon.colcon_core.shell:Creating prefix chain script '/home/evan/code/lego-loam/lego/install/setup.ps1'
[19.685s] INFO:colcon.colcon_core.shell:Creating prefix script '/home/evan/code/lego-loam/lego/install/local_setup.sh'
[19.686s] INFO:colcon.colcon_core.shell:Creating prefix util module '/home/evan/code/lego-loam/lego/install/_local_setup_util_sh.py'
[19.686s] INFO:colcon.colcon_core.shell:Creating prefix chain script '/home/evan/code/lego-loam/lego/install/setup.sh'
[19.689s] INFO:colcon.colcon_core.shell:Creating prefix script '/home/evan/code/lego-loam/lego/install/local_setup.bash'
[19.690s] INFO:colcon.colcon_core.shell:Creating prefix chain script '/home/evan/code/lego-loam/lego/install/setup.bash'
[19.692s] INFO:colcon.colcon_core.shell:Creating prefix script '/home/evan/code/lego-loam/lego/install/local_setup.zsh'
[19.693s] INFO:colcon.colcon_core.shell:Creating prefix chain script '/home/evan/code/lego-loam/lego/install/setup.zsh'
