[21.982s] DEBUG:colcon:Command line arguments: ['/usr/bin/colcon', 'build']
[21.982s] DEBUG:colcon:Parsed command line arguments: Namespace(log_base=None, log_level=None, verb_name='build', build_base='build', install_base='install', merge_install=False, symlink_install=False, test_result_base=None, continue_on_error=False, executor='parallel', parallel_workers=4, event_handlers=None, ignore_user_meta=False, metas=['./colcon.meta'], base_paths=['.'], packages_ignore=None, packages_ignore_regex=None, paths=None, packages_up_to=None, packages_up_to_regex=None, packages_above=None, packages_above_and_dependencies=None, packages_above_depth=None, packages_select_by_dep=None, packages_skip_by_dep=None, packages_skip_up_to=None, packages_select_build_failed=False, packages_skip_build_finished=False, packages_select_test_failures=False, packages_skip_test_passed=False, packages_select=None, packages_skip=None, packages_select_regex=None, packages_skip_regex=None, packages_start=None, packages_end=None, allow_overriding=[], cmake_args=None, cmake_target=None, cmake_target_skip_unavailable=False, cmake_clean_cache=False, cmake_clean_first=False, cmake_force_configure=False, ament_cmake_args=None, catkin_cmake_args=None, catkin_skip_building_tests=False, verb_parser=<colcon_defaults.argument_parser.defaults.DefaultArgumentsDecorator object at 0x7f18e6d92560>, verb_extension=<colcon_core.verb.build.BuildVerb object at 0x7f18e75ae6b0>, main=<bound method BuildVerb.main of <colcon_core.verb.build.BuildVerb object at 0x7f18e75ae6b0>>)
[23.027s] Level 1:colcon.colcon_core.package_discovery:discover_packages(colcon_meta) check parameters
[23.027s] Level 1:colcon.colcon_core.package_discovery:discover_packages(recursive) check parameters
[23.027s] Level 1:colcon.colcon_core.package_discovery:discover_packages(ignore) check parameters
[23.027s] Level 1:colcon.colcon_core.package_discovery:discover_packages(path) check parameters
[23.027s] Level 1:colcon.colcon_core.package_discovery:discover_packages(colcon_meta) discover
[23.027s] Level 1:colcon.colcon_core.package_discovery:discover_packages(recursive) discover
[23.027s] INFO:colcon.colcon_core.package_discovery:Crawling recursively for packages in '/home/evan/code/lego-loam/lego'
[23.027s] Level 1:colcon.colcon_core.package_identification:_identify(.) by extensions ['ignore', 'ignore_ament_install']
[23.027s] Level 1:colcon.colcon_core.package_identification:_identify(.) by extension 'ignore'
[23.028s] Level 1:colcon.colcon_core.package_identification:_identify(.) by extension 'ignore_ament_install'
[23.028s] Level 1:colcon.colcon_core.package_identification:_identify(.) by extensions ['colcon_pkg']
[23.028s] Level 1:colcon.colcon_core.package_identification:_identify(.) by extension 'colcon_pkg'
[23.028s] Level 1:colcon.colcon_core.package_identification:_identify(.) by extensions ['colcon_meta']
[23.028s] Level 1:colcon.colcon_core.package_identification:_identify(.) by extension 'colcon_meta'
[23.028s] Level 1:colcon.colcon_core.package_identification:_identify(.) by extensions ['ros']
[23.028s] Level 1:colcon.colcon_core.package_identification:_identify(.) by extension 'ros'
[23.200s] Level 1:colcon.colcon_core.package_identification:_identify(.) by extensions ['cmake', 'python']
[23.200s] Level 1:colcon.colcon_core.package_identification:_identify(.) by extension 'cmake'
[23.200s] Level 1:colcon.colcon_core.package_identification:_identify(.) by extension 'python'
[23.201s] Level 1:colcon.colcon_core.package_identification:_identify(.) by extensions ['python_setup_py']
[23.201s] Level 1:colcon.colcon_core.package_identification:_identify(.) by extension 'python_setup_py'
[23.201s] Level 1:colcon.colcon_core.package_identification:_identify(build) by extensions ['ignore', 'ignore_ament_install']
[23.201s] Level 1:colcon.colcon_core.package_identification:_identify(build) by extension 'ignore'
[23.201s] Level 1:colcon.colcon_core.package_identification:_identify(build) ignored
[23.201s] Level 1:colcon.colcon_core.package_identification:_identify(install) by extensions ['ignore', 'ignore_ament_install']
[23.201s] Level 1:colcon.colcon_core.package_identification:_identify(install) by extension 'ignore'
[23.201s] Level 1:colcon.colcon_core.package_identification:_identify(install) ignored
[23.201s] Level 1:colcon.colcon_core.package_identification:_identify(log) by extensions ['ignore', 'ignore_ament_install']
[23.202s] Level 1:colcon.colcon_core.package_identification:_identify(log) by extension 'ignore'
[23.202s] Level 1:colcon.colcon_core.package_identification:_identify(log) ignored
[23.202s] Level 1:colcon.colcon_core.package_identification:_identify(src) by extensions ['ignore', 'ignore_ament_install']
[23.202s] Level 1:colcon.colcon_core.package_identification:_identify(src) by extension 'ignore'
[23.202s] Level 1:colcon.colcon_core.package_identification:_identify(src) by extension 'ignore_ament_install'
[23.202s] Level 1:colcon.colcon_core.package_identification:_identify(src) by extensions ['colcon_pkg']
[23.202s] Level 1:colcon.colcon_core.package_identification:_identify(src) by extension 'colcon_pkg'
[23.202s] Level 1:colcon.colcon_core.package_identification:_identify(src) by extensions ['colcon_meta']
[23.202s] Level 1:colcon.colcon_core.package_identification:_identify(src) by extension 'colcon_meta'
[23.202s] Level 1:colcon.colcon_core.package_identification:_identify(src) by extensions ['ros']
[23.202s] Level 1:colcon.colcon_core.package_identification:_identify(src) by extension 'ros'
[23.202s] Level 1:colcon.colcon_core.package_identification:_identify(src) by extensions ['cmake', 'python']
[23.202s] Level 1:colcon.colcon_core.package_identification:_identify(src) by extension 'cmake'
[23.202s] Level 1:colcon.colcon_core.package_identification:_identify(src) by extension 'python'
[23.202s] Level 1:colcon.colcon_core.package_identification:_identify(src) by extensions ['python_setup_py']
[23.202s] Level 1:colcon.colcon_core.package_identification:_identify(src) by extension 'python_setup_py'
[23.203s] Level 1:colcon.colcon_core.package_identification:_identify(src/LeGO-LOAM) by extensions ['ignore', 'ignore_ament_install']
[23.203s] Level 1:colcon.colcon_core.package_identification:_identify(src/LeGO-LOAM) by extension 'ignore'
[23.203s] Level 1:colcon.colcon_core.package_identification:_identify(src/LeGO-LOAM) by extension 'ignore_ament_install'
[23.203s] Level 1:colcon.colcon_core.package_identification:_identify(src/LeGO-LOAM) by extensions ['colcon_pkg']
[23.203s] Level 1:colcon.colcon_core.package_identification:_identify(src/LeGO-LOAM) by extension 'colcon_pkg'
[23.203s] Level 1:colcon.colcon_core.package_identification:_identify(src/LeGO-LOAM) by extensions ['colcon_meta']
[23.203s] Level 1:colcon.colcon_core.package_identification:_identify(src/LeGO-LOAM) by extension 'colcon_meta'
[23.203s] Level 1:colcon.colcon_core.package_identification:_identify(src/LeGO-LOAM) by extensions ['ros']
[23.203s] Level 1:colcon.colcon_core.package_identification:_identify(src/LeGO-LOAM) by extension 'ros'
[23.247s] DEBUG:colcon.colcon_core.package_identification:Package 'src/LeGO-LOAM' with type 'ros.ament_cmake' and name 'lego_loam_sr'
[23.273s] Level 1:colcon.colcon_core.package_identification:_identify(src/cloud_msgs) by extensions ['ignore', 'ignore_ament_install']
[23.273s] Level 1:colcon.colcon_core.package_identification:_identify(src/cloud_msgs) by extension 'ignore'
[23.273s] Level 1:colcon.colcon_core.package_identification:_identify(src/cloud_msgs) by extension 'ignore_ament_install'
[23.273s] Level 1:colcon.colcon_core.package_identification:_identify(src/cloud_msgs) by extensions ['colcon_pkg']
[23.273s] Level 1:colcon.colcon_core.package_identification:_identify(src/cloud_msgs) by extension 'colcon_pkg'
[23.273s] Level 1:colcon.colcon_core.package_identification:_identify(src/cloud_msgs) by extensions ['colcon_meta']
[23.274s] Level 1:colcon.colcon_core.package_identification:_identify(src/cloud_msgs) by extension 'colcon_meta'
[23.274s] Level 1:colcon.colcon_core.package_identification:_identify(src/cloud_msgs) by extensions ['ros']
[23.274s] Level 1:colcon.colcon_core.package_identification:_identify(src/cloud_msgs) by extension 'ros'
[23.293s] DEBUG:colcon.colcon_core.package_identification:Package 'src/cloud_msgs' with type 'ros.ament_cmake' and name 'cloud_msgs'
[23.293s] Level 1:colcon.colcon_core.package_discovery:discover_packages(recursive) using defaults
[23.294s] Level 1:colcon.colcon_core.package_discovery:discover_packages(ignore) discover
[23.294s] Level 1:colcon.colcon_core.package_discovery:discover_packages(ignore) using defaults
[23.294s] Level 1:colcon.colcon_core.package_discovery:discover_packages(path) discover
[23.294s] Level 1:colcon.colcon_core.package_discovery:discover_packages(path) using defaults
[23.811s] Level 1:colcon.colcon_core.package_discovery:discover_packages(prefix_path) check parameters
[23.811s] Level 1:colcon.colcon_core.package_discovery:discover_packages(prefix_path) discover
[23.848s] DEBUG:colcon.colcon_installed_package_information.package_discovery:Found 2 installed packages in /home/evan/code/lego-loam/lego/install
[23.849s] DEBUG:colcon.colcon_installed_package_information.package_discovery:Found 7 installed packages in /home/evan/code/ndt-loc/install
[23.902s] DEBUG:colcon.colcon_installed_package_information.package_discovery:Found 270 installed packages in /opt/ros/humble
[23.903s] Level 1:colcon.colcon_core.package_discovery:discover_packages(prefix_path) using defaults
[28.770s] Level 5:colcon.colcon_core.verb:set package 'cloud_msgs' build argument 'cmake_args' from command line to 'None'
[28.770s] Level 5:colcon.colcon_core.verb:set package 'cloud_msgs' build argument 'cmake_target' from command line to 'None'
[28.770s] Level 5:colcon.colcon_core.verb:set package 'cloud_msgs' build argument 'cmake_target_skip_unavailable' from command line to 'False'
[28.770s] Level 5:colcon.colcon_core.verb:set package 'cloud_msgs' build argument 'cmake_clean_cache' from command line to 'False'
[28.770s] Level 5:colcon.colcon_core.verb:set package 'cloud_msgs' build argument 'cmake_clean_first' from command line to 'False'
[28.770s] Level 5:colcon.colcon_core.verb:set package 'cloud_msgs' build argument 'cmake_force_configure' from command line to 'False'
[28.770s] Level 5:colcon.colcon_core.verb:set package 'cloud_msgs' build argument 'ament_cmake_args' from command line to 'None'
[28.770s] Level 5:colcon.colcon_core.verb:set package 'cloud_msgs' build argument 'catkin_cmake_args' from command line to 'None'
[28.770s] Level 5:colcon.colcon_core.verb:set package 'cloud_msgs' build argument 'catkin_skip_building_tests' from command line to 'False'
[28.770s] DEBUG:colcon.colcon_core.verb:Building package 'cloud_msgs' with the following arguments: {'ament_cmake_args': None, 'build_base': '/home/evan/code/lego-loam/lego/build/cloud_msgs', 'catkin_cmake_args': None, 'catkin_skip_building_tests': False, 'cmake_args': None, 'cmake_clean_cache': False, 'cmake_clean_first': False, 'cmake_force_configure': False, 'cmake_target': None, 'cmake_target_skip_unavailable': False, 'install_base': '/home/evan/code/lego-loam/lego/install/cloud_msgs', 'merge_install': False, 'path': '/home/evan/code/lego-loam/lego/src/cloud_msgs', 'symlink_install': False, 'test_result_base': None}
[28.771s] Level 5:colcon.colcon_core.verb:set package 'lego_loam_sr' build argument 'cmake_args' from command line to 'None'
[28.771s] Level 5:colcon.colcon_core.verb:set package 'lego_loam_sr' build argument 'cmake_target' from command line to 'None'
[28.771s] Level 5:colcon.colcon_core.verb:set package 'lego_loam_sr' build argument 'cmake_target_skip_unavailable' from command line to 'False'
[28.771s] Level 5:colcon.colcon_core.verb:set package 'lego_loam_sr' build argument 'cmake_clean_cache' from command line to 'False'
[28.772s] Level 5:colcon.colcon_core.verb:set package 'lego_loam_sr' build argument 'cmake_clean_first' from command line to 'False'
[28.772s] Level 5:colcon.colcon_core.verb:set package 'lego_loam_sr' build argument 'cmake_force_configure' from command line to 'False'
[28.772s] Level 5:colcon.colcon_core.verb:set package 'lego_loam_sr' build argument 'ament_cmake_args' from command line to 'None'
[28.772s] Level 5:colcon.colcon_core.verb:set package 'lego_loam_sr' build argument 'catkin_cmake_args' from command line to 'None'
[28.772s] Level 5:colcon.colcon_core.verb:set package 'lego_loam_sr' build argument 'catkin_skip_building_tests' from command line to 'False'
[28.772s] DEBUG:colcon.colcon_core.verb:Building package 'lego_loam_sr' with the following arguments: {'ament_cmake_args': None, 'build_base': '/home/evan/code/lego-loam/lego/build/lego_loam_sr', 'catkin_cmake_args': None, 'catkin_skip_building_tests': False, 'cmake_args': None, 'cmake_clean_cache': False, 'cmake_clean_first': False, 'cmake_force_configure': False, 'cmake_target': None, 'cmake_target_skip_unavailable': False, 'install_base': '/home/evan/code/lego-loam/lego/install/lego_loam_sr', 'merge_install': False, 'path': '/home/evan/code/lego-loam/lego/src/LeGO-LOAM', 'symlink_install': False, 'test_result_base': None}
[28.772s] INFO:colcon.colcon_core.executor:Executing jobs using 'parallel' executor
[28.776s] DEBUG:colcon.colcon_parallel_executor.executor.parallel:run_until_complete
[28.776s] INFO:colcon.colcon_ros.task.ament_cmake.build:Building ROS package in '/home/evan/code/lego-loam/lego/src/cloud_msgs' with build type 'ament_cmake'
[28.776s] INFO:colcon.colcon_cmake.task.cmake.build:Building CMake package in '/home/evan/code/lego-loam/lego/src/cloud_msgs'
[28.902s] INFO:colcon.colcon_core.plugin_system:Skipping extension 'colcon_core.shell.bat': Not used on non-Windows systems
[28.903s] INFO:colcon.colcon_core.shell:Skip shell extension 'powershell' for command environment: Not usable outside of PowerShell
[28.903s] DEBUG:colcon.colcon_core.shell:Skip shell extension 'dsv' for command environment
[29.015s] DEBUG:colcon.colcon_core.event_handler.log_command:Invoking command in '/home/evan/code/lego-loam/lego/build/cloud_msgs': CMAKE_PREFIX_PATH=${CMAKE_PREFIX_PATH}:/opt/ros/humble /usr/bin/cmake --build /home/evan/code/lego-loam/lego/build/cloud_msgs -- -j4 -l4
[30.717s] DEBUG:colcon.colcon_core.event_handler.log_command:Invoked command in '/home/evan/code/lego-loam/lego/build/cloud_msgs' returned '0': CMAKE_PREFIX_PATH=${CMAKE_PREFIX_PATH}:/opt/ros/humble /usr/bin/cmake --build /home/evan/code/lego-loam/lego/build/cloud_msgs -- -j4 -l4
[30.828s] DEBUG:colcon.colcon_core.event_handler.log_command:Invoking command in '/home/evan/code/lego-loam/lego/build/cloud_msgs': CMAKE_PREFIX_PATH=${CMAKE_PREFIX_PATH}:/opt/ros/humble /usr/bin/cmake --install /home/evan/code/lego-loam/lego/build/cloud_msgs
[31.097s] Level 1:colcon.colcon_core.environment:create_environment_scripts_only(cloud_msgs)
[31.098s] DEBUG:colcon.colcon_core.event_handler.log_command:Invoked command in '/home/evan/code/lego-loam/lego/build/cloud_msgs' returned '0': CMAKE_PREFIX_PATH=${CMAKE_PREFIX_PATH}:/opt/ros/humble /usr/bin/cmake --install /home/evan/code/lego-loam/lego/build/cloud_msgs
[31.165s] Level 1:colcon.colcon_core.environment:checking '/home/evan/code/lego-loam/lego/install/cloud_msgs' for CMake module files
[31.166s] Level 1:colcon.colcon_core.environment:checking '/home/evan/code/lego-loam/lego/install/cloud_msgs' for CMake config files
[31.167s] Level 1:colcon.colcon_core.shell:create_environment_hook('cloud_msgs', 'cmake_prefix_path')
[31.168s] INFO:colcon.colcon_core.shell:Creating environment hook '/home/evan/code/lego-loam/lego/install/cloud_msgs/share/cloud_msgs/hook/cmake_prefix_path.ps1'
[31.169s] INFO:colcon.colcon_core.shell:Creating environment descriptor '/home/evan/code/lego-loam/lego/install/cloud_msgs/share/cloud_msgs/hook/cmake_prefix_path.dsv'
[31.184s] INFO:colcon.colcon_core.shell:Creating environment hook '/home/evan/code/lego-loam/lego/install/cloud_msgs/share/cloud_msgs/hook/cmake_prefix_path.sh'
[31.186s] Level 1:colcon.colcon_core.environment:checking '/home/evan/code/lego-loam/lego/install/cloud_msgs/lib'
[31.186s] Level 1:colcon.colcon_core.shell:create_environment_hook('cloud_msgs', 'ld_library_path_lib')
[31.187s] INFO:colcon.colcon_core.shell:Creating environment hook '/home/evan/code/lego-loam/lego/install/cloud_msgs/share/cloud_msgs/hook/ld_library_path_lib.ps1'
[31.188s] INFO:colcon.colcon_core.shell:Creating environment descriptor '/home/evan/code/lego-loam/lego/install/cloud_msgs/share/cloud_msgs/hook/ld_library_path_lib.dsv'
[31.189s] INFO:colcon.colcon_core.shell:Creating environment hook '/home/evan/code/lego-loam/lego/install/cloud_msgs/share/cloud_msgs/hook/ld_library_path_lib.sh'
[31.189s] Level 1:colcon.colcon_core.environment:checking '/home/evan/code/lego-loam/lego/install/cloud_msgs/bin'
[31.189s] Level 1:colcon.colcon_core.environment:checking '/home/evan/code/lego-loam/lego/install/cloud_msgs/lib/pkgconfig/cloud_msgs.pc'
[31.190s] Level 1:colcon.colcon_core.environment:checking '/home/evan/code/lego-loam/lego/install/cloud_msgs/lib/python3.10/site-packages'
[31.190s] Level 1:colcon.colcon_core.environment:checking '/home/evan/code/lego-loam/lego/install/cloud_msgs/bin'
[31.191s] INFO:colcon.colcon_core.shell:Creating package script '/home/evan/code/lego-loam/lego/install/cloud_msgs/share/cloud_msgs/package.ps1'
[31.192s] INFO:colcon.colcon_core.shell:Creating package descriptor '/home/evan/code/lego-loam/lego/install/cloud_msgs/share/cloud_msgs/package.dsv'
[31.193s] INFO:colcon.colcon_core.shell:Creating package script '/home/evan/code/lego-loam/lego/install/cloud_msgs/share/cloud_msgs/package.sh'
[31.194s] INFO:colcon.colcon_core.shell:Creating package script '/home/evan/code/lego-loam/lego/install/cloud_msgs/share/cloud_msgs/package.bash'
[31.196s] INFO:colcon.colcon_core.shell:Creating package script '/home/evan/code/lego-loam/lego/install/cloud_msgs/share/cloud_msgs/package.zsh'
[31.197s] Level 1:colcon.colcon_core.environment:create_file_with_runtime_dependencies(/home/evan/code/lego-loam/lego/install/cloud_msgs/share/colcon-core/packages/cloud_msgs)
[31.275s] Level 1:colcon.colcon_core.environment:create_environment_scripts_only(cloud_msgs)
[31.277s] Level 1:colcon.colcon_core.environment:checking '/home/evan/code/lego-loam/lego/install/cloud_msgs' for CMake module files
[31.278s] Level 1:colcon.colcon_core.environment:checking '/home/evan/code/lego-loam/lego/install/cloud_msgs' for CMake config files
[31.278s] Level 1:colcon.colcon_core.shell:create_environment_hook('cloud_msgs', 'cmake_prefix_path')
[31.280s] INFO:colcon.colcon_core.shell:Creating environment hook '/home/evan/code/lego-loam/lego/install/cloud_msgs/share/cloud_msgs/hook/cmake_prefix_path.ps1'
[31.280s] INFO:colcon.colcon_core.shell:Creating environment descriptor '/home/evan/code/lego-loam/lego/install/cloud_msgs/share/cloud_msgs/hook/cmake_prefix_path.dsv'
[31.281s] INFO:colcon.colcon_core.shell:Creating environment hook '/home/evan/code/lego-loam/lego/install/cloud_msgs/share/cloud_msgs/hook/cmake_prefix_path.sh'
[31.281s] Level 1:colcon.colcon_core.environment:checking '/home/evan/code/lego-loam/lego/install/cloud_msgs/lib'
[31.281s] Level 1:colcon.colcon_core.shell:create_environment_hook('cloud_msgs', 'ld_library_path_lib')
[31.283s] INFO:colcon.colcon_core.shell:Creating environment hook '/home/evan/code/lego-loam/lego/install/cloud_msgs/share/cloud_msgs/hook/ld_library_path_lib.ps1'
[31.283s] INFO:colcon.colcon_core.shell:Creating environment descriptor '/home/evan/code/lego-loam/lego/install/cloud_msgs/share/cloud_msgs/hook/ld_library_path_lib.dsv'
[31.284s] INFO:colcon.colcon_core.shell:Creating environment hook '/home/evan/code/lego-loam/lego/install/cloud_msgs/share/cloud_msgs/hook/ld_library_path_lib.sh'
[31.284s] Level 1:colcon.colcon_core.environment:checking '/home/evan/code/lego-loam/lego/install/cloud_msgs/bin'
[31.284s] Level 1:colcon.colcon_core.environment:checking '/home/evan/code/lego-loam/lego/install/cloud_msgs/lib/pkgconfig/cloud_msgs.pc'
[31.284s] Level 1:colcon.colcon_core.environment:checking '/home/evan/code/lego-loam/lego/install/cloud_msgs/lib/python3.10/site-packages'
[31.284s] Level 1:colcon.colcon_core.environment:checking '/home/evan/code/lego-loam/lego/install/cloud_msgs/bin'
[31.286s] INFO:colcon.colcon_core.shell:Creating package script '/home/evan/code/lego-loam/lego/install/cloud_msgs/share/cloud_msgs/package.ps1'
[31.287s] INFO:colcon.colcon_core.shell:Creating package descriptor '/home/evan/code/lego-loam/lego/install/cloud_msgs/share/cloud_msgs/package.dsv'
[31.287s] INFO:colcon.colcon_core.shell:Creating package script '/home/evan/code/lego-loam/lego/install/cloud_msgs/share/cloud_msgs/package.sh'
[31.288s] INFO:colcon.colcon_core.shell:Creating package script '/home/evan/code/lego-loam/lego/install/cloud_msgs/share/cloud_msgs/package.bash'
[31.288s] INFO:colcon.colcon_core.shell:Creating package script '/home/evan/code/lego-loam/lego/install/cloud_msgs/share/cloud_msgs/package.zsh'
[31.289s] Level 1:colcon.colcon_core.environment:create_file_with_runtime_dependencies(/home/evan/code/lego-loam/lego/install/cloud_msgs/share/colcon-core/packages/cloud_msgs)
[31.290s] INFO:colcon.colcon_ros.task.ament_cmake.build:Building ROS package in '/home/evan/code/lego-loam/lego/src/LeGO-LOAM' with build type 'ament_cmake'
[31.290s] INFO:colcon.colcon_cmake.task.cmake.build:Building CMake package in '/home/evan/code/lego-loam/lego/src/LeGO-LOAM'
[31.293s] INFO:colcon.colcon_core.shell:Skip shell extension 'powershell' for command environment: Not usable outside of PowerShell
[31.293s] DEBUG:colcon.colcon_core.shell:Skip shell extension 'dsv' for command environment
[31.407s] DEBUG:colcon.colcon_core.event_handler.log_command:Invoking command in '/home/evan/code/lego-loam/lego/build/lego_loam_sr': CMAKE_PREFIX_PATH=${CMAKE_PREFIX_PATH}:/opt/ros/humble /usr/bin/cmake --build /home/evan/code/lego-loam/lego/build/lego_loam_sr -- -j4 -l4
