[0.672s] DEBUG:colcon:Command line arguments: ['/usr/bin/colcon', 'list', '-p', '--base-paths', '/home/evan/code/Complete_slam_system/lidar_slam_system']
[0.672s] DEBUG:colcon:Parsed command line arguments: Namespace(log_base=None, log_level=None, verb_name='list', build_base='build', ignore_user_meta=False, metas=['./colcon.meta'], base_paths=['/home/evan/code/Complete_slam_system/lidar_slam_system'], packages_ignore=None, packages_ignore_regex=None, paths=None, packages_up_to=None, packages_up_to_regex=None, packages_above=None, packages_above_and_dependencies=None, packages_above_depth=None, packages_select_by_dep=None, packages_skip_by_dep=None, packages_skip_up_to=None, packages_select_build_failed=False, packages_skip_build_finished=False, packages_select_test_failures=False, packages_skip_test_passed=False, packages_select=None, packages_skip=None, packages_select_regex=None, packages_skip_regex=None, packages_start=None, packages_end=None, allow_overriding=[], topological_order=False, names_only=False, paths_only=True, topological_graph=False, topological_graph_dot=False, topological_graph_density=False, topological_graph_legend=False, topological_graph_dot_cluster=False, topological_graph_dot_include_skipped=False, verb_parser=<colcon_defaults.argument_parser.defaults.DefaultArgumentsDecorator object at 0x7fd2d0fb6d40>, verb_extension=<colcon_package_information.verb.list.ListVerb object at 0x7fd2d0f61630>, main=<bound method ListVerb.main of <colcon_package_information.verb.list.ListVerb object at 0x7fd2d0f61630>>)
[0.785s] Level 1:colcon.colcon_core.package_discovery:discover_packages(colcon_meta) check parameters
[0.786s] Level 1:colcon.colcon_core.package_discovery:discover_packages(recursive) check parameters
[0.795s] Level 1:colcon.colcon_core.package_discovery:discover_packages(ignore) check parameters
[0.795s] Level 1:colcon.colcon_core.package_discovery:discover_packages(path) check parameters
[0.795s] Level 1:colcon.colcon_core.package_discovery:discover_packages(recursive) discover
[0.795s] INFO:colcon.colcon_core.package_discovery:Crawling recursively for packages in '/home/evan/code/Complete_slam_system/lidar_slam_system'
[0.795s] Level 1:colcon.colcon_core.package_identification:_identify(/home/evan/code/Complete_slam_system/lidar_slam_system) by extensions ['ignore', 'ignore_ament_install']
[0.795s] Level 1:colcon.colcon_core.package_identification:_identify(/home/evan/code/Complete_slam_system/lidar_slam_system) by extension 'ignore'
[0.795s] Level 1:colcon.colcon_core.package_identification:_identify(/home/evan/code/Complete_slam_system/lidar_slam_system) by extension 'ignore_ament_install'
[0.795s] Level 1:colcon.colcon_core.package_identification:_identify(/home/evan/code/Complete_slam_system/lidar_slam_system) by extensions ['colcon_pkg']
[0.795s] Level 1:colcon.colcon_core.package_identification:_identify(/home/evan/code/Complete_slam_system/lidar_slam_system) by extension 'colcon_pkg'
[0.795s] Level 1:colcon.colcon_core.package_identification:_identify(/home/evan/code/Complete_slam_system/lidar_slam_system) by extensions ['colcon_meta']
[0.796s] Level 1:colcon.colcon_core.package_identification:_identify(/home/evan/code/Complete_slam_system/lidar_slam_system) by extension 'colcon_meta'
[0.796s] Level 1:colcon.colcon_core.package_identification:_identify(/home/evan/code/Complete_slam_system/lidar_slam_system) by extensions ['ros']
[0.796s] Level 1:colcon.colcon_core.package_identification:_identify(/home/evan/code/Complete_slam_system/lidar_slam_system) by extension 'ros'
[0.878s] Level 1:colcon.colcon_core.package_identification:_identify(/home/evan/code/Complete_slam_system/lidar_slam_system) by extensions ['cmake', 'python']
[0.878s] Level 1:colcon.colcon_core.package_identification:_identify(/home/evan/code/Complete_slam_system/lidar_slam_system) by extension 'cmake'
[0.878s] Level 1:colcon.colcon_core.package_identification:_identify(/home/evan/code/Complete_slam_system/lidar_slam_system) by extension 'python'
[0.878s] Level 1:colcon.colcon_core.package_identification:_identify(/home/evan/code/Complete_slam_system/lidar_slam_system) by extensions ['python_setup_py']
[0.878s] Level 1:colcon.colcon_core.package_identification:_identify(/home/evan/code/Complete_slam_system/lidar_slam_system) by extension 'python_setup_py'
[0.878s] Level 1:colcon.colcon_core.package_identification:_identify(/home/evan/code/Complete_slam_system/lidar_slam_system/build) by extensions ['ignore', 'ignore_ament_install']
[0.878s] Level 1:colcon.colcon_core.package_identification:_identify(/home/evan/code/Complete_slam_system/lidar_slam_system/build) by extension 'ignore'
[0.878s] Level 1:colcon.colcon_core.package_identification:_identify(/home/evan/code/Complete_slam_system/lidar_slam_system/build) ignored
[0.879s] Level 1:colcon.colcon_core.package_identification:_identify(/home/evan/code/Complete_slam_system/lidar_slam_system/install) by extensions ['ignore', 'ignore_ament_install']
[0.886s] Level 1:colcon.colcon_core.package_identification:_identify(/home/evan/code/Complete_slam_system/lidar_slam_system/install) by extension 'ignore'
[0.886s] Level 1:colcon.colcon_core.package_identification:_identify(/home/evan/code/Complete_slam_system/lidar_slam_system/install) ignored
[0.886s] Level 1:colcon.colcon_core.package_identification:_identify(/home/evan/code/Complete_slam_system/lidar_slam_system/log) by extensions ['ignore', 'ignore_ament_install']
[0.886s] Level 1:colcon.colcon_core.package_identification:_identify(/home/evan/code/Complete_slam_system/lidar_slam_system/log) by extension 'ignore'
[0.886s] Level 1:colcon.colcon_core.package_identification:_identify(/home/evan/code/Complete_slam_system/lidar_slam_system/log) ignored
[0.886s] Level 1:colcon.colcon_core.package_identification:_identify(/home/evan/code/Complete_slam_system/lidar_slam_system/src) by extensions ['ignore', 'ignore_ament_install']
[0.887s] Level 1:colcon.colcon_core.package_identification:_identify(/home/evan/code/Complete_slam_system/lidar_slam_system/src) by extension 'ignore'
[0.887s] Level 1:colcon.colcon_core.package_identification:_identify(/home/evan/code/Complete_slam_system/lidar_slam_system/src) by extension 'ignore_ament_install'
[0.887s] Level 1:colcon.colcon_core.package_identification:_identify(/home/evan/code/Complete_slam_system/lidar_slam_system/src) by extensions ['colcon_pkg']
[0.887s] Level 1:colcon.colcon_core.package_identification:_identify(/home/evan/code/Complete_slam_system/lidar_slam_system/src) by extension 'colcon_pkg'
[0.887s] Level 1:colcon.colcon_core.package_identification:_identify(/home/evan/code/Complete_slam_system/lidar_slam_system/src) by extensions ['colcon_meta']
[0.887s] Level 1:colcon.colcon_core.package_identification:_identify(/home/evan/code/Complete_slam_system/lidar_slam_system/src) by extension 'colcon_meta'
[0.887s] Level 1:colcon.colcon_core.package_identification:_identify(/home/evan/code/Complete_slam_system/lidar_slam_system/src) by extensions ['ros']
[0.887s] Level 1:colcon.colcon_core.package_identification:_identify(/home/evan/code/Complete_slam_system/lidar_slam_system/src) by extension 'ros'
[0.887s] Level 1:colcon.colcon_core.package_identification:_identify(/home/evan/code/Complete_slam_system/lidar_slam_system/src) by extensions ['cmake', 'python']
[0.887s] Level 1:colcon.colcon_core.package_identification:_identify(/home/evan/code/Complete_slam_system/lidar_slam_system/src) by extension 'cmake'
[0.887s] Level 1:colcon.colcon_core.package_identification:_identify(/home/evan/code/Complete_slam_system/lidar_slam_system/src) by extension 'python'
[0.887s] Level 1:colcon.colcon_core.package_identification:_identify(/home/evan/code/Complete_slam_system/lidar_slam_system/src) by extensions ['python_setup_py']
[0.887s] Level 1:colcon.colcon_core.package_identification:_identify(/home/evan/code/Complete_slam_system/lidar_slam_system/src) by extension 'python_setup_py'
[0.887s] Level 1:colcon.colcon_core.package_identification:_identify(/home/evan/code/Complete_slam_system/lidar_slam_system/src/lidar_slam) by extensions ['ignore', 'ignore_ament_install']
[0.887s] Level 1:colcon.colcon_core.package_identification:_identify(/home/evan/code/Complete_slam_system/lidar_slam_system/src/lidar_slam) by extension 'ignore'
[0.888s] Level 1:colcon.colcon_core.package_identification:_identify(/home/evan/code/Complete_slam_system/lidar_slam_system/src/lidar_slam) by extension 'ignore_ament_install'
[0.888s] Level 1:colcon.colcon_core.package_identification:_identify(/home/evan/code/Complete_slam_system/lidar_slam_system/src/lidar_slam) by extensions ['colcon_pkg']
[0.888s] Level 1:colcon.colcon_core.package_identification:_identify(/home/evan/code/Complete_slam_system/lidar_slam_system/src/lidar_slam) by extension 'colcon_pkg'
[0.888s] Level 1:colcon.colcon_core.package_identification:_identify(/home/evan/code/Complete_slam_system/lidar_slam_system/src/lidar_slam) by extensions ['colcon_meta']
[0.890s] Level 1:colcon.colcon_core.package_identification:_identify(/home/evan/code/Complete_slam_system/lidar_slam_system/src/lidar_slam) by extension 'colcon_meta'
[0.891s] Level 1:colcon.colcon_core.package_identification:_identify(/home/evan/code/Complete_slam_system/lidar_slam_system/src/lidar_slam) by extensions ['ros']
[0.891s] Level 1:colcon.colcon_core.package_identification:_identify(/home/evan/code/Complete_slam_system/lidar_slam_system/src/lidar_slam) by extension 'ros'
[0.903s] DEBUG:colcon.colcon_core.package_identification:Package '/home/evan/code/Complete_slam_system/lidar_slam_system/src/lidar_slam' with type 'ros.ament_cmake' and name 'lidar_slam'
[0.903s] Level 1:colcon.colcon_core.package_identification:_identify(/home/evan/code/Complete_slam_system/lidar_slam_system/src/lidar_slam_msgs) by extensions ['ignore', 'ignore_ament_install']
[0.904s] Level 1:colcon.colcon_core.package_identification:_identify(/home/evan/code/Complete_slam_system/lidar_slam_system/src/lidar_slam_msgs) by extension 'ignore'
[0.904s] Level 1:colcon.colcon_core.package_identification:_identify(/home/evan/code/Complete_slam_system/lidar_slam_system/src/lidar_slam_msgs) by extension 'ignore_ament_install'
[0.904s] Level 1:colcon.colcon_core.package_identification:_identify(/home/evan/code/Complete_slam_system/lidar_slam_system/src/lidar_slam_msgs) by extensions ['colcon_pkg']
[0.904s] Level 1:colcon.colcon_core.package_identification:_identify(/home/evan/code/Complete_slam_system/lidar_slam_system/src/lidar_slam_msgs) by extension 'colcon_pkg'
[0.904s] Level 1:colcon.colcon_core.package_identification:_identify(/home/evan/code/Complete_slam_system/lidar_slam_system/src/lidar_slam_msgs) by extensions ['colcon_meta']
[0.904s] Level 1:colcon.colcon_core.package_identification:_identify(/home/evan/code/Complete_slam_system/lidar_slam_system/src/lidar_slam_msgs) by extension 'colcon_meta'
[0.904s] Level 1:colcon.colcon_core.package_identification:_identify(/home/evan/code/Complete_slam_system/lidar_slam_system/src/lidar_slam_msgs) by extensions ['ros']
[0.904s] Level 1:colcon.colcon_core.package_identification:_identify(/home/evan/code/Complete_slam_system/lidar_slam_system/src/lidar_slam_msgs) by extension 'ros'
[0.911s] DEBUG:colcon.colcon_core.package_identification:Package '/home/evan/code/Complete_slam_system/lidar_slam_system/src/lidar_slam_msgs' with type 'ros.ament_cmake' and name 'lidar_slam_msgs'
[0.911s] Level 1:colcon.colcon_core.package_discovery:discover_packages(recursive) using defaults
