[0.448s] DEBUG:colcon:Command line arguments: ['/usr/bin/colcon', 'build', '--packages-select', 'lego_loam_sr']
[0.448s] DEBUG:colcon:Parsed command line arguments: Namespace(log_base=None, log_level=None, verb_name='build', build_base='build', install_base='install', merge_install=False, symlink_install=False, test_result_base=None, continue_on_error=False, executor='parallel', parallel_workers=4, event_handlers=None, ignore_user_meta=False, metas=['./colcon.meta'], base_paths=['.'], packages_ignore=None, packages_ignore_regex=None, paths=None, packages_up_to=None, packages_up_to_regex=None, packages_above=None, packages_above_and_dependencies=None, packages_above_depth=None, packages_select_by_dep=None, packages_skip_by_dep=None, packages_skip_up_to=None, packages_select_build_failed=False, packages_skip_build_finished=False, packages_select_test_failures=False, packages_skip_test_passed=False, packages_select=['lego_loam_sr'], packages_skip=None, packages_select_regex=None, packages_skip_regex=None, packages_start=None, packages_end=None, allow_overriding=[], cmake_args=None, cmake_target=None, cmake_target_skip_unavailable=False, cmake_clean_cache=False, cmake_clean_first=False, cmake_force_configure=False, ament_cmake_args=None, catkin_cmake_args=None, catkin_skip_building_tests=False, verb_parser=<colcon_defaults.argument_parser.defaults.DefaultArgumentsDecorator object at 0x7fad8b87a4d0>, verb_extension=<colcon_core.verb.build.BuildVerb object at 0x7fad8c082410>, main=<bound method BuildVerb.main of <colcon_core.verb.build.BuildVerb object at 0x7fad8c082410>>)
[0.505s] Level 1:colcon.colcon_core.package_discovery:discover_packages(colcon_meta) check parameters
[0.505s] Level 1:colcon.colcon_core.package_discovery:discover_packages(recursive) check parameters
[0.505s] Level 1:colcon.colcon_core.package_discovery:discover_packages(ignore) check parameters
[0.505s] Level 1:colcon.colcon_core.package_discovery:discover_packages(path) check parameters
[0.505s] Level 1:colcon.colcon_core.package_discovery:discover_packages(colcon_meta) discover
[0.505s] Level 1:colcon.colcon_core.package_discovery:discover_packages(recursive) discover
[0.505s] INFO:colcon.colcon_core.package_discovery:Crawling recursively for packages in '/home/evan/code/lego-loam/lego'
[0.505s] Level 1:colcon.colcon_core.package_identification:_identify(.) by extensions ['ignore', 'ignore_ament_install']
[0.505s] Level 1:colcon.colcon_core.package_identification:_identify(.) by extension 'ignore'
[0.506s] Level 1:colcon.colcon_core.package_identification:_identify(.) by extension 'ignore_ament_install'
[0.506s] Level 1:colcon.colcon_core.package_identification:_identify(.) by extensions ['colcon_pkg']
[0.506s] Level 1:colcon.colcon_core.package_identification:_identify(.) by extension 'colcon_pkg'
[0.506s] Level 1:colcon.colcon_core.package_identification:_identify(.) by extensions ['colcon_meta']
[0.506s] Level 1:colcon.colcon_core.package_identification:_identify(.) by extension 'colcon_meta'
[0.506s] Level 1:colcon.colcon_core.package_identification:_identify(.) by extensions ['ros']
[0.506s] Level 1:colcon.colcon_core.package_identification:_identify(.) by extension 'ros'
[0.519s] Level 1:colcon.colcon_core.package_identification:_identify(.) by extensions ['cmake', 'python']
[0.519s] Level 1:colcon.colcon_core.package_identification:_identify(.) by extension 'cmake'
[0.519s] Level 1:colcon.colcon_core.package_identification:_identify(.) by extension 'python'
[0.519s] Level 1:colcon.colcon_core.package_identification:_identify(.) by extensions ['python_setup_py']
[0.519s] Level 1:colcon.colcon_core.package_identification:_identify(.) by extension 'python_setup_py'
[0.520s] Level 1:colcon.colcon_core.package_identification:_identify(build) by extensions ['ignore', 'ignore_ament_install']
[0.520s] Level 1:colcon.colcon_core.package_identification:_identify(build) by extension 'ignore'
[0.520s] Level 1:colcon.colcon_core.package_identification:_identify(build) ignored
[0.520s] Level 1:colcon.colcon_core.package_identification:_identify(install) by extensions ['ignore', 'ignore_ament_install']
[0.520s] Level 1:colcon.colcon_core.package_identification:_identify(install) by extension 'ignore'
[0.520s] Level 1:colcon.colcon_core.package_identification:_identify(install) ignored
[0.520s] Level 1:colcon.colcon_core.package_identification:_identify(log) by extensions ['ignore', 'ignore_ament_install']
[0.520s] Level 1:colcon.colcon_core.package_identification:_identify(log) by extension 'ignore'
[0.520s] Level 1:colcon.colcon_core.package_identification:_identify(log) ignored
[0.521s] Level 1:colcon.colcon_core.package_identification:_identify(src) by extensions ['ignore', 'ignore_ament_install']
[0.521s] Level 1:colcon.colcon_core.package_identification:_identify(src) by extension 'ignore'
[0.521s] Level 1:colcon.colcon_core.package_identification:_identify(src) by extension 'ignore_ament_install'
[0.521s] Level 1:colcon.colcon_core.package_identification:_identify(src) by extensions ['colcon_pkg']
[0.521s] Level 1:colcon.colcon_core.package_identification:_identify(src) by extension 'colcon_pkg'
[0.521s] Level 1:colcon.colcon_core.package_identification:_identify(src) by extensions ['colcon_meta']
[0.521s] Level 1:colcon.colcon_core.package_identification:_identify(src) by extension 'colcon_meta'
[0.521s] Level 1:colcon.colcon_core.package_identification:_identify(src) by extensions ['ros']
[0.521s] Level 1:colcon.colcon_core.package_identification:_identify(src) by extension 'ros'
[0.521s] Level 1:colcon.colcon_core.package_identification:_identify(src) by extensions ['cmake', 'python']
[0.521s] Level 1:colcon.colcon_core.package_identification:_identify(src) by extension 'cmake'
[0.521s] Level 1:colcon.colcon_core.package_identification:_identify(src) by extension 'python'
[0.521s] Level 1:colcon.colcon_core.package_identification:_identify(src) by extensions ['python_setup_py']
[0.521s] Level 1:colcon.colcon_core.package_identification:_identify(src) by extension 'python_setup_py'
[0.521s] Level 1:colcon.colcon_core.package_identification:_identify(src/LeGO-LOAM) by extensions ['ignore', 'ignore_ament_install']
[0.521s] Level 1:colcon.colcon_core.package_identification:_identify(src/LeGO-LOAM) by extension 'ignore'
[0.522s] Level 1:colcon.colcon_core.package_identification:_identify(src/LeGO-LOAM) by extension 'ignore_ament_install'
[0.522s] Level 1:colcon.colcon_core.package_identification:_identify(src/LeGO-LOAM) by extensions ['colcon_pkg']
[0.522s] Level 1:colcon.colcon_core.package_identification:_identify(src/LeGO-LOAM) by extension 'colcon_pkg'
[0.522s] Level 1:colcon.colcon_core.package_identification:_identify(src/LeGO-LOAM) by extensions ['colcon_meta']
[0.522s] Level 1:colcon.colcon_core.package_identification:_identify(src/LeGO-LOAM) by extension 'colcon_meta'
[0.522s] Level 1:colcon.colcon_core.package_identification:_identify(src/LeGO-LOAM) by extensions ['ros']
[0.522s] Level 1:colcon.colcon_core.package_identification:_identify(src/LeGO-LOAM) by extension 'ros'
[0.554s] DEBUG:colcon.colcon_core.package_identification:Package 'src/LeGO-LOAM' with type 'ros.ament_cmake' and name 'lego_loam_sr'
[0.554s] Level 1:colcon.colcon_core.package_identification:_identify(src/cloud_msgs) by extensions ['ignore', 'ignore_ament_install']
[0.554s] Level 1:colcon.colcon_core.package_identification:_identify(src/cloud_msgs) by extension 'ignore'
[0.555s] Level 1:colcon.colcon_core.package_identification:_identify(src/cloud_msgs) by extension 'ignore_ament_install'
[0.555s] Level 1:colcon.colcon_core.package_identification:_identify(src/cloud_msgs) by extensions ['colcon_pkg']
[0.555s] Level 1:colcon.colcon_core.package_identification:_identify(src/cloud_msgs) by extension 'colcon_pkg'
[0.555s] Level 1:colcon.colcon_core.package_identification:_identify(src/cloud_msgs) by extensions ['colcon_meta']
[0.555s] Level 1:colcon.colcon_core.package_identification:_identify(src/cloud_msgs) by extension 'colcon_meta'
[0.555s] Level 1:colcon.colcon_core.package_identification:_identify(src/cloud_msgs) by extensions ['ros']
[0.555s] Level 1:colcon.colcon_core.package_identification:_identify(src/cloud_msgs) by extension 'ros'
[0.579s] DEBUG:colcon.colcon_core.package_identification:Package 'src/cloud_msgs' with type 'ros.ament_cmake' and name 'cloud_msgs'
[0.579s] Level 1:colcon.colcon_core.package_discovery:discover_packages(recursive) using defaults
[0.579s] Level 1:colcon.colcon_core.package_discovery:discover_packages(ignore) discover
[0.579s] Level 1:colcon.colcon_core.package_discovery:discover_packages(ignore) using defaults
[0.579s] Level 1:colcon.colcon_core.package_discovery:discover_packages(path) discover
[0.579s] Level 1:colcon.colcon_core.package_discovery:discover_packages(path) using defaults
[0.605s] INFO:colcon.colcon_core.package_selection:Skipping not selected package 'cloud_msgs' in 'src/cloud_msgs'
[0.605s] Level 1:colcon.colcon_core.package_discovery:discover_packages(prefix_path) check parameters
[0.605s] Level 1:colcon.colcon_core.package_discovery:discover_packages(prefix_path) discover
[0.608s] DEBUG:colcon.colcon_installed_package_information.package_discovery:Found 2 installed packages in /home/evan/code/lidar_slam/lidar_slam/install
[0.609s] DEBUG:colcon.colcon_installed_package_information.package_discovery:Found 2 installed packages in /home/evan/code/lego-loam/lego/install
[0.610s] DEBUG:colcon.colcon_installed_package_information.package_discovery:Found 7 installed packages in /home/evan/code/ndt-loc/install
[0.612s] DEBUG:colcon.colcon_installed_package_information.package_discovery:Found 270 installed packages in /opt/ros/humble
[0.614s] Level 1:colcon.colcon_core.package_discovery:discover_packages(prefix_path) using defaults
[0.680s] Level 5:colcon.colcon_core.verb:set package 'lego_loam_sr' build argument 'cmake_args' from command line to 'None'
[0.680s] Level 5:colcon.colcon_core.verb:set package 'lego_loam_sr' build argument 'cmake_target' from command line to 'None'
[0.680s] Level 5:colcon.colcon_core.verb:set package 'lego_loam_sr' build argument 'cmake_target_skip_unavailable' from command line to 'False'
[0.680s] Level 5:colcon.colcon_core.verb:set package 'lego_loam_sr' build argument 'cmake_clean_cache' from command line to 'False'
[0.680s] Level 5:colcon.colcon_core.verb:set package 'lego_loam_sr' build argument 'cmake_clean_first' from command line to 'False'
[0.680s] Level 5:colcon.colcon_core.verb:set package 'lego_loam_sr' build argument 'cmake_force_configure' from command line to 'False'
[0.680s] Level 5:colcon.colcon_core.verb:set package 'lego_loam_sr' build argument 'ament_cmake_args' from command line to 'None'
[0.680s] Level 5:colcon.colcon_core.verb:set package 'lego_loam_sr' build argument 'catkin_cmake_args' from command line to 'None'
[0.680s] Level 5:colcon.colcon_core.verb:set package 'lego_loam_sr' build argument 'catkin_skip_building_tests' from command line to 'False'
[0.680s] DEBUG:colcon.colcon_core.verb:Building package 'lego_loam_sr' with the following arguments: {'ament_cmake_args': None, 'build_base': '/home/evan/code/lego-loam/lego/build/lego_loam_sr', 'catkin_cmake_args': None, 'catkin_skip_building_tests': False, 'cmake_args': None, 'cmake_clean_cache': False, 'cmake_clean_first': False, 'cmake_force_configure': False, 'cmake_target': None, 'cmake_target_skip_unavailable': False, 'install_base': '/home/evan/code/lego-loam/lego/install/lego_loam_sr', 'merge_install': False, 'path': '/home/evan/code/lego-loam/lego/src/LeGO-LOAM', 'symlink_install': False, 'test_result_base': None}
[0.681s] INFO:colcon.colcon_core.executor:Executing jobs using 'parallel' executor
[0.684s] DEBUG:colcon.colcon_parallel_executor.executor.parallel:run_until_complete
[0.685s] INFO:colcon.colcon_ros.task.ament_cmake.build:Building ROS package in '/home/evan/code/lego-loam/lego/src/LeGO-LOAM' with build type 'ament_cmake'
[0.685s] INFO:colcon.colcon_cmake.task.cmake.build:Building CMake package in '/home/evan/code/lego-loam/lego/src/LeGO-LOAM'
[0.690s] INFO:colcon.colcon_core.plugin_system:Skipping extension 'colcon_core.shell.bat': Not used on non-Windows systems
[0.692s] INFO:colcon.colcon_core.shell:Skip shell extension 'powershell' for command environment: Not usable outside of PowerShell
[0.692s] DEBUG:colcon.colcon_core.shell:Skip shell extension 'dsv' for command environment
[1.317s] DEBUG:colcon.colcon_core.event_handler.log_command:Invoking command in '/home/evan/code/lego-loam/lego/build/lego_loam_sr': CMAKE_PREFIX_PATH=/home/evan/code/lego-loam/lego/install/cloud_msgs:/home/evan/code/lidar_slam/lidar_slam/install/slam_learn:/home/evan/code/lidar_slam/lidar_slam/install/other_msgs:/home/evan/code/lego-loam/lego/install/lego_loam_sr:/home/evan/code/ndt-loc/install/radar-odometry:/home/evan/code/ndt-loc/install/radar-data:/home/evan/code/ndt-loc/install/ndt-lidar-radar:/home/evan/code/ndt-loc/install/map:/home/evan/code/ndt-loc/install/data-publisher:/home/evan/code/ndt-loc/install/cloud_msgs:/home/evan/code/ndt-loc/install/a-loam:/opt/ros/humble LD_LIBRARY_PATH=/home/evan/code/lego-loam/lego/install/cloud_msgs/lib:/home/evan/code/lidar_slam/lidar_slam/install/other_msgs/lib:/home/evan/code/ndt-loc/install/cloud_msgs/lib:/opt/ros/humble/opt/rviz_ogre_vendor/lib:/opt/ros/humble/lib/x86_64-linux-gnu:/opt/ros/humble/lib:/usr/local/lib:/usr/local/lib /usr/bin/cmake --build /home/evan/code/lego-loam/lego/build/lego_loam_sr -- -j4 -l4
[2.719s] DEBUG:colcon.colcon_core.event_handler.log_command:Invoked command in '/home/evan/code/lego-loam/lego/build/lego_loam_sr' returned '0': CMAKE_PREFIX_PATH=/home/evan/code/lego-loam/lego/install/cloud_msgs:/home/evan/code/lidar_slam/lidar_slam/install/slam_learn:/home/evan/code/lidar_slam/lidar_slam/install/other_msgs:/home/evan/code/lego-loam/lego/install/lego_loam_sr:/home/evan/code/ndt-loc/install/radar-odometry:/home/evan/code/ndt-loc/install/radar-data:/home/evan/code/ndt-loc/install/ndt-lidar-radar:/home/evan/code/ndt-loc/install/map:/home/evan/code/ndt-loc/install/data-publisher:/home/evan/code/ndt-loc/install/cloud_msgs:/home/evan/code/ndt-loc/install/a-loam:/opt/ros/humble LD_LIBRARY_PATH=/home/evan/code/lego-loam/lego/install/cloud_msgs/lib:/home/evan/code/lidar_slam/lidar_slam/install/other_msgs/lib:/home/evan/code/ndt-loc/install/cloud_msgs/lib:/opt/ros/humble/opt/rviz_ogre_vendor/lib:/opt/ros/humble/lib/x86_64-linux-gnu:/opt/ros/humble/lib:/usr/local/lib:/usr/local/lib /usr/bin/cmake --build /home/evan/code/lego-loam/lego/build/lego_loam_sr -- -j4 -l4
[2.779s] DEBUG:colcon.colcon_core.event_handler.log_command:Invoking command in '/home/evan/code/lego-loam/lego/build/lego_loam_sr': CMAKE_PREFIX_PATH=/home/evan/code/lego-loam/lego/install/cloud_msgs:/home/evan/code/lidar_slam/lidar_slam/install/slam_learn:/home/evan/code/lidar_slam/lidar_slam/install/other_msgs:/home/evan/code/lego-loam/lego/install/lego_loam_sr:/home/evan/code/ndt-loc/install/radar-odometry:/home/evan/code/ndt-loc/install/radar-data:/home/evan/code/ndt-loc/install/ndt-lidar-radar:/home/evan/code/ndt-loc/install/map:/home/evan/code/ndt-loc/install/data-publisher:/home/evan/code/ndt-loc/install/cloud_msgs:/home/evan/code/ndt-loc/install/a-loam:/opt/ros/humble LD_LIBRARY_PATH=/home/evan/code/lego-loam/lego/install/cloud_msgs/lib:/home/evan/code/lidar_slam/lidar_slam/install/other_msgs/lib:/home/evan/code/ndt-loc/install/cloud_msgs/lib:/opt/ros/humble/opt/rviz_ogre_vendor/lib:/opt/ros/humble/lib/x86_64-linux-gnu:/opt/ros/humble/lib:/usr/local/lib:/usr/local/lib /usr/bin/cmake --install /home/evan/code/lego-loam/lego/build/lego_loam_sr
[3.064s] Level 1:colcon.colcon_core.environment:create_environment_scripts_only(lego_loam_sr)
[3.065s] DEBUG:colcon.colcon_core.event_handler.log_command:Invoked command in '/home/evan/code/lego-loam/lego/build/lego_loam_sr' returned '0': CMAKE_PREFIX_PATH=/home/evan/code/lego-loam/lego/install/cloud_msgs:/home/evan/code/lidar_slam/lidar_slam/install/slam_learn:/home/evan/code/lidar_slam/lidar_slam/install/other_msgs:/home/evan/code/lego-loam/lego/install/lego_loam_sr:/home/evan/code/ndt-loc/install/radar-odometry:/home/evan/code/ndt-loc/install/radar-data:/home/evan/code/ndt-loc/install/ndt-lidar-radar:/home/evan/code/ndt-loc/install/map:/home/evan/code/ndt-loc/install/data-publisher:/home/evan/code/ndt-loc/install/cloud_msgs:/home/evan/code/ndt-loc/install/a-loam:/opt/ros/humble LD_LIBRARY_PATH=/home/evan/code/lego-loam/lego/install/cloud_msgs/lib:/home/evan/code/lidar_slam/lidar_slam/install/other_msgs/lib:/home/evan/code/ndt-loc/install/cloud_msgs/lib:/opt/ros/humble/opt/rviz_ogre_vendor/lib:/opt/ros/humble/lib/x86_64-linux-gnu:/opt/ros/humble/lib:/usr/local/lib:/usr/local/lib /usr/bin/cmake --install /home/evan/code/lego-loam/lego/build/lego_loam_sr
[3.069s] Level 1:colcon.colcon_core.environment:checking '/home/evan/code/lego-loam/lego/install/lego_loam_sr' for CMake module files
[3.234s] Level 1:colcon.colcon_core.environment:checking '/home/evan/code/lego-loam/lego/install/lego_loam_sr' for CMake config files
[3.279s] Level 1:colcon.colcon_core.shell:create_environment_hook('lego_loam_sr', 'cmake_prefix_path')
[3.280s] INFO:colcon.colcon_core.shell:Creating environment hook '/home/evan/code/lego-loam/lego/install/lego_loam_sr/share/lego_loam_sr/hook/cmake_prefix_path.ps1'
[3.281s] INFO:colcon.colcon_core.shell:Creating environment descriptor '/home/evan/code/lego-loam/lego/install/lego_loam_sr/share/lego_loam_sr/hook/cmake_prefix_path.dsv'
[3.281s] INFO:colcon.colcon_core.shell:Creating environment hook '/home/evan/code/lego-loam/lego/install/lego_loam_sr/share/lego_loam_sr/hook/cmake_prefix_path.sh'
[3.282s] Level 1:colcon.colcon_core.environment:checking '/home/evan/code/lego-loam/lego/install/lego_loam_sr/lib'
[3.282s] Level 1:colcon.colcon_core.environment:checking '/home/evan/code/lego-loam/lego/install/lego_loam_sr/bin'
[3.283s] Level 1:colcon.colcon_core.environment:checking '/home/evan/code/lego-loam/lego/install/lego_loam_sr/lib/pkgconfig/lego_loam_sr.pc'
[3.283s] Level 1:colcon.colcon_core.environment:checking '/home/evan/code/lego-loam/lego/install/lego_loam_sr/lib/python3.10/site-packages'
[3.283s] Level 1:colcon.colcon_core.environment:checking '/home/evan/code/lego-loam/lego/install/lego_loam_sr/bin'
[3.284s] INFO:colcon.colcon_core.shell:Creating package script '/home/evan/code/lego-loam/lego/install/lego_loam_sr/share/lego_loam_sr/package.ps1'
[3.329s] INFO:colcon.colcon_core.shell:Creating package descriptor '/home/evan/code/lego-loam/lego/install/lego_loam_sr/share/lego_loam_sr/package.dsv'
[3.329s] INFO:colcon.colcon_core.shell:Creating package script '/home/evan/code/lego-loam/lego/install/lego_loam_sr/share/lego_loam_sr/package.sh'
[3.330s] INFO:colcon.colcon_core.shell:Creating package script '/home/evan/code/lego-loam/lego/install/lego_loam_sr/share/lego_loam_sr/package.bash'
[3.331s] INFO:colcon.colcon_core.shell:Creating package script '/home/evan/code/lego-loam/lego/install/lego_loam_sr/share/lego_loam_sr/package.zsh'
[3.332s] Level 1:colcon.colcon_core.environment:create_file_with_runtime_dependencies(/home/evan/code/lego-loam/lego/install/lego_loam_sr/share/colcon-core/packages/lego_loam_sr)
[3.378s] Level 1:colcon.colcon_core.environment:create_environment_scripts_only(lego_loam_sr)
[3.380s] Level 1:colcon.colcon_core.environment:checking '/home/evan/code/lego-loam/lego/install/lego_loam_sr' for CMake module files
[3.381s] Level 1:colcon.colcon_core.environment:checking '/home/evan/code/lego-loam/lego/install/lego_loam_sr' for CMake config files
[3.381s] Level 1:colcon.colcon_core.shell:create_environment_hook('lego_loam_sr', 'cmake_prefix_path')
[3.382s] INFO:colcon.colcon_core.shell:Creating environment hook '/home/evan/code/lego-loam/lego/install/lego_loam_sr/share/lego_loam_sr/hook/cmake_prefix_path.ps1'
[3.383s] INFO:colcon.colcon_core.shell:Creating environment descriptor '/home/evan/code/lego-loam/lego/install/lego_loam_sr/share/lego_loam_sr/hook/cmake_prefix_path.dsv'
[3.383s] INFO:colcon.colcon_core.shell:Creating environment hook '/home/evan/code/lego-loam/lego/install/lego_loam_sr/share/lego_loam_sr/hook/cmake_prefix_path.sh'
[3.384s] Level 1:colcon.colcon_core.environment:checking '/home/evan/code/lego-loam/lego/install/lego_loam_sr/lib'
[3.384s] Level 1:colcon.colcon_core.environment:checking '/home/evan/code/lego-loam/lego/install/lego_loam_sr/bin'
[3.384s] Level 1:colcon.colcon_core.environment:checking '/home/evan/code/lego-loam/lego/install/lego_loam_sr/lib/pkgconfig/lego_loam_sr.pc'
[3.384s] Level 1:colcon.colcon_core.environment:checking '/home/evan/code/lego-loam/lego/install/lego_loam_sr/lib/python3.10/site-packages'
[3.385s] Level 1:colcon.colcon_core.environment:checking '/home/evan/code/lego-loam/lego/install/lego_loam_sr/bin'
[3.386s] INFO:colcon.colcon_core.shell:Creating package script '/home/evan/code/lego-loam/lego/install/lego_loam_sr/share/lego_loam_sr/package.ps1'
[3.387s] INFO:colcon.colcon_core.shell:Creating package descriptor '/home/evan/code/lego-loam/lego/install/lego_loam_sr/share/lego_loam_sr/package.dsv'
[3.387s] INFO:colcon.colcon_core.shell:Creating package script '/home/evan/code/lego-loam/lego/install/lego_loam_sr/share/lego_loam_sr/package.sh'
[3.388s] INFO:colcon.colcon_core.shell:Creating package script '/home/evan/code/lego-loam/lego/install/lego_loam_sr/share/lego_loam_sr/package.bash'
[3.388s] INFO:colcon.colcon_core.shell:Creating package script '/home/evan/code/lego-loam/lego/install/lego_loam_sr/share/lego_loam_sr/package.zsh'
[3.388s] Level 1:colcon.colcon_core.environment:create_file_with_runtime_dependencies(/home/evan/code/lego-loam/lego/install/lego_loam_sr/share/colcon-core/packages/lego_loam_sr)
[3.389s] DEBUG:colcon.colcon_parallel_executor.executor.parallel:closing loop
[3.389s] DEBUG:colcon.colcon_parallel_executor.executor.parallel:loop closed
[3.389s] DEBUG:colcon.colcon_parallel_executor.executor.parallel:run_until_complete finished with '0'
[3.390s] DEBUG:colcon.colcon_core.event_reactor:joining thread
[3.421s] INFO:colcon.colcon_core.plugin_system:Skipping extension 'colcon_notification.desktop_notification.terminal_notifier': Not used on non-Darwin systems
[3.421s] INFO:colcon.colcon_core.plugin_system:Skipping extension 'colcon_notification.desktop_notification.win32': Not used on non-Windows systems
[3.421s] INFO:colcon.colcon_notification.desktop_notification:Sending desktop notification using 'notify2'
[3.434s] DEBUG:colcon.colcon_core.event_reactor:joined thread
[3.436s] INFO:colcon.colcon_core.shell:Creating prefix script '/home/evan/code/lego-loam/lego/install/local_setup.ps1'
[3.438s] INFO:colcon.colcon_core.shell:Creating prefix util module '/home/evan/code/lego-loam/lego/install/_local_setup_util_ps1.py'
[3.440s] INFO:colcon.colcon_core.shell:Creating prefix chain script '/home/evan/code/lego-loam/lego/install/setup.ps1'
[3.442s] INFO:colcon.colcon_core.shell:Creating prefix script '/home/evan/code/lego-loam/lego/install/local_setup.sh'
[3.443s] INFO:colcon.colcon_core.shell:Creating prefix util module '/home/evan/code/lego-loam/lego/install/_local_setup_util_sh.py'
[3.443s] INFO:colcon.colcon_core.shell:Creating prefix chain script '/home/evan/code/lego-loam/lego/install/setup.sh'
[3.446s] INFO:colcon.colcon_core.shell:Creating prefix script '/home/evan/code/lego-loam/lego/install/local_setup.bash'
[3.446s] INFO:colcon.colcon_core.shell:Creating prefix chain script '/home/evan/code/lego-loam/lego/install/setup.bash'
[3.448s] INFO:colcon.colcon_core.shell:Creating prefix script '/home/evan/code/lego-loam/lego/install/local_setup.zsh'
[3.449s] INFO:colcon.colcon_core.shell:Creating prefix chain script '/home/evan/code/lego-loam/lego/install/setup.zsh'
