[01m[K/home/evan/code/lego-loam/lego/src/LeGO-LOAM/src/mapOptmization.cpp:[m[K In destructor ‘[01m[Kvirtual MapOptimization::~MapOptimization()[m[K’:
[01m[K/home/evan/code/lego-loam/lego/src/LeGO-LOAM/src/mapOptmization.cpp:130:22:[m[K [01;35m[Kwarning: [m[Kconverting to ‘[01m[Knav_msgs::msg::Odometry[m[K’ {aka ‘[01m[Knav_msgs::msg::Odometry_<std::allocator<void> >[m[K’} from initializer list would use explicit constructor ‘[01m[Knav_msgs::msg::Odometry_<ContainerAllocator>::Odometry_(rosidl_runtime_cpp::MessageInitialization) [with ContainerAllocator = std::allocator<void>][m[K’
  130 |   [01;35m[K_input_channel.send({})[m[K;
      |   [01;35m[K~~~~~~~~~~~~~~~~~~~^~~~[m[K
[01m[K/home/evan/code/lego-loam/lego/src/LeGO-LOAM/src/mapOptmization.cpp:130:22:[m[K [01;36m[Knote: [m[Kin C++11 and above a default constructor can be explicit
In file included from [01m[K/opt/ros/humble/include/rclcpp/rclcpp/logging.hpp:24[m[K,
                 from [01m[K/opt/ros/humble/include/rclcpp/rclcpp/client.hpp:40[m[K,
                 from [01m[K/opt/ros/humble/include/rclcpp/rclcpp/callback_group.hpp:24[m[K,
                 from [01m[K/opt/ros/humble/include/rclcpp/rclcpp/any_executable.hpp:20[m[K,
                 from [01m[K/opt/ros/humble/include/rclcpp/rclcpp/memory_strategy.hpp:25[m[K,
                 from [01m[K/opt/ros/humble/include/rclcpp/rclcpp/memory_strategies.hpp:18[m[K,
                 from [01m[K/opt/ros/humble/include/rclcpp/rclcpp/executor_options.hpp:20[m[K,
                 from [01m[K/opt/ros/humble/include/rclcpp/rclcpp/executor.hpp:37[m[K,
                 from [01m[K/opt/ros/humble/include/rclcpp/rclcpp/executors/multi_threaded_executor.hpp:25[m[K,
                 from [01m[K/opt/ros/humble/include/rclcpp/rclcpp/executors.hpp:21[m[K,
                 from [01m[K/opt/ros/humble/include/rclcpp/rclcpp/rclcpp.hpp:155[m[K,
                 from [01m[K/home/evan/code/lego-loam/lego/src/LeGO-LOAM/include/lego_loam/utility.h:5[m[K,
                 from [01m[K/home/evan/code/lego-loam/lego/src/LeGO-LOAM/src/mapOptimization.h:4[m[K,
                 from [01m[K/home/evan/code/lego-loam/lego/src/LeGO-LOAM/src/mapOptmization.cpp:37[m[K:
[01m[K/home/evan/code/lego-loam/lego/src/LeGO-LOAM/src/mapOptmization.cpp:[m[K In member function ‘[01m[Kvoid MapOptimization::downsampleCurrentScan()[m[K’:
[01m[K/home/evan/code/lego-loam/lego/src/LeGO-LOAM/src/mapOptmization.cpp:921:37:[m[K [01;35m[Kwarning: [m[Kformat ‘[01m[K%ld[m[K’ expects argument of type ‘[01m[Klong int[m[K’, but argument 5 has type ‘[01m[Kpcl::PointCloud<pcl::PointXYZI>::Ptr[m[K’ {aka ‘[01m[Kstd::shared_ptr<pcl::PointCloud<pcl::PointXYZI> >[m[K’} [[01;35m[K]8;;https://gcc.gnu.org/onlinedocs/gcc/Warning-Options.html#index-Wformat=-Wformat=]8;;[m[K]
  921 |   RCLCPP_INFO(this -> get_logger(), [01;35m[K"%ld"[m[K, laserCloudCornerLastDS);
      |                                     [01;35m[K^~~~~[m[K
[01m[K/home/evan/code/lego-loam/lego/src/LeGO-LOAM/src/mapOptmization.cpp:921:40:[m[K [01;36m[Knote: [m[Kformat string is defined here
  921 |   RCLCPP_INFO(this -> get_logger(), "[01;36m[K%ld[m[K", laserCloudCornerLastDS);
      |                                      [01;36m[K~~^[m[K
      |                                        [01;36m[K|[m[K
      |                                        [01;36m[Klong int[m[K
