[0.021s] Invoking command in '/home/evan/code/Complete_slam_system/lidar_slam_system/build/lidar_slam': CMAKE_PREFIX_PATH=${CMAKE_PREFIX_PATH}:/home/evan/code/lego-loam/lego/install/cloud_msgs:/opt/ros/humble /usr/bin/cmake --build /home/evan/code/Complete_slam_system/lidar_slam_system/build/lidar_slam -- -j4 -l4
[0.113s] [35m[1mConsolidate compiler generated dependencies of target lidar_slam[0m
[0.197s] [ 20%] [32mBuilding CXX object CMakeFiles/lidar_slam.dir/src/back_end.cpp.o[0m
[10.805s] [01m[K/home/evan/code/Complete_slam_system/lidar_slam_system/src/lidar_slam/src/back_end.cpp:[m[K In destructor ‘[01m[Kvirtual lidarslam::BackEnd::~BackEnd()[m[K’:
[10.805s] [01m[K/home/evan/code/Complete_slam_system/lidar_slam_system/src/lidar_slam/src/back_end.cpp:57:24:[m[K [01;35m[Kwarning: [m[Kconverting to ‘[01m[Knav_msgs::msg::Odometry[m[K’ {aka ‘[01m[Knav_msgs::msg::Odometry_<std::allocator<void> >[m[K’} from initializer list would use explicit constructor ‘[01m[Knav_msgs::msg::Odometry_<ContainerAllocator>::Odometry_(rosidl_runtime_cpp::MessageInitialization) [with ContainerAllocator = std::allocator<void>][m[K’
[10.805s]    57 |     [01;35m[K_input_channel.send({})[m[K;
[10.805s]       |     [01;35m[K~~~~~~~~~~~~~~~~~~~^~~~[m[K
[10.805s] [01m[K/home/evan/code/Complete_slam_system/lidar_slam_system/src/lidar_slam/src/back_end.cpp:57:24:[m[K [01;36m[Knote: [m[Kin C++11 and above a default constructor can be explicit
[19.072s] [ 40%] [32m[1mLinking CXX executable lidar_slam[0m
[22.196s] [100%] Built target lidar_slam
[22.210s] Invoked command in '/home/evan/code/Complete_slam_system/lidar_slam_system/build/lidar_slam' returned '0': CMAKE_PREFIX_PATH=${CMAKE_PREFIX_PATH}:/home/evan/code/lego-loam/lego/install/cloud_msgs:/opt/ros/humble /usr/bin/cmake --build /home/evan/code/Complete_slam_system/lidar_slam_system/build/lidar_slam -- -j4 -l4
[22.268s] Invoking command in '/home/evan/code/Complete_slam_system/lidar_slam_system/build/lidar_slam': CMAKE_PREFIX_PATH=${CMAKE_PREFIX_PATH}:/home/evan/code/lego-loam/lego/install/cloud_msgs:/opt/ros/humble /usr/bin/cmake --install /home/evan/code/Complete_slam_system/lidar_slam_system/build/lidar_slam
[22.278s] -- Install configuration: ""
[22.278s] -- Installing: /home/evan/code/Complete_slam_system/lidar_slam_system/install/lidar_slam/lib/lidar_slam/lidar_slam
[22.300s] -- Set runtime path of "/home/evan/code/Complete_slam_system/lidar_slam_system/install/lidar_slam/lib/lidar_slam/lidar_slam" to ""
[22.300s] -- Up-to-date: /home/evan/code/Complete_slam_system/lidar_slam_system/install/lidar_slam/share/lidar_slam/config
[22.300s] -- Up-to-date: /home/evan/code/Complete_slam_system/lidar_slam_system/install/lidar_slam/share/lidar_slam/config/config.yaml
[22.300s] -- Up-to-date: /home/evan/code/Complete_slam_system/lidar_slam_system/install/lidar_slam/share/lidar_slam/launch
[22.300s] -- Up-to-date: /home/evan/code/Complete_slam_system/lidar_slam_system/install/lidar_slam/share/lidar_slam/launch/__pycache__
[22.300s] -- Up-to-date: /home/evan/code/Complete_slam_system/lidar_slam_system/install/lidar_slam/share/lidar_slam/launch/__pycache__/run.cpython-310.pyc
[22.300s] -- Up-to-date: /home/evan/code/Complete_slam_system/lidar_slam_system/install/lidar_slam/share/lidar_slam/launch/run.py
[22.300s] -- Up-to-date: /home/evan/code/Complete_slam_system/lidar_slam_system/install/lidar_slam/share/lidar_slam/rviz
[22.300s] -- Up-to-date: /home/evan/code/Complete_slam_system/lidar_slam_system/install/lidar_slam/share/lidar_slam/rviz/test.rviz
[22.300s] -- Up-to-date: /home/evan/code/Complete_slam_system/lidar_slam_system/install/lidar_slam/share/ament_index/resource_index/package_run_dependencies/lidar_slam
[22.300s] -- Up-to-date: /home/evan/code/Complete_slam_system/lidar_slam_system/install/lidar_slam/share/ament_index/resource_index/parent_prefix_path/lidar_slam
[22.301s] -- Up-to-date: /home/evan/code/Complete_slam_system/lidar_slam_system/install/lidar_slam/share/lidar_slam/environment/ament_prefix_path.sh
[22.301s] -- Up-to-date: /home/evan/code/Complete_slam_system/lidar_slam_system/install/lidar_slam/share/lidar_slam/environment/ament_prefix_path.dsv
[22.301s] -- Up-to-date: /home/evan/code/Complete_slam_system/lidar_slam_system/install/lidar_slam/share/lidar_slam/environment/path.sh
[22.301s] -- Up-to-date: /home/evan/code/Complete_slam_system/lidar_slam_system/install/lidar_slam/share/lidar_slam/environment/path.dsv
[22.301s] -- Up-to-date: /home/evan/code/Complete_slam_system/lidar_slam_system/install/lidar_slam/share/lidar_slam/local_setup.bash
[22.301s] -- Up-to-date: /home/evan/code/Complete_slam_system/lidar_slam_system/install/lidar_slam/share/lidar_slam/local_setup.sh
[22.301s] -- Up-to-date: /home/evan/code/Complete_slam_system/lidar_slam_system/install/lidar_slam/share/lidar_slam/local_setup.zsh
[22.301s] -- Up-to-date: /home/evan/code/Complete_slam_system/lidar_slam_system/install/lidar_slam/share/lidar_slam/local_setup.dsv
[22.301s] -- Installing: /home/evan/code/Complete_slam_system/lidar_slam_system/install/lidar_slam/share/lidar_slam/package.dsv
[22.301s] -- Up-to-date: /home/evan/code/Complete_slam_system/lidar_slam_system/install/lidar_slam/share/ament_index/resource_index/packages/lidar_slam
[22.301s] -- Up-to-date: /home/evan/code/Complete_slam_system/lidar_slam_system/install/lidar_slam/share/lidar_slam/cmake/ament_cmake_export_include_directories-extras.cmake
[22.302s] -- Up-to-date: /home/evan/code/Complete_slam_system/lidar_slam_system/install/lidar_slam/share/lidar_slam/cmake/lidar_slamConfig.cmake
[22.302s] -- Up-to-date: /home/evan/code/Complete_slam_system/lidar_slam_system/install/lidar_slam/share/lidar_slam/cmake/lidar_slamConfig-version.cmake
[22.302s] -- Up-to-date: /home/evan/code/Complete_slam_system/lidar_slam_system/install/lidar_slam/share/lidar_slam/package.xml
[22.304s] Invoked command in '/home/evan/code/Complete_slam_system/lidar_slam_system/build/lidar_slam' returned '0': CMAKE_PREFIX_PATH=${CMAKE_PREFIX_PATH}:/home/evan/code/lego-loam/lego/install/cloud_msgs:/opt/ros/humble /usr/bin/cmake --install /home/evan/code/Complete_slam_system/lidar_slam_system/build/lidar_slam
