[0.022s] Invoking command in '/home/evan/code/Complete_slam_system/lidar_slam_system/build/lidar_slam': CMAKE_PREFIX_PATH=${CMAKE_PREFIX_PATH}:/opt/ros/humble /usr/bin/cmake --build /home/evan/code/Complete_slam_system/lidar_slam_system/build/lidar_slam -- -j4 -l4
[0.055s] -- Found ament_cmake: 1.3.3 (/opt/ros/humble/share/ament_cmake/cmake)
[0.220s] -- Found rclcpp: 16.0.3 (/opt/ros/humble/share/rclcpp/cmake)
[0.253s] -- Found rosidl_generator_c: 3.1.4 (/opt/ros/humble/share/rosidl_generator_c/cmake)
[0.257s] -- Found rosidl_adapter: 3.1.4 (/opt/ros/humble/share/rosidl_adapter/cmake)
[0.264s] -- Found rosidl_generator_cpp: 3.1.4 (/opt/ros/humble/share/rosidl_generator_cpp/cmake)
[0.278s] -- Using all available rosidl_typesupport_c: rosidl_typesupport_fastrtps_c;rosidl_typesupport_introspection_c
[0.297s] -- Using all available rosidl_typesupport_cpp: rosidl_typesupport_fastrtps_cpp;rosidl_typesupport_introspection_cpp
[0.370s] -- Found rmw_implementation_cmake: 6.1.1 (/opt/ros/humble/share/rmw_implementation_cmake/cmake)
[0.372s] -- Found rmw_fastrtps_cpp: 6.2.2 (/opt/ros/humble/share/rmw_fastrtps_cpp/cmake)
[0.526s] -- Using RMW implementation 'rmw_fastrtps_cpp' as default
[0.727s] -- Found sensor_msgs: 4.2.3 (/opt/ros/humble/share/sensor_msgs/cmake)
[0.883s] -- Found nav_msgs: 4.2.3 (/opt/ros/humble/share/nav_msgs/cmake)
[0.986s] -- Found pcl_conversions: 2.4.0 (/opt/ros/humble/share/pcl_conversions/cmake)
[1.163s] -- Eigen found (include: /usr/include/eigen3, version: 3.4.0)
[1.173s] -- Found Boost: /usr/lib/x86_64-linux-gnu/cmake/Boost-1.74.0/BoostConfig.cmake (found suitable version "1.74.0", minimum required is "1.65.0") found components: system filesystem date_time iostreams serialization 
[1.197s] -- FLANN found (include: /usr/include, lib: /usr/lib/x86_64-linux-gnu/libflann_cpp.so)
[1.539s] -- OpenNI found (version: 1.5.4.0, include: /usr/include/ni, lib: /usr/lib/libOpenNI.so;libusb::libusb)
[1.547s] -- OpenNI2 found (version: 2.2.0.33, include: /usr/include/openni2, lib: /usr/lib/x86_64-linux-gnu/libOpenNI2.so;libusb::libusb)
[1.547s] [0m** WARNING ** io features related to pcap will be disabled[0m
[1.726s] -- Eigen found (include: /usr/include/eigen3, version: 3.4.0)
[1.734s] -- OpenNI found (version: 1.5.4.0, include: /usr/include/ni, lib: /usr/lib/libOpenNI.so;libusb::libusb)
[1.741s] -- OpenNI2 found (version: 2.2.0.33, include: /usr/include/openni2, lib: /usr/lib/x86_64-linux-gnu/libOpenNI2.so;libusb::libusb)
[1.937s] -- Found Qhull version 8.0.2
[2.130s] -- OpenNI found (version: 1.5.4.0, include: /usr/include/ni, lib: /usr/lib/libOpenNI.so;libusb::libusb)
[2.309s] -- looking for PCL_COMMON
[2.310s] -- looking for PCL_KDTREE
[2.311s] -- looking for PCL_OCTREE
[2.311s] -- looking for PCL_SEARCH
[2.312s] -- looking for PCL_SAMPLE_CONSENSUS
[2.312s] -- looking for PCL_FILTERS
[2.313s] -- looking for PCL_2D
[2.313s] -- looking for PCL_GEOMETRY
[2.314s] -- looking for PCL_IO
[2.314s] -- looking for PCL_FEATURES
[2.315s] -- looking for PCL_ML
[2.315s] -- looking for PCL_SEGMENTATION
[2.316s] -- looking for PCL_VISUALIZATION
[2.316s] -- looking for PCL_SURFACE
[2.317s] -- looking for PCL_REGISTRATION
[2.318s] -- looking for PCL_KEYPOINTS
[2.319s] -- looking for PCL_TRACKING
[2.319s] -- looking for PCL_RECOGNITION
[2.320s] -- looking for PCL_STEREO
[2.321s] -- looking for PCL_APPS
[2.322s] -- looking for PCL_IN_HAND_SCANNER
[2.322s] -- looking for PCL_MODELER
[2.323s] -- looking for PCL_POINT_CLOUD_EDITOR
[2.323s] -- looking for PCL_OUTOFCORE
[2.323s] -- looking for PCL_PEOPLE
[2.343s] -- GTSAM include directory:  /usr/local/lib/cmake/GTSAM/../../../include
[2.349s] -- Found Boost: /usr/lib/x86_64-linux-gnu/cmake/Boost-1.74.0/BoostConfig.cmake (found version "1.74.0") found components: thread serialization timer 
[2.525s] -- Configuring done
[2.579s] -- Generating done
[2.582s] -- Build files have been written to: /home/evan/code/Complete_slam_system/lidar_slam_system/build/lidar_slam
[2.636s] [ 66%] [32mBuilding CXX object CMakeFiles/lidar_slam.dir/src/data_process.cpp.o[0m
[2.636s] [ 66%] [32mBuilding CXX object CMakeFiles/lidar_slam.dir/src/main.cpp.o[0m
[2.674s] In file included from [01m[K/home/evan/code/Complete_slam_system/lidar_slam_system/src/lidar_slam/src/data_process.cpp:2[m[K:
[2.674s] [01m[K/home/evan/code/Complete_slam_system/lidar_slam_system/src/lidar_slam/include/lidar_slam/slam_utils.h:4:10:[m[K [01;31m[Kfatal error: [m[Klidar_slam_msgs/msg/point.hpp: No such file or directory
[2.674s]     4 | #include [01;31m[K"lidar_slam_msgs/msg/point.hpp"[m[K
[2.674s]       |          [01;31m[K^~~~~~~~~~~~~~~~~~~~~~~~~~~~~~~[m[K
[2.674s] compilation terminated.
[2.675s] gmake[2]: *** [CMakeFiles/lidar_slam.dir/build.make:76: CMakeFiles/lidar_slam.dir/src/data_process.cpp.o] Error 1
[2.675s] gmake[2]: *** Waiting for unfinished jobs....
[3.047s] In file included from [01m[K/home/evan/code/Complete_slam_system/lidar_slam_system/src/lidar_slam/src/main.cpp:3[m[K:
[3.048s] [01m[K/home/evan/code/Complete_slam_system/lidar_slam_system/src/lidar_slam/include/lidar_slam/slam_utils.h:4:10:[m[K [01;31m[Kfatal error: [m[Klidar_slam_msgs/msg/point.hpp: No such file or directory
[3.048s]     4 | #include [01;31m[K"lidar_slam_msgs/msg/point.hpp"[m[K
[3.048s]       |          [01;31m[K^~~~~~~~~~~~~~~~~~~~~~~~~~~~~~~[m[K
[3.048s] compilation terminated.
[3.051s] gmake[2]: *** [CMakeFiles/lidar_slam.dir/build.make:90: CMakeFiles/lidar_slam.dir/src/main.cpp.o] Error 1
[3.052s] gmake[1]: *** [CMakeFiles/Makefile2:137: CMakeFiles/lidar_slam.dir/all] Error 2
[3.052s] gmake: *** [Makefile:146: all] Error 2
[3.055s] Invoked command in '/home/evan/code/Complete_slam_system/lidar_slam_system/build/lidar_slam' returned '2': CMAKE_PREFIX_PATH=${CMAKE_PREFIX_PATH}:/opt/ros/humble /usr/bin/cmake --build /home/evan/code/Complete_slam_system/lidar_slam_system/build/lidar_slam -- -j4 -l4
