[0.273s] Invoking command in '/home/evan/code/Complete_slam_system/lidar_slam_system/build/lidar_slam': CMAKE_PREFIX_PATH=${CMAKE_PREFIX_PATH}:/opt/ros/humble /usr/bin/cmake --build /home/evan/code/Complete_slam_system/lidar_slam_system/build/lidar_slam -- -j4 -l4
[4.401s] -- Found ament_cmake: 1.3.3 (/opt/ros/humble/share/ament_cmake/cmake)
[5.318s] -- Found rclcpp: 16.0.3 (/opt/ros/humble/share/rclcpp/cmake)
[6.054s] -- Found rosidl_generator_c: 3.1.4 (/opt/ros/humble/share/rosidl_generator_c/cmake)
[6.078s] -- Found rosidl_adapter: 3.1.4 (/opt/ros/humble/share/rosidl_adapter/cmake)
[6.140s] -- Found rosidl_generator_cpp: 3.1.4 (/opt/ros/humble/share/rosidl_generator_cpp/cmake)
[6.241s] -- Using all available rosidl_typesupport_c: rosidl_typesupport_fastrtps_c;rosidl_typesupport_introspection_c
[6.385s] -- Using all available rosidl_typesupport_cpp: rosidl_typesupport_fastrtps_cpp;rosidl_typesupport_introspection_cpp
[6.660s] -- Found rmw_implementation_cmake: 6.1.1 (/opt/ros/humble/share/rmw_implementation_cmake/cmake)
[6.692s] -- Found rmw_fastrtps_cpp: 6.2.2 (/opt/ros/humble/share/rmw_fastrtps_cpp/cmake)
[7.512s] -- Using RMW implementation 'rmw_fastrtps_cpp' as default
[8.005s] -- Found sensor_msgs: 4.2.3 (/opt/ros/humble/share/sensor_msgs/cmake)
[8.214s] -- Found nav_msgs: 4.2.3 (/opt/ros/humble/share/nav_msgs/cmake)
[8.347s] -- Found pcl_conversions: 2.4.0 (/opt/ros/humble/share/pcl_conversions/cmake)
[8.613s] -- Eigen found (include: /usr/include/eigen3, version: 3.4.0)
[8.721s] -- Found Boost: /usr/lib/x86_64-linux-gnu/cmake/Boost-1.74.0/BoostConfig.cmake (found suitable version "1.74.0", minimum required is "1.65.0") found components: system filesystem date_time iostreams serialization 
[8.762s] -- FLANN found (include: /usr/include, lib: /usr/lib/x86_64-linux-gnu/libflann_cpp.so)
[15.415s] -- OpenNI found (version: 1.5.4.0, include: /usr/include/ni, lib: /usr/lib/libOpenNI.so;libusb::libusb)
[15.459s] -- OpenNI2 found (version: 2.2.0.33, include: /usr/include/openni2, lib: /usr/lib/x86_64-linux-gnu/libOpenNI2.so;libusb::libusb)
[15.459s] [0m** WARNING ** io features related to pcap will be disabled[0m
[15.653s] -- Eigen found (include: /usr/include/eigen3, version: 3.4.0)
[15.661s] -- OpenNI found (version: 1.5.4.0, include: /usr/include/ni, lib: /usr/lib/libOpenNI.so;libusb::libusb)
[15.670s] -- OpenNI2 found (version: 2.2.0.33, include: /usr/include/openni2, lib: /usr/lib/x86_64-linux-gnu/libOpenNI2.so;libusb::libusb)
[15.878s] -- Found Qhull version 8.0.2
[16.077s] -- OpenNI found (version: 1.5.4.0, include: /usr/include/ni, lib: /usr/lib/libOpenNI.so;libusb::libusb)
[16.260s] -- looking for PCL_COMMON
[16.260s] -- looking for PCL_KDTREE
[16.261s] -- looking for PCL_OCTREE
[16.262s] -- looking for PCL_SEARCH
[16.262s] -- looking for PCL_SAMPLE_CONSENSUS
[16.263s] -- looking for PCL_FILTERS
[16.263s] -- looking for PCL_2D
[16.264s] -- looking for PCL_GEOMETRY
[16.264s] -- looking for PCL_IO
[16.265s] -- looking for PCL_FEATURES
[16.265s] -- looking for PCL_ML
[16.266s] -- looking for PCL_SEGMENTATION
[16.267s] -- looking for PCL_VISUALIZATION
[16.267s] -- looking for PCL_SURFACE
[16.268s] -- looking for PCL_REGISTRATION
[16.268s] -- looking for PCL_KEYPOINTS
[16.269s] -- looking for PCL_TRACKING
[16.270s] -- looking for PCL_RECOGNITION
[16.270s] -- looking for PCL_STEREO
[16.271s] -- looking for PCL_APPS
[16.271s] -- looking for PCL_IN_HAND_SCANNER
[16.272s] -- looking for PCL_MODELER
[16.272s] -- looking for PCL_POINT_CLOUD_EDITOR
[16.273s] -- looking for PCL_OUTOFCORE
[16.273s] -- looking for PCL_PEOPLE
[16.442s] -- GTSAM include directory:  /usr/local/lib/cmake/GTSAM/../../../include
[16.448s] -- Found Boost: /usr/lib/x86_64-linux-gnu/cmake/Boost-1.74.0/BoostConfig.cmake (found version "1.74.0") found components: thread serialization timer 
[16.702s] -- Found AMD headers in: /usr/include/suitesparse
[16.702s] -- Found AMD library: /usr/lib/x86_64-linux-gnu/libamd.so
[16.702s] -- Found CAMD headers in: /usr/include/suitesparse
[16.702s] -- Found CAMD library: /usr/lib/x86_64-linux-gnu/libcamd.so
[16.702s] -- Found CCOLAMD headers in: /usr/include/suitesparse
[16.702s] -- Found CCOLAMD library: /usr/lib/x86_64-linux-gnu/libccolamd.so
[16.703s] -- Found CHOLMOD headers in: /usr/include/suitesparse
[16.703s] -- Found CHOLMOD library: /usr/lib/x86_64-linux-gnu/libcholmod.so
[16.703s] -- Found COLAMD headers in: /usr/include/suitesparse
[16.703s] -- Found COLAMD library: /usr/lib/x86_64-linux-gnu/libcolamd.so
[16.703s] -- Found SPQR headers in: /usr/include/suitesparse
[16.703s] -- Found SPQR library: /usr/lib/x86_64-linux-gnu/libspqr.so
[16.703s] -- Found Config headers in: /usr/include/suitesparse
[16.703s] -- Found Config library: /usr/lib/x86_64-linux-gnu/libsuitesparseconfig.so
[16.703s] -- Found Intel Thread Building Blocks (TBB) library (2021.5 / ) include location: . Assuming SuiteSparseQR was compiled with TBB.
[16.704s] -- Adding librt to SuiteSparse_config libraries (required on Linux & Unix [not OSX] if SuiteSparse is compiled with timing).
[16.723s] -- Could NOT find METIS (missing: METIS_INCLUDE_DIR METIS_LIBRARY) 
[16.727s] -- Found required Ceres dependency: Eigen version 3.4.0 in /usr/share/eigen3/cmake
[16.742s] -- Found required Ceres dependency: glog
[16.743s] -- Found required Ceres dependency: gflags
[16.744s] -- Found Ceres version: 2.2.0 installed in: /usr/local with components: [EigenSparse, SparseLinearAlgebraLibrary, LAPACK, SuiteSparse, SchurSpecializations]
[17.046s] -- Configuring done
[19.973s] -- Generating done
[19.976s] -- Build files have been written to: /home/evan/code/Complete_slam_system/lidar_slam_system/build/lidar_slam
[20.308s] [35m[1mConsolidate compiler generated dependencies of target lidar_slam[0m
[20.405s] [ 20%] [32mBuilding CXX object CMakeFiles/lidar_slam.dir/src/data_process.cpp.o[0m
[20.406s] [ 40%] [32mBuilding CXX object CMakeFiles/lidar_slam.dir/src/back_end.cpp.o[0m
[20.413s] [ 60%] [32mBuilding CXX object CMakeFiles/lidar_slam.dir/src/main.cpp.o[0m
[20.418s] [ 80%] [32mBuilding CXX object CMakeFiles/lidar_slam.dir/src/front_end.cpp.o[0m
