[0.020s] Invoking command in '/home/evan/code/Complete_slam_system/lidar_slam_system/build/lidar_slam': CMAKE_PREFIX_PATH=${CMAKE_PREFIX_PATH}:/home/evan/code/lego-loam/lego/install/cloud_msgs:/opt/ros/humble /usr/bin/cmake --build /home/evan/code/Complete_slam_system/lidar_slam_system/build/lidar_slam -- -j4 -l4
[0.161s] [35m[1mConsolidate compiler generated dependencies of target lidar_slam[0m
[0.250s] [ 20%] [32mBuilding CXX object CMakeFiles/lidar_slam.dir/src/back_end.cpp.o[0m
[0.250s] [ 40%] [32mBuilding CXX object CMakeFiles/lidar_slam.dir/src/main.cpp.o[0m
[11.614s] [01m[K/home/evan/code/Complete_slam_system/lidar_slam_system/src/lidar_slam/src/back_end.cpp:[m[K In destructor ‘[01m[Kvirtual lidarslam::BackEnd::~BackEnd()[m[K’:
[11.614s] [01m[K/home/evan/code/Complete_slam_system/lidar_slam_system/src/lidar_slam/src/back_end.cpp:60:24:[m[K [01;35m[Kwarning: [m[Kconverting to ‘[01m[Knav_msgs::msg::Odometry[m[K’ {aka ‘[01m[Knav_msgs::msg::Odometry_<std::allocator<void> >[m[K’} from initializer list would use explicit constructor ‘[01m[Knav_msgs::msg::Odometry_<ContainerAllocator>::Odometry_(rosidl_runtime_cpp::MessageInitialization) [with ContainerAllocator = std::allocator<void>][m[K’
[11.614s]    60 |     [01;35m[K_input_channel.send({})[m[K;
[11.614s]       |     [01;35m[K~~~~~~~~~~~~~~~~~~~^~~~[m[K
[11.614s] [01m[K/home/evan/code/Complete_slam_system/lidar_slam_system/src/lidar_slam/src/back_end.cpp:60:24:[m[K [01;36m[Knote: [m[Kin C++11 and above a default constructor can be explicit
[20.968s] [ 60%] [32m[1mLinking CXX executable lidar_slam[0m
[24.196s] [100%] Built target lidar_slam
[24.225s] Invoked command in '/home/evan/code/Complete_slam_system/lidar_slam_system/build/lidar_slam' returned '0': CMAKE_PREFIX_PATH=${CMAKE_PREFIX_PATH}:/home/evan/code/lego-loam/lego/install/cloud_msgs:/opt/ros/humble /usr/bin/cmake --build /home/evan/code/Complete_slam_system/lidar_slam_system/build/lidar_slam -- -j4 -l4
[24.309s] Invoking command in '/home/evan/code/Complete_slam_system/lidar_slam_system/build/lidar_slam': CMAKE_PREFIX_PATH=${CMAKE_PREFIX_PATH}:/home/evan/code/lego-loam/lego/install/cloud_msgs:/opt/ros/humble /usr/bin/cmake --install /home/evan/code/Complete_slam_system/lidar_slam_system/build/lidar_slam
[24.318s] -- Install configuration: ""
[24.318s] -- Installing: /home/evan/code/Complete_slam_system/lidar_slam_system/install/lidar_slam/lib/lidar_slam/lidar_slam
[24.337s] -- Set runtime path of "/home/evan/code/Complete_slam_system/lidar_slam_system/install/lidar_slam/lib/lidar_slam/lidar_slam" to ""
[24.337s] -- Up-to-date: /home/evan/code/Complete_slam_system/lidar_slam_system/install/lidar_slam/share/lidar_slam/config
[24.337s] -- Up-to-date: /home/evan/code/Complete_slam_system/lidar_slam_system/install/lidar_slam/share/lidar_slam/config/config.yaml
[24.337s] -- Up-to-date: /home/evan/code/Complete_slam_system/lidar_slam_system/install/lidar_slam/share/lidar_slam/launch
[24.338s] -- Up-to-date: /home/evan/code/Complete_slam_system/lidar_slam_system/install/lidar_slam/share/lidar_slam/launch/__pycache__
[24.338s] -- Up-to-date: /home/evan/code/Complete_slam_system/lidar_slam_system/install/lidar_slam/share/lidar_slam/launch/__pycache__/run.cpython-310.pyc
[24.338s] -- Up-to-date: /home/evan/code/Complete_slam_system/lidar_slam_system/install/lidar_slam/share/lidar_slam/launch/run.py
[24.338s] -- Up-to-date: /home/evan/code/Complete_slam_system/lidar_slam_system/install/lidar_slam/share/lidar_slam/rviz
[24.338s] -- Up-to-date: /home/evan/code/Complete_slam_system/lidar_slam_system/install/lidar_slam/share/lidar_slam/rviz/test.rviz
[24.338s] -- Up-to-date: /home/evan/code/Complete_slam_system/lidar_slam_system/install/lidar_slam/share/ament_index/resource_index/package_run_dependencies/lidar_slam
[24.338s] -- Up-to-date: /home/evan/code/Complete_slam_system/lidar_slam_system/install/lidar_slam/share/ament_index/resource_index/parent_prefix_path/lidar_slam
[24.338s] -- Up-to-date: /home/evan/code/Complete_slam_system/lidar_slam_system/install/lidar_slam/share/lidar_slam/environment/ament_prefix_path.sh
[24.338s] -- Up-to-date: /home/evan/code/Complete_slam_system/lidar_slam_system/install/lidar_slam/share/lidar_slam/environment/ament_prefix_path.dsv
[24.338s] -- Up-to-date: /home/evan/code/Complete_slam_system/lidar_slam_system/install/lidar_slam/share/lidar_slam/environment/path.sh
[24.338s] -- Up-to-date: /home/evan/code/Complete_slam_system/lidar_slam_system/install/lidar_slam/share/lidar_slam/environment/path.dsv
[24.338s] -- Up-to-date: /home/evan/code/Complete_slam_system/lidar_slam_system/install/lidar_slam/share/lidar_slam/local_setup.bash
[24.339s] -- Up-to-date: /home/evan/code/Complete_slam_system/lidar_slam_system/install/lidar_slam/share/lidar_slam/local_setup.sh
[24.339s] -- Up-to-date: /home/evan/code/Complete_slam_system/lidar_slam_system/install/lidar_slam/share/lidar_slam/local_setup.zsh
[24.339s] -- Up-to-date: /home/evan/code/Complete_slam_system/lidar_slam_system/install/lidar_slam/share/lidar_slam/local_setup.dsv
[24.339s] -- Installing: /home/evan/code/Complete_slam_system/lidar_slam_system/install/lidar_slam/share/lidar_slam/package.dsv
[24.339s] -- Up-to-date: /home/evan/code/Complete_slam_system/lidar_slam_system/install/lidar_slam/share/ament_index/resource_index/packages/lidar_slam
[24.339s] -- Up-to-date: /home/evan/code/Complete_slam_system/lidar_slam_system/install/lidar_slam/share/lidar_slam/cmake/ament_cmake_export_include_directories-extras.cmake
[24.339s] -- Up-to-date: /home/evan/code/Complete_slam_system/lidar_slam_system/install/lidar_slam/share/lidar_slam/cmake/lidar_slamConfig.cmake
[24.339s] -- Up-to-date: /home/evan/code/Complete_slam_system/lidar_slam_system/install/lidar_slam/share/lidar_slam/cmake/lidar_slamConfig-version.cmake
[24.339s] -- Up-to-date: /home/evan/code/Complete_slam_system/lidar_slam_system/install/lidar_slam/share/lidar_slam/package.xml
[24.341s] Invoked command in '/home/evan/code/Complete_slam_system/lidar_slam_system/build/lidar_slam' returned '0': CMAKE_PREFIX_PATH=${CMAKE_PREFIX_PATH}:/home/evan/code/lego-loam/lego/install/cloud_msgs:/opt/ros/humble /usr/bin/cmake --install /home/evan/code/Complete_slam_system/lidar_slam_system/build/lidar_slam
