[0.036s] Invoking command in '/home/evan/code/lego-loam/lego/build/cloud_msgs': CMAKE_PREFIX_PATH=${CMAKE_PREFIX_PATH}:/opt/ros/humble /usr/bin/cmake --build /home/evan/code/lego-loam/lego/build/cloud_msgs -- -j4 -l4
[0.107s] [  3%] Built target cloud_msgs__cpp
[0.107s] [ 12%] Built target cloud_msgs__rosidl_generator_c
[0.129s] [ 12%] Built target ament_cmake_python_copy_cloud_msgs
[0.130s] [ 22%] Built target cloud_msgs__rosidl_typesupport_fastrtps_cpp
[0.133s] [ 41%] Built target cloud_msgs__rosidl_typesupport_cpp
[0.133s] [ 41%] Built target cloud_msgs__rosidl_typesupport_introspection_cpp
[0.154s] [ 51%] Built target cloud_msgs__rosidl_typesupport_introspection_c
[0.155s] [ 64%] Built target cloud_msgs__rosidl_typesupport_c
[0.156s] [ 70%] Built target cloud_msgs__rosidl_typesupport_fastrtps_c
[0.178s] [ 70%] Built target cloud_msgs
[0.200s] [ 74%] Built target cloud_msgs__py
[0.232s] [ 80%] Built target cloud_msgs__rosidl_generator_py
[0.259s] [ 87%] Built target cloud_msgs__rosidl_typesupport_c__pyext
[0.265s] [ 93%] Built target cloud_msgs__rosidl_typesupport_introspection_c__pyext
[0.270s] [100%] Built target cloud_msgs__rosidl_typesupport_fastrtps_c__pyext
[0.430s] running egg_info
[0.431s] writing cloud_msgs.egg-info/PKG-INFO
[0.431s] writing dependency_links to cloud_msgs.egg-info/dependency_links.txt
[0.432s] writing top-level names to cloud_msgs.egg-info/top_level.txt
[0.434s] reading manifest file 'cloud_msgs.egg-info/SOURCES.txt'
[0.511s] writing manifest file 'cloud_msgs.egg-info/SOURCES.txt'
[0.542s] [100%] Built target ament_cmake_python_build_cloud_msgs_egg
[0.564s] Invoked command in '/home/evan/code/lego-loam/lego/build/cloud_msgs' returned '0': CMAKE_PREFIX_PATH=${CMAKE_PREFIX_PATH}:/opt/ros/humble /usr/bin/cmake --build /home/evan/code/lego-loam/lego/build/cloud_msgs -- -j4 -l4
[0.658s] Invoking command in '/home/evan/code/lego-loam/lego/build/cloud_msgs': CMAKE_PREFIX_PATH=${CMAKE_PREFIX_PATH}:/opt/ros/humble /usr/bin/cmake --install /home/evan/code/lego-loam/lego/build/cloud_msgs
[0.671s] -- Install configuration: ""
[0.671s] -- Up-to-date: /home/evan/code/lego-loam/lego/install/cloud_msgs/share/ament_index/resource_index/rosidl_interfaces/cloud_msgs
[0.671s] -- Up-to-date: /home/evan/code/lego-loam/lego/install/cloud_msgs/include/cloud_msgs/cloud_msgs
[0.671s] -- Up-to-date: /home/evan/code/lego-loam/lego/install/cloud_msgs/include/cloud_msgs/cloud_msgs/msg
[0.671s] -- Up-to-date: /home/evan/code/lego-loam/lego/install/cloud_msgs/include/cloud_msgs/cloud_msgs/msg/detail
[0.672s] -- Up-to-date: /home/evan/code/lego-loam/lego/install/cloud_msgs/include/cloud_msgs/cloud_msgs/msg/detail/cloud_info__functions.c
[0.672s] -- Up-to-date: /home/evan/code/lego-loam/lego/install/cloud_msgs/include/cloud_msgs/cloud_msgs/msg/detail/cloud_info__struct.h
[0.672s] -- Up-to-date: /home/evan/code/lego-loam/lego/install/cloud_msgs/include/cloud_msgs/cloud_msgs/msg/detail/cloud_info__functions.h
[0.672s] -- Up-to-date: /home/evan/code/lego-loam/lego/install/cloud_msgs/include/cloud_msgs/cloud_msgs/msg/detail/cloud_info__type_support.h
[0.672s] -- Up-to-date: /home/evan/code/lego-loam/lego/install/cloud_msgs/include/cloud_msgs/cloud_msgs/msg/cloud_info.h
[0.672s] -- Up-to-date: /home/evan/code/lego-loam/lego/install/cloud_msgs/include/cloud_msgs/cloud_msgs/msg/rosidl_generator_c__visibility_control.h
[0.672s] -- Up-to-date: /home/evan/code/lego-loam/lego/install/cloud_msgs/share/cloud_msgs/environment/library_path.sh
[0.672s] -- Up-to-date: /home/evan/code/lego-loam/lego/install/cloud_msgs/share/cloud_msgs/environment/library_path.dsv
[0.672s] -- Up-to-date: /home/evan/code/lego-loam/lego/install/cloud_msgs/lib/libcloud_msgs__rosidl_generator_c.so
[0.672s] -- Up-to-date: /home/evan/code/lego-loam/lego/install/cloud_msgs/include/cloud_msgs/cloud_msgs
[0.672s] -- Up-to-date: /home/evan/code/lego-loam/lego/install/cloud_msgs/include/cloud_msgs/cloud_msgs/msg
[0.672s] -- Up-to-date: /home/evan/code/lego-loam/lego/install/cloud_msgs/include/cloud_msgs/cloud_msgs/msg/detail
[0.672s] -- Up-to-date: /home/evan/code/lego-loam/lego/install/cloud_msgs/include/cloud_msgs/cloud_msgs/msg/detail/cloud_info__rosidl_typesupport_fastrtps_c.h
[0.672s] -- Up-to-date: /home/evan/code/lego-loam/lego/install/cloud_msgs/include/cloud_msgs/cloud_msgs/msg/rosidl_typesupport_fastrtps_c__visibility_control.h
[0.673s] -- Up-to-date: /home/evan/code/lego-loam/lego/install/cloud_msgs/lib/libcloud_msgs__rosidl_typesupport_fastrtps_c.so
[0.673s] -- Up-to-date: /home/evan/code/lego-loam/lego/install/cloud_msgs/include/cloud_msgs/cloud_msgs
[0.673s] -- Up-to-date: /home/evan/code/lego-loam/lego/install/cloud_msgs/include/cloud_msgs/cloud_msgs/msg
[0.673s] -- Up-to-date: /home/evan/code/lego-loam/lego/install/cloud_msgs/include/cloud_msgs/cloud_msgs/msg/detail
[0.673s] -- Up-to-date: /home/evan/code/lego-loam/lego/install/cloud_msgs/include/cloud_msgs/cloud_msgs/msg/detail/cloud_info__builder.hpp
[0.673s] -- Up-to-date: /home/evan/code/lego-loam/lego/install/cloud_msgs/include/cloud_msgs/cloud_msgs/msg/detail/cloud_info__traits.hpp
[0.673s] -- Up-to-date: /home/evan/code/lego-loam/lego/install/cloud_msgs/include/cloud_msgs/cloud_msgs/msg/detail/cloud_info__struct.hpp
[0.673s] -- Up-to-date: /home/evan/code/lego-loam/lego/install/cloud_msgs/include/cloud_msgs/cloud_msgs/msg/cloud_info.hpp
[0.673s] -- Up-to-date: /home/evan/code/lego-loam/lego/install/cloud_msgs/include/cloud_msgs/cloud_msgs
[0.673s] -- Up-to-date: /home/evan/code/lego-loam/lego/install/cloud_msgs/include/cloud_msgs/cloud_msgs/msg
[0.673s] -- Up-to-date: /home/evan/code/lego-loam/lego/install/cloud_msgs/include/cloud_msgs/cloud_msgs/msg/detail
[0.673s] -- Up-to-date: /home/evan/code/lego-loam/lego/install/cloud_msgs/include/cloud_msgs/cloud_msgs/msg/detail/dds_fastrtps
[0.674s] -- Up-to-date: /home/evan/code/lego-loam/lego/install/cloud_msgs/include/cloud_msgs/cloud_msgs/msg/detail/cloud_info__rosidl_typesupport_fastrtps_cpp.hpp
[0.674s] -- Up-to-date: /home/evan/code/lego-loam/lego/install/cloud_msgs/include/cloud_msgs/cloud_msgs/msg/rosidl_typesupport_fastrtps_cpp__visibility_control.h
[0.674s] -- Up-to-date: /home/evan/code/lego-loam/lego/install/cloud_msgs/lib/libcloud_msgs__rosidl_typesupport_fastrtps_cpp.so
[0.674s] -- Up-to-date: /home/evan/code/lego-loam/lego/install/cloud_msgs/include/cloud_msgs/cloud_msgs
[0.674s] -- Up-to-date: /home/evan/code/lego-loam/lego/install/cloud_msgs/include/cloud_msgs/cloud_msgs/msg
[0.674s] -- Up-to-date: /home/evan/code/lego-loam/lego/install/cloud_msgs/include/cloud_msgs/cloud_msgs/msg/detail
[0.674s] -- Up-to-date: /home/evan/code/lego-loam/lego/install/cloud_msgs/include/cloud_msgs/cloud_msgs/msg/detail/cloud_info__rosidl_typesupport_introspection_c.h
[0.674s] -- Up-to-date: /home/evan/code/lego-loam/lego/install/cloud_msgs/include/cloud_msgs/cloud_msgs/msg/detail/cloud_info__type_support.c
[0.674s] -- Up-to-date: /home/evan/code/lego-loam/lego/install/cloud_msgs/include/cloud_msgs/cloud_msgs/msg/rosidl_typesupport_introspection_c__visibility_control.h
[0.674s] -- Up-to-date: /home/evan/code/lego-loam/lego/install/cloud_msgs/lib/libcloud_msgs__rosidl_typesupport_introspection_c.so
[0.675s] -- Up-to-date: /home/evan/code/lego-loam/lego/install/cloud_msgs/lib/libcloud_msgs__rosidl_typesupport_c.so
[0.675s] -- Up-to-date: /home/evan/code/lego-loam/lego/install/cloud_msgs/include/cloud_msgs/cloud_msgs
[0.675s] -- Up-to-date: /home/evan/code/lego-loam/lego/install/cloud_msgs/include/cloud_msgs/cloud_msgs/msg
[0.675s] -- Up-to-date: /home/evan/code/lego-loam/lego/install/cloud_msgs/include/cloud_msgs/cloud_msgs/msg/detail
[0.675s] -- Up-to-date: /home/evan/code/lego-loam/lego/install/cloud_msgs/include/cloud_msgs/cloud_msgs/msg/detail/cloud_info__type_support.cpp
[0.675s] -- Up-to-date: /home/evan/code/lego-loam/lego/install/cloud_msgs/include/cloud_msgs/cloud_msgs/msg/detail/cloud_info__rosidl_typesupport_introspection_cpp.hpp
[0.675s] -- Up-to-date: /home/evan/code/lego-loam/lego/install/cloud_msgs/lib/libcloud_msgs__rosidl_typesupport_introspection_cpp.so
[0.675s] -- Up-to-date: /home/evan/code/lego-loam/lego/install/cloud_msgs/lib/libcloud_msgs__rosidl_typesupport_cpp.so
[0.675s] -- Up-to-date: /home/evan/code/lego-loam/lego/install/cloud_msgs/share/cloud_msgs/environment/pythonpath.sh
[0.675s] -- Up-to-date: /home/evan/code/lego-loam/lego/install/cloud_msgs/share/cloud_msgs/environment/pythonpath.dsv
[0.675s] -- Up-to-date: /home/evan/code/lego-loam/lego/install/cloud_msgs/local/lib/python3.10/dist-packages/cloud_msgs-1.0.0-py3.10.egg-info
[0.675s] -- Installing: /home/evan/code/lego-loam/lego/install/cloud_msgs/local/lib/python3.10/dist-packages/cloud_msgs-1.0.0-py3.10.egg-info/top_level.txt
[0.675s] -- Installing: /home/evan/code/lego-loam/lego/install/cloud_msgs/local/lib/python3.10/dist-packages/cloud_msgs-1.0.0-py3.10.egg-info/dependency_links.txt
[0.675s] -- Installing: /home/evan/code/lego-loam/lego/install/cloud_msgs/local/lib/python3.10/dist-packages/cloud_msgs-1.0.0-py3.10.egg-info/PKG-INFO
[0.675s] -- Installing: /home/evan/code/lego-loam/lego/install/cloud_msgs/local/lib/python3.10/dist-packages/cloud_msgs-1.0.0-py3.10.egg-info/SOURCES.txt
[0.676s] -- Up-to-date: /home/evan/code/lego-loam/lego/install/cloud_msgs/local/lib/python3.10/dist-packages/cloud_msgs
[0.676s] -- Up-to-date: /home/evan/code/lego-loam/lego/install/cloud_msgs/local/lib/python3.10/dist-packages/cloud_msgs/msg
[0.676s] -- Up-to-date: /home/evan/code/lego-loam/lego/install/cloud_msgs/local/lib/python3.10/dist-packages/cloud_msgs/msg/_cloud_info.py
[0.676s] -- Up-to-date: /home/evan/code/lego-loam/lego/install/cloud_msgs/local/lib/python3.10/dist-packages/cloud_msgs/msg/__init__.py
[0.676s] -- Up-to-date: /home/evan/code/lego-loam/lego/install/cloud_msgs/local/lib/python3.10/dist-packages/cloud_msgs/msg/_cloud_info_s.c
[0.676s] -- Up-to-date: /home/evan/code/lego-loam/lego/install/cloud_msgs/local/lib/python3.10/dist-packages/cloud_msgs/_cloud_msgs_s.ep.rosidl_typesupport_c.c
[0.676s] -- Up-to-date: /home/evan/code/lego-loam/lego/install/cloud_msgs/local/lib/python3.10/dist-packages/cloud_msgs/libcloud_msgs__rosidl_generator_py.so
[0.676s] -- Up-to-date: /home/evan/code/lego-loam/lego/install/cloud_msgs/local/lib/python3.10/dist-packages/cloud_msgs/_cloud_msgs_s.ep.rosidl_typesupport_fastrtps_c.c
[0.676s] -- Up-to-date: /home/evan/code/lego-loam/lego/install/cloud_msgs/local/lib/python3.10/dist-packages/cloud_msgs/cloud_msgs_s__rosidl_typesupport_fastrtps_c.cpython-310-x86_64-linux-gnu.so
[0.676s] -- Up-to-date: /home/evan/code/lego-loam/lego/install/cloud_msgs/local/lib/python3.10/dist-packages/cloud_msgs/cloud_msgs_s__rosidl_typesupport_introspection_c.cpython-310-x86_64-linux-gnu.so
[0.676s] -- Up-to-date: /home/evan/code/lego-loam/lego/install/cloud_msgs/local/lib/python3.10/dist-packages/cloud_msgs/_cloud_msgs_s.ep.rosidl_typesupport_introspection_c.c
[0.676s] -- Up-to-date: /home/evan/code/lego-loam/lego/install/cloud_msgs/local/lib/python3.10/dist-packages/cloud_msgs/__init__.py
[0.676s] -- Up-to-date: /home/evan/code/lego-loam/lego/install/cloud_msgs/local/lib/python3.10/dist-packages/cloud_msgs/cloud_msgs_s__rosidl_typesupport_c.cpython-310-x86_64-linux-gnu.so
[0.710s] Listing '/home/evan/code/lego-loam/lego/install/cloud_msgs/local/lib/python3.10/dist-packages/cloud_msgs'...
[0.710s] Listing '/home/evan/code/lego-loam/lego/install/cloud_msgs/local/lib/python3.10/dist-packages/cloud_msgs/msg'...
[0.715s] -- Up-to-date: /home/evan/code/lego-loam/lego/install/cloud_msgs/local/lib/python3.10/dist-packages/cloud_msgs/cloud_msgs_s__rosidl_typesupport_fastrtps_c.cpython-310-x86_64-linux-gnu.so
[0.716s] -- Up-to-date: /home/evan/code/lego-loam/lego/install/cloud_msgs/local/lib/python3.10/dist-packages/cloud_msgs/cloud_msgs_s__rosidl_typesupport_introspection_c.cpython-310-x86_64-linux-gnu.so
[0.716s] -- Up-to-date: /home/evan/code/lego-loam/lego/install/cloud_msgs/local/lib/python3.10/dist-packages/cloud_msgs/cloud_msgs_s__rosidl_typesupport_c.cpython-310-x86_64-linux-gnu.so
[0.717s] -- Up-to-date: /home/evan/code/lego-loam/lego/install/cloud_msgs/lib/libcloud_msgs__rosidl_generator_py.so
[0.717s] -- Up-to-date: /home/evan/code/lego-loam/lego/install/cloud_msgs/share/cloud_msgs/msg/CloudInfo.idl
[0.717s] -- Up-to-date: /home/evan/code/lego-loam/lego/install/cloud_msgs/share/cloud_msgs/msg/CloudInfo.msg
[0.717s] -- Up-to-date: /home/evan/code/lego-loam/lego/install/cloud_msgs/share/ament_index/resource_index/package_run_dependencies/cloud_msgs
[0.717s] -- Up-to-date: /home/evan/code/lego-loam/lego/install/cloud_msgs/share/ament_index/resource_index/parent_prefix_path/cloud_msgs
[0.718s] -- Up-to-date: /home/evan/code/lego-loam/lego/install/cloud_msgs/share/cloud_msgs/environment/ament_prefix_path.sh
[0.718s] -- Up-to-date: /home/evan/code/lego-loam/lego/install/cloud_msgs/share/cloud_msgs/environment/ament_prefix_path.dsv
[0.718s] -- Up-to-date: /home/evan/code/lego-loam/lego/install/cloud_msgs/share/cloud_msgs/environment/path.sh
[0.718s] -- Up-to-date: /home/evan/code/lego-loam/lego/install/cloud_msgs/share/cloud_msgs/environment/path.dsv
[0.718s] -- Up-to-date: /home/evan/code/lego-loam/lego/install/cloud_msgs/share/cloud_msgs/local_setup.bash
[0.718s] -- Up-to-date: /home/evan/code/lego-loam/lego/install/cloud_msgs/share/cloud_msgs/local_setup.sh
[0.718s] -- Up-to-date: /home/evan/code/lego-loam/lego/install/cloud_msgs/share/cloud_msgs/local_setup.zsh
[0.718s] -- Up-to-date: /home/evan/code/lego-loam/lego/install/cloud_msgs/share/cloud_msgs/local_setup.dsv
[0.719s] -- Installing: /home/evan/code/lego-loam/lego/install/cloud_msgs/share/cloud_msgs/package.dsv
[0.719s] -- Up-to-date: /home/evan/code/lego-loam/lego/install/cloud_msgs/share/ament_index/resource_index/packages/cloud_msgs
[0.719s] -- Up-to-date: /home/evan/code/lego-loam/lego/install/cloud_msgs/share/cloud_msgs/cmake/export_cloud_msgs__rosidl_generator_cExport.cmake
[0.719s] -- Up-to-date: /home/evan/code/lego-loam/lego/install/cloud_msgs/share/cloud_msgs/cmake/export_cloud_msgs__rosidl_generator_cExport-noconfig.cmake
[0.719s] -- Up-to-date: /home/evan/code/lego-loam/lego/install/cloud_msgs/share/cloud_msgs/cmake/export_cloud_msgs__rosidl_typesupport_fastrtps_cExport.cmake
[0.719s] -- Up-to-date: /home/evan/code/lego-loam/lego/install/cloud_msgs/share/cloud_msgs/cmake/export_cloud_msgs__rosidl_typesupport_fastrtps_cExport-noconfig.cmake
[0.719s] -- Up-to-date: /home/evan/code/lego-loam/lego/install/cloud_msgs/share/cloud_msgs/cmake/export_cloud_msgs__rosidl_generator_cppExport.cmake
[0.719s] -- Up-to-date: /home/evan/code/lego-loam/lego/install/cloud_msgs/share/cloud_msgs/cmake/export_cloud_msgs__rosidl_typesupport_fastrtps_cppExport.cmake
[0.720s] -- Up-to-date: /home/evan/code/lego-loam/lego/install/cloud_msgs/share/cloud_msgs/cmake/export_cloud_msgs__rosidl_typesupport_fastrtps_cppExport-noconfig.cmake
[0.720s] -- Up-to-date: /home/evan/code/lego-loam/lego/install/cloud_msgs/share/cloud_msgs/cmake/cloud_msgs__rosidl_typesupport_introspection_cExport.cmake
[0.720s] -- Up-to-date: /home/evan/code/lego-loam/lego/install/cloud_msgs/share/cloud_msgs/cmake/cloud_msgs__rosidl_typesupport_introspection_cExport-noconfig.cmake
[0.720s] -- Up-to-date: /home/evan/code/lego-loam/lego/install/cloud_msgs/share/cloud_msgs/cmake/cloud_msgs__rosidl_typesupport_cExport.cmake
[0.720s] -- Up-to-date: /home/evan/code/lego-loam/lego/install/cloud_msgs/share/cloud_msgs/cmake/cloud_msgs__rosidl_typesupport_cExport-noconfig.cmake
[0.720s] -- Up-to-date: /home/evan/code/lego-loam/lego/install/cloud_msgs/share/cloud_msgs/cmake/cloud_msgs__rosidl_typesupport_introspection_cppExport.cmake
[0.720s] -- Up-to-date: /home/evan/code/lego-loam/lego/install/cloud_msgs/share/cloud_msgs/cmake/cloud_msgs__rosidl_typesupport_introspection_cppExport-noconfig.cmake
[0.720s] -- Up-to-date: /home/evan/code/lego-loam/lego/install/cloud_msgs/share/cloud_msgs/cmake/cloud_msgs__rosidl_typesupport_cppExport.cmake
[0.720s] -- Up-to-date: /home/evan/code/lego-loam/lego/install/cloud_msgs/share/cloud_msgs/cmake/cloud_msgs__rosidl_typesupport_cppExport-noconfig.cmake
[0.720s] -- Up-to-date: /home/evan/code/lego-loam/lego/install/cloud_msgs/share/cloud_msgs/cmake/export_cloud_msgs__rosidl_generator_pyExport.cmake
[0.721s] -- Up-to-date: /home/evan/code/lego-loam/lego/install/cloud_msgs/share/cloud_msgs/cmake/export_cloud_msgs__rosidl_generator_pyExport-noconfig.cmake
[0.721s] -- Up-to-date: /home/evan/code/lego-loam/lego/install/cloud_msgs/share/cloud_msgs/cmake/rosidl_cmake-extras.cmake
[0.721s] -- Up-to-date: /home/evan/code/lego-loam/lego/install/cloud_msgs/share/cloud_msgs/cmake/ament_cmake_export_dependencies-extras.cmake
[0.721s] -- Up-to-date: /home/evan/code/lego-loam/lego/install/cloud_msgs/share/cloud_msgs/cmake/ament_cmake_export_include_directories-extras.cmake
[0.721s] -- Up-to-date: /home/evan/code/lego-loam/lego/install/cloud_msgs/share/cloud_msgs/cmake/ament_cmake_export_libraries-extras.cmake
[0.721s] -- Up-to-date: /home/evan/code/lego-loam/lego/install/cloud_msgs/share/cloud_msgs/cmake/ament_cmake_export_targets-extras.cmake
[0.721s] -- Up-to-date: /home/evan/code/lego-loam/lego/install/cloud_msgs/share/cloud_msgs/cmake/rosidl_cmake_export_typesupport_targets-extras.cmake
[0.721s] -- Up-to-date: /home/evan/code/lego-loam/lego/install/cloud_msgs/share/cloud_msgs/cmake/rosidl_cmake_export_typesupport_libraries-extras.cmake
[0.721s] -- Up-to-date: /home/evan/code/lego-loam/lego/install/cloud_msgs/share/cloud_msgs/cmake/cloud_msgsConfig.cmake
[0.721s] -- Up-to-date: /home/evan/code/lego-loam/lego/install/cloud_msgs/share/cloud_msgs/cmake/cloud_msgsConfig-version.cmake
[0.721s] -- Up-to-date: /home/evan/code/lego-loam/lego/install/cloud_msgs/share/cloud_msgs/package.xml
[0.754s] Invoked command in '/home/evan/code/lego-loam/lego/build/cloud_msgs' returned '0': CMAKE_PREFIX_PATH=${CMAKE_PREFIX_PATH}:/opt/ros/humble /usr/bin/cmake --install /home/evan/code/lego-loam/lego/build/cloud_msgs
