[0.021s] Invoking command in '/home/evan/code/Complete_slam_system/lidar_slam_system/build/lidar_slam': CMAKE_PREFIX_PATH=${CMAKE_PREFIX_PATH}:/home/evan/code/lego-loam/lego/install/cloud_msgs:/opt/ros/humble /usr/bin/cmake --build /home/evan/code/Complete_slam_system/lidar_slam_system/build/lidar_slam -- -j4 -l4
[0.090s] [35m[1mConsolidate compiler generated dependencies of target lidar_slam[0m
[0.174s] [ 20%] [32mBuilding CXX object CMakeFiles/lidar_slam.dir/src/front_end.cpp.o[0m
[13.468s] [ 40%] [32m[1mLinking CXX executable lidar_slam[0m
[16.991s] [100%] Built target lidar_slam
[17.005s] Invoked command in '/home/evan/code/Complete_slam_system/lidar_slam_system/build/lidar_slam' returned '0': CMAKE_PREFIX_PATH=${CMAKE_PREFIX_PATH}:/home/evan/code/lego-loam/lego/install/cloud_msgs:/opt/ros/humble /usr/bin/cmake --build /home/evan/code/Complete_slam_system/lidar_slam_system/build/lidar_slam -- -j4 -l4
[17.054s] Invoking command in '/home/evan/code/Complete_slam_system/lidar_slam_system/build/lidar_slam': CMAKE_PREFIX_PATH=${CMAKE_PREFIX_PATH}:/home/evan/code/lego-loam/lego/install/cloud_msgs:/opt/ros/humble /usr/bin/cmake --install /home/evan/code/Complete_slam_system/lidar_slam_system/build/lidar_slam
[17.062s] -- Install configuration: ""
[17.063s] -- Installing: /home/evan/code/Complete_slam_system/lidar_slam_system/install/lidar_slam/lib/lidar_slam/lidar_slam
[17.085s] -- Set runtime path of "/home/evan/code/Complete_slam_system/lidar_slam_system/install/lidar_slam/lib/lidar_slam/lidar_slam" to ""
[17.085s] -- Up-to-date: /home/evan/code/Complete_slam_system/lidar_slam_system/install/lidar_slam/share/lidar_slam/config
[17.085s] -- Up-to-date: /home/evan/code/Complete_slam_system/lidar_slam_system/install/lidar_slam/share/lidar_slam/config/config.yaml
[17.085s] -- Up-to-date: /home/evan/code/Complete_slam_system/lidar_slam_system/install/lidar_slam/share/lidar_slam/launch
[17.085s] -- Up-to-date: /home/evan/code/Complete_slam_system/lidar_slam_system/install/lidar_slam/share/lidar_slam/launch/__pycache__
[17.085s] -- Up-to-date: /home/evan/code/Complete_slam_system/lidar_slam_system/install/lidar_slam/share/lidar_slam/launch/__pycache__/run.cpython-310.pyc
[17.085s] -- Up-to-date: /home/evan/code/Complete_slam_system/lidar_slam_system/install/lidar_slam/share/lidar_slam/launch/run.py
[17.086s] -- Up-to-date: /home/evan/code/Complete_slam_system/lidar_slam_system/install/lidar_slam/share/lidar_slam/rviz
[17.086s] -- Up-to-date: /home/evan/code/Complete_slam_system/lidar_slam_system/install/lidar_slam/share/lidar_slam/rviz/test.rviz
[17.086s] -- Up-to-date: /home/evan/code/Complete_slam_system/lidar_slam_system/install/lidar_slam/share/ament_index/resource_index/package_run_dependencies/lidar_slam
[17.086s] -- Up-to-date: /home/evan/code/Complete_slam_system/lidar_slam_system/install/lidar_slam/share/ament_index/resource_index/parent_prefix_path/lidar_slam
[17.086s] -- Up-to-date: /home/evan/code/Complete_slam_system/lidar_slam_system/install/lidar_slam/share/lidar_slam/environment/ament_prefix_path.sh
[17.086s] -- Up-to-date: /home/evan/code/Complete_slam_system/lidar_slam_system/install/lidar_slam/share/lidar_slam/environment/ament_prefix_path.dsv
[17.086s] -- Up-to-date: /home/evan/code/Complete_slam_system/lidar_slam_system/install/lidar_slam/share/lidar_slam/environment/path.sh
[17.086s] -- Up-to-date: /home/evan/code/Complete_slam_system/lidar_slam_system/install/lidar_slam/share/lidar_slam/environment/path.dsv
[17.086s] -- Up-to-date: /home/evan/code/Complete_slam_system/lidar_slam_system/install/lidar_slam/share/lidar_slam/local_setup.bash
[17.086s] -- Up-to-date: /home/evan/code/Complete_slam_system/lidar_slam_system/install/lidar_slam/share/lidar_slam/local_setup.sh
[17.086s] -- Up-to-date: /home/evan/code/Complete_slam_system/lidar_slam_system/install/lidar_slam/share/lidar_slam/local_setup.zsh
[17.086s] -- Up-to-date: /home/evan/code/Complete_slam_system/lidar_slam_system/install/lidar_slam/share/lidar_slam/local_setup.dsv
[17.086s] -- Installing: /home/evan/code/Complete_slam_system/lidar_slam_system/install/lidar_slam/share/lidar_slam/package.dsv
[17.087s] -- Up-to-date: /home/evan/code/Complete_slam_system/lidar_slam_system/install/lidar_slam/share/ament_index/resource_index/packages/lidar_slam
[17.087s] -- Up-to-date: /home/evan/code/Complete_slam_system/lidar_slam_system/install/lidar_slam/share/lidar_slam/cmake/ament_cmake_export_include_directories-extras.cmake
[17.087s] -- Up-to-date: /home/evan/code/Complete_slam_system/lidar_slam_system/install/lidar_slam/share/lidar_slam/cmake/lidar_slamConfig.cmake
[17.087s] -- Up-to-date: /home/evan/code/Complete_slam_system/lidar_slam_system/install/lidar_slam/share/lidar_slam/cmake/lidar_slamConfig-version.cmake
[17.087s] -- Up-to-date: /home/evan/code/Complete_slam_system/lidar_slam_system/install/lidar_slam/share/lidar_slam/package.xml
[17.088s] Invoked command in '/home/evan/code/Complete_slam_system/lidar_slam_system/build/lidar_slam' returned '0': CMAKE_PREFIX_PATH=${CMAKE_PREFIX_PATH}:/home/evan/code/lego-loam/lego/install/cloud_msgs:/opt/ros/humble /usr/bin/cmake --install /home/evan/code/Complete_slam_system/lidar_slam_system/build/lidar_slam
