[0.121s] Invoking command in '/home/evan/code/lego-loam/lego/build/lego_loam_sr': CMAKE_PREFIX_PATH=${CMAKE_PREFIX_PATH}:/opt/ros/humble /usr/bin/cmake --build /home/evan/code/lego-loam/lego/build/lego_loam_sr -- -j4 -l4
[1.317s] [35m[1mConsolidate compiler generated dependencies of target lego_loam_sr[0m
[1.458s] [ 16%] [32mBuilding CXX object CMakeFiles/lego_loam_sr.dir/src/featureAssociation.cpp.o[0m
[13.378s] [01m[K/home/evan/code/lego-loam/lego/src/LeGO-LOAM/src/featureAssociation.cpp:[m[K In destructor ‘[01m[Kvirtual FeatureAssociation::~FeatureAssociation()[m[K’:
[13.378s] [01m[K/home/evan/code/lego-loam/lego/src/LeGO-LOAM/src/featureAssociation.cpp:110:22:[m[K [01;35m[Kwarning: [m[Kconverting to ‘[01m[Kcloud_msgs::msg::CloudInfo[m[K’ {aka ‘[01m[Kcloud_msgs::msg::CloudInfo_<std::allocator<void> >[m[K’} from initializer list would use explicit constructor ‘[01m[Kcloud_msgs::msg::CloudInfo_<ContainerAllocator>::CloudInfo_(rosidl_runtime_cpp::MessageInitialization) [with ContainerAllocator = std::allocator<void>][m[K’
[13.378s]   110 |   [01;35m[K_input_channel.send({})[m[K;
[13.378s]       |   [01;35m[K~~~~~~~~~~~~~~~~~~~^~~~[m[K
[13.378s] [01m[K/home/evan/code/lego-loam/lego/src/LeGO-LOAM/src/featureAssociation.cpp:110:22:[m[K [01;36m[Knote: [m[Kin C++11 and above a default constructor can be explicit
[48.385s] [ 33%] [32mBuilding CXX object CMakeFiles/lego_loam_sr.dir/src/main.cpp.o[0m
[58.077s] In file included from [01m[K/usr/local/include/gtsam/base/Matrix.h:28[m[K,
[58.077s]                  from [01m[K/usr/local/include/gtsam/base/Manifold.h:22[m[K,
[58.077s]                  from [01m[K/usr/local/include/gtsam/geometry/BearingRange.h:21[m[K,
[58.077s]                  from [01m[K/usr/local/include/gtsam/geometry/Pose3.h:22[m[K,
[58.077s]                  from [01m[K/home/evan/code/lego-loam/lego/src/LeGO-LOAM/src/mapOptimization.h:8[m[K,
[58.078s]                  from [01m[K/home/evan/code/lego-loam/lego/src/LeGO-LOAM/src/main.cpp:4[m[K:
[58.078s] [01m[K/usr/local/include/gtsam/base/Vector.h:76:30:[m[K [01;31m[Kerror: [m[Kstatic assertion failed: Error: GTSAM was built against a different version of Eigen
[58.078s]    76 |     GTSAM_EIGEN_VERSION_MAJOR[01;31m[K=[m[K=EIGEN_MAJOR_VERSION,
[58.078s]       |                              [01;31m[K^[m[K
[66.567s] gmake[2]: *** [CMakeFiles/lego_loam_sr.dir/build.make:132: CMakeFiles/lego_loam_sr.dir/src/main.cpp.o] Error 1
[66.568s] gmake[1]: *** [CMakeFiles/Makefile2:137: CMakeFiles/lego_loam_sr.dir/all] Error 2
[66.568s] gmake: *** [Makefile:146: all] Error 2
[66.571s] Invoked command in '/home/evan/code/lego-loam/lego/build/lego_loam_sr' returned '2': CMAKE_PREFIX_PATH=${CMAKE_PREFIX_PATH}:/opt/ros/humble /usr/bin/cmake --build /home/evan/code/lego-loam/lego/build/lego_loam_sr -- -j4 -l4
