[0.076s] Invoking command in '/home/evan/code/Complete_slam_system/lidar_slam_system/build/lidar_slam': CMAKE_PREFIX_PATH=${CMAKE_PREFIX_PATH}:/opt/ros/humble /usr/bin/cmake --build /home/evan/code/Complete_slam_system/lidar_slam_system/build/lidar_slam -- -j4 -l4
[0.083s] [35m[1mConsolidate compiler generated dependencies of target lidar_slam[0m
[0.206s] [ 25%] [32mBuilding CXX object CMakeFiles/lidar_slam.dir/src/front_end.cpp.o[0m
[0.208s] [ 50%] [32mBuilding CXX object CMakeFiles/lidar_slam.dir/src/main.cpp.o[0m
[0.213s] [ 75%] [32mBuilding CXX object CMakeFiles/lidar_slam.dir/src/data_process.cpp.o[0m
[18.285s] [100%] [32m[1mLinking CXX executable lidar_slam[0m
[20.132s] /usr/bin/ld: CMakeFiles/lidar_slam.dir/src/front_end.cpp.o: in function `lidarslam::FrontEnd::odometry()':
[20.132s] front_end.cpp:(.text+0x1af0): undefined reference to `ceres::Problem::Problem(ceres::Problem::Options const&)'
[20.132s] /usr/bin/ld: front_end.cpp:(.text+0x1b31): undefined reference to `ceres::Problem::AddParameterBlock(double*, int, ceres::Manifold*)'
[20.132s] /usr/bin/ld: front_end.cpp:(.text+0x1b4f): undefined reference to `ceres::Problem::AddParameterBlock(double*, int)'
[20.133s] /usr/bin/ld: front_end.cpp:(.text+0x2e9c): undefined reference to `ceres::Solve(ceres::Solver::Options const&, ceres::Problem*, ceres::Solver::Summary*)'
[20.133s] /usr/bin/ld: front_end.cpp:(.text+0x2ee7): undefined reference to `ceres::Problem::~Problem()'
[20.134s] /usr/bin/ld: front_end.cpp:(.text+0x318b): undefined reference to `ceres::Problem::~Problem()'
[20.135s] /usr/bin/ld: CMakeFiles/lidar_slam.dir/src/front_end.cpp.o: in function `ceres::LossFunction::LossFunction()':
[20.135s] front_end.cpp:(.text._ZN5ceres12LossFunctionC2Ev[_ZN5ceres12LossFunctionC5Ev]+0xf): undefined reference to `vtable for ceres::LossFunction'
[20.136s] /usr/bin/ld: CMakeFiles/lidar_slam.dir/src/front_end.cpp.o: in function `ceres::HuberLoss::HuberLoss(double)':
[20.136s] front_end.cpp:(.text._ZN5ceres9HuberLossC2Ed[_ZN5ceres9HuberLossC5Ed]+0x24): undefined reference to `vtable for ceres::HuberLoss'
[20.136s] /usr/bin/ld: CMakeFiles/lidar_slam.dir/src/front_end.cpp.o: in function `ceres::Manifold::Manifold()':
[20.136s] front_end.cpp:(.text._ZN5ceres8ManifoldC2Ev[_ZN5ceres8ManifoldC5Ev]+0xf): undefined reference to `vtable for ceres::Manifold'
[20.137s] /usr/bin/ld: CMakeFiles/lidar_slam.dir/src/front_end.cpp.o: in function `ceres::EigenQuaternionManifold::EigenQuaternionManifold()':
[20.137s] front_end.cpp:(.text._ZN5ceres23EigenQuaternionManifoldC2Ev[_ZN5ceres23EigenQuaternionManifoldC5Ev]+0x1f): undefined reference to `vtable for ceres::EigenQuaternionManifold'
[20.138s] /usr/bin/ld: CMakeFiles/lidar_slam.dir/src/front_end.cpp.o: in function `ceres::SizedCostFunction<3, 4, 3>::~SizedCostFunction()':
[20.138s] front_end.cpp:(.text._ZN5ceres17SizedCostFunctionILi3EJLi4ELi3EEED2Ev[_ZN5ceres17SizedCostFunctionILi3EJLi4ELi3EEED5Ev]+0x2a): undefined reference to `ceres::CostFunction::~CostFunction()'
[20.138s] /usr/bin/ld: CMakeFiles/lidar_slam.dir/src/front_end.cpp.o: in function `ceres::SizedCostFunction<1, 4, 3>::~SizedCostFunction()':
[20.138s] front_end.cpp:(.text._ZN5ceres17SizedCostFunctionILi1EJLi4ELi3EEED2Ev[_ZN5ceres17SizedCostFunctionILi1EJLi4ELi3EEED5Ev]+0x2a): undefined reference to `ceres::CostFunction::~CostFunction()'
[20.139s] /usr/bin/ld: CMakeFiles/lidar_slam.dir/src/front_end.cpp.o: in function `ceres::internal::ResidualBlock* ceres::Problem::AddResidualBlock<double>(ceres::CostFunction*, ceres::LossFunction*, double*, double*)':
[20.139s] front_end.cpp:(.text._ZN5ceres7Problem16AddResidualBlockIJdEEEPNS_8internal13ResidualBlockEPNS_12CostFunctionEPNS_12LossFunctionEPdDpPT_[_ZN5ceres7Problem16AddResidualBlockIJdEEEPNS_8internal13ResidualBlockEPNS_12CostFunctionEPNS_12LossFunctionEPdDpPT_]+0x70): undefined reference to `ceres::Problem::AddResidualBlock(ceres::CostFunction*, ceres::LossFunction*, double* const*, int)'
[20.140s] /usr/bin/ld: CMakeFiles/lidar_slam.dir/src/front_end.cpp.o: in function `std::__cxx11::basic_string<char, std::char_traits<char>, std::allocator<char> >* google::MakeCheckOpString<int, int>(int const&, int const&, char const*)':
[20.140s] front_end.cpp:(.text._ZN6google17MakeCheckOpStringIiiEEPNSt7__cxx1112basic_stringIcSt11char_traitsIcESaIcEEERKT_RKT0_PKc[_ZN6google17MakeCheckOpStringIiiEEPNSt7__cxx1112basic_stringIcSt11char_traitsIcESaIcEEERKT_RKT0_PKc]+0x37): undefined reference to `google::base::CheckOpMessageBuilder::CheckOpMessageBuilder(char const*)'
[20.140s] /usr/bin/ld: front_end.cpp:(.text._ZN6google17MakeCheckOpStringIiiEEPNSt7__cxx1112basic_stringIcSt11char_traitsIcESaIcEEERKT_RKT0_PKc[_ZN6google17MakeCheckOpStringIiiEEPNSt7__cxx1112basic_stringIcSt11char_traitsIcESaIcEEERKT_RKT0_PKc]+0x61): undefined reference to `google::base::CheckOpMessageBuilder::ForVar2()'
[20.140s] /usr/bin/ld: front_end.cpp:(.text._ZN6google17MakeCheckOpStringIiiEEPNSt7__cxx1112basic_stringIcSt11char_traitsIcESaIcEEERKT_RKT0_PKc[_ZN6google17MakeCheckOpStringIiiEEPNSt7__cxx1112basic_stringIcSt11char_traitsIcESaIcEEERKT_RKT0_PKc]+0x7f): undefined reference to `google::base::CheckOpMessageBuilder::NewString[abi:cxx11]()'
[20.140s] /usr/bin/ld: front_end.cpp:(.text._ZN6google17MakeCheckOpStringIiiEEPNSt7__cxx1112basic_stringIcSt11char_traitsIcESaIcEEERKT_RKT0_PKc[_ZN6google17MakeCheckOpStringIiiEEPNSt7__cxx1112basic_stringIcSt11char_traitsIcESaIcEEERKT_RKT0_PKc]+0x8f): undefined reference to `google::base::CheckOpMessageBuilder::~CheckOpMessageBuilder()'
[20.141s] /usr/bin/ld: front_end.cpp:(.text._ZN6google17MakeCheckOpStringIiiEEPNSt7__cxx1112basic_stringIcSt11char_traitsIcESaIcEEERKT_RKT0_PKc[_ZN6google17MakeCheckOpStringIiiEEPNSt7__cxx1112basic_stringIcSt11char_traitsIcESaIcEEERKT_RKT0_PKc]+0xb6): undefined reference to `google::base::CheckOpMessageBuilder::~CheckOpMessageBuilder()'
[20.141s] /usr/bin/ld: CMakeFiles/lidar_slam.dir/src/front_end.cpp.o: in function `ceres::SizedCostFunction<3, 4, 3>::SizedCostFunction()':
[20.141s] front_end.cpp:(.text._ZN5ceres17SizedCostFunctionILi3EJLi4ELi3EEEC2Ev[_ZN5ceres17SizedCostFunctionILi3EJLi4ELi3EEEC5Ev]+0x2c): undefined reference to `ceres::CostFunction::CostFunction()'
[20.141s] /usr/bin/ld: front_end.cpp:(.text._ZN5ceres17SizedCostFunctionILi3EJLi4ELi3EEEC2Ev[_ZN5ceres17SizedCostFunctionILi3EJLi4ELi3EEEC5Ev]+0x102): undefined reference to `ceres::CostFunction::~CostFunction()'
[20.142s] /usr/bin/ld: CMakeFiles/lidar_slam.dir/src/front_end.cpp.o: in function `ceres::SizedCostFunction<1, 4, 3>::SizedCostFunction()':
[20.142s] front_end.cpp:(.text._ZN5ceres17SizedCostFunctionILi1EJLi4ELi3EEEC2Ev[_ZN5ceres17SizedCostFunctionILi1EJLi4ELi3EEEC5Ev]+0x2c): undefined reference to `ceres::CostFunction::CostFunction()'
[20.142s] /usr/bin/ld: front_end.cpp:(.text._ZN5ceres17SizedCostFunctionILi1EJLi4ELi3EEEC2Ev[_ZN5ceres17SizedCostFunctionILi1EJLi4ELi3EEEC5Ev]+0x102): undefined reference to `ceres::CostFunction::~CostFunction()'
[20.146s] /usr/bin/ld: CMakeFiles/lidar_slam.dir/src/front_end.cpp.o:(.data.rel.ro._ZTIN5ceres17SizedCostFunctionILi1EJLi4ELi3EEEE[_ZTIN5ceres17SizedCostFunctionILi1EJLi4ELi3EEEE]+0x10): undefined reference to `typeinfo for ceres::CostFunction'
[20.147s] /usr/bin/ld: CMakeFiles/lidar_slam.dir/src/front_end.cpp.o:(.data.rel.ro._ZTIN5ceres17SizedCostFunctionILi3EJLi4ELi3EEEE[_ZTIN5ceres17SizedCostFunctionILi3EJLi4ELi3EEEE]+0x10): undefined reference to `typeinfo for ceres::CostFunction'
[20.148s] /usr/bin/ld: CMakeFiles/lidar_slam.dir/src/front_end.cpp.o: in function `bool ceres::internal::AutoDifferentiate<1, ceres::internal::ParameterDims<false, 4, 3>, LidarPlaneFactor, double>(LidarPlaneFactor const&, double const* const*, int, double*, double**)':
[20.148s] front_end.cpp:(.text._ZN5ceres8internal17AutoDifferentiateILi1ENS0_13ParameterDimsILb0EJLi4ELi3EEEE16LidarPlaneFactordEEbRKT1_PKPKT2_iPS8_PSD_[_ZN5ceres8internal17AutoDifferentiateILi1ENS0_13ParameterDimsILb0EJLi4ELi3EEEE16LidarPlaneFactordEEbRKT1_PKPKT2_iPS8_PSD_]+0xba): undefined reference to `google::LogMessageFatal::LogMessageFatal(char const*, int, google::CheckOpString const&)'
[20.148s] /usr/bin/ld: front_end.cpp:(.text._ZN5ceres8internal17AutoDifferentiateILi1ENS0_13ParameterDimsILb0EJLi4ELi3EEEE16LidarPlaneFactordEEbRKT1_PKPKT2_iPS8_PSD_[_ZN5ceres8internal17AutoDifferentiateILi1ENS0_13ParameterDimsILb0EJLi4ELi3EEEE16LidarPlaneFactordEEbRKT1_PKPKT2_iPS8_PSD_]+0xc9): undefined reference to `google::LogMessage::stream()'
[20.148s] /usr/bin/ld: front_end.cpp:(.text._ZN5ceres8internal17AutoDifferentiateILi1ENS0_13ParameterDimsILb0EJLi4ELi3EEEE16LidarPlaneFactordEEbRKT1_PKPKT2_iPS8_PSD_[_ZN5ceres8internal17AutoDifferentiateILi1ENS0_13ParameterDimsILb0EJLi4ELi3EEEE16LidarPlaneFactordEEbRKT1_PKPKT2_iPS8_PSD_]+0xd8): undefined reference to `google::LogMessageFatal::~LogMessageFatal()'
[20.149s] /usr/bin/ld: front_end.cpp:(.text._ZN5ceres8internal17AutoDifferentiateILi1ENS0_13ParameterDimsILb0EJLi4ELi3EEEE16LidarPlaneFactordEEbRKT1_PKPKT2_iPS8_PSD_[_ZN5ceres8internal17AutoDifferentiateILi1ENS0_13ParameterDimsILb0EJLi4ELi3EEEE16LidarPlaneFactordEEbRKT1_PKPKT2_iPS8_PSD_]+0x195): undefined reference to `google::LogMessageFatal::LogMessageFatal(char const*, int, google::CheckOpString const&)'
[20.149s] /usr/bin/ld: front_end.cpp:(.text._ZN5ceres8internal17AutoDifferentiateILi1ENS0_13ParameterDimsILb0EJLi4ELi3EEEE16LidarPlaneFactordEEbRKT1_PKPKT2_iPS8_PSD_[_ZN5ceres8internal17AutoDifferentiateILi1ENS0_13ParameterDimsILb0EJLi4ELi3EEEE16LidarPlaneFactordEEbRKT1_PKPKT2_iPS8_PSD_]+0x1a4): undefined reference to `google::LogMessage::stream()'
[20.149s] /usr/bin/ld: front_end.cpp:(.text._ZN5ceres8internal17AutoDifferentiateILi1ENS0_13ParameterDimsILb0EJLi4ELi3EEEE16LidarPlaneFactordEEbRKT1_PKPKT2_iPS8_PSD_[_ZN5ceres8internal17AutoDifferentiateILi1ENS0_13ParameterDimsILb0EJLi4ELi3EEEE16LidarPlaneFactordEEbRKT1_PKPKT2_iPS8_PSD_]+0x1b3): undefined reference to `google::LogMessageFatal::~LogMessageFatal()'
[20.149s] /usr/bin/ld: front_end.cpp:(.text._ZN5ceres8internal17AutoDifferentiateILi1ENS0_13ParameterDimsILb0EJLi4ELi3EEEE16LidarPlaneFactordEEbRKT1_PKPKT2_iPS8_PSD_[_ZN5ceres8internal17AutoDifferentiateILi1ENS0_13ParameterDimsILb0EJLi4ELi3EEEE16LidarPlaneFactordEEbRKT1_PKPKT2_iPS8_PSD_]+0x321): undefined reference to `google::LogMessageFatal::~LogMessageFatal()'
[20.149s] /usr/bin/ld: front_end.cpp:(.text._ZN5ceres8internal17AutoDifferentiateILi1ENS0_13ParameterDimsILb0EJLi4ELi3EEEE16LidarPlaneFactordEEbRKT1_PKPKT2_iPS8_PSD_[_ZN5ceres8internal17AutoDifferentiateILi1ENS0_13ParameterDimsILb0EJLi4ELi3EEEE16LidarPlaneFactordEEbRKT1_PKPKT2_iPS8_PSD_]+0x334): undefined reference to `google::LogMessageFatal::~LogMessageFatal()'
[20.150s] /usr/bin/ld: CMakeFiles/lidar_slam.dir/src/front_end.cpp.o: in function `bool ceres::internal::AutoDifferentiate<3, ceres::internal::ParameterDims<false, 4, 3>, LidarEdgeFactor, double>(LidarEdgeFactor const&, double const* const*, int, double*, double**)':
[20.150s] front_end.cpp:(.text._ZN5ceres8internal17AutoDifferentiateILi3ENS0_13ParameterDimsILb0EJLi4ELi3EEEE15LidarEdgeFactordEEbRKT1_PKPKT2_iPS8_PSD_[_ZN5ceres8internal17AutoDifferentiateILi3ENS0_13ParameterDimsILb0EJLi4ELi3EEEE15LidarEdgeFactordEEbRKT1_PKPKT2_iPS8_PSD_]+0xba): undefined reference to `google::LogMessageFatal::LogMessageFatal(char const*, int, google::CheckOpString const&)'
[20.150s] /usr/bin/ld: front_end.cpp:(.text._ZN5ceres8internal17AutoDifferentiateILi3ENS0_13ParameterDimsILb0EJLi4ELi3EEEE15LidarEdgeFactordEEbRKT1_PKPKT2_iPS8_PSD_[_ZN5ceres8internal17AutoDifferentiateILi3ENS0_13ParameterDimsILb0EJLi4ELi3EEEE15LidarEdgeFactordEEbRKT1_PKPKT2_iPS8_PSD_]+0xc9): undefined reference to `google::LogMessage::stream()'
[20.150s] /usr/bin/ld: front_end.cpp:(.text._ZN5ceres8internal17AutoDifferentiateILi3ENS0_13ParameterDimsILb0EJLi4ELi3EEEE15LidarEdgeFactordEEbRKT1_PKPKT2_iPS8_PSD_[_ZN5ceres8internal17AutoDifferentiateILi3ENS0_13ParameterDimsILb0EJLi4ELi3EEEE15LidarEdgeFactordEEbRKT1_PKPKT2_iPS8_PSD_]+0xd8): undefined reference to `google::LogMessageFatal::~LogMessageFatal()'
[20.150s] /usr/bin/ld: front_end.cpp:(.text._ZN5ceres8internal17AutoDifferentiateILi3ENS0_13ParameterDimsILb0EJLi4ELi3EEEE15LidarEdgeFactordEEbRKT1_PKPKT2_iPS8_PSD_[_ZN5ceres8internal17AutoDifferentiateILi3ENS0_13ParameterDimsILb0EJLi4ELi3EEEE15LidarEdgeFactordEEbRKT1_PKPKT2_iPS8_PSD_]+0x195): undefined reference to `google::LogMessageFatal::LogMessageFatal(char const*, int, google::CheckOpString const&)'
[20.151s] /usr/bin/ld: front_end.cpp:(.text._ZN5ceres8internal17AutoDifferentiateILi3ENS0_13ParameterDimsILb0EJLi4ELi3EEEE15LidarEdgeFactordEEbRKT1_PKPKT2_iPS8_PSD_[_ZN5ceres8internal17AutoDifferentiateILi3ENS0_13ParameterDimsILb0EJLi4ELi3EEEE15LidarEdgeFactordEEbRKT1_PKPKT2_iPS8_PSD_]+0x1a4): undefined reference to `google::LogMessage::stream()'
[20.151s] /usr/bin/ld: front_end.cpp:(.text._ZN5ceres8internal17AutoDifferentiateILi3ENS0_13ParameterDimsILb0EJLi4ELi3EEEE15LidarEdgeFactordEEbRKT1_PKPKT2_iPS8_PSD_[_ZN5ceres8internal17AutoDifferentiateILi3ENS0_13ParameterDimsILb0EJLi4ELi3EEEE15LidarEdgeFactordEEbRKT1_PKPKT2_iPS8_PSD_]+0x1b3): undefined reference to `google::LogMessageFatal::~LogMessageFatal()'
[20.151s] /usr/bin/ld: front_end.cpp:(.text._ZN5ceres8internal17AutoDifferentiateILi3ENS0_13ParameterDimsILb0EJLi4ELi3EEEE15LidarEdgeFactordEEbRKT1_PKPKT2_iPS8_PSD_[_ZN5ceres8internal17AutoDifferentiateILi3ENS0_13ParameterDimsILb0EJLi4ELi3EEEE15LidarEdgeFactordEEbRKT1_PKPKT2_iPS8_PSD_]+0x321): undefined reference to `google::LogMessageFatal::~LogMessageFatal()'
[20.151s] /usr/bin/ld: front_end.cpp:(.text._ZN5ceres8internal17AutoDifferentiateILi3ENS0_13ParameterDimsILb0EJLi4ELi3EEEE15LidarEdgeFactordEEbRKT1_PKPKT2_iPS8_PSD_[_ZN5ceres8internal17AutoDifferentiateILi3ENS0_13ParameterDimsILb0EJLi4ELi3EEEE15LidarEdgeFactordEEbRKT1_PKPKT2_iPS8_PSD_]+0x334): undefined reference to `google::LogMessageFatal::~LogMessageFatal()'
[20.152s] /usr/bin/ld: CMakeFiles/lidar_slam.dir/src/front_end.cpp.o: in function `ceres::internal::ArraySelector<ceres::Jet<double, 7>, 7, 50, false, true>::ArraySelector(int)':
[20.153s] front_end.cpp:(.text._ZN5ceres8internal13ArraySelectorINS_3JetIdLi7EEELi7ELi50ELb0ELb1EEC2Ei[_ZN5ceres8internal13ArraySelectorINS_3JetIdLi7EEELi7ELi50ELb0ELb1EEC5Ei]+0x93): undefined reference to `google::LogMessageFatal::LogMessageFatal(char const*, int, google::CheckOpString const&)'
[20.153s] /usr/bin/ld: front_end.cpp:(.text._ZN5ceres8internal13ArraySelectorINS_3JetIdLi7EEELi7ELi50ELb0ELb1EEC2Ei[_ZN5ceres8internal13ArraySelectorINS_3JetIdLi7EEELi7ELi50ELb0ELb1EEC5Ei]+0x9f): undefined reference to `google::LogMessage::stream()'
[20.153s] /usr/bin/ld: front_end.cpp:(.text._ZN5ceres8internal13ArraySelectorINS_3JetIdLi7EEELi7ELi50ELb0ELb1EEC2Ei[_ZN5ceres8internal13ArraySelectorINS_3JetIdLi7EEELi7ELi50ELb0ELb1EEC5Ei]+0xab): undefined reference to `google::LogMessageFatal::~LogMessageFatal()'
[20.153s] /usr/bin/ld: front_end.cpp:(.text._ZN5ceres8internal13ArraySelectorINS_3JetIdLi7EEELi7ELi50ELb0ELb1EEC2Ei[_ZN5ceres8internal13ArraySelectorINS_3JetIdLi7EEELi7ELi50ELb0ELb1EEC5Ei]+0xbb): undefined reference to `google::LogMessageFatal::~LogMessageFatal()'
[20.154s] /usr/bin/ld: CMakeFiles/lidar_slam.dir/src/front_end.cpp.o: in function `ceres::internal::ArraySelector<ceres::Jet<double, 7>, 3, 20, false, true>::ArraySelector(int)':
[20.154s] front_end.cpp:(.text._ZN5ceres8internal13ArraySelectorINS_3JetIdLi7EEELi3ELi20ELb0ELb1EEC2Ei[_ZN5ceres8internal13ArraySelectorINS_3JetIdLi7EEELi3ELi20ELb0ELb1EEC5Ei]+0x93): undefined reference to `google::LogMessageFatal::LogMessageFatal(char const*, int, google::CheckOpString const&)'
[20.154s] /usr/bin/ld: front_end.cpp:(.text._ZN5ceres8internal13ArraySelectorINS_3JetIdLi7EEELi3ELi20ELb0ELb1EEC2Ei[_ZN5ceres8internal13ArraySelectorINS_3JetIdLi7EEELi3ELi20ELb0ELb1EEC5Ei]+0x9f): undefined reference to `google::LogMessage::stream()'
[20.154s] /usr/bin/ld: front_end.cpp:(.text._ZN5ceres8internal13ArraySelectorINS_3JetIdLi7EEELi3ELi20ELb0ELb1EEC2Ei[_ZN5ceres8internal13ArraySelectorINS_3JetIdLi7EEELi3ELi20ELb0ELb1EEC5Ei]+0xab): undefined reference to `google::LogMessageFatal::~LogMessageFatal()'
[20.154s] /usr/bin/ld: front_end.cpp:(.text._ZN5ceres8internal13ArraySelectorINS_3JetIdLi7EEELi3ELi20ELb0ELb1EEC2Ei[_ZN5ceres8internal13ArraySelectorINS_3JetIdLi7EEELi3ELi20ELb0ELb1EEC5Ei]+0xbb): undefined reference to `google::LogMessageFatal::~LogMessageFatal()'
[20.154s] /usr/bin/ld: CMakeFiles/lidar_slam.dir/src/front_end.cpp.o: in function `void ceres::internal::Take0thOrderPart<ceres::Jet<double, 7>, double*>(int, ceres::Jet<double, 7> const*, double*)':
[20.155s] front_end.cpp:(.text._ZN5ceres8internal16Take0thOrderPartINS_3JetIdLi7EEEPdEEviPKT_T0_[_ZN5ceres8internal16Take0thOrderPartINS_3JetIdLi7EEEPdEEviPKT_T0_]+0x55): undefined reference to `google::LogMessageFatal::LogMessageFatal(char const*, int)'
[20.155s] /usr/bin/ld: front_end.cpp:(.text._ZN5ceres8internal16Take0thOrderPartINS_3JetIdLi7EEEPdEEviPKT_T0_[_ZN5ceres8internal16Take0thOrderPartINS_3JetIdLi7EEEPdEEviPKT_T0_]+0x66): undefined reference to `google::LogMessage::stream()'
[20.155s] /usr/bin/ld: front_end.cpp:(.text._ZN5ceres8internal16Take0thOrderPartINS_3JetIdLi7EEEPdEEviPKT_T0_[_ZN5ceres8internal16Take0thOrderPartINS_3JetIdLi7EEEPdEEviPKT_T0_]+0xa9): undefined reference to `google::LogMessageFatal::~LogMessageFatal()'
[20.155s] /usr/bin/ld: front_end.cpp:(.text._ZN5ceres8internal16Take0thOrderPartINS_3JetIdLi7EEEPdEEviPKT_T0_[_ZN5ceres8internal16Take0thOrderPartINS_3JetIdLi7EEEPdEEviPKT_T0_]+0x103): undefined reference to `google::LogMessageFatal::~LogMessageFatal()'
[20.156s] /usr/bin/ld: CMakeFiles/lidar_slam.dir/src/front_end.cpp.o: in function `ceres::internal::ArraySelector<ceres::Jet<double, 7>, 1, 20, false, true>::ArraySelector(int)':
[20.156s] front_end.cpp:(.text._ZN5ceres8internal13ArraySelectorINS_3JetIdLi7EEELi1ELi20ELb0ELb1EEC2Ei[_ZN5ceres8internal13ArraySelectorINS_3JetIdLi7EEELi1ELi20ELb0ELb1EEC5Ei]+0x93): undefined reference to `google::LogMessageFatal::LogMessageFatal(char const*, int, google::CheckOpString const&)'
[20.156s] /usr/bin/ld: front_end.cpp:(.text._ZN5ceres8internal13ArraySelectorINS_3JetIdLi7EEELi1ELi20ELb0ELb1EEC2Ei[_ZN5ceres8internal13ArraySelectorINS_3JetIdLi7EEELi1ELi20ELb0ELb1EEC5Ei]+0x9f): undefined reference to `google::LogMessage::stream()'
[20.156s] /usr/bin/ld: front_end.cpp:(.text._ZN5ceres8internal13ArraySelectorINS_3JetIdLi7EEELi1ELi20ELb0ELb1EEC2Ei[_ZN5ceres8internal13ArraySelectorINS_3JetIdLi7EEELi1ELi20ELb0ELb1EEC5Ei]+0xab): undefined reference to `google::LogMessageFatal::~LogMessageFatal()'
[20.156s] /usr/bin/ld: front_end.cpp:(.text._ZN5ceres8internal13ArraySelectorINS_3JetIdLi7EEELi1ELi20ELb0ELb1EEC2Ei[_ZN5ceres8internal13ArraySelectorINS_3JetIdLi7EEELi1ELi20ELb0ELb1EEC5Ei]+0xbb): undefined reference to `google::LogMessageFatal::~LogMessageFatal()'
[20.157s] /usr/bin/ld: CMakeFiles/lidar_slam.dir/src/front_end.cpp.o: in function `ceres::internal::Make1stOrderPerturbation<0, 4, 0, double, ceres::Jet<double, 7> >::Apply(double const*, ceres::Jet<double, 7>*)':
[20.157s] front_end.cpp:(.text._ZN5ceres8internal24Make1stOrderPerturbationILi0ELi4ELi0EdNS_3JetIdLi7EEEE5ApplyEPKdPS3_[_ZN5ceres8internal24Make1stOrderPerturbationILi0ELi4ELi0EdNS_3JetIdLi7EEEE5ApplyEPKdPS3_]+0x5b): undefined reference to `google::LogMessageFatal::LogMessageFatal(char const*, int)'
[20.157s] /usr/bin/ld: front_end.cpp:(.text._ZN5ceres8internal24Make1stOrderPerturbationILi0ELi4ELi0EdNS_3JetIdLi7EEEE5ApplyEPKdPS3_[_ZN5ceres8internal24Make1stOrderPerturbationILi0ELi4ELi0EdNS_3JetIdLi7EEEE5ApplyEPKdPS3_]+0x6c): undefined reference to `google::LogMessage::stream()'
[20.157s] /usr/bin/ld: front_end.cpp:(.text._ZN5ceres8internal24Make1stOrderPerturbationILi0ELi4ELi0EdNS_3JetIdLi7EEEE5ApplyEPKdPS3_[_ZN5ceres8internal24Make1stOrderPerturbationILi0ELi4ELi0EdNS_3JetIdLi7EEEE5ApplyEPKdPS3_]+0xaf): undefined reference to `google::LogMessageFatal::~LogMessageFatal()'
[20.157s] /usr/bin/ld: front_end.cpp:(.text._ZN5ceres8internal24Make1stOrderPerturbationILi0ELi4ELi0EdNS_3JetIdLi7EEEE5ApplyEPKdPS3_[_ZN5ceres8internal24Make1stOrderPerturbationILi0ELi4ELi0EdNS_3JetIdLi7EEEE5ApplyEPKdPS3_]+0xe2): undefined reference to `google::LogMessageFatal::LogMessageFatal(char const*, int)'
[20.157s] /usr/bin/ld: front_end.cpp:(.text._ZN5ceres8internal24Make1stOrderPerturbationILi0ELi4ELi0EdNS_3JetIdLi7EEEE5ApplyEPKdPS3_[_ZN5ceres8internal24Make1stOrderPerturbationILi0ELi4ELi0EdNS_3JetIdLi7EEEE5ApplyEPKdPS3_]+0xf3): undefined reference to `google::LogMessage::stream()'
[20.158s] /usr/bin/ld: front_end.cpp:(.text._ZN5ceres8internal24Make1stOrderPerturbationILi0ELi4ELi0EdNS_3JetIdLi7EEEE5ApplyEPKdPS3_[_ZN5ceres8internal24Make1stOrderPerturbationILi0ELi4ELi0EdNS_3JetIdLi7EEEE5ApplyEPKdPS3_]+0x136): undefined reference to `google::LogMessageFatal::~LogMessageFatal()'
[20.158s] /usr/bin/ld: front_end.cpp:(.text._ZN5ceres8internal24Make1stOrderPerturbationILi0ELi4ELi0EdNS_3JetIdLi7EEEE5ApplyEPKdPS3_[_ZN5ceres8internal24Make1stOrderPerturbationILi0ELi4ELi0EdNS_3JetIdLi7EEEE5ApplyEPKdPS3_]+0x1a6): undefined reference to `google::LogMessageFatal::~LogMessageFatal()'
[20.158s] /usr/bin/ld: front_end.cpp:(.text._ZN5ceres8internal24Make1stOrderPerturbationILi0ELi4ELi0EdNS_3JetIdLi7EEEE5ApplyEPKdPS3_[_ZN5ceres8internal24Make1stOrderPerturbationILi0ELi4ELi0EdNS_3JetIdLi7EEEE5ApplyEPKdPS3_]+0x1c2): undefined reference to `google::LogMessageFatal::~LogMessageFatal()'
[20.158s] /usr/bin/ld: CMakeFiles/lidar_slam.dir/src/front_end.cpp.o: in function `void ceres::internal::Take1stOrderPart<0, 4, ceres::Jet<double, 7>, double>(int, ceres::Jet<double, 7> const*, double*)':
[20.158s] front_end.cpp:(.text._ZN5ceres8internal16Take1stOrderPartILi0ELi4ENS_3JetIdLi7EEEdEEviPKT1_PT2_[_ZN5ceres8internal16Take1stOrderPartILi0ELi4ENS_3JetIdLi7EEEdEEviPKT1_PT2_]+0x58): undefined reference to `google::LogMessageFatal::LogMessageFatal(char const*, int)'
[20.159s] /usr/bin/ld: front_end.cpp:(.text._ZN5ceres8internal16Take1stOrderPartILi0ELi4ENS_3JetIdLi7EEEdEEviPKT1_PT2_[_ZN5ceres8internal16Take1stOrderPartILi0ELi4ENS_3JetIdLi7EEEdEEviPKT1_PT2_]+0x69): undefined reference to `google::LogMessage::stream()'
[20.159s] /usr/bin/ld: front_end.cpp:(.text._ZN5ceres8internal16Take1stOrderPartILi0ELi4ENS_3JetIdLi7EEEdEEviPKT1_PT2_[_ZN5ceres8internal16Take1stOrderPartILi0ELi4ENS_3JetIdLi7EEEdEEviPKT1_PT2_]+0xac): undefined reference to `google::LogMessageFatal::~LogMessageFatal()'
[20.159s] /usr/bin/ld: front_end.cpp:(.text._ZN5ceres8internal16Take1stOrderPartILi0ELi4ENS_3JetIdLi7EEEdEEviPKT1_PT2_[_ZN5ceres8internal16Take1stOrderPartILi0ELi4ENS_3JetIdLi7EEEdEEviPKT1_PT2_]+0xdf): undefined reference to `google::LogMessageFatal::LogMessageFatal(char const*, int)'
[20.159s] /usr/bin/ld: front_end.cpp:(.text._ZN5ceres8internal16Take1stOrderPartILi0ELi4ENS_3JetIdLi7EEEdEEviPKT1_PT2_[_ZN5ceres8internal16Take1stOrderPartILi0ELi4ENS_3JetIdLi7EEEdEEviPKT1_PT2_]+0xf0): undefined reference to `google::LogMessage::stream()'
[20.159s] /usr/bin/ld: front_end.cpp:(.text._ZN5ceres8internal16Take1stOrderPartILi0ELi4ENS_3JetIdLi7EEEdEEviPKT1_PT2_[_ZN5ceres8internal16Take1stOrderPartILi0ELi4ENS_3JetIdLi7EEEdEEviPKT1_PT2_]+0x133): undefined reference to `google::LogMessageFatal::~LogMessageFatal()'
[20.159s] /usr/bin/ld: front_end.cpp:(.text._ZN5ceres8internal16Take1stOrderPartILi0ELi4ENS_3JetIdLi7EEEdEEviPKT1_PT2_[_ZN5ceres8internal16Take1stOrderPartILi0ELi4ENS_3JetIdLi7EEEdEEviPKT1_PT2_]+0x1e4): undefined reference to `google::LogMessageFatal::~LogMessageFatal()'
[20.160s] /usr/bin/ld: front_end.cpp:(.text._ZN5ceres8internal16Take1stOrderPartILi0ELi4ENS_3JetIdLi7EEEdEEviPKT1_PT2_[_ZN5ceres8internal16Take1stOrderPartILi0ELi4ENS_3JetIdLi7EEEdEEviPKT1_PT2_]+0x200): undefined reference to `google::LogMessageFatal::~LogMessageFatal()'
[20.160s] /usr/bin/ld: CMakeFiles/lidar_slam.dir/src/front_end.cpp.o: in function `ceres::internal::Make1stOrderPerturbation<0, 3, 4, double, ceres::Jet<double, 7> >::Apply(double const*, ceres::Jet<double, 7>*)':
[20.160s] front_end.cpp:(.text._ZN5ceres8internal24Make1stOrderPerturbationILi0ELi3ELi4EdNS_3JetIdLi7EEEE5ApplyEPKdPS3_[_ZN5ceres8internal24Make1stOrderPerturbationILi0ELi3ELi4EdNS_3JetIdLi7EEEE5ApplyEPKdPS3_]+0x5b): undefined reference to `google::LogMessageFatal::LogMessageFatal(char const*, int)'
[20.160s] /usr/bin/ld: front_end.cpp:(.text._ZN5ceres8internal24Make1stOrderPerturbationILi0ELi3ELi4EdNS_3JetIdLi7EEEE5ApplyEPKdPS3_[_ZN5ceres8internal24Make1stOrderPerturbationILi0ELi3ELi4EdNS_3JetIdLi7EEEE5ApplyEPKdPS3_]+0x6c): undefined reference to `google::LogMessage::stream()'
[20.160s] /usr/bin/ld: front_end.cpp:(.text._ZN5ceres8internal24Make1stOrderPerturbationILi0ELi3ELi4EdNS_3JetIdLi7EEEE5ApplyEPKdPS3_[_ZN5ceres8internal24Make1stOrderPerturbationILi0ELi3ELi4EdNS_3JetIdLi7EEEE5ApplyEPKdPS3_]+0xaf): undefined reference to `google::LogMessageFatal::~LogMessageFatal()'
[20.161s] /usr/bin/ld: front_end.cpp:(.text._ZN5ceres8internal24Make1stOrderPerturbationILi0ELi3ELi4EdNS_3JetIdLi7EEEE5ApplyEPKdPS3_[_ZN5ceres8internal24Make1stOrderPerturbationILi0ELi3ELi4EdNS_3JetIdLi7EEEE5ApplyEPKdPS3_]+0xe2): undefined reference to `google::LogMessageFatal::LogMessageFatal(char const*, int)'
[20.161s] /usr/bin/ld: front_end.cpp:(.text._ZN5ceres8internal24Make1stOrderPerturbationILi0ELi3ELi4EdNS_3JetIdLi7EEEE5ApplyEPKdPS3_[_ZN5ceres8internal24Make1stOrderPerturbationILi0ELi3ELi4EdNS_3JetIdLi7EEEE5ApplyEPKdPS3_]+0xf3): undefined reference to `google::LogMessage::stream()'
[20.161s] /usr/bin/ld: front_end.cpp:(.text._ZN5ceres8internal24Make1stOrderPerturbationILi0ELi3ELi4EdNS_3JetIdLi7EEEE5ApplyEPKdPS3_[_ZN5ceres8internal24Make1stOrderPerturbationILi0ELi3ELi4EdNS_3JetIdLi7EEEE5ApplyEPKdPS3_]+0x136): undefined reference to `google::LogMessageFatal::~LogMessageFatal()'
[20.161s] /usr/bin/ld: front_end.cpp:(.text._ZN5ceres8internal24Make1stOrderPerturbationILi0ELi3ELi4EdNS_3JetIdLi7EEEE5ApplyEPKdPS3_[_ZN5ceres8internal24Make1stOrderPerturbationILi0ELi3ELi4EdNS_3JetIdLi7EEEE5ApplyEPKdPS3_]+0x1a6): undefined reference to `google::LogMessageFatal::~LogMessageFatal()'
[20.162s] /usr/bin/ld: front_end.cpp:(.text._ZN5ceres8internal24Make1stOrderPerturbationILi0ELi3ELi4EdNS_3JetIdLi7EEEE5ApplyEPKdPS3_[_ZN5ceres8internal24Make1stOrderPerturbationILi0ELi3ELi4EdNS_3JetIdLi7EEEE5ApplyEPKdPS3_]+0x1c2): undefined reference to `google::LogMessageFatal::~LogMessageFatal()'
[20.162s] /usr/bin/ld: CMakeFiles/lidar_slam.dir/src/front_end.cpp.o: in function `void ceres::internal::Take1stOrderPart<4, 3, ceres::Jet<double, 7>, double>(int, ceres::Jet<double, 7> const*, double*)':
[20.162s] front_end.cpp:(.text._ZN5ceres8internal16Take1stOrderPartILi4ELi3ENS_3JetIdLi7EEEdEEviPKT1_PT2_[_ZN5ceres8internal16Take1stOrderPartILi4ELi3ENS_3JetIdLi7EEEdEEviPKT1_PT2_]+0x58): undefined reference to `google::LogMessageFatal::LogMessageFatal(char const*, int)'
[20.162s] /usr/bin/ld: front_end.cpp:(.text._ZN5ceres8internal16Take1stOrderPartILi4ELi3ENS_3JetIdLi7EEEdEEviPKT1_PT2_[_ZN5ceres8internal16Take1stOrderPartILi4ELi3ENS_3JetIdLi7EEEdEEviPKT1_PT2_]+0x69): undefined reference to `google::LogMessage::stream()'
[20.162s] /usr/bin/ld: front_end.cpp:(.text._ZN5ceres8internal16Take1stOrderPartILi4ELi3ENS_3JetIdLi7EEEdEEviPKT1_PT2_[_ZN5ceres8internal16Take1stOrderPartILi4ELi3ENS_3JetIdLi7EEEdEEviPKT1_PT2_]+0xac): undefined reference to `google::LogMessageFatal::~LogMessageFatal()'
[20.162s] /usr/bin/ld: front_end.cpp:(.text._ZN5ceres8internal16Take1stOrderPartILi4ELi3ENS_3JetIdLi7EEEdEEviPKT1_PT2_[_ZN5ceres8internal16Take1stOrderPartILi4ELi3ENS_3JetIdLi7EEEdEEviPKT1_PT2_]+0xdf): undefined reference to `google::LogMessageFatal::LogMessageFatal(char const*, int)'
[20.163s] /usr/bin/ld: front_end.cpp:(.text._ZN5ceres8internal16Take1stOrderPartILi4ELi3ENS_3JetIdLi7EEEdEEviPKT1_PT2_[_ZN5ceres8internal16Take1stOrderPartILi4ELi3ENS_3JetIdLi7EEEdEEviPKT1_PT2_]+0xf0): undefined reference to `google::LogMessage::stream()'
[20.163s] /usr/bin/ld: front_end.cpp:(.text._ZN5ceres8internal16Take1stOrderPartILi4ELi3ENS_3JetIdLi7EEEdEEviPKT1_PT2_[_ZN5ceres8internal16Take1stOrderPartILi4ELi3ENS_3JetIdLi7EEEdEEviPKT1_PT2_]+0x133): undefined reference to `google::LogMessageFatal::~LogMessageFatal()'
[20.163s] /usr/bin/ld: front_end.cpp:(.text._ZN5ceres8internal16Take1stOrderPartILi4ELi3ENS_3JetIdLi7EEEdEEviPKT1_PT2_[_ZN5ceres8internal16Take1stOrderPartILi4ELi3ENS_3JetIdLi7EEEdEEviPKT1_PT2_]+0x1e7): undefined reference to `google::LogMessageFatal::~LogMessageFatal()'
[20.163s] /usr/bin/ld: front_end.cpp:(.text._ZN5ceres8internal16Take1stOrderPartILi4ELi3ENS_3JetIdLi7EEEdEEviPKT1_PT2_[_ZN5ceres8internal16Take1stOrderPartILi4ELi3ENS_3JetIdLi7EEEdEEviPKT1_PT2_]+0x203): undefined reference to `google::LogMessageFatal::~LogMessageFatal()'
[20.225s] collect2: error: ld returned 1 exit status
[20.227s] gmake[2]: *** [CMakeFiles/lidar_slam.dir/build.make:343: lidar_slam] Error 1
[20.227s] gmake[1]: *** [CMakeFiles/Makefile2:137: CMakeFiles/lidar_slam.dir/all] Error 2
[20.228s] gmake: *** [Makefile:146: all] Error 2
[20.230s] Invoked command in '/home/evan/code/Complete_slam_system/lidar_slam_system/build/lidar_slam' returned '2': CMAKE_PREFIX_PATH=${CMAKE_PREFIX_PATH}:/opt/ros/humble /usr/bin/cmake --build /home/evan/code/Complete_slam_system/lidar_slam_system/build/lidar_slam -- -j4 -l4
