[0.325s] DEBUG:colcon:Command line arguments: ['/usr/bin/colcon', 'build']
[0.326s] DEBUG:colcon:Parsed command line arguments: Namespace(log_base=None, log_level=None, verb_name='build', build_base='build', install_base='install', merge_install=False, symlink_install=False, test_result_base=None, continue_on_error=False, executor='parallel', parallel_workers=4, event_handlers=None, ignore_user_meta=False, metas=['./colcon.meta'], base_paths=['.'], packages_ignore=None, packages_ignore_regex=None, paths=None, packages_up_to=None, packages_up_to_regex=None, packages_above=None, packages_above_and_dependencies=None, packages_above_depth=None, packages_select_by_dep=None, packages_skip_by_dep=None, packages_skip_up_to=None, packages_select_build_failed=False, packages_skip_build_finished=False, packages_select_test_failures=False, packages_skip_test_passed=False, packages_select=None, packages_skip=None, packages_select_regex=None, packages_skip_regex=None, packages_start=None, packages_end=None, allow_overriding=[], cmake_args=None, cmake_target=None, cmake_target_skip_unavailable=False, cmake_clean_cache=False, cmake_clean_first=False, cmake_force_configure=False, ament_cmake_args=None, catkin_cmake_args=None, catkin_skip_building_tests=False, verb_parser=<colcon_defaults.argument_parser.defaults.DefaultArgumentsDecorator object at 0x7f5951492230>, verb_extension=<colcon_core.verb.build.BuildVerb object at 0x7f5951caa320>, main=<bound method BuildVerb.main of <colcon_core.verb.build.BuildVerb object at 0x7f5951caa320>>)
[0.358s] Level 1:colcon.colcon_core.package_discovery:discover_packages(colcon_meta) check parameters
[0.358s] Level 1:colcon.colcon_core.package_discovery:discover_packages(recursive) check parameters
[0.358s] Level 1:colcon.colcon_core.package_discovery:discover_packages(ignore) check parameters
[0.358s] Level 1:colcon.colcon_core.package_discovery:discover_packages(path) check parameters
[0.358s] Level 1:colcon.colcon_core.package_discovery:discover_packages(colcon_meta) discover
[0.358s] Level 1:colcon.colcon_core.package_discovery:discover_packages(recursive) discover
[0.358s] INFO:colcon.colcon_core.package_discovery:Crawling recursively for packages in '/home/evan/code/Complete_slam_system/lidar_slam_system'
[0.358s] Level 1:colcon.colcon_core.package_identification:_identify(.) by extensions ['ignore', 'ignore_ament_install']
[0.358s] Level 1:colcon.colcon_core.package_identification:_identify(.) by extension 'ignore'
[0.358s] Level 1:colcon.colcon_core.package_identification:_identify(.) by extension 'ignore_ament_install'
[0.358s] Level 1:colcon.colcon_core.package_identification:_identify(.) by extensions ['colcon_pkg']
[0.358s] Level 1:colcon.colcon_core.package_identification:_identify(.) by extension 'colcon_pkg'
[0.358s] Level 1:colcon.colcon_core.package_identification:_identify(.) by extensions ['colcon_meta']
[0.358s] Level 1:colcon.colcon_core.package_identification:_identify(.) by extension 'colcon_meta'
[0.358s] Level 1:colcon.colcon_core.package_identification:_identify(.) by extensions ['ros']
[0.359s] Level 1:colcon.colcon_core.package_identification:_identify(.) by extension 'ros'
[0.370s] Level 1:colcon.colcon_core.package_identification:_identify(.) by extensions ['cmake', 'python']
[0.370s] Level 1:colcon.colcon_core.package_identification:_identify(.) by extension 'cmake'
[0.370s] Level 1:colcon.colcon_core.package_identification:_identify(.) by extension 'python'
[0.370s] Level 1:colcon.colcon_core.package_identification:_identify(.) by extensions ['python_setup_py']
[0.370s] Level 1:colcon.colcon_core.package_identification:_identify(.) by extension 'python_setup_py'
[0.371s] Level 1:colcon.colcon_core.package_identification:_identify(build) by extensions ['ignore', 'ignore_ament_install']
[0.371s] Level 1:colcon.colcon_core.package_identification:_identify(build) by extension 'ignore'
[0.371s] Level 1:colcon.colcon_core.package_identification:_identify(build) ignored
[0.371s] Level 1:colcon.colcon_core.package_identification:_identify(install) by extensions ['ignore', 'ignore_ament_install']
[0.371s] Level 1:colcon.colcon_core.package_identification:_identify(install) by extension 'ignore'
[0.371s] Level 1:colcon.colcon_core.package_identification:_identify(install) ignored
[0.371s] Level 1:colcon.colcon_core.package_identification:_identify(log) by extensions ['ignore', 'ignore_ament_install']
[0.371s] Level 1:colcon.colcon_core.package_identification:_identify(log) by extension 'ignore'
[0.371s] Level 1:colcon.colcon_core.package_identification:_identify(log) ignored
[0.371s] Level 1:colcon.colcon_core.package_identification:_identify(src) by extensions ['ignore', 'ignore_ament_install']
[0.371s] Level 1:colcon.colcon_core.package_identification:_identify(src) by extension 'ignore'
[0.371s] Level 1:colcon.colcon_core.package_identification:_identify(src) by extension 'ignore_ament_install'
[0.372s] Level 1:colcon.colcon_core.package_identification:_identify(src) by extensions ['colcon_pkg']
[0.372s] Level 1:colcon.colcon_core.package_identification:_identify(src) by extension 'colcon_pkg'
[0.372s] Level 1:colcon.colcon_core.package_identification:_identify(src) by extensions ['colcon_meta']
[0.372s] Level 1:colcon.colcon_core.package_identification:_identify(src) by extension 'colcon_meta'
[0.372s] Level 1:colcon.colcon_core.package_identification:_identify(src) by extensions ['ros']
[0.372s] Level 1:colcon.colcon_core.package_identification:_identify(src) by extension 'ros'
[0.372s] Level 1:colcon.colcon_core.package_identification:_identify(src) by extensions ['cmake', 'python']
[0.372s] Level 1:colcon.colcon_core.package_identification:_identify(src) by extension 'cmake'
[0.372s] Level 1:colcon.colcon_core.package_identification:_identify(src) by extension 'python'
[0.372s] Level 1:colcon.colcon_core.package_identification:_identify(src) by extensions ['python_setup_py']
[0.372s] Level 1:colcon.colcon_core.package_identification:_identify(src) by extension 'python_setup_py'
[0.372s] Level 1:colcon.colcon_core.package_identification:_identify(src/lidar_slam) by extensions ['ignore', 'ignore_ament_install']
[0.372s] Level 1:colcon.colcon_core.package_identification:_identify(src/lidar_slam) by extension 'ignore'
[0.372s] Level 1:colcon.colcon_core.package_identification:_identify(src/lidar_slam) by extension 'ignore_ament_install'
[0.372s] Level 1:colcon.colcon_core.package_identification:_identify(src/lidar_slam) by extensions ['colcon_pkg']
[0.372s] Level 1:colcon.colcon_core.package_identification:_identify(src/lidar_slam) by extension 'colcon_pkg'
[0.372s] Level 1:colcon.colcon_core.package_identification:_identify(src/lidar_slam) by extensions ['colcon_meta']
[0.372s] Level 1:colcon.colcon_core.package_identification:_identify(src/lidar_slam) by extension 'colcon_meta'
[0.372s] Level 1:colcon.colcon_core.package_identification:_identify(src/lidar_slam) by extensions ['ros']
[0.372s] Level 1:colcon.colcon_core.package_identification:_identify(src/lidar_slam) by extension 'ros'
[0.375s] DEBUG:colcon.colcon_core.package_identification:Package 'src/lidar_slam' with type 'ros.ament_cmake' and name 'lidar_slam'
[0.375s] Level 1:colcon.colcon_core.package_identification:_identify(src/lidar_slam_msgs) by extensions ['ignore', 'ignore_ament_install']
[0.375s] Level 1:colcon.colcon_core.package_identification:_identify(src/lidar_slam_msgs) by extension 'ignore'
[0.375s] Level 1:colcon.colcon_core.package_identification:_identify(src/lidar_slam_msgs) by extension 'ignore_ament_install'
[0.375s] Level 1:colcon.colcon_core.package_identification:_identify(src/lidar_slam_msgs) by extensions ['colcon_pkg']
[0.375s] Level 1:colcon.colcon_core.package_identification:_identify(src/lidar_slam_msgs) by extension 'colcon_pkg'
[0.375s] Level 1:colcon.colcon_core.package_identification:_identify(src/lidar_slam_msgs) by extensions ['colcon_meta']
[0.375s] Level 1:colcon.colcon_core.package_identification:_identify(src/lidar_slam_msgs) by extension 'colcon_meta'
[0.375s] Level 1:colcon.colcon_core.package_identification:_identify(src/lidar_slam_msgs) by extensions ['ros']
[0.375s] Level 1:colcon.colcon_core.package_identification:_identify(src/lidar_slam_msgs) by extension 'ros'
[0.376s] DEBUG:colcon.colcon_core.package_identification:Package 'src/lidar_slam_msgs' with type 'ros.ament_cmake' and name 'lidar_slam_msgs'
[0.376s] Level 1:colcon.colcon_core.package_discovery:discover_packages(recursive) using defaults
[0.376s] Level 1:colcon.colcon_core.package_discovery:discover_packages(ignore) discover
[0.376s] Level 1:colcon.colcon_core.package_discovery:discover_packages(ignore) using defaults
[0.376s] Level 1:colcon.colcon_core.package_discovery:discover_packages(path) discover
[0.376s] Level 1:colcon.colcon_core.package_discovery:discover_packages(path) using defaults
[0.401s] Level 1:colcon.colcon_core.package_discovery:discover_packages(prefix_path) check parameters
[0.401s] Level 1:colcon.colcon_core.package_discovery:discover_packages(prefix_path) discover
[0.404s] DEBUG:colcon.colcon_installed_package_information.package_discovery:Found 2 installed packages in /home/evan/code/lidar_slam/lidar_slam/install
[0.405s] DEBUG:colcon.colcon_installed_package_information.package_discovery:Found 2 installed packages in /home/evan/code/lego-loam/lego/install
[0.406s] DEBUG:colcon.colcon_installed_package_information.package_discovery:Found 7 installed packages in /home/evan/code/ndt-loc/install
[0.408s] DEBUG:colcon.colcon_installed_package_information.package_discovery:Found 270 installed packages in /opt/ros/humble
[0.409s] Level 1:colcon.colcon_core.package_discovery:discover_packages(prefix_path) using defaults
[0.470s] Level 5:colcon.colcon_core.verb:set package 'lidar_slam' build argument 'cmake_args' from command line to 'None'
[0.470s] Level 5:colcon.colcon_core.verb:set package 'lidar_slam' build argument 'cmake_target' from command line to 'None'
[0.470s] Level 5:colcon.colcon_core.verb:set package 'lidar_slam' build argument 'cmake_target_skip_unavailable' from command line to 'False'
[0.470s] Level 5:colcon.colcon_core.verb:set package 'lidar_slam' build argument 'cmake_clean_cache' from command line to 'False'
[0.470s] Level 5:colcon.colcon_core.verb:set package 'lidar_slam' build argument 'cmake_clean_first' from command line to 'False'
[0.470s] Level 5:colcon.colcon_core.verb:set package 'lidar_slam' build argument 'cmake_force_configure' from command line to 'False'
[0.470s] Level 5:colcon.colcon_core.verb:set package 'lidar_slam' build argument 'ament_cmake_args' from command line to 'None'
[0.470s] Level 5:colcon.colcon_core.verb:set package 'lidar_slam' build argument 'catkin_cmake_args' from command line to 'None'
[0.470s] Level 5:colcon.colcon_core.verb:set package 'lidar_slam' build argument 'catkin_skip_building_tests' from command line to 'False'
[0.471s] DEBUG:colcon.colcon_core.verb:Building package 'lidar_slam' with the following arguments: {'ament_cmake_args': None, 'build_base': '/home/evan/code/Complete_slam_system/lidar_slam_system/build/lidar_slam', 'catkin_cmake_args': None, 'catkin_skip_building_tests': False, 'cmake_args': None, 'cmake_clean_cache': False, 'cmake_clean_first': False, 'cmake_force_configure': False, 'cmake_target': None, 'cmake_target_skip_unavailable': False, 'install_base': '/home/evan/code/Complete_slam_system/lidar_slam_system/install/lidar_slam', 'merge_install': False, 'path': '/home/evan/code/Complete_slam_system/lidar_slam_system/src/lidar_slam', 'symlink_install': False, 'test_result_base': None}
[0.472s] Level 5:colcon.colcon_core.verb:set package 'lidar_slam_msgs' build argument 'cmake_args' from command line to 'None'
[0.472s] Level 5:colcon.colcon_core.verb:set package 'lidar_slam_msgs' build argument 'cmake_target' from command line to 'None'
[0.472s] Level 5:colcon.colcon_core.verb:set package 'lidar_slam_msgs' build argument 'cmake_target_skip_unavailable' from command line to 'False'
[0.472s] Level 5:colcon.colcon_core.verb:set package 'lidar_slam_msgs' build argument 'cmake_clean_cache' from command line to 'False'
[0.472s] Level 5:colcon.colcon_core.verb:set package 'lidar_slam_msgs' build argument 'cmake_clean_first' from command line to 'False'
[0.472s] Level 5:colcon.colcon_core.verb:set package 'lidar_slam_msgs' build argument 'cmake_force_configure' from command line to 'False'
[0.472s] Level 5:colcon.colcon_core.verb:set package 'lidar_slam_msgs' build argument 'ament_cmake_args' from command line to 'None'
[0.472s] Level 5:colcon.colcon_core.verb:set package 'lidar_slam_msgs' build argument 'catkin_cmake_args' from command line to 'None'
[0.472s] Level 5:colcon.colcon_core.verb:set package 'lidar_slam_msgs' build argument 'catkin_skip_building_tests' from command line to 'False'
[0.472s] DEBUG:colcon.colcon_core.verb:Building package 'lidar_slam_msgs' with the following arguments: {'ament_cmake_args': None, 'build_base': '/home/evan/code/Complete_slam_system/lidar_slam_system/build/lidar_slam_msgs', 'catkin_cmake_args': None, 'catkin_skip_building_tests': False, 'cmake_args': None, 'cmake_clean_cache': False, 'cmake_clean_first': False, 'cmake_force_configure': False, 'cmake_target': None, 'cmake_target_skip_unavailable': False, 'install_base': '/home/evan/code/Complete_slam_system/lidar_slam_system/install/lidar_slam_msgs', 'merge_install': False, 'path': '/home/evan/code/Complete_slam_system/lidar_slam_system/src/lidar_slam_msgs', 'symlink_install': False, 'test_result_base': None}
[0.472s] INFO:colcon.colcon_core.executor:Executing jobs using 'parallel' executor
[0.476s] DEBUG:colcon.colcon_parallel_executor.executor.parallel:run_until_complete
[0.476s] INFO:colcon.colcon_ros.task.ament_cmake.build:Building ROS package in '/home/evan/code/Complete_slam_system/lidar_slam_system/src/lidar_slam' with build type 'ament_cmake'
[0.476s] INFO:colcon.colcon_cmake.task.cmake.build:Building CMake package in '/home/evan/code/Complete_slam_system/lidar_slam_system/src/lidar_slam'
[0.481s] INFO:colcon.colcon_core.plugin_system:Skipping extension 'colcon_core.shell.bat': Not used on non-Windows systems
[0.481s] INFO:colcon.colcon_core.shell:Skip shell extension 'powershell' for command environment: Not usable outside of PowerShell
[0.481s] DEBUG:colcon.colcon_core.shell:Skip shell extension 'dsv' for command environment
[0.487s] INFO:colcon.colcon_ros.task.ament_cmake.build:Building ROS package in '/home/evan/code/Complete_slam_system/lidar_slam_system/src/lidar_slam_msgs' with build type 'ament_cmake'
[0.487s] INFO:colcon.colcon_cmake.task.cmake.build:Building CMake package in '/home/evan/code/Complete_slam_system/lidar_slam_system/src/lidar_slam_msgs'
[0.489s] INFO:colcon.colcon_core.shell:Skip shell extension 'powershell' for command environment: Not usable outside of PowerShell
[0.489s] DEBUG:colcon.colcon_core.shell:Skip shell extension 'dsv' for command environment
[0.500s] DEBUG:colcon.colcon_core.event_handler.log_command:Invoking command in '/home/evan/code/Complete_slam_system/lidar_slam_system/build/lidar_slam': CMAKE_PREFIX_PATH=${CMAKE_PREFIX_PATH}:/opt/ros/humble /usr/bin/cmake /home/evan/code/Complete_slam_system/lidar_slam_system/src/lidar_slam -DCMAKE_INSTALL_PREFIX=/home/evan/code/Complete_slam_system/lidar_slam_system/install/lidar_slam
[0.503s] DEBUG:colcon.colcon_core.event_handler.log_command:Invoking command in '/home/evan/code/Complete_slam_system/lidar_slam_system/build/lidar_slam_msgs': CMAKE_PREFIX_PATH=${CMAKE_PREFIX_PATH}:/opt/ros/humble /usr/bin/cmake /home/evan/code/Complete_slam_system/lidar_slam_system/src/lidar_slam_msgs -DCMAKE_INSTALL_PREFIX=/home/evan/code/Complete_slam_system/lidar_slam_system/install/lidar_slam_msgs
[1.421s] DEBUG:colcon.colcon_core.event_handler.log_command:Invoked command in '/home/evan/code/Complete_slam_system/lidar_slam_system/build/lidar_slam' returned '0': CMAKE_PREFIX_PATH=${CMAKE_PREFIX_PATH}:/opt/ros/humble /usr/bin/cmake /home/evan/code/Complete_slam_system/lidar_slam_system/src/lidar_slam -DCMAKE_INSTALL_PREFIX=/home/evan/code/Complete_slam_system/lidar_slam_system/install/lidar_slam
[1.424s] DEBUG:colcon.colcon_core.event_handler.log_command:Invoking command in '/home/evan/code/Complete_slam_system/lidar_slam_system/build/lidar_slam': CMAKE_PREFIX_PATH=${CMAKE_PREFIX_PATH}:/opt/ros/humble /usr/bin/cmake --build /home/evan/code/Complete_slam_system/lidar_slam_system/build/lidar_slam -- -j4 -l4
[1.425s] DEBUG:colcon.colcon_core.event_handler.log_command:Invoked command in '/home/evan/code/Complete_slam_system/lidar_slam_system/build/lidar_slam_msgs' returned '0': CMAKE_PREFIX_PATH=${CMAKE_PREFIX_PATH}:/opt/ros/humble /usr/bin/cmake /home/evan/code/Complete_slam_system/lidar_slam_system/src/lidar_slam_msgs -DCMAKE_INSTALL_PREFIX=/home/evan/code/Complete_slam_system/lidar_slam_system/install/lidar_slam_msgs
[1.426s] DEBUG:colcon.colcon_core.event_handler.log_command:Invoking command in '/home/evan/code/Complete_slam_system/lidar_slam_system/build/lidar_slam_msgs': CMAKE_PREFIX_PATH=${CMAKE_PREFIX_PATH}:/opt/ros/humble /usr/bin/cmake --build /home/evan/code/Complete_slam_system/lidar_slam_system/build/lidar_slam_msgs -- -j4 -l4
[1.465s] DEBUG:colcon.colcon_core.event_handler.log_command:Invoked command in '/home/evan/code/Complete_slam_system/lidar_slam_system/build/lidar_slam' returned '0': CMAKE_PREFIX_PATH=${CMAKE_PREFIX_PATH}:/opt/ros/humble /usr/bin/cmake --build /home/evan/code/Complete_slam_system/lidar_slam_system/build/lidar_slam -- -j4 -l4
[1.466s] DEBUG:colcon.colcon_core.event_handler.log_command:Invoked command in '/home/evan/code/Complete_slam_system/lidar_slam_system/build/lidar_slam_msgs' returned '0': CMAKE_PREFIX_PATH=${CMAKE_PREFIX_PATH}:/opt/ros/humble /usr/bin/cmake --build /home/evan/code/Complete_slam_system/lidar_slam_system/build/lidar_slam_msgs -- -j4 -l4
[1.501s] DEBUG:colcon.colcon_core.event_handler.log_command:Invoking command in '/home/evan/code/Complete_slam_system/lidar_slam_system/build/lidar_slam': CMAKE_PREFIX_PATH=${CMAKE_PREFIX_PATH}:/opt/ros/humble /usr/bin/cmake --install /home/evan/code/Complete_slam_system/lidar_slam_system/build/lidar_slam
[1.503s] DEBUG:colcon.colcon_core.event_handler.log_command:Invoking command in '/home/evan/code/Complete_slam_system/lidar_slam_system/build/lidar_slam_msgs': CMAKE_PREFIX_PATH=${CMAKE_PREFIX_PATH}:/opt/ros/humble /usr/bin/cmake --install /home/evan/code/Complete_slam_system/lidar_slam_system/build/lidar_slam_msgs
[1.514s] Level 1:colcon.colcon_core.environment:create_environment_scripts_only(lidar_slam)
[1.515s] DEBUG:colcon.colcon_core.event_handler.log_command:Invoked command in '/home/evan/code/Complete_slam_system/lidar_slam_system/build/lidar_slam' returned '0': CMAKE_PREFIX_PATH=${CMAKE_PREFIX_PATH}:/opt/ros/humble /usr/bin/cmake --install /home/evan/code/Complete_slam_system/lidar_slam_system/build/lidar_slam
[1.519s] Level 1:colcon.colcon_core.environment:checking '/home/evan/code/Complete_slam_system/lidar_slam_system/install/lidar_slam' for CMake module files
[1.520s] Level 1:colcon.colcon_core.environment:checking '/home/evan/code/Complete_slam_system/lidar_slam_system/install/lidar_slam' for CMake config files
[1.520s] Level 1:colcon.colcon_core.shell:create_environment_hook('lidar_slam', 'cmake_prefix_path')
[1.521s] INFO:colcon.colcon_core.shell:Creating environment hook '/home/evan/code/Complete_slam_system/lidar_slam_system/install/lidar_slam/share/lidar_slam/hook/cmake_prefix_path.ps1'
[1.522s] INFO:colcon.colcon_core.shell:Creating environment descriptor '/home/evan/code/Complete_slam_system/lidar_slam_system/install/lidar_slam/share/lidar_slam/hook/cmake_prefix_path.dsv'
[1.522s] INFO:colcon.colcon_core.shell:Creating environment hook '/home/evan/code/Complete_slam_system/lidar_slam_system/install/lidar_slam/share/lidar_slam/hook/cmake_prefix_path.sh'
[1.523s] Level 1:colcon.colcon_core.environment:checking '/home/evan/code/Complete_slam_system/lidar_slam_system/install/lidar_slam/bin'
[1.523s] Level 1:colcon.colcon_core.environment:checking '/home/evan/code/Complete_slam_system/lidar_slam_system/install/lidar_slam/lib/pkgconfig/lidar_slam.pc'
[1.523s] Level 1:colcon.colcon_core.environment:checking '/home/evan/code/Complete_slam_system/lidar_slam_system/install/lidar_slam/lib/python3.10/site-packages'
[1.524s] Level 1:colcon.colcon_core.environment:checking '/home/evan/code/Complete_slam_system/lidar_slam_system/install/lidar_slam/bin'
[1.525s] INFO:colcon.colcon_core.shell:Creating package script '/home/evan/code/Complete_slam_system/lidar_slam_system/install/lidar_slam/share/lidar_slam/package.ps1'
[1.526s] INFO:colcon.colcon_core.shell:Creating package descriptor '/home/evan/code/Complete_slam_system/lidar_slam_system/install/lidar_slam/share/lidar_slam/package.dsv'
[1.526s] INFO:colcon.colcon_core.shell:Creating package script '/home/evan/code/Complete_slam_system/lidar_slam_system/install/lidar_slam/share/lidar_slam/package.sh'
[1.527s] INFO:colcon.colcon_core.shell:Creating package script '/home/evan/code/Complete_slam_system/lidar_slam_system/install/lidar_slam/share/lidar_slam/package.bash'
[1.527s] INFO:colcon.colcon_core.shell:Creating package script '/home/evan/code/Complete_slam_system/lidar_slam_system/install/lidar_slam/share/lidar_slam/package.zsh'
[1.528s] Level 1:colcon.colcon_core.environment:create_file_with_runtime_dependencies(/home/evan/code/Complete_slam_system/lidar_slam_system/install/lidar_slam/share/colcon-core/packages/lidar_slam)
[1.530s] Level 1:colcon.colcon_core.environment:create_environment_scripts_only(lidar_slam_msgs)
[1.532s] Level 1:colcon.colcon_core.environment:checking '/home/evan/code/Complete_slam_system/lidar_slam_system/install/lidar_slam_msgs' for CMake module files
[1.532s] DEBUG:colcon.colcon_core.event_handler.log_command:Invoked command in '/home/evan/code/Complete_slam_system/lidar_slam_system/build/lidar_slam_msgs' returned '0': CMAKE_PREFIX_PATH=${CMAKE_PREFIX_PATH}:/opt/ros/humble /usr/bin/cmake --install /home/evan/code/Complete_slam_system/lidar_slam_system/build/lidar_slam_msgs
[1.533s] Level 1:colcon.colcon_core.environment:checking '/home/evan/code/Complete_slam_system/lidar_slam_system/install/lidar_slam_msgs' for CMake config files
[1.533s] Level 1:colcon.colcon_core.shell:create_environment_hook('lidar_slam_msgs', 'cmake_prefix_path')
[1.534s] INFO:colcon.colcon_core.shell:Creating environment hook '/home/evan/code/Complete_slam_system/lidar_slam_system/install/lidar_slam_msgs/share/lidar_slam_msgs/hook/cmake_prefix_path.ps1'
[1.535s] INFO:colcon.colcon_core.shell:Creating environment descriptor '/home/evan/code/Complete_slam_system/lidar_slam_system/install/lidar_slam_msgs/share/lidar_slam_msgs/hook/cmake_prefix_path.dsv'
[1.535s] INFO:colcon.colcon_core.shell:Creating environment hook '/home/evan/code/Complete_slam_system/lidar_slam_system/install/lidar_slam_msgs/share/lidar_slam_msgs/hook/cmake_prefix_path.sh'
[1.535s] Level 1:colcon.colcon_core.environment:checking '/home/evan/code/Complete_slam_system/lidar_slam_system/install/lidar_slam_msgs/bin'
[1.536s] Level 1:colcon.colcon_core.environment:checking '/home/evan/code/Complete_slam_system/lidar_slam_system/install/lidar_slam_msgs/lib/pkgconfig/lidar_slam_msgs.pc'
[1.536s] Level 1:colcon.colcon_core.environment:checking '/home/evan/code/Complete_slam_system/lidar_slam_system/install/lidar_slam_msgs/lib/python3.10/site-packages'
[1.536s] Level 1:colcon.colcon_core.environment:checking '/home/evan/code/Complete_slam_system/lidar_slam_system/install/lidar_slam_msgs/bin'
[1.537s] INFO:colcon.colcon_core.shell:Creating package script '/home/evan/code/Complete_slam_system/lidar_slam_system/install/lidar_slam_msgs/share/lidar_slam_msgs/package.ps1'
[1.538s] INFO:colcon.colcon_core.shell:Creating package descriptor '/home/evan/code/Complete_slam_system/lidar_slam_system/install/lidar_slam_msgs/share/lidar_slam_msgs/package.dsv'
[1.538s] INFO:colcon.colcon_core.shell:Creating package script '/home/evan/code/Complete_slam_system/lidar_slam_system/install/lidar_slam_msgs/share/lidar_slam_msgs/package.sh'
[1.539s] INFO:colcon.colcon_core.shell:Creating package script '/home/evan/code/Complete_slam_system/lidar_slam_system/install/lidar_slam_msgs/share/lidar_slam_msgs/package.bash'
[1.539s] INFO:colcon.colcon_core.shell:Creating package script '/home/evan/code/Complete_slam_system/lidar_slam_system/install/lidar_slam_msgs/share/lidar_slam_msgs/package.zsh'
[1.539s] Level 1:colcon.colcon_core.environment:create_file_with_runtime_dependencies(/home/evan/code/Complete_slam_system/lidar_slam_system/install/lidar_slam_msgs/share/colcon-core/packages/lidar_slam_msgs)
[1.555s] Level 1:colcon.colcon_core.environment:create_environment_scripts_only(lidar_slam)
[1.557s] Level 1:colcon.colcon_core.environment:checking '/home/evan/code/Complete_slam_system/lidar_slam_system/install/lidar_slam' for CMake module files
[1.557s] Level 1:colcon.colcon_core.environment:checking '/home/evan/code/Complete_slam_system/lidar_slam_system/install/lidar_slam' for CMake config files
[1.557s] Level 1:colcon.colcon_core.shell:create_environment_hook('lidar_slam', 'cmake_prefix_path')
[1.559s] INFO:colcon.colcon_core.shell:Creating environment hook '/home/evan/code/Complete_slam_system/lidar_slam_system/install/lidar_slam/share/lidar_slam/hook/cmake_prefix_path.ps1'
[1.559s] INFO:colcon.colcon_core.shell:Creating environment descriptor '/home/evan/code/Complete_slam_system/lidar_slam_system/install/lidar_slam/share/lidar_slam/hook/cmake_prefix_path.dsv'
[1.560s] INFO:colcon.colcon_core.shell:Creating environment hook '/home/evan/code/Complete_slam_system/lidar_slam_system/install/lidar_slam/share/lidar_slam/hook/cmake_prefix_path.sh'
[1.560s] Level 1:colcon.colcon_core.environment:checking '/home/evan/code/Complete_slam_system/lidar_slam_system/install/lidar_slam/bin'
[1.560s] Level 1:colcon.colcon_core.environment:checking '/home/evan/code/Complete_slam_system/lidar_slam_system/install/lidar_slam/lib/pkgconfig/lidar_slam.pc'
[1.561s] Level 1:colcon.colcon_core.environment:checking '/home/evan/code/Complete_slam_system/lidar_slam_system/install/lidar_slam/lib/python3.10/site-packages'
[1.561s] Level 1:colcon.colcon_core.environment:checking '/home/evan/code/Complete_slam_system/lidar_slam_system/install/lidar_slam/bin'
[1.562s] INFO:colcon.colcon_core.shell:Creating package script '/home/evan/code/Complete_slam_system/lidar_slam_system/install/lidar_slam/share/lidar_slam/package.ps1'
[1.563s] INFO:colcon.colcon_core.shell:Creating package descriptor '/home/evan/code/Complete_slam_system/lidar_slam_system/install/lidar_slam/share/lidar_slam/package.dsv'
[1.563s] INFO:colcon.colcon_core.shell:Creating package script '/home/evan/code/Complete_slam_system/lidar_slam_system/install/lidar_slam/share/lidar_slam/package.sh'
[1.564s] INFO:colcon.colcon_core.shell:Creating package script '/home/evan/code/Complete_slam_system/lidar_slam_system/install/lidar_slam/share/lidar_slam/package.bash'
[1.564s] INFO:colcon.colcon_core.shell:Creating package script '/home/evan/code/Complete_slam_system/lidar_slam_system/install/lidar_slam/share/lidar_slam/package.zsh'
[1.565s] Level 1:colcon.colcon_core.environment:create_file_with_runtime_dependencies(/home/evan/code/Complete_slam_system/lidar_slam_system/install/lidar_slam/share/colcon-core/packages/lidar_slam)
[1.567s] Level 1:colcon.colcon_core.environment:create_environment_scripts_only(lidar_slam_msgs)
[1.569s] Level 1:colcon.colcon_core.environment:checking '/home/evan/code/Complete_slam_system/lidar_slam_system/install/lidar_slam_msgs' for CMake module files
[1.570s] Level 1:colcon.colcon_core.environment:checking '/home/evan/code/Complete_slam_system/lidar_slam_system/install/lidar_slam_msgs' for CMake config files
[1.570s] Level 1:colcon.colcon_core.shell:create_environment_hook('lidar_slam_msgs', 'cmake_prefix_path')
[1.571s] INFO:colcon.colcon_core.shell:Creating environment hook '/home/evan/code/Complete_slam_system/lidar_slam_system/install/lidar_slam_msgs/share/lidar_slam_msgs/hook/cmake_prefix_path.ps1'
[1.571s] INFO:colcon.colcon_core.shell:Creating environment descriptor '/home/evan/code/Complete_slam_system/lidar_slam_system/install/lidar_slam_msgs/share/lidar_slam_msgs/hook/cmake_prefix_path.dsv'
[1.572s] INFO:colcon.colcon_core.shell:Creating environment hook '/home/evan/code/Complete_slam_system/lidar_slam_system/install/lidar_slam_msgs/share/lidar_slam_msgs/hook/cmake_prefix_path.sh'
[1.572s] Level 1:colcon.colcon_core.environment:checking '/home/evan/code/Complete_slam_system/lidar_slam_system/install/lidar_slam_msgs/bin'
[1.572s] Level 1:colcon.colcon_core.environment:checking '/home/evan/code/Complete_slam_system/lidar_slam_system/install/lidar_slam_msgs/lib/pkgconfig/lidar_slam_msgs.pc'
[1.572s] Level 1:colcon.colcon_core.environment:checking '/home/evan/code/Complete_slam_system/lidar_slam_system/install/lidar_slam_msgs/lib/python3.10/site-packages'
[1.573s] Level 1:colcon.colcon_core.environment:checking '/home/evan/code/Complete_slam_system/lidar_slam_system/install/lidar_slam_msgs/bin'
[1.574s] INFO:colcon.colcon_core.shell:Creating package script '/home/evan/code/Complete_slam_system/lidar_slam_system/install/lidar_slam_msgs/share/lidar_slam_msgs/package.ps1'
[1.574s] INFO:colcon.colcon_core.shell:Creating package descriptor '/home/evan/code/Complete_slam_system/lidar_slam_system/install/lidar_slam_msgs/share/lidar_slam_msgs/package.dsv'
[1.575s] INFO:colcon.colcon_core.shell:Creating package script '/home/evan/code/Complete_slam_system/lidar_slam_system/install/lidar_slam_msgs/share/lidar_slam_msgs/package.sh'
[1.575s] INFO:colcon.colcon_core.shell:Creating package script '/home/evan/code/Complete_slam_system/lidar_slam_system/install/lidar_slam_msgs/share/lidar_slam_msgs/package.bash'
[1.576s] INFO:colcon.colcon_core.shell:Creating package script '/home/evan/code/Complete_slam_system/lidar_slam_system/install/lidar_slam_msgs/share/lidar_slam_msgs/package.zsh'
[1.576s] Level 1:colcon.colcon_core.environment:create_file_with_runtime_dependencies(/home/evan/code/Complete_slam_system/lidar_slam_system/install/lidar_slam_msgs/share/colcon-core/packages/lidar_slam_msgs)
[1.576s] DEBUG:colcon.colcon_parallel_executor.executor.parallel:closing loop
[1.577s] DEBUG:colcon.colcon_parallel_executor.executor.parallel:loop closed
[1.577s] DEBUG:colcon.colcon_parallel_executor.executor.parallel:run_until_complete finished with '0'
[1.577s] DEBUG:colcon.colcon_core.event_reactor:joining thread
[1.582s] INFO:colcon.colcon_core.plugin_system:Skipping extension 'colcon_notification.desktop_notification.terminal_notifier': Not used on non-Darwin systems
[1.582s] INFO:colcon.colcon_core.plugin_system:Skipping extension 'colcon_notification.desktop_notification.win32': Not used on non-Windows systems
[1.583s] INFO:colcon.colcon_notification.desktop_notification:Sending desktop notification using 'notify2'
[1.598s] DEBUG:colcon.colcon_core.event_reactor:joined thread
[1.600s] INFO:colcon.colcon_core.shell:Creating prefix script '/home/evan/code/Complete_slam_system/lidar_slam_system/install/local_setup.ps1'
[1.601s] INFO:colcon.colcon_core.shell:Creating prefix util module '/home/evan/code/Complete_slam_system/lidar_slam_system/install/_local_setup_util_ps1.py'
[1.603s] INFO:colcon.colcon_core.shell:Creating prefix chain script '/home/evan/code/Complete_slam_system/lidar_slam_system/install/setup.ps1'
[1.605s] INFO:colcon.colcon_core.shell:Creating prefix script '/home/evan/code/Complete_slam_system/lidar_slam_system/install/local_setup.sh'
[1.605s] INFO:colcon.colcon_core.shell:Creating prefix util module '/home/evan/code/Complete_slam_system/lidar_slam_system/install/_local_setup_util_sh.py'
[1.606s] INFO:colcon.colcon_core.shell:Creating prefix chain script '/home/evan/code/Complete_slam_system/lidar_slam_system/install/setup.sh'
[1.608s] INFO:colcon.colcon_core.shell:Creating prefix script '/home/evan/code/Complete_slam_system/lidar_slam_system/install/local_setup.bash'
[1.608s] INFO:colcon.colcon_core.shell:Creating prefix chain script '/home/evan/code/Complete_slam_system/lidar_slam_system/install/setup.bash'
[1.610s] INFO:colcon.colcon_core.shell:Creating prefix script '/home/evan/code/Complete_slam_system/lidar_slam_system/install/local_setup.zsh'
[1.611s] INFO:colcon.colcon_core.shell:Creating prefix chain script '/home/evan/code/Complete_slam_system/lidar_slam_system/install/setup.zsh'
