Determining if the function sgemm_ exists failed with the following output:
Change Dir: /home/evan/code/Complete_slam_system/lidar_slam_system/build/lidar_slam/CMakeFiles/CMakeTmp

Run Build Command(s):/usr/bin/gmake -f Makefile cmTC_2e104/fast && gmake[1]: Entering directory '/home/evan/code/Complete_slam_system/lidar_slam_system/build/lidar_slam/CMakeFiles/CMakeTmp'
/usr/bin/gmake  -f CMakeFiles/cmTC_2e104.dir/build.make CMakeFiles/cmTC_2e104.dir/build
gmake[2]: Entering directory '/home/evan/code/Complete_slam_system/lidar_slam_system/build/lidar_slam/CMakeFiles/CMakeTmp'
Building C object CMakeFiles/cmTC_2e104.dir/CheckFunctionExists.c.o
/usr/bin/cc   -DCHECK_FUNCTION_EXISTS=sgemm_ -o CMakeFiles/cmTC_2e104.dir/CheckFunctionExists.c.o -c /usr/share/cmake-3.22/Modules/CheckFunctionExists.c
Linking C executable cmTC_2e104
/usr/bin/cmake -E cmake_link_script CMakeFiles/cmTC_2e104.dir/link.txt --verbose=1
/usr/bin/cc  -DCHECK_FUNCTION_EXISTS=sgemm_ CMakeFiles/cmTC_2e104.dir/CheckFunctionExists.c.o -o cmTC_2e104 
/usr/bin/ld: CMakeFiles/cmTC_2e104.dir/CheckFunctionExists.c.o: in function `main':
CheckFunctionExists.c:(.text+0x14): undefined reference to `sgemm_'
collect2: error: ld returned 1 exit status
gmake[2]: *** [CMakeFiles/cmTC_2e104.dir/build.make:99: cmTC_2e104] Error 1
gmake[2]: Leaving directory '/home/evan/code/Complete_slam_system/lidar_slam_system/build/lidar_slam/CMakeFiles/CMakeTmp'
gmake[1]: *** [Makefile:127: cmTC_2e104/fast] Error 2
gmake[1]: Leaving directory '/home/evan/code/Complete_slam_system/lidar_slam_system/build/lidar_slam/CMakeFiles/CMakeTmp'



Determining if the function cheev_ exists failed with the following output:
Change Dir: /home/evan/code/Complete_slam_system/lidar_slam_system/build/lidar_slam/CMakeFiles/CMakeTmp

Run Build Command(s):/usr/bin/gmake -f Makefile cmTC_6f03f/fast && gmake[1]: Entering directory '/home/evan/code/Complete_slam_system/lidar_slam_system/build/lidar_slam/CMakeFiles/CMakeTmp'
/usr/bin/gmake  -f CMakeFiles/cmTC_6f03f.dir/build.make CMakeFiles/cmTC_6f03f.dir/build
gmake[2]: Entering directory '/home/evan/code/Complete_slam_system/lidar_slam_system/build/lidar_slam/CMakeFiles/CMakeTmp'
Building C object CMakeFiles/cmTC_6f03f.dir/CheckFunctionExists.c.o
/usr/bin/cc   -DCHECK_FUNCTION_EXISTS=cheev_ -o CMakeFiles/cmTC_6f03f.dir/CheckFunctionExists.c.o -c /usr/share/cmake-3.22/Modules/CheckFunctionExists.c
Linking C executable cmTC_6f03f
/usr/bin/cmake -E cmake_link_script CMakeFiles/cmTC_6f03f.dir/link.txt --verbose=1
/usr/bin/cc  -DCHECK_FUNCTION_EXISTS=cheev_ CMakeFiles/cmTC_6f03f.dir/CheckFunctionExists.c.o -o cmTC_6f03f  /usr/lib/x86_64-linux-gnu/libblas.so -lm -ldl 
/usr/bin/ld: CMakeFiles/cmTC_6f03f.dir/CheckFunctionExists.c.o: in function `main':
CheckFunctionExists.c:(.text+0x14): undefined reference to `cheev_'
collect2: error: ld returned 1 exit status
gmake[2]: *** [CMakeFiles/cmTC_6f03f.dir/build.make:100: cmTC_6f03f] Error 1
gmake[2]: Leaving directory '/home/evan/code/Complete_slam_system/lidar_slam_system/build/lidar_slam/CMakeFiles/CMakeTmp'
gmake[1]: *** [Makefile:127: cmTC_6f03f/fast] Error 2
gmake[1]: Leaving directory '/home/evan/code/Complete_slam_system/lidar_slam_system/build/lidar_slam/CMakeFiles/CMakeTmp'



Determining if the function cheev_ exists failed with the following output:
Change Dir: /home/evan/code/Complete_slam_system/lidar_slam_system/build/lidar_slam/CMakeFiles/CMakeTmp

Run Build Command(s):/usr/bin/gmake -f Makefile cmTC_ac40c/fast && gmake[1]: Entering directory '/home/evan/code/Complete_slam_system/lidar_slam_system/build/lidar_slam/CMakeFiles/CMakeTmp'
/usr/bin/gmake  -f CMakeFiles/cmTC_ac40c.dir/build.make CMakeFiles/cmTC_ac40c.dir/build
gmake[2]: Entering directory '/home/evan/code/Complete_slam_system/lidar_slam_system/build/lidar_slam/CMakeFiles/CMakeTmp'
Building C object CMakeFiles/cmTC_ac40c.dir/CheckFunctionExists.c.o
/usr/bin/cc   -DCHECK_FUNCTION_EXISTS=cheev_ -o CMakeFiles/cmTC_ac40c.dir/CheckFunctionExists.c.o -c /usr/share/cmake-3.22/Modules/CheckFunctionExists.c
Linking C executable cmTC_ac40c
/usr/bin/cmake -E cmake_link_script CMakeFiles/cmTC_ac40c.dir/link.txt --verbose=1
/usr/bin/cc  -DCHECK_FUNCTION_EXISTS=cheev_ CMakeFiles/cmTC_ac40c.dir/CheckFunctionExists.c.o -o cmTC_ac40c  /usr/lib/x86_64-linux-gnu/liblapack.so /usr/lib/x86_64-linux-gnu/libblas.so -fortranlibs 
cc: error: unrecognized command-line option ‘-fortranlibs’
gmake[2]: *** [CMakeFiles/cmTC_ac40c.dir/build.make:101: cmTC_ac40c] Error 1
gmake[2]: Leaving directory '/home/evan/code/Complete_slam_system/lidar_slam_system/build/lidar_slam/CMakeFiles/CMakeTmp'
gmake[1]: *** [Makefile:127: cmTC_ac40c/fast] Error 2
gmake[1]: Leaving directory '/home/evan/code/Complete_slam_system/lidar_slam_system/build/lidar_slam/CMakeFiles/CMakeTmp'



