-- Found ament_cmake: 1.3.3 (/opt/ros/humble/share/ament_cmake/cmake)
-- Found rclcpp: 16.0.3 (/opt/ros/humble/share/rclcpp/cmake)
-- Found rosidl_generator_c: 3.1.4 (/opt/ros/humble/share/rosidl_generator_c/cmake)
-- Found rosidl_adapter: 3.1.4 (/opt/ros/humble/share/rosidl_adapter/cmake)
-- Found rosidl_generator_cpp: 3.1.4 (/opt/ros/humble/share/rosidl_generator_cpp/cmake)
-- Using all available rosidl_typesupport_c: rosidl_typesupport_fastrtps_c;rosidl_typesupport_introspection_c
-- Using all available rosidl_typesupport_cpp: rosidl_typesupport_fastrtps_cpp;rosidl_typesupport_introspection_cpp
-- Found rmw_implementation_cmake: 6.1.1 (/opt/ros/humble/share/rmw_implementation_cmake/cmake)
-- Found rmw_fastrtps_cpp: 6.2.2 (/opt/ros/humble/share/rmw_fastrtps_cpp/cmake)
-- Using RMW implementation 'rmw_fastrtps_cpp' as default
-- Found sensor_msgs: 4.2.3 (/opt/ros/humble/share/sensor_msgs/cmake)
-- Found nav_msgs: 4.2.3 (/opt/ros/humble/share/nav_msgs/cmake)
-- Found pcl_conversions: 2.4.0 (/opt/ros/humble/share/pcl_conversions/cmake)
-- Eigen found (include: /usr/include/eigen3, version: 3.4.0)
-- Found Boost: /usr/lib/x86_64-linux-gnu/cmake/Boost-1.74.0/BoostConfig.cmake (found suitable version "1.74.0", minimum required is "1.65.0") found components: system filesystem date_time iostreams serialization 
-- FLANN found (include: /usr/include, lib: /usr/lib/x86_64-linux-gnu/libflann_cpp.so)
-- OpenNI found (version: 1.5.4.0, include: /usr/include/ni, lib: /usr/lib/libOpenNI.so;libusb::libusb)
-- OpenNI2 found (version: 2.2.0.33, include: /usr/include/openni2, lib: /usr/lib/x86_64-linux-gnu/libOpenNI2.so;libusb::libusb)
[0m** WARNING ** io features related to pcap will be disabled[0m
-- Eigen found (include: /usr/include/eigen3, version: 3.4.0)
-- OpenNI found (version: 1.5.4.0, include: /usr/include/ni, lib: /usr/lib/libOpenNI.so;libusb::libusb)
-- OpenNI2 found (version: 2.2.0.33, include: /usr/include/openni2, lib: /usr/lib/x86_64-linux-gnu/libOpenNI2.so;libusb::libusb)
-- Found Qhull version 8.0.2
-- OpenNI found (version: 1.5.4.0, include: /usr/include/ni, lib: /usr/lib/libOpenNI.so;libusb::libusb)
-- looking for PCL_COMMON
-- looking for PCL_KDTREE
-- looking for PCL_OCTREE
-- looking for PCL_SEARCH
-- looking for PCL_SAMPLE_CONSENSUS
-- looking for PCL_FILTERS
-- looking for PCL_2D
-- looking for PCL_GEOMETRY
-- looking for PCL_IO
-- looking for PCL_FEATURES
-- looking for PCL_ML
-- looking for PCL_SEGMENTATION
-- looking for PCL_VISUALIZATION
-- looking for PCL_SURFACE
-- looking for PCL_REGISTRATION
-- looking for PCL_KEYPOINTS
-- looking for PCL_TRACKING
-- looking for PCL_RECOGNITION
-- looking for PCL_STEREO
-- looking for PCL_APPS
-- looking for PCL_IN_HAND_SCANNER
-- looking for PCL_MODELER
-- looking for PCL_POINT_CLOUD_EDITOR
-- looking for PCL_OUTOFCORE
-- looking for PCL_PEOPLE
-- GTSAM include directory:  /usr/local/lib/cmake/GTSAM/../../../include
-- Found Boost: /usr/lib/x86_64-linux-gnu/cmake/Boost-1.74.0/BoostConfig.cmake (found version "1.74.0") found components: thread serialization timer 
-- Configuring done
-- Generating done
-- Build files have been written to: /home/evan/code/Complete_slam_system/lidar_slam_system/build/lidar_slam
[35m[1mConsolidate compiler generated dependencies of target lidar_slam[0m
[ 33%] [32mBuilding CXX object CMakeFiles/lidar_slam.dir/src/data_process.cpp.o[0m
In file included from [01m[K/home/evan/code/Complete_slam_system/lidar_slam_system/src/lidar_slam/src/data_process.cpp:1[m[K:
[01m[K/home/evan/code/Complete_slam_system/lidar_slam_system/src/lidar_slam/include/lidar_slam/data_process.h:5:28:[m[K [01;31m[Kerror: [m[K‘[01m[Krclcpp[m[K’ has not been declared
    5 | class DataProcess : public [01;31m[Krclcpp[m[K::Node{
      |                            [01;31m[K^~~~~~[m[K
[01m[K/home/evan/code/Complete_slam_system/lidar_slam_system/src/lidar_slam/include/lidar_slam/data_process.h:5:36:[m[K [01;31m[Kerror: [m[Kexpected ‘[01m[K{[m[K’ before ‘[01m[KNode[m[K’
    5 | class DataProcess : public rclcpp::[01;31m[KNode[m[K{
      |                                    [01;31m[K^~~~[m[K
[01m[K/home/evan/code/Complete_slam_system/lidar_slam_system/src/lidar_slam/include/lidar_slam/data_process.h:6:1:[m[K [01;31m[Kerror: [m[Kexpected primary-expression before ‘[01m[Kprivate[m[K’
    6 | [01;31m[Kprivate[m[K:
      | [01;31m[K^~~~~~~[m[K
[01m[K/home/evan/code/Complete_slam_system/lidar_slam_system/src/lidar_slam/include/lidar_slam/data_process.h:6:1:[m[K [01;31m[Kerror: [m[Kexpected ‘[01m[K}[m[K’ before ‘[01m[Kprivate[m[K’
[01m[K/home/evan/code/Complete_slam_system/lidar_slam_system/src/lidar_slam/include/lidar_slam/data_process.h:5:40:[m[K [01;36m[Knote: [m[Kto match this ‘[01m[K{[m[K’
    5 | class DataProcess : public rclcpp::Node[01;36m[K{[m[K
      |                                        [01;36m[K^[m[K
[01m[K/home/evan/code/Complete_slam_system/lidar_slam_system/src/lidar_slam/include/lidar_slam/data_process.h:9:5:[m[K [01;31m[Kerror: [m[K‘[01m[Krclcpp[m[K’ does not name a type
    9 |     [01;31m[Krclcpp[m[K::Publisher<sensor_msgs::msg::PointCloud2>::SharedPtr pub_cloud_in;
      |     [01;31m[K^~~~~~[m[K
[01m[K/home/evan/code/Complete_slam_system/lidar_slam_system/src/lidar_slam/include/lidar_slam/data_process.h:10:5:[m[K [01;31m[Kerror: [m[K‘[01m[Krclcpp[m[K’ does not name a type
   10 |     [01;31m[Krclcpp[m[K::Publisher<sensor_msgs::msg::PointCloud2>::SharedPtr pub_corner_sharp;
      |     [01;31m[K^~~~~~[m[K
[01m[K/home/evan/code/Complete_slam_system/lidar_slam_system/src/lidar_slam/include/lidar_slam/data_process.h:11:5:[m[K [01;31m[Kerror: [m[K‘[01m[Krclcpp[m[K’ does not name a type
   11 |     [01;31m[Krclcpp[m[K::Publisher<sensor_msgs::msg::PointCloud2>::SharedPtr pub_corner_less_sharp;
      |     [01;31m[K^~~~~~[m[K
[01m[K/home/evan/code/Complete_slam_system/lidar_slam_system/src/lidar_slam/include/lidar_slam/data_process.h:12:5:[m[K [01;31m[Kerror: [m[K‘[01m[Krclcpp[m[K’ does not name a type
   12 |     [01;31m[Krclcpp[m[K::Publisher<sensor_msgs::msg::PointCloud2>::SharedPtr pub_surf_flat;
      |     [01;31m[K^~~~~~[m[K
[01m[K/home/evan/code/Complete_slam_system/lidar_slam_system/src/lidar_slam/include/lidar_slam/data_process.h:13:5:[m[K [01;31m[Kerror: [m[K‘[01m[Krclcpp[m[K’ does not name a type
   13 |     [01;31m[Krclcpp[m[K::Publisher<sensor_msgs::msg::PointCloud2>::SharedPtr pub_surf_less_flat;
      |     [01;31m[K^~~~~~[m[K
[01m[K/home/evan/code/Complete_slam_system/lidar_slam_system/src/lidar_slam/include/lidar_slam/data_process.h:14:5:[m[K [01;31m[Kerror: [m[K‘[01m[Krclcpp[m[K’ does not name a type
   14 |     [01;31m[Krclcpp[m[K::Publisher<sensor_msgs::msg::PointCloud2>::SharedPtr pub_segment_cloud;
      |     [01;31m[K^~~~~~[m[K
[01m[K/home/evan/code/Complete_slam_system/lidar_slam_system/src/lidar_slam/include/lidar_slam/data_process.h:15:5:[m[K [01;31m[Kerror: [m[K‘[01m[Krclcpp[m[K’ does not name a type
   15 |     [01;31m[Krclcpp[m[K::Publisher<sensor_msgs::msg::PointCloud2>::SharedPtr pub_ground_cloud;
      |     [01;31m[K^~~~~~[m[K
[01m[K/home/evan/code/Complete_slam_system/lidar_slam_system/src/lidar_slam/include/lidar_slam/data_process.h:18:10:[m[K [01;31m[Kerror: [m[K‘[01m[Kqueue[m[K’ in namespace ‘[01m[Kstd[m[K’ does not name a template type
   18 |     std::[01;31m[Kqueue[m[K<sensor_msgs::msg::PointCloud2> queClouds;
      |          [01;31m[K^~~~~[m[K
[01m[K/home/evan/code/Complete_slam_system/lidar_slam_system/src/lidar_slam/include/lidar_slam/data_process.h:1:1:[m[K [01;36m[Knote: [m[K‘[01m[Kstd::queue[m[K’ is defined in header ‘[01m[K<queue>[m[K’; did you forget to ‘[01m[K#include <queue>[m[K’?
  +++ |+[32m[K#include <queue>[m[K
    1 | #ifndef _DATA_PROCESS_H
[01m[K/home/evan/code/Complete_slam_system/lidar_slam_system/src/lidar_slam/include/lidar_slam/data_process.h:19:10:[m[K [01;31m[Kerror: [m[K‘[01m[Kmutex[m[K’ in namespace ‘[01m[Kstd[m[K’ does not name a type
   19 |     std::[01;31m[Kmutex[m[K mtx;
      |          [01;31m[K^~~~~[m[K
[01m[K/home/evan/code/Complete_slam_system/lidar_slam_system/src/lidar_slam/include/lidar_slam/data_process.h:1:1:[m[K [01;36m[Knote: [m[K‘[01m[Kstd::mutex[m[K’ is defined in header ‘[01m[K<mutex>[m[K’; did you forget to ‘[01m[K#include <mutex>[m[K’?
  +++ |+[32m[K#include <mutex>[m[K
    1 | #ifndef _DATA_PROCESS_H
[01m[K/home/evan/code/Complete_slam_system/lidar_slam_system/src/lidar_slam/include/lidar_slam/data_process.h:22:10:[m[K [01;31m[Kerror: [m[K‘[01m[Kthread[m[K’ in namespace ‘[01m[Kstd[m[K’ does not name a type
   22 |     std::[01;31m[Kthread[m[K _run_thread;
      |          [01;31m[K^~~~~~[m[K
[01m[K/home/evan/code/Complete_slam_system/lidar_slam_system/src/lidar_slam/include/lidar_slam/data_process.h:1:1:[m[K [01;36m[Knote: [m[K‘[01m[Kstd::thread[m[K’ is defined in header ‘[01m[K<thread>[m[K’; did you forget to ‘[01m[K#include <thread>[m[K’?
  +++ |+[32m[K#include <thread>[m[K
    1 | #ifndef _DATA_PROCESS_H
[01m[K/home/evan/code/Complete_slam_system/lidar_slam_system/src/lidar_slam/include/lidar_slam/data_process.h:25:5:[m[K [01;31m[Kerror: [m[K‘[01m[KChannel[m[K’ does not name a type
   25 |     [01;31m[KChannel[m[K<DataProcessOut>& _output_channel;
      |     [01;31m[K^~~~~~~[m[K
[01m[K/home/evan/code/Complete_slam_system/lidar_slam_system/src/lidar_slam/include/lidar_slam/data_process.h:28:5:[m[K [01;31m[Kerror: [m[K‘[01m[KCloudTypePtr[m[K’ does not name a type
   28 |     [01;31m[KCloudTypePtr[m[K _cloud_in;
      |     [01;31m[K^~~~~~~~~~~~[m[K
[01m[K/home/evan/code/Complete_slam_system/lidar_slam_system/src/lidar_slam/include/lidar_slam/data_process.h:29:5:[m[K [01;31m[Kerror: [m[K‘[01m[KCloudTypePtr[m[K’ does not name a type
   29 |     [01;31m[KCloudTypePtr[m[K _corner_sharp;
      |     [01;31m[K^~~~~~~~~~~~[m[K
[01m[K/home/evan/code/Complete_slam_system/lidar_slam_system/src/lidar_slam/include/lidar_slam/data_process.h:30:5:[m[K [01;31m[Kerror: [m[K‘[01m[KCloudTypePtr[m[K’ does not name a type
   30 |     [01;31m[KCloudTypePtr[m[K _corner_less_sharp;
      |     [01;31m[K^~~~~~~~~~~~[m[K
[01m[K/home/evan/code/Complete_slam_system/lidar_slam_system/src/lidar_slam/include/lidar_slam/data_process.h:31:5:[m[K [01;31m[Kerror: [m[K‘[01m[KCloudTypePtr[m[K’ does not name a type
   31 |     [01;31m[KCloudTypePtr[m[K _surf_flat;
      |     [01;31m[K^~~~~~~~~~~~[m[K
[01m[K/home/evan/code/Complete_slam_system/lidar_slam_system/src/lidar_slam/include/lidar_slam/data_process.h:32:5:[m[K [01;31m[Kerror: [m[K‘[01m[KCloudTypePtr[m[K’ does not name a type
   32 |     [01;31m[KCloudTypePtr[m[K _surf_less_flat;
      |     [01;31m[K^~~~~~~~~~~~[m[K
[01m[K/home/evan/code/Complete_slam_system/lidar_slam_system/src/lidar_slam/include/lidar_slam/data_process.h:33:5:[m[K [01;31m[Kerror: [m[K‘[01m[KCloudTypePtr[m[K’ does not name a type
   33 |     [01;31m[KCloudTypePtr[m[K _segment_cloud;
      |     [01;31m[K^~~~~~~~~~~~[m[K
[01m[K/home/evan/code/Complete_slam_system/lidar_slam_system/src/lidar_slam/include/lidar_slam/data_process.h:34:5:[m[K [01;31m[Kerror: [m[K‘[01m[KCloudTypePtr[m[K’ does not name a type
   34 |     [01;31m[KCloudTypePtr[m[K _ground_cloud;
      |     [01;31m[K^~~~~~~~~~~~[m[K
[01m[K/home/evan/code/Complete_slam_system/lidar_slam_system/src/lidar_slam/include/lidar_slam/data_process.h:35:5:[m[K [01;31m[Kerror: [m[K‘[01m[KCloudTypePtr[m[K’ does not name a type
   35 |     [01;31m[KCloudTypePtr[m[K _full_cloud;
      |     [01;31m[K^~~~~~~~~~~~[m[K
[01m[K/home/evan/code/Complete_slam_system/lidar_slam_system/src/lidar_slam/include/lidar_slam/data_process.h:38:5:[m[K [01;31m[Kerror: [m[K‘[01m[Ksensor_msgs[m[K’ does not name a type
   38 |     [01;31m[Ksensor_msgs[m[K::msg::PointCloud2 oneCloud;
      |     [01;31m[K^~~~~~~~~~~[m[K
[01m[K/home/evan/code/Complete_slam_system/lidar_slam_system/src/lidar_slam/include/lidar_slam/data_process.h:41:5:[m[K [01;31m[Kerror: [m[K‘[01m[KEigen[m[K’ does not name a type
   41 |     [01;31m[KEigen[m[K::MatrixXf _range_mat;
      |     [01;31m[K^~~~~[m[K
[01m[K/home/evan/code/Complete_slam_system/lidar_slam_system/src/lidar_slam/include/lidar_slam/data_process.h:42:5:[m[K [01;31m[Kerror: [m[K‘[01m[KEigen[m[K’ does not name a type
   42 |     [01;31m[KEigen[m[K::MatrixXi _label_mat;
      |     [01;31m[K^~~~~[m[K
[01m[K/home/evan/code/Complete_slam_system/lidar_slam_system/src/lidar_slam/include/lidar_slam/data_process.h:43:5:[m[K [01;31m[Kerror: [m[K‘[01m[KEigen[m[K’ does not name a type
   43 |     [01;31m[KEigen[m[K::MatrixXi _ground_mat;
      |     [01;31m[K^~~~~[m[K
[01m[K/home/evan/code/Complete_slam_system/lidar_slam_system/src/lidar_slam/include/lidar_slam/data_process.h:44:5:[m[K [01;31m[Kerror: [m[K‘[01m[KEigen[m[K’ does not name a type
   44 |     [01;31m[KEigen[m[K::MatrixXi _corner_label;
      |     [01;31m[K^~~~~[m[K
[01m[K/home/evan/code/Complete_slam_system/lidar_slam_system/src/lidar_slam/include/lidar_slam/data_process.h:47:10:[m[K [01;31m[Kerror: [m[K‘[01m[Kvector[m[K’ in namespace ‘[01m[Kstd[m[K’ does not name a template type
   47 |     std::[01;31m[Kvector[m[K<smoothness> cloudCurvature;
      |          [01;31m[K^~~~~~[m[K
[01m[K/home/evan/code/Complete_slam_system/lidar_slam_system/src/lidar_slam/include/lidar_slam/data_process.h:1:1:[m[K [01;36m[Knote: [m[K‘[01m[Kstd::vector[m[K’ is defined in header ‘[01m[K<vector>[m[K’; did you forget to ‘[01m[K#include <vector>[m[K’?
  +++ |+[32m[K#include <vector>[m[K
    1 | #ifndef _DATA_PROCESS_H
[01m[K/home/evan/code/Complete_slam_system/lidar_slam_system/src/lidar_slam/include/lidar_slam/data_process.h:48:10:[m[K [01;31m[Kerror: [m[K‘[01m[Kvector[m[K’ in namespace ‘[01m[Kstd[m[K’ does not name a template type
   48 |     std::[01;31m[Kvector[m[K<int> str_index;
      |          [01;31m[K^~~~~~[m[K
[01m[K/home/evan/code/Complete_slam_system/lidar_slam_system/src/lidar_slam/include/lidar_slam/data_process.h:48:5:[m[K [01;36m[Knote: [m[K‘[01m[Kstd::vector[m[K’ is defined in header ‘[01m[K<vector>[m[K’; did you forget to ‘[01m[K#include <vector>[m[K’?
   48 |     [01;36m[Kstd[m[K::vector<int> str_index;
      |     [01;36m[K^~~[m[K
[01m[K/home/evan/code/Complete_slam_system/lidar_slam_system/src/lidar_slam/include/lidar_slam/data_process.h:49:10:[m[K [01;31m[Kerror: [m[K‘[01m[Kvector[m[K’ in namespace ‘[01m[Kstd[m[K’ does not name a template type
   49 |     std::[01;31m[Kvector[m[K<int> end_index;
      |          [01;31m[K^~~~~~[m[K
[01m[K/home/evan/code/Complete_slam_system/lidar_slam_system/src/lidar_slam/include/lidar_slam/data_process.h:49:5:[m[K [01;36m[Knote: [m[K‘[01m[Kstd::vector[m[K’ is defined in header ‘[01m[K<vector>[m[K’; did you forget to ‘[01m[K#include <vector>[m[K’?
   49 |     [01;36m[Kstd[m[K::vector<int> end_index;
      |     [01;36m[K^~~[m[K
[01m[K/home/evan/code/Complete_slam_system/lidar_slam_system/src/lidar_slam/include/lidar_slam/data_process.h:65:1:[m[K [01;31m[Kerror: [m[Kexpected unqualified-id before ‘[01m[Kpublic[m[K’
   65 | [01;31m[Kpublic[m[K:
      | [01;31m[K^~~~~~[m[K
[01m[K/home/evan/code/Complete_slam_system/lidar_slam_system/src/lidar_slam/include/lidar_slam/data_process.h:69:19:[m[K [01;31m[Kerror: [m[Kexpected constructor, destructor, or type conversion before ‘[01m[K;[m[K’ token
   69 |     ~DataProcess()[01;31m[K;[m[K
      |                   [01;31m[K^[m[K
[01m[K/home/evan/code/Complete_slam_system/lidar_slam_system/src/lidar_slam/include/lidar_slam/data_process.h:71:29:[m[K [01;31m[Kerror: [m[K‘[01m[Ksensor_msgs[m[K’ does not name a type
   71 |     void cloudHandler(const [01;31m[Ksensor_msgs[m[K::msg::PointCloud2 &laserCloudMsg);
      |                             [01;31m[K^~~~~~~~~~~[m[K
[01m[K/home/evan/code/Complete_slam_system/lidar_slam_system/src/lidar_slam/include/lidar_slam/data_process.h:71:45:[m[K [01;31m[Kerror: [m[Kexpected unqualified-id before ‘[01m[K::[m[K’ token
   71 |     void cloudHandler(const sensor_msgs::msg[01;31m[K::[m[KPointCloud2 &laserCloudMsg);
      |                                             [01;31m[K^~[m[K
[01m[K/home/evan/code/Complete_slam_system/lidar_slam_system/src/lidar_slam/include/lidar_slam/data_process.h:71:45:[m[K [01;31m[Kerror: [m[Kexpected ‘[01m[K)[m[K’ before ‘[01m[K::[m[K’ token
   71 |     void cloudHandler[34m[K([m[Kconst sensor_msgs::msg[01;31m[K:[m[K[32m[K:[m[KPointCloud2 &laserCloudMsg);
      |                      [34m[K~[m[K                      [01;31m[K^[m[K[32m[K~[m[K
      |                                             [32m[K)[m[K
[01m[K/home/evan/code/Complete_slam_system/lidar_slam_system/src/lidar_slam/include/lidar_slam/data_process.h:71:45:[m[K [01;31m[Kerror: [m[Kexpected initializer before ‘[01m[K::[m[K’ token
   71 |     void cloudHandler(const sensor_msgs::msg[01;31m[K::[m[KPointCloud2 &laserCloudMsg);
      |                                             [01;31m[K^~[m[K
[01m[K/home/evan/code/Complete_slam_system/lidar_slam_system/src/lidar_slam/include/lidar_slam/data_process.h:75:1:[m[K [01;31m[Kerror: [m[Kexpected unqualified-id before ‘[01m[Kprivate[m[K’
   75 | [01;31m[Kprivate[m[K:
      | [01;31m[K^~~~~~~[m[K
[01m[K/home/evan/code/Complete_slam_system/lidar_slam_system/src/lidar_slam/include/lidar_slam/data_process.h:88:1:[m[K [01;31m[Kerror: [m[Kexpected declaration before ‘[01m[K}[m[K’ token
   88 | [01;31m[K}[m[K // lidarslam
      | [01;31m[K^[m[K
[01m[K/home/evan/code/Complete_slam_system/lidar_slam_system/src/lidar_slam/src/data_process.cpp:18:90:[m[K [01;31m[Kerror: [m[Kinvalid use of incomplete type ‘[01m[Kclass lidarslam::DataProcess[m[K’
   18 | DataProcess::DataProcess(const std::string &name, Channel<DataProcessOut> &output_channel[01;31m[K)[m[K
      |                                                                                          [01;31m[K^[m[K
In file included from [01m[K/home/evan/code/Complete_slam_system/lidar_slam_system/src/lidar_slam/src/data_process.cpp:1[m[K:
[01m[K/home/evan/code/Complete_slam_system/lidar_slam_system/src/lidar_slam/include/lidar_slam/data_process.h:5:7:[m[K [01;36m[Knote: [m[Kforward declaration of ‘[01m[Kclass lidarslam::DataProcess[m[K’
    5 | class [01;36m[KDataProcess[m[K : public rclcpp::Node{
      |       [01;36m[K^~~~~~~~~~~[m[K
[01m[K/home/evan/code/Complete_slam_system/lidar_slam_system/src/lidar_slam/src/data_process.cpp:88:27:[m[K [01;31m[Kerror: [m[Kinvalid use of incomplete type ‘[01m[Kclass lidarslam::DataProcess[m[K’
   88 | DataProcess::~DataProcess([01;31m[K)[m[K{
      |                           [01;31m[K^[m[K
In file included from [01m[K/home/evan/code/Complete_slam_system/lidar_slam_system/src/lidar_slam/src/data_process.cpp:1[m[K:
[01m[K/home/evan/code/Complete_slam_system/lidar_slam_system/src/lidar_slam/include/lidar_slam/data_process.h:5:7:[m[K [01;36m[Knote: [m[Kforward declaration of ‘[01m[Kclass lidarslam::DataProcess[m[K’
    5 | class [01;36m[KDataProcess[m[K : public rclcpp::Node{
      |       [01;36m[K^~~~~~~~~~~[m[K
[01m[K/home/evan/code/Complete_slam_system/lidar_slam_system/src/lidar_slam/src/data_process.cpp:92:82:[m[K [01;31m[Kerror: [m[Kinvalid use of incomplete type ‘[01m[Kclass lidarslam::DataProcess[m[K’
   92 | void DataProcess::cloudHandler(const sensor_msgs::msg::PointCloud2 &laserCloudMsg[01;31m[K)[m[K{
      |                                                                                  [01;31m[K^[m[K
In file included from [01m[K/home/evan/code/Complete_slam_system/lidar_slam_system/src/lidar_slam/src/data_process.cpp:1[m[K:
[01m[K/home/evan/code/Complete_slam_system/lidar_slam_system/src/lidar_slam/include/lidar_slam/data_process.h:5:7:[m[K [01;36m[Knote: [m[Kforward declaration of ‘[01m[Kclass lidarslam::DataProcess[m[K’
    5 | class [01;36m[KDataProcess[m[K : public rclcpp::Node{
      |       [01;36m[K^~~~~~~~~~~[m[K
[01m[K/home/evan/code/Complete_slam_system/lidar_slam_system/src/lidar_slam/src/data_process.cpp:98:23:[m[K [01;31m[Kerror: [m[Kinvalid use of incomplete type ‘[01m[Kclass lidarslam::DataProcess[m[K’
   98 | void DataProcess::run([01;31m[K)[m[K{
      |                       [01;31m[K^[m[K
In file included from [01m[K/home/evan/code/Complete_slam_system/lidar_slam_system/src/lidar_slam/src/data_process.cpp:1[m[K:
[01m[K/home/evan/code/Complete_slam_system/lidar_slam_system/src/lidar_slam/include/lidar_slam/data_process.h:5:7:[m[K [01;36m[Knote: [m[Kforward declaration of ‘[01m[Kclass lidarslam::DataProcess[m[K’
    5 | class [01;36m[KDataProcess[m[K : public rclcpp::Node{
      |       [01;36m[K^~~~~~~~~~~[m[K
[01m[K/home/evan/code/Complete_slam_system/lidar_slam_system/src/lidar_slam/src/data_process.cpp:123:35:[m[K [01;31m[Kerror: [m[Kinvalid use of incomplete type ‘[01m[Kclass lidarslam::DataProcess[m[K’
  123 | void DataProcess::resetParameters([01;31m[K)[m[K{
      |                                   [01;31m[K^[m[K
In file included from [01m[K/home/evan/code/Complete_slam_system/lidar_slam_system/src/lidar_slam/src/data_process.cpp:1[m[K:
[01m[K/home/evan/code/Complete_slam_system/lidar_slam_system/src/lidar_slam/include/lidar_slam/data_process.h:5:7:[m[K [01;36m[Knote: [m[Kforward declaration of ‘[01m[Kclass lidarslam::DataProcess[m[K’
    5 | class [01;36m[KDataProcess[m[K : public rclcpp::Node{
      |       [01;36m[K^~~~~~~~~~~[m[K
[01m[K/home/evan/code/Complete_slam_system/lidar_slam_system/src/lidar_slam/src/data_process.cpp:156:37:[m[K [01;31m[Kerror: [m[Kinvalid use of incomplete type ‘[01m[Kclass lidarslam::DataProcess[m[K’
  156 | void DataProcess::projectPointCloud([01;31m[K)[m[K{
      |                                     [01;31m[K^[m[K
In file included from [01m[K/home/evan/code/Complete_slam_system/lidar_slam_system/src/lidar_slam/src/data_process.cpp:1[m[K:
[01m[K/home/evan/code/Complete_slam_system/lidar_slam_system/src/lidar_slam/include/lidar_slam/data_process.h:5:7:[m[K [01;36m[Knote: [m[Kforward declaration of ‘[01m[Kclass lidarslam::DataProcess[m[K’
    5 | class [01;36m[KDataProcess[m[K : public rclcpp::Node{
      |       [01;36m[K^~~~~~~~~~~[m[K
[01m[K/home/evan/code/Complete_slam_system/lidar_slam_system/src/lidar_slam/src/data_process.cpp:199:33:[m[K [01;31m[Kerror: [m[Kinvalid use of incomplete type ‘[01m[Kclass lidarslam::DataProcess[m[K’
  199 | void DataProcess::groundRemoval([01;31m[K)[m[K{
      |                                 [01;31m[K^[m[K
In file included from [01m[K/home/evan/code/Complete_slam_system/lidar_slam_system/src/lidar_slam/src/data_process.cpp:1[m[K:
[01m[K/home/evan/code/Complete_slam_system/lidar_slam_system/src/lidar_slam/include/lidar_slam/data_process.h:5:7:[m[K [01;36m[Knote: [m[Kforward declaration of ‘[01m[Kclass lidarslam::DataProcess[m[K’
    5 | class [01;36m[KDataProcess[m[K : public rclcpp::Node{
      |       [01;36m[K^~~~~~~~~~~[m[K
[01m[K/home/evan/code/Complete_slam_system/lidar_slam_system/src/lidar_slam/src/data_process.cpp:238:39:[m[K [01;31m[Kerror: [m[Kinvalid use of incomplete type ‘[01m[Kclass lidarslam::DataProcess[m[K’
  238 | void DataProcess::calculateSmoothness([01;31m[K)[m[K{
      |                                       [01;31m[K^[m[K
In file included from [01m[K/home/evan/code/Complete_slam_system/lidar_slam_system/src/lidar_slam/src/data_process.cpp:1[m[K:
[01m[K/home/evan/code/Complete_slam_system/lidar_slam_system/src/lidar_slam/include/lidar_slam/data_process.h:5:7:[m[K [01;36m[Knote: [m[Kforward declaration of ‘[01m[Kclass lidarslam::DataProcess[m[K’
    5 | class [01;36m[KDataProcess[m[K : public rclcpp::Node{
      |       [01;36m[K^~~~~~~~~~~[m[K
[01m[K/home/evan/code/Complete_slam_system/lidar_slam_system/src/lidar_slam/src/data_process.cpp:264:36:[m[K [01;31m[Kerror: [m[Kinvalid use of incomplete type ‘[01m[Kclass lidarslam::DataProcess[m[K’
  264 | void DataProcess::markCornerPoints([01;31m[K)[m[K{
      |                                    [01;31m[K^[m[K
In file included from [01m[K/home/evan/code/Complete_slam_system/lidar_slam_system/src/lidar_slam/src/data_process.cpp:1[m[K:
[01m[K/home/evan/code/Complete_slam_system/lidar_slam_system/src/lidar_slam/include/lidar_slam/data_process.h:5:7:[m[K [01;36m[Knote: [m[Kforward declaration of ‘[01m[Kclass lidarslam::DataProcess[m[K’
    5 | class [01;36m[KDataProcess[m[K : public rclcpp::Node{
      |       [01;36m[K^~~~~~~~~~~[m[K
[01m[K/home/evan/code/Complete_slam_system/lidar_slam_system/src/lidar_slam/src/data_process.cpp:300:62:[m[K [01;31m[Kerror: [m[Kinvalid use of incomplete type ‘[01m[Kclass lidarslam::DataProcess[m[K’
  300 | void DataProcess::labelVaildableCornerPoints(int row, int col[01;31m[K)[m[K{
      |                                                              [01;31m[K^[m[K
In file included from [01m[K/home/evan/code/Complete_slam_system/lidar_slam_system/src/lidar_slam/src/data_process.cpp:1[m[K:
[01m[K/home/evan/code/Complete_slam_system/lidar_slam_system/src/lidar_slam/include/lidar_slam/data_process.h:5:7:[m[K [01;36m[Knote: [m[Kforward declaration of ‘[01m[Kclass lidarslam::DataProcess[m[K’
    5 | class [01;36m[KDataProcess[m[K : public rclcpp::Node{
      |       [01;36m[K^~~~~~~~~~~[m[K
[01m[K/home/evan/code/Complete_slam_system/lidar_slam_system/src/lidar_slam/src/data_process.cpp:373:43:[m[K [01;31m[Kerror: [m[Kinvalid use of incomplete type ‘[01m[Kclass lidarslam::DataProcess[m[K’
  373 | void DataProcess::cornerCloudSegmentation([01;31m[K)[m[K{
      |                                           [01;31m[K^[m[K
In file included from [01m[K/home/evan/code/Complete_slam_system/lidar_slam_system/src/lidar_slam/src/data_process.cpp:1[m[K:
[01m[K/home/evan/code/Complete_slam_system/lidar_slam_system/src/lidar_slam/include/lidar_slam/data_process.h:5:7:[m[K [01;36m[Knote: [m[Kforward declaration of ‘[01m[Kclass lidarslam::DataProcess[m[K’
    5 | class [01;36m[KDataProcess[m[K : public rclcpp::Node{
      |       [01;36m[K^~~~~~~~~~~[m[K
[01m[K/home/evan/code/Complete_slam_system/lidar_slam_system/src/lidar_slam/src/data_process.cpp:403:32:[m[K [01;31m[Kerror: [m[Kinvalid use of incomplete type ‘[01m[Kclass lidarslam::DataProcess[m[K’
  403 | void DataProcess::publishCloud([01;31m[K)[m[K{
      |                                [01;31m[K^[m[K
In file included from [01m[K/home/evan/code/Complete_slam_system/lidar_slam_system/src/lidar_slam/src/data_process.cpp:1[m[K:
[01m[K/home/evan/code/Complete_slam_system/lidar_slam_system/src/lidar_slam/include/lidar_slam/data_process.h:5:7:[m[K [01;36m[Knote: [m[Kforward declaration of ‘[01m[Kclass lidarslam::DataProcess[m[K’
    5 | class [01;36m[KDataProcess[m[K : public rclcpp::Node{
      |       [01;36m[K^~~~~~~~~~~[m[K
gmake[2]: *** [CMakeFiles/lidar_slam.dir/build.make:76: CMakeFiles/lidar_slam.dir/src/data_process.cpp.o] Error 1
gmake[1]: *** [CMakeFiles/Makefile2:137: CMakeFiles/lidar_slam.dir/all] Error 2
gmake: *** [Makefile:146: all] Error 2
