[0.104s] Invoking command in '/home/evan/code/Complete_slam_system/lidar_slam_system/build/lidar_slam': CMAKE_PREFIX_PATH=${CMAKE_PREFIX_PATH}:/home/evan/code/lego-loam/lego/install/cloud_msgs:/opt/ros/humble /usr/bin/cmake --build /home/evan/code/Complete_slam_system/lidar_slam_system/build/lidar_slam -- -j4 -l4
[0.138s] -- Found ament_cmake: 1.3.3 (/opt/ros/humble/share/ament_cmake/cmake)
[0.381s] -- Found rclcpp: 16.0.3 (/opt/ros/humble/share/rclcpp/cmake)
[0.418s] -- Found rosidl_generator_c: 3.1.4 (/opt/ros/humble/share/rosidl_generator_c/cmake)
[0.421s] -- Found rosidl_adapter: 3.1.4 (/opt/ros/humble/share/rosidl_adapter/cmake)
[0.429s] -- Found rosidl_generator_cpp: 3.1.4 (/opt/ros/humble/share/rosidl_generator_cpp/cmake)
[0.445s] -- Using all available rosidl_typesupport_c: rosidl_typesupport_fastrtps_c;rosidl_typesupport_introspection_c
[0.467s] -- Using all available rosidl_typesupport_cpp: rosidl_typesupport_fastrtps_cpp;rosidl_typesupport_introspection_cpp
[0.542s] -- Found rmw_implementation_cmake: 6.1.1 (/opt/ros/humble/share/rmw_implementation_cmake/cmake)
[0.544s] -- Found rmw_fastrtps_cpp: 6.2.2 (/opt/ros/humble/share/rmw_fastrtps_cpp/cmake)
[0.688s] -- Using RMW implementation 'rmw_fastrtps_cpp' as default
[0.891s] -- Found sensor_msgs: 4.2.3 (/opt/ros/humble/share/sensor_msgs/cmake)
[1.055s] -- Found nav_msgs: 4.2.3 (/opt/ros/humble/share/nav_msgs/cmake)
[1.165s] -- Found pcl_conversions: 2.4.0 (/opt/ros/humble/share/pcl_conversions/cmake)
[1.356s] -- Eigen found (include: /usr/include/eigen3, version: 3.4.0)
[1.368s] -- Found Boost: /usr/lib/x86_64-linux-gnu/cmake/Boost-1.74.0/BoostConfig.cmake (found suitable version "1.74.0", minimum required is "1.65.0") found components: system filesystem date_time iostreams serialization 
[1.396s] -- FLANN found (include: /usr/include, lib: /usr/lib/x86_64-linux-gnu/libflann_cpp.so)
[1.782s] -- OpenNI found (version: 1.5.4.0, include: /usr/include/ni, lib: /usr/lib/libOpenNI.so;libusb::libusb)
[1.790s] -- OpenNI2 found (version: 2.2.0.33, include: /usr/include/openni2, lib: /usr/lib/x86_64-linux-gnu/libOpenNI2.so;libusb::libusb)
[1.790s] [0m** WARNING ** io features related to pcap will be disabled[0m
[1.986s] -- Eigen found (include: /usr/include/eigen3, version: 3.4.0)
[1.993s] -- OpenNI found (version: 1.5.4.0, include: /usr/include/ni, lib: /usr/lib/libOpenNI.so;libusb::libusb)
[2.001s] -- OpenNI2 found (version: 2.2.0.33, include: /usr/include/openni2, lib: /usr/lib/x86_64-linux-gnu/libOpenNI2.so;libusb::libusb)
[2.198s] -- Found Qhull version 8.0.2
[2.404s] -- OpenNI found (version: 1.5.4.0, include: /usr/include/ni, lib: /usr/lib/libOpenNI.so;libusb::libusb)
[2.598s] -- looking for PCL_COMMON
[2.598s] -- looking for PCL_KDTREE
[2.599s] -- looking for PCL_OCTREE
[2.600s] -- looking for PCL_SEARCH
[2.600s] -- looking for PCL_SAMPLE_CONSENSUS
[2.601s] -- looking for PCL_FILTERS
[2.601s] -- looking for PCL_2D
[2.602s] -- looking for PCL_GEOMETRY
[2.602s] -- looking for PCL_IO
[2.602s] -- looking for PCL_FEATURES
[2.603s] -- looking for PCL_ML
[2.603s] -- looking for PCL_SEGMENTATION
[2.604s] -- looking for PCL_VISUALIZATION
[2.604s] -- looking for PCL_SURFACE
[2.605s] -- looking for PCL_REGISTRATION
[2.605s] -- looking for PCL_KEYPOINTS
[2.606s] -- looking for PCL_TRACKING
[2.608s] -- looking for PCL_RECOGNITION
[2.608s] -- looking for PCL_STEREO
[2.608s] -- looking for PCL_APPS
[2.609s] -- looking for PCL_IN_HAND_SCANNER
[2.610s] -- looking for PCL_MODELER
[2.610s] -- looking for PCL_POINT_CLOUD_EDITOR
[2.610s] -- looking for PCL_OUTOFCORE
[2.611s] -- looking for PCL_PEOPLE
[2.632s] -- GTSAM include directory:  /usr/local/lib/cmake/GTSAM/../../../include
[2.638s] -- Found Boost: /usr/lib/x86_64-linux-gnu/cmake/Boost-1.74.0/BoostConfig.cmake (found version "1.74.0") found components: thread serialization timer 
[2.809s] -- Found AMD headers in: /usr/include/suitesparse
[2.809s] -- Found AMD library: /usr/lib/x86_64-linux-gnu/libamd.so
[2.809s] -- Found CAMD headers in: /usr/include/suitesparse
[2.810s] -- Found CAMD library: /usr/lib/x86_64-linux-gnu/libcamd.so
[2.810s] -- Found CCOLAMD headers in: /usr/include/suitesparse
[2.810s] -- Found CCOLAMD library: /usr/lib/x86_64-linux-gnu/libccolamd.so
[2.810s] -- Found CHOLMOD headers in: /usr/include/suitesparse
[2.810s] -- Found CHOLMOD library: /usr/lib/x86_64-linux-gnu/libcholmod.so
[2.810s] -- Found COLAMD headers in: /usr/include/suitesparse
[2.810s] -- Found COLAMD library: /usr/lib/x86_64-linux-gnu/libcolamd.so
[2.810s] -- Found SPQR headers in: /usr/include/suitesparse
[2.810s] -- Found SPQR library: /usr/lib/x86_64-linux-gnu/libspqr.so
[2.810s] -- Found Config headers in: /usr/include/suitesparse
[2.810s] -- Found Config library: /usr/lib/x86_64-linux-gnu/libsuitesparseconfig.so
[2.811s] -- Found Intel Thread Building Blocks (TBB) library (2021.5 / ) include location: . Assuming SuiteSparseQR was compiled with TBB.
[2.811s] -- Adding librt to SuiteSparse_config libraries (required on Linux & Unix [not OSX] if SuiteSparse is compiled with timing).
[2.816s] -- Could NOT find METIS (missing: METIS_INCLUDE_DIR METIS_LIBRARY) 
[2.821s] -- Found required Ceres dependency: Eigen version 3.4.0 in /usr/share/eigen3/cmake
[2.823s] -- Found required Ceres dependency: glog
[2.824s] -- Found required Ceres dependency: gflags
[2.824s] -- Found Ceres version: 2.2.0 installed in: /usr/local with components: [EigenSparse, SparseLinearAlgebraLibrary, LAPACK, SuiteSparse, SchurSpecializations]
[2.999s] -- Configuring done
[5.970s] -- Generating done
[5.998s] -- Build files have been written to: /home/evan/code/Complete_slam_system/lidar_slam_system/build/lidar_slam
[6.157s] [35m[1mConsolidate compiler generated dependencies of target lidar_slam[0m
[6.246s] [ 20%] [32mBuilding CXX object CMakeFiles/lidar_slam.dir/src/data_process.cpp.o[0m
[42.823s] [ 40%] [32mBuilding CXX object CMakeFiles/lidar_slam.dir/src/main.cpp.o[0m
[47.889s] [01m[K/home/evan/code/Complete_slam_system/lidar_slam_system/src/lidar_slam/src/main.cpp:7:10:[m[K [01;31m[Kfatal error: [m[KmapOptmization.h: No such file or directory
[47.889s]     7 | #include [01;31m[K"mapOptmization.h"[m[K
[47.889s]       |          [01;31m[K^~~~~~~~~~~~~~~~~~[m[K
[47.889s] compilation terminated.
[47.963s] gmake[2]: *** [CMakeFiles/lidar_slam.dir/build.make:118: CMakeFiles/lidar_slam.dir/src/main.cpp.o] Error 1
[47.963s] gmake[1]: *** [CMakeFiles/Makefile2:137: CMakeFiles/lidar_slam.dir/all] Error 2
[47.963s] gmake: *** [Makefile:146: all] Error 2
[47.965s] Invoked command in '/home/evan/code/Complete_slam_system/lidar_slam_system/build/lidar_slam' returned '2': CMAKE_PREFIX_PATH=${CMAKE_PREFIX_PATH}:/home/evan/code/lego-loam/lego/install/cloud_msgs:/opt/ros/humble /usr/bin/cmake --build /home/evan/code/Complete_slam_system/lidar_slam_system/build/lidar_slam -- -j4 -l4
