[0.322s] DEBUG:colcon:Command line arguments: ['/usr/bin/colcon', 'build', '--packages-select', 'lidar_slam']
[0.322s] DEBUG:colcon:Parsed command line arguments: Namespace(log_base=None, log_level=None, verb_name='build', build_base='build', install_base='install', merge_install=False, symlink_install=False, test_result_base=None, continue_on_error=False, executor='parallel', parallel_workers=4, event_handlers=None, ignore_user_meta=False, metas=['./colcon.meta'], base_paths=['.'], packages_ignore=None, packages_ignore_regex=None, paths=None, packages_up_to=None, packages_up_to_regex=None, packages_above=None, packages_above_and_dependencies=None, packages_above_depth=None, packages_select_by_dep=None, packages_skip_by_dep=None, packages_skip_up_to=None, packages_select_build_failed=False, packages_skip_build_finished=False, packages_select_test_failures=False, packages_skip_test_passed=False, packages_select=['lidar_slam'], packages_skip=None, packages_select_regex=None, packages_skip_regex=None, packages_start=None, packages_end=None, allow_overriding=[], cmake_args=None, cmake_target=None, cmake_target_skip_unavailable=False, cmake_clean_cache=False, cmake_clean_first=False, cmake_force_configure=False, ament_cmake_args=None, catkin_cmake_args=None, catkin_skip_building_tests=False, verb_parser=<colcon_defaults.argument_parser.defaults.DefaultArgumentsDecorator object at 0x7fed62522800>, verb_extension=<colcon_core.verb.build.BuildVerb object at 0x7fed62d48af0>, main=<bound method BuildVerb.main of <colcon_core.verb.build.BuildVerb object at 0x7fed62d48af0>>)
[0.353s] Level 1:colcon.colcon_core.package_discovery:discover_packages(colcon_meta) check parameters
[0.354s] Level 1:colcon.colcon_core.package_discovery:discover_packages(recursive) check parameters
[0.354s] Level 1:colcon.colcon_core.package_discovery:discover_packages(ignore) check parameters
[0.354s] Level 1:colcon.colcon_core.package_discovery:discover_packages(path) check parameters
[0.354s] Level 1:colcon.colcon_core.package_discovery:discover_packages(colcon_meta) discover
[0.354s] Level 1:colcon.colcon_core.package_discovery:discover_packages(recursive) discover
[0.354s] INFO:colcon.colcon_core.package_discovery:Crawling recursively for packages in '/home/evan/code/Complete_slam_system/lidar_slam_system'
[0.354s] Level 1:colcon.colcon_core.package_identification:_identify(.) by extensions ['ignore', 'ignore_ament_install']
[0.354s] Level 1:colcon.colcon_core.package_identification:_identify(.) by extension 'ignore'
[0.354s] Level 1:colcon.colcon_core.package_identification:_identify(.) by extension 'ignore_ament_install'
[0.354s] Level 1:colcon.colcon_core.package_identification:_identify(.) by extensions ['colcon_pkg']
[0.354s] Level 1:colcon.colcon_core.package_identification:_identify(.) by extension 'colcon_pkg'
[0.354s] Level 1:colcon.colcon_core.package_identification:_identify(.) by extensions ['colcon_meta']
[0.354s] Level 1:colcon.colcon_core.package_identification:_identify(.) by extension 'colcon_meta'
[0.355s] Level 1:colcon.colcon_core.package_identification:_identify(.) by extensions ['ros']
[0.355s] Level 1:colcon.colcon_core.package_identification:_identify(.) by extension 'ros'
[0.366s] Level 1:colcon.colcon_core.package_identification:_identify(.) by extensions ['cmake', 'python']
[0.366s] Level 1:colcon.colcon_core.package_identification:_identify(.) by extension 'cmake'
[0.366s] Level 1:colcon.colcon_core.package_identification:_identify(.) by extension 'python'
[0.366s] Level 1:colcon.colcon_core.package_identification:_identify(.) by extensions ['python_setup_py']
[0.366s] Level 1:colcon.colcon_core.package_identification:_identify(.) by extension 'python_setup_py'
[0.366s] Level 1:colcon.colcon_core.package_identification:_identify(build) by extensions ['ignore', 'ignore_ament_install']
[0.366s] Level 1:colcon.colcon_core.package_identification:_identify(build) by extension 'ignore'
[0.366s] Level 1:colcon.colcon_core.package_identification:_identify(build) ignored
[0.367s] Level 1:colcon.colcon_core.package_identification:_identify(install) by extensions ['ignore', 'ignore_ament_install']
[0.367s] Level 1:colcon.colcon_core.package_identification:_identify(install) by extension 'ignore'
[0.367s] Level 1:colcon.colcon_core.package_identification:_identify(install) ignored
[0.367s] Level 1:colcon.colcon_core.package_identification:_identify(log) by extensions ['ignore', 'ignore_ament_install']
[0.367s] Level 1:colcon.colcon_core.package_identification:_identify(log) by extension 'ignore'
[0.367s] Level 1:colcon.colcon_core.package_identification:_identify(log) ignored
[0.367s] Level 1:colcon.colcon_core.package_identification:_identify(src) by extensions ['ignore', 'ignore_ament_install']
[0.367s] Level 1:colcon.colcon_core.package_identification:_identify(src) by extension 'ignore'
[0.368s] Level 1:colcon.colcon_core.package_identification:_identify(src) by extension 'ignore_ament_install'
[0.368s] Level 1:colcon.colcon_core.package_identification:_identify(src) by extensions ['colcon_pkg']
[0.368s] Level 1:colcon.colcon_core.package_identification:_identify(src) by extension 'colcon_pkg'
[0.368s] Level 1:colcon.colcon_core.package_identification:_identify(src) by extensions ['colcon_meta']
[0.368s] Level 1:colcon.colcon_core.package_identification:_identify(src) by extension 'colcon_meta'
[0.368s] Level 1:colcon.colcon_core.package_identification:_identify(src) by extensions ['ros']
[0.368s] Level 1:colcon.colcon_core.package_identification:_identify(src) by extension 'ros'
[0.368s] Level 1:colcon.colcon_core.package_identification:_identify(src) by extensions ['cmake', 'python']
[0.368s] Level 1:colcon.colcon_core.package_identification:_identify(src) by extension 'cmake'
[0.368s] Level 1:colcon.colcon_core.package_identification:_identify(src) by extension 'python'
[0.368s] Level 1:colcon.colcon_core.package_identification:_identify(src) by extensions ['python_setup_py']
[0.368s] Level 1:colcon.colcon_core.package_identification:_identify(src) by extension 'python_setup_py'
[0.368s] Level 1:colcon.colcon_core.package_identification:_identify(src/lidar_slam) by extensions ['ignore', 'ignore_ament_install']
[0.368s] Level 1:colcon.colcon_core.package_identification:_identify(src/lidar_slam) by extension 'ignore'
[0.368s] Level 1:colcon.colcon_core.package_identification:_identify(src/lidar_slam) by extension 'ignore_ament_install'
[0.369s] Level 1:colcon.colcon_core.package_identification:_identify(src/lidar_slam) by extensions ['colcon_pkg']
[0.369s] Level 1:colcon.colcon_core.package_identification:_identify(src/lidar_slam) by extension 'colcon_pkg'
[0.369s] Level 1:colcon.colcon_core.package_identification:_identify(src/lidar_slam) by extensions ['colcon_meta']
[0.369s] Level 1:colcon.colcon_core.package_identification:_identify(src/lidar_slam) by extension 'colcon_meta'
[0.369s] Level 1:colcon.colcon_core.package_identification:_identify(src/lidar_slam) by extensions ['ros']
[0.369s] Level 1:colcon.colcon_core.package_identification:_identify(src/lidar_slam) by extension 'ros'
[0.371s] DEBUG:colcon.colcon_core.package_identification:Package 'src/lidar_slam' with type 'ros.ament_cmake' and name 'lidar_slam'
[0.371s] Level 1:colcon.colcon_core.package_identification:_identify(src/lidar_slam_msgs) by extensions ['ignore', 'ignore_ament_install']
[0.371s] Level 1:colcon.colcon_core.package_identification:_identify(src/lidar_slam_msgs) by extension 'ignore'
[0.372s] Level 1:colcon.colcon_core.package_identification:_identify(src/lidar_slam_msgs) by extension 'ignore_ament_install'
[0.372s] Level 1:colcon.colcon_core.package_identification:_identify(src/lidar_slam_msgs) by extensions ['colcon_pkg']
[0.372s] Level 1:colcon.colcon_core.package_identification:_identify(src/lidar_slam_msgs) by extension 'colcon_pkg'
[0.372s] Level 1:colcon.colcon_core.package_identification:_identify(src/lidar_slam_msgs) by extensions ['colcon_meta']
[0.372s] Level 1:colcon.colcon_core.package_identification:_identify(src/lidar_slam_msgs) by extension 'colcon_meta'
[0.372s] Level 1:colcon.colcon_core.package_identification:_identify(src/lidar_slam_msgs) by extensions ['ros']
[0.372s] Level 1:colcon.colcon_core.package_identification:_identify(src/lidar_slam_msgs) by extension 'ros'
[0.372s] DEBUG:colcon.colcon_core.package_identification:Package 'src/lidar_slam_msgs' with type 'ros.ament_cmake' and name 'lidar_slam_msgs'
[0.373s] Level 1:colcon.colcon_core.package_discovery:discover_packages(recursive) using defaults
[0.373s] Level 1:colcon.colcon_core.package_discovery:discover_packages(ignore) discover
[0.373s] Level 1:colcon.colcon_core.package_discovery:discover_packages(ignore) using defaults
[0.373s] Level 1:colcon.colcon_core.package_discovery:discover_packages(path) discover
[0.373s] Level 1:colcon.colcon_core.package_discovery:discover_packages(path) using defaults
[0.397s] INFO:colcon.colcon_core.package_selection:Skipping not selected package 'lidar_slam_msgs' in 'src/lidar_slam_msgs'
[0.398s] Level 1:colcon.colcon_core.package_discovery:discover_packages(prefix_path) check parameters
[0.398s] Level 1:colcon.colcon_core.package_discovery:discover_packages(prefix_path) discover
[0.401s] DEBUG:colcon.colcon_installed_package_information.package_discovery:Found 2 installed packages in /home/evan/code/lidar_slam/lidar_slam/install
[0.402s] DEBUG:colcon.colcon_installed_package_information.package_discovery:Found 2 installed packages in /home/evan/code/Complete_slam_system/lidar_slam_system/install
[0.403s] DEBUG:colcon.colcon_installed_package_information.package_discovery:Found 2 installed packages in /home/evan/code/lego-loam/lego/install
[0.404s] DEBUG:colcon.colcon_installed_package_information.package_discovery:Found 7 installed packages in /home/evan/code/ndt-loc/install
[0.406s] DEBUG:colcon.colcon_installed_package_information.package_discovery:Found 270 installed packages in /opt/ros/humble
[0.407s] Level 1:colcon.colcon_core.package_discovery:discover_packages(prefix_path) using defaults
[0.468s] Level 5:colcon.colcon_core.verb:set package 'lidar_slam' build argument 'cmake_args' from command line to 'None'
[0.468s] Level 5:colcon.colcon_core.verb:set package 'lidar_slam' build argument 'cmake_target' from command line to 'None'
[0.468s] Level 5:colcon.colcon_core.verb:set package 'lidar_slam' build argument 'cmake_target_skip_unavailable' from command line to 'False'
[0.468s] Level 5:colcon.colcon_core.verb:set package 'lidar_slam' build argument 'cmake_clean_cache' from command line to 'False'
[0.468s] Level 5:colcon.colcon_core.verb:set package 'lidar_slam' build argument 'cmake_clean_first' from command line to 'False'
[0.468s] Level 5:colcon.colcon_core.verb:set package 'lidar_slam' build argument 'cmake_force_configure' from command line to 'False'
[0.468s] Level 5:colcon.colcon_core.verb:set package 'lidar_slam' build argument 'ament_cmake_args' from command line to 'None'
[0.468s] Level 5:colcon.colcon_core.verb:set package 'lidar_slam' build argument 'catkin_cmake_args' from command line to 'None'
[0.468s] Level 5:colcon.colcon_core.verb:set package 'lidar_slam' build argument 'catkin_skip_building_tests' from command line to 'False'
[0.468s] DEBUG:colcon.colcon_core.verb:Building package 'lidar_slam' with the following arguments: {'ament_cmake_args': None, 'build_base': '/home/evan/code/Complete_slam_system/lidar_slam_system/build/lidar_slam', 'catkin_cmake_args': None, 'catkin_skip_building_tests': False, 'cmake_args': None, 'cmake_clean_cache': False, 'cmake_clean_first': False, 'cmake_force_configure': False, 'cmake_target': None, 'cmake_target_skip_unavailable': False, 'install_base': '/home/evan/code/Complete_slam_system/lidar_slam_system/install/lidar_slam', 'merge_install': False, 'path': '/home/evan/code/Complete_slam_system/lidar_slam_system/src/lidar_slam', 'symlink_install': False, 'test_result_base': None}
[0.469s] INFO:colcon.colcon_core.executor:Executing jobs using 'parallel' executor
[0.472s] DEBUG:colcon.colcon_parallel_executor.executor.parallel:run_until_complete
[0.472s] INFO:colcon.colcon_ros.task.ament_cmake.build:Building ROS package in '/home/evan/code/Complete_slam_system/lidar_slam_system/src/lidar_slam' with build type 'ament_cmake'
[0.473s] INFO:colcon.colcon_cmake.task.cmake.build:Building CMake package in '/home/evan/code/Complete_slam_system/lidar_slam_system/src/lidar_slam'
[0.479s] INFO:colcon.colcon_core.plugin_system:Skipping extension 'colcon_core.shell.bat': Not used on non-Windows systems
[0.479s] INFO:colcon.colcon_core.shell:Skip shell extension 'powershell' for command environment: Not usable outside of PowerShell
[0.479s] DEBUG:colcon.colcon_core.shell:Skip shell extension 'dsv' for command environment
[0.496s] DEBUG:colcon.colcon_core.event_handler.log_command:Invoking command in '/home/evan/code/Complete_slam_system/lidar_slam_system/build/lidar_slam': CMAKE_PREFIX_PATH=${CMAKE_PREFIX_PATH}:/opt/ros/humble /usr/bin/cmake --build /home/evan/code/Complete_slam_system/lidar_slam_system/build/lidar_slam -- -j4 -l4
[16.361s] DEBUG:colcon.colcon_parallel_executor.executor.parallel:run_until_complete was interrupted
[16.361s] DEBUG:colcon.colcon_parallel_executor.executor.parallel:run_until_complete again
[16.369s] DEBUG:colcon.colcon_core.event_handler.log_command:Invoked command in '/home/evan/code/Complete_slam_system/lidar_slam_system/build/lidar_slam' returned '-2': CMAKE_PREFIX_PATH=${CMAKE_PREFIX_PATH}:/opt/ros/humble /usr/bin/cmake --build /home/evan/code/Complete_slam_system/lidar_slam_system/build/lidar_slam -- -j4 -l4
[16.406s] Level 1:colcon.colcon_core.environment:create_environment_scripts_only(lidar_slam)
[16.411s] Level 1:colcon.colcon_core.environment:checking '/home/evan/code/Complete_slam_system/lidar_slam_system/install/lidar_slam' for CMake module files
[16.412s] Level 1:colcon.colcon_core.environment:checking '/home/evan/code/Complete_slam_system/lidar_slam_system/install/lidar_slam' for CMake config files
[16.412s] Level 1:colcon.colcon_core.shell:create_environment_hook('lidar_slam', 'cmake_prefix_path')
[16.413s] INFO:colcon.colcon_core.shell:Creating environment hook '/home/evan/code/Complete_slam_system/lidar_slam_system/install/lidar_slam/share/lidar_slam/hook/cmake_prefix_path.ps1'
[16.414s] INFO:colcon.colcon_core.shell:Creating environment descriptor '/home/evan/code/Complete_slam_system/lidar_slam_system/install/lidar_slam/share/lidar_slam/hook/cmake_prefix_path.dsv'
[16.418s] INFO:colcon.colcon_core.shell:Creating environment hook '/home/evan/code/Complete_slam_system/lidar_slam_system/install/lidar_slam/share/lidar_slam/hook/cmake_prefix_path.sh'
[16.419s] Level 1:colcon.colcon_core.environment:checking '/home/evan/code/Complete_slam_system/lidar_slam_system/install/lidar_slam/lib'
[16.419s] Level 1:colcon.colcon_core.environment:checking '/home/evan/code/Complete_slam_system/lidar_slam_system/install/lidar_slam/bin'
[16.419s] Level 1:colcon.colcon_core.environment:checking '/home/evan/code/Complete_slam_system/lidar_slam_system/install/lidar_slam/lib/pkgconfig/lidar_slam.pc'
[16.420s] Level 1:colcon.colcon_core.environment:checking '/home/evan/code/Complete_slam_system/lidar_slam_system/install/lidar_slam/lib/python3.10/site-packages'
[16.420s] Level 1:colcon.colcon_core.environment:checking '/home/evan/code/Complete_slam_system/lidar_slam_system/install/lidar_slam/bin'
[16.422s] INFO:colcon.colcon_core.shell:Creating package script '/home/evan/code/Complete_slam_system/lidar_slam_system/install/lidar_slam/share/lidar_slam/package.ps1'
[16.423s] INFO:colcon.colcon_core.shell:Creating package descriptor '/home/evan/code/Complete_slam_system/lidar_slam_system/install/lidar_slam/share/lidar_slam/package.dsv'
[16.424s] INFO:colcon.colcon_core.shell:Creating package script '/home/evan/code/Complete_slam_system/lidar_slam_system/install/lidar_slam/share/lidar_slam/package.sh'
[16.425s] INFO:colcon.colcon_core.shell:Creating package script '/home/evan/code/Complete_slam_system/lidar_slam_system/install/lidar_slam/share/lidar_slam/package.bash'
[16.426s] INFO:colcon.colcon_core.shell:Creating package script '/home/evan/code/Complete_slam_system/lidar_slam_system/install/lidar_slam/share/lidar_slam/package.zsh'
[16.427s] Level 1:colcon.colcon_core.environment:create_file_with_runtime_dependencies(/home/evan/code/Complete_slam_system/lidar_slam_system/install/lidar_slam/share/colcon-core/packages/lidar_slam)
[16.437s] DEBUG:colcon.colcon_parallel_executor.executor.parallel:run_until_complete finished
[16.438s] DEBUG:colcon.colcon_parallel_executor.executor.parallel:closing loop
[16.438s] DEBUG:colcon.colcon_parallel_executor.executor.parallel:loop closed
[16.438s] DEBUG:colcon.colcon_core.event_reactor:joining thread
[16.444s] INFO:colcon.colcon_core.plugin_system:Skipping extension 'colcon_notification.desktop_notification.terminal_notifier': Not used on non-Darwin systems
[16.444s] INFO:colcon.colcon_core.plugin_system:Skipping extension 'colcon_notification.desktop_notification.win32': Not used on non-Windows systems
[16.444s] INFO:colcon.colcon_notification.desktop_notification:Sending desktop notification using 'notify2'
[16.459s] DEBUG:colcon.colcon_core.event_reactor:joined thread
[16.461s] INFO:colcon.colcon_core.shell:Creating prefix script '/home/evan/code/Complete_slam_system/lidar_slam_system/install/local_setup.ps1'
[16.462s] INFO:colcon.colcon_core.shell:Creating prefix util module '/home/evan/code/Complete_slam_system/lidar_slam_system/install/_local_setup_util_ps1.py'
[16.464s] INFO:colcon.colcon_core.shell:Creating prefix chain script '/home/evan/code/Complete_slam_system/lidar_slam_system/install/setup.ps1'
[16.467s] INFO:colcon.colcon_core.shell:Creating prefix script '/home/evan/code/Complete_slam_system/lidar_slam_system/install/local_setup.sh'
[16.468s] INFO:colcon.colcon_core.shell:Creating prefix util module '/home/evan/code/Complete_slam_system/lidar_slam_system/install/_local_setup_util_sh.py'
[16.469s] INFO:colcon.colcon_core.shell:Creating prefix chain script '/home/evan/code/Complete_slam_system/lidar_slam_system/install/setup.sh'
[16.472s] INFO:colcon.colcon_core.shell:Creating prefix script '/home/evan/code/Complete_slam_system/lidar_slam_system/install/local_setup.bash'
[16.476s] INFO:colcon.colcon_core.shell:Creating prefix chain script '/home/evan/code/Complete_slam_system/lidar_slam_system/install/setup.bash'
[16.480s] INFO:colcon.colcon_core.shell:Creating prefix script '/home/evan/code/Complete_slam_system/lidar_slam_system/install/local_setup.zsh'
[16.481s] INFO:colcon.colcon_core.shell:Creating prefix chain script '/home/evan/code/Complete_slam_system/lidar_slam_system/install/setup.zsh'
