[0.024s] Invoking command in '/home/evan/code/Complete_slam_system/lidar_slam_system/build/lidar_slam': CMAKE_PREFIX_PATH=${CMAKE_PREFIX_PATH}:/opt/ros/humble /usr/bin/cmake --build /home/evan/code/Complete_slam_system/lidar_slam_system/build/lidar_slam -- -j4 -l4
[0.054s] -- Found ament_cmake: 1.3.3 (/opt/ros/humble/share/ament_cmake/cmake)
[0.219s] -- Found rclcpp: 16.0.3 (/opt/ros/humble/share/rclcpp/cmake)
[0.254s] -- Found rosidl_generator_c: 3.1.4 (/opt/ros/humble/share/rosidl_generator_c/cmake)
[0.257s] -- Found rosidl_adapter: 3.1.4 (/opt/ros/humble/share/rosidl_adapter/cmake)
[0.263s] -- Found rosidl_generator_cpp: 3.1.4 (/opt/ros/humble/share/rosidl_generator_cpp/cmake)
[0.277s] -- Using all available rosidl_typesupport_c: rosidl_typesupport_fastrtps_c;rosidl_typesupport_introspection_c
[0.296s] -- Using all available rosidl_typesupport_cpp: rosidl_typesupport_fastrtps_cpp;rosidl_typesupport_introspection_cpp
[0.370s] -- Found rmw_implementation_cmake: 6.1.1 (/opt/ros/humble/share/rmw_implementation_cmake/cmake)
[0.373s] -- Found rmw_fastrtps_cpp: 6.2.2 (/opt/ros/humble/share/rmw_fastrtps_cpp/cmake)
[0.526s] -- Using RMW implementation 'rmw_fastrtps_cpp' as default
[0.728s] -- Found sensor_msgs: 4.2.3 (/opt/ros/humble/share/sensor_msgs/cmake)
[0.884s] -- Found nav_msgs: 4.2.3 (/opt/ros/humble/share/nav_msgs/cmake)
[0.987s] -- Found pcl_conversions: 2.4.0 (/opt/ros/humble/share/pcl_conversions/cmake)
[1.161s] -- Eigen found (include: /usr/include/eigen3, version: 3.4.0)
[1.172s] -- Found Boost: /usr/lib/x86_64-linux-gnu/cmake/Boost-1.74.0/BoostConfig.cmake (found suitable version "1.74.0", minimum required is "1.65.0") found components: system filesystem date_time iostreams serialization 
[1.196s] -- FLANN found (include: /usr/include, lib: /usr/lib/x86_64-linux-gnu/libflann_cpp.so)
[1.536s] -- OpenNI found (version: 1.5.4.0, include: /usr/include/ni, lib: /usr/lib/libOpenNI.so;libusb::libusb)
[1.543s] -- OpenNI2 found (version: 2.2.0.33, include: /usr/include/openni2, lib: /usr/lib/x86_64-linux-gnu/libOpenNI2.so;libusb::libusb)
[1.543s] [0m** WARNING ** io features related to pcap will be disabled[0m
[1.718s] -- Eigen found (include: /usr/include/eigen3, version: 3.4.0)
[1.726s] -- OpenNI found (version: 1.5.4.0, include: /usr/include/ni, lib: /usr/lib/libOpenNI.so;libusb::libusb)
[1.733s] -- OpenNI2 found (version: 2.2.0.33, include: /usr/include/openni2, lib: /usr/lib/x86_64-linux-gnu/libOpenNI2.so;libusb::libusb)
[1.906s] -- Found Qhull version 8.0.2
[2.082s] -- OpenNI found (version: 1.5.4.0, include: /usr/include/ni, lib: /usr/lib/libOpenNI.so;libusb::libusb)
[2.255s] -- looking for PCL_COMMON
[2.255s] -- looking for PCL_KDTREE
[2.256s] -- looking for PCL_OCTREE
[2.257s] -- looking for PCL_SEARCH
[2.257s] -- looking for PCL_SAMPLE_CONSENSUS
[2.257s] -- looking for PCL_FILTERS
[2.258s] -- looking for PCL_2D
[2.258s] -- looking for PCL_GEOMETRY
[2.258s] -- looking for PCL_IO
[2.259s] -- looking for PCL_FEATURES
[2.260s] -- looking for PCL_ML
[2.260s] -- looking for PCL_SEGMENTATION
[2.260s] -- looking for PCL_VISUALIZATION
[2.261s] -- looking for PCL_SURFACE
[2.261s] -- looking for PCL_REGISTRATION
[2.262s] -- looking for PCL_KEYPOINTS
[2.262s] -- looking for PCL_TRACKING
[2.263s] -- looking for PCL_RECOGNITION
[2.263s] -- looking for PCL_STEREO
[2.264s] -- looking for PCL_APPS
[2.265s] -- looking for PCL_IN_HAND_SCANNER
[2.265s] -- looking for PCL_MODELER
[2.265s] -- looking for PCL_POINT_CLOUD_EDITOR
[2.266s] -- looking for PCL_OUTOFCORE
[2.266s] -- looking for PCL_PEOPLE
[2.285s] -- GTSAM include directory:  /usr/local/lib/cmake/GTSAM/../../../include
[2.291s] -- Found Boost: /usr/lib/x86_64-linux-gnu/cmake/Boost-1.74.0/BoostConfig.cmake (found version "1.74.0") found components: thread serialization timer 
[2.456s] -- Configuring done
[2.501s] -- Generating done
[2.504s] -- Build files have been written to: /home/evan/code/Complete_slam_system/lidar_slam_system/build/lidar_slam
[2.558s] [ 66%] [32mBuilding CXX object CMakeFiles/lidar_slam.dir/src/main.cpp.o[0m
[2.558s] [ 66%] [32mBuilding CXX object CMakeFiles/lidar_slam.dir/src/data_process.cpp.o[0m
[2.569s] [01m[K/home/evan/code/Complete_slam_system/lidar_slam_system/src/lidar_slam/src/data_process.cpp:1:10:[m[K [01;31m[Kfatal error: [m[Kdata_process.h: No such file or directory
[2.569s]     1 | #include [01;31m[K"data_process.h"[m[K
[2.569s]       |          [01;31m[K^~~~~~~~~~~~~~~~[m[K
[2.569s] compilation terminated.
[2.570s] gmake[2]: *** [CMakeFiles/lidar_slam.dir/build.make:76: CMakeFiles/lidar_slam.dir/src/data_process.cpp.o] Error 1
[2.570s] gmake[2]: *** Waiting for unfinished jobs....
[2.943s] [01m[K/home/evan/code/Complete_slam_system/lidar_slam_system/src/lidar_slam/src/main.cpp:2:10:[m[K [01;31m[Kfatal error: [m[Kchannel.h: No such file or directory
[2.943s]     2 | #include [01;31m[K"channel.h"[m[K
[2.943s]       |          [01;31m[K^~~~~~~~~~~[m[K
[2.943s] compilation terminated.
[2.946s] gmake[2]: *** [CMakeFiles/lidar_slam.dir/build.make:90: CMakeFiles/lidar_slam.dir/src/main.cpp.o] Error 1
[2.947s] gmake[1]: *** [CMakeFiles/Makefile2:137: CMakeFiles/lidar_slam.dir/all] Error 2
[2.947s] gmake: *** [Makefile:146: all] Error 2
[2.950s] Invoked command in '/home/evan/code/Complete_slam_system/lidar_slam_system/build/lidar_slam' returned '2': CMAKE_PREFIX_PATH=${CMAKE_PREFIX_PATH}:/opt/ros/humble /usr/bin/cmake --build /home/evan/code/Complete_slam_system/lidar_slam_system/build/lidar_slam -- -j4 -l4
