[0.023s] Invoking command in '/home/evan/code/Complete_slam_system/lidar_slam_system/build/lidar_slam': CMAKE_PREFIX_PATH=${CMAKE_PREFIX_PATH}:/opt/ros/humble /usr/bin/cmake --build /home/evan/code/Complete_slam_system/lidar_slam_system/build/lidar_slam -- -j4 -l4
[0.083s] [35m[1mConsolidate compiler generated dependencies of target lidar_slam[0m
[0.131s] [ 33%] [32mBuilding CXX object CMakeFiles/lidar_slam.dir/src/data_process.cpp.o[0m
[14.861s] [ 66%] [32m[1mLinking CXX executable lidar_slam[0m
[16.343s] [100%] Built target lidar_slam
[16.374s] Invoked command in '/home/evan/code/Complete_slam_system/lidar_slam_system/build/lidar_slam' returned '0': CMAKE_PREFIX_PATH=${CMAKE_PREFIX_PATH}:/opt/ros/humble /usr/bin/cmake --build /home/evan/code/Complete_slam_system/lidar_slam_system/build/lidar_slam -- -j4 -l4
[16.423s] Invoking command in '/home/evan/code/Complete_slam_system/lidar_slam_system/build/lidar_slam': CMAKE_PREFIX_PATH=${CMAKE_PREFIX_PATH}:/opt/ros/humble /usr/bin/cmake --install /home/evan/code/Complete_slam_system/lidar_slam_system/build/lidar_slam
[16.431s] -- Install configuration: ""
[16.431s] -- Installing: /home/evan/code/Complete_slam_system/lidar_slam_system/install/lidar_slam/lib/lidar_slam/lidar_slam
[16.437s] -- Set runtime path of "/home/evan/code/Complete_slam_system/lidar_slam_system/install/lidar_slam/lib/lidar_slam/lidar_slam" to ""
[16.437s] -- Up-to-date: /home/evan/code/Complete_slam_system/lidar_slam_system/install/lidar_slam/share/lidar_slam/config
[16.437s] -- Up-to-date: /home/evan/code/Complete_slam_system/lidar_slam_system/install/lidar_slam/share/lidar_slam/config/config.yaml
[16.437s] -- Up-to-date: /home/evan/code/Complete_slam_system/lidar_slam_system/install/lidar_slam/share/lidar_slam/launch
[16.437s] -- Up-to-date: /home/evan/code/Complete_slam_system/lidar_slam_system/install/lidar_slam/share/lidar_slam/launch/__pycache__
[16.437s] -- Up-to-date: /home/evan/code/Complete_slam_system/lidar_slam_system/install/lidar_slam/share/lidar_slam/launch/__pycache__/run.cpython-310.pyc
[16.437s] -- Up-to-date: /home/evan/code/Complete_slam_system/lidar_slam_system/install/lidar_slam/share/lidar_slam/launch/run.py
[16.437s] -- Up-to-date: /home/evan/code/Complete_slam_system/lidar_slam_system/install/lidar_slam/share/lidar_slam/rviz
[16.438s] -- Up-to-date: /home/evan/code/Complete_slam_system/lidar_slam_system/install/lidar_slam/share/lidar_slam/rviz/test.rviz
[16.438s] -- Up-to-date: /home/evan/code/Complete_slam_system/lidar_slam_system/install/lidar_slam/share/ament_index/resource_index/package_run_dependencies/lidar_slam
[16.438s] -- Up-to-date: /home/evan/code/Complete_slam_system/lidar_slam_system/install/lidar_slam/share/ament_index/resource_index/parent_prefix_path/lidar_slam
[16.438s] -- Up-to-date: /home/evan/code/Complete_slam_system/lidar_slam_system/install/lidar_slam/share/lidar_slam/environment/ament_prefix_path.sh
[16.438s] -- Up-to-date: /home/evan/code/Complete_slam_system/lidar_slam_system/install/lidar_slam/share/lidar_slam/environment/ament_prefix_path.dsv
[16.438s] -- Up-to-date: /home/evan/code/Complete_slam_system/lidar_slam_system/install/lidar_slam/share/lidar_slam/environment/path.sh
[16.438s] -- Up-to-date: /home/evan/code/Complete_slam_system/lidar_slam_system/install/lidar_slam/share/lidar_slam/environment/path.dsv
[16.438s] -- Up-to-date: /home/evan/code/Complete_slam_system/lidar_slam_system/install/lidar_slam/share/lidar_slam/local_setup.bash
[16.438s] -- Up-to-date: /home/evan/code/Complete_slam_system/lidar_slam_system/install/lidar_slam/share/lidar_slam/local_setup.sh
[16.438s] -- Up-to-date: /home/evan/code/Complete_slam_system/lidar_slam_system/install/lidar_slam/share/lidar_slam/local_setup.zsh
[16.438s] -- Up-to-date: /home/evan/code/Complete_slam_system/lidar_slam_system/install/lidar_slam/share/lidar_slam/local_setup.dsv
[16.438s] -- Installing: /home/evan/code/Complete_slam_system/lidar_slam_system/install/lidar_slam/share/lidar_slam/package.dsv
[16.438s] -- Up-to-date: /home/evan/code/Complete_slam_system/lidar_slam_system/install/lidar_slam/share/ament_index/resource_index/packages/lidar_slam
[16.439s] -- Up-to-date: /home/evan/code/Complete_slam_system/lidar_slam_system/install/lidar_slam/share/lidar_slam/cmake/ament_cmake_export_include_directories-extras.cmake
[16.439s] -- Up-to-date: /home/evan/code/Complete_slam_system/lidar_slam_system/install/lidar_slam/share/lidar_slam/cmake/lidar_slamConfig.cmake
[16.439s] -- Up-to-date: /home/evan/code/Complete_slam_system/lidar_slam_system/install/lidar_slam/share/lidar_slam/cmake/lidar_slamConfig-version.cmake
[16.439s] -- Up-to-date: /home/evan/code/Complete_slam_system/lidar_slam_system/install/lidar_slam/share/lidar_slam/package.xml
[16.440s] Invoked command in '/home/evan/code/Complete_slam_system/lidar_slam_system/build/lidar_slam' returned '0': CMAKE_PREFIX_PATH=${CMAKE_PREFIX_PATH}:/opt/ros/humble /usr/bin/cmake --install /home/evan/code/Complete_slam_system/lidar_slam_system/build/lidar_slam
