[0.239s] Invoking command in '/home/evan/code/Complete_slam_system/lidar_slam_system/build/lidar_slam': CMAKE_PREFIX_PATH=${CMAKE_PREFIX_PATH}:/opt/ros/humble /usr/bin/cmake --build /home/evan/code/Complete_slam_system/lidar_slam_system/build/lidar_slam -- -j4 -l4
[4.511s] [35m[1mConsolidate compiler generated dependencies of target lidar_slam[0m
[4.695s] [ 25%] [32mBuilding CXX object CMakeFiles/lidar_slam.dir/src/data_process.cpp.o[0m
[25.672s] [ 50%] [32m[1mLinking CXX executable lidar_slam[0m
[50.738s] [100%] Built target lidar_slam
[50.751s] Invoked command in '/home/evan/code/Complete_slam_system/lidar_slam_system/build/lidar_slam' returned '0': CMAKE_PREFIX_PATH=${CMAKE_PREFIX_PATH}:/opt/ros/humble /usr/bin/cmake --build /home/evan/code/Complete_slam_system/lidar_slam_system/build/lidar_slam -- -j4 -l4
[50.802s] Invoking command in '/home/evan/code/Complete_slam_system/lidar_slam_system/build/lidar_slam': CMAKE_PREFIX_PATH=${CMAKE_PREFIX_PATH}:/opt/ros/humble /usr/bin/cmake --install /home/evan/code/Complete_slam_system/lidar_slam_system/build/lidar_slam
[50.903s] -- Install configuration: ""
[50.959s] -- Installing: /home/evan/code/Complete_slam_system/lidar_slam_system/install/lidar_slam/lib/lidar_slam/lidar_slam
[51.323s] -- Set runtime path of "/home/evan/code/Complete_slam_system/lidar_slam_system/install/lidar_slam/lib/lidar_slam/lidar_slam" to ""
[51.323s] -- Up-to-date: /home/evan/code/Complete_slam_system/lidar_slam_system/install/lidar_slam/share/lidar_slam/config
[51.323s] -- Up-to-date: /home/evan/code/Complete_slam_system/lidar_slam_system/install/lidar_slam/share/lidar_slam/config/config.yaml
[51.323s] -- Up-to-date: /home/evan/code/Complete_slam_system/lidar_slam_system/install/lidar_slam/share/lidar_slam/launch
[51.323s] -- Up-to-date: /home/evan/code/Complete_slam_system/lidar_slam_system/install/lidar_slam/share/lidar_slam/launch/__pycache__
[51.340s] -- Up-to-date: /home/evan/code/Complete_slam_system/lidar_slam_system/install/lidar_slam/share/lidar_slam/launch/__pycache__/run.cpython-310.pyc
[51.340s] -- Up-to-date: /home/evan/code/Complete_slam_system/lidar_slam_system/install/lidar_slam/share/lidar_slam/launch/run.py
[51.340s] -- Up-to-date: /home/evan/code/Complete_slam_system/lidar_slam_system/install/lidar_slam/share/lidar_slam/rviz
[51.341s] -- Up-to-date: /home/evan/code/Complete_slam_system/lidar_slam_system/install/lidar_slam/share/lidar_slam/rviz/test.rviz
[51.341s] -- Up-to-date: /home/evan/code/Complete_slam_system/lidar_slam_system/install/lidar_slam/share/ament_index/resource_index/package_run_dependencies/lidar_slam
[51.341s] -- Up-to-date: /home/evan/code/Complete_slam_system/lidar_slam_system/install/lidar_slam/share/ament_index/resource_index/parent_prefix_path/lidar_slam
[51.341s] -- Up-to-date: /home/evan/code/Complete_slam_system/lidar_slam_system/install/lidar_slam/share/lidar_slam/environment/ament_prefix_path.sh
[51.341s] -- Up-to-date: /home/evan/code/Complete_slam_system/lidar_slam_system/install/lidar_slam/share/lidar_slam/environment/ament_prefix_path.dsv
[51.341s] -- Up-to-date: /home/evan/code/Complete_slam_system/lidar_slam_system/install/lidar_slam/share/lidar_slam/environment/path.sh
[51.341s] -- Up-to-date: /home/evan/code/Complete_slam_system/lidar_slam_system/install/lidar_slam/share/lidar_slam/environment/path.dsv
[51.341s] -- Up-to-date: /home/evan/code/Complete_slam_system/lidar_slam_system/install/lidar_slam/share/lidar_slam/local_setup.bash
[51.341s] -- Up-to-date: /home/evan/code/Complete_slam_system/lidar_slam_system/install/lidar_slam/share/lidar_slam/local_setup.sh
[51.341s] -- Up-to-date: /home/evan/code/Complete_slam_system/lidar_slam_system/install/lidar_slam/share/lidar_slam/local_setup.zsh
[51.341s] -- Up-to-date: /home/evan/code/Complete_slam_system/lidar_slam_system/install/lidar_slam/share/lidar_slam/local_setup.dsv
[51.341s] -- Installing: /home/evan/code/Complete_slam_system/lidar_slam_system/install/lidar_slam/share/lidar_slam/package.dsv
[51.436s] -- Up-to-date: /home/evan/code/Complete_slam_system/lidar_slam_system/install/lidar_slam/share/ament_index/resource_index/packages/lidar_slam
[51.437s] -- Up-to-date: /home/evan/code/Complete_slam_system/lidar_slam_system/install/lidar_slam/share/lidar_slam/cmake/ament_cmake_export_include_directories-extras.cmake
[51.437s] -- Up-to-date: /home/evan/code/Complete_slam_system/lidar_slam_system/install/lidar_slam/share/lidar_slam/cmake/lidar_slamConfig.cmake
[51.437s] -- Up-to-date: /home/evan/code/Complete_slam_system/lidar_slam_system/install/lidar_slam/share/lidar_slam/cmake/lidar_slamConfig-version.cmake
[51.437s] -- Up-to-date: /home/evan/code/Complete_slam_system/lidar_slam_system/install/lidar_slam/share/lidar_slam/package.xml
[51.440s] Invoked command in '/home/evan/code/Complete_slam_system/lidar_slam_system/build/lidar_slam' returned '0': CMAKE_PREFIX_PATH=${CMAKE_PREFIX_PATH}:/opt/ros/humble /usr/bin/cmake --install /home/evan/code/Complete_slam_system/lidar_slam_system/build/lidar_slam
