[1.118s] Invoking command in '/home/evan/code/Complete_slam_system/lidar_slam_system/build/lidar_slam': CMAKE_PREFIX_PATH=${CMAKE_PREFIX_PATH}:/opt/ros/humble /usr/bin/cmake --build /home/evan/code/Complete_slam_system/lidar_slam_system/build/lidar_slam -- -j4 -l4
[3.869s] -- Found ament_cmake: 1.3.3 (/opt/ros/humble/share/ament_cmake/cmake)
[6.528s] -- Found rclcpp: 16.0.3 (/opt/ros/humble/share/rclcpp/cmake)
[9.612s] -- Found rosidl_generator_c: 3.1.4 (/opt/ros/humble/share/rosidl_generator_c/cmake)
[9.779s] -- Found rosidl_adapter: 3.1.4 (/opt/ros/humble/share/rosidl_adapter/cmake)
[10.136s] -- Found rosidl_generator_cpp: 3.1.4 (/opt/ros/humble/share/rosidl_generator_cpp/cmake)
[11.108s] -- Using all available rosidl_typesupport_c: rosidl_typesupport_fastrtps_c;rosidl_typesupport_introspection_c
[11.412s] -- Using all available rosidl_typesupport_cpp: rosidl_typesupport_fastrtps_cpp;rosidl_typesupport_introspection_cpp
[12.853s] -- Found rmw_implementation_cmake: 6.1.1 (/opt/ros/humble/share/rmw_implementation_cmake/cmake)
[12.984s] -- Found rmw_fastrtps_cpp: 6.2.2 (/opt/ros/humble/share/rmw_fastrtps_cpp/cmake)
[15.482s] -- Using RMW implementation 'rmw_fastrtps_cpp' as default
[17.463s] -- Found sensor_msgs: 4.2.3 (/opt/ros/humble/share/sensor_msgs/cmake)
[18.841s] -- Found nav_msgs: 4.2.3 (/opt/ros/humble/share/nav_msgs/cmake)
[19.538s] -- Found pcl_conversions: 2.4.0 (/opt/ros/humble/share/pcl_conversions/cmake)
[20.193s] -- Eigen found (include: /usr/include/eigen3, version: 3.4.0)
[20.713s] -- Found Boost: /usr/lib/x86_64-linux-gnu/cmake/Boost-1.74.0/BoostConfig.cmake (found suitable version "1.74.0", minimum required is "1.65.0") found components: system filesystem date_time iostreams serialization 
[20.851s] -- FLANN found (include: /usr/include, lib: /usr/lib/x86_64-linux-gnu/libflann_cpp.so)
[34.552s] -- OpenNI found (version: 1.5.4.0, include: /usr/include/ni, lib: /usr/lib/libOpenNI.so;libusb::libusb)
[34.611s] -- OpenNI2 found (version: 2.2.0.33, include: /usr/include/openni2, lib: /usr/lib/x86_64-linux-gnu/libOpenNI2.so;libusb::libusb)
[34.612s] [0m** WARNING ** io features related to pcap will be disabled[0m
[34.803s] -- Eigen found (include: /usr/include/eigen3, version: 3.4.0)
[34.811s] -- OpenNI found (version: 1.5.4.0, include: /usr/include/ni, lib: /usr/lib/libOpenNI.so;libusb::libusb)
[34.820s] -- OpenNI2 found (version: 2.2.0.33, include: /usr/include/openni2, lib: /usr/lib/x86_64-linux-gnu/libOpenNI2.so;libusb::libusb)
[35.064s] -- Found Qhull version 8.0.2
[35.250s] -- OpenNI found (version: 1.5.4.0, include: /usr/include/ni, lib: /usr/lib/libOpenNI.so;libusb::libusb)
[35.432s] -- looking for PCL_COMMON
[35.433s] -- looking for PCL_KDTREE
[35.434s] -- looking for PCL_OCTREE
[35.434s] -- looking for PCL_SEARCH
[35.435s] -- looking for PCL_SAMPLE_CONSENSUS
[35.435s] -- looking for PCL_FILTERS
[35.436s] -- looking for PCL_2D
[35.436s] -- looking for PCL_GEOMETRY
[35.436s] -- looking for PCL_IO
[35.437s] -- looking for PCL_FEATURES
[35.437s] -- looking for PCL_ML
[35.438s] -- looking for PCL_SEGMENTATION
[35.438s] -- looking for PCL_VISUALIZATION
[35.439s] -- looking for PCL_SURFACE
[35.439s] -- looking for PCL_REGISTRATION
[35.440s] -- looking for PCL_KEYPOINTS
[35.440s] -- looking for PCL_TRACKING
[35.441s] -- looking for PCL_RECOGNITION
[35.441s] -- looking for PCL_STEREO
[35.443s] -- looking for PCL_APPS
[35.443s] -- looking for PCL_IN_HAND_SCANNER
[35.444s] -- looking for PCL_MODELER
[35.444s] -- looking for PCL_POINT_CLOUD_EDITOR
[35.445s] -- looking for PCL_OUTOFCORE
[35.445s] -- looking for PCL_PEOPLE
[36.102s] -- GTSAM include directory:  /usr/local/lib/cmake/GTSAM/../../../include
[36.107s] -- Found Boost: /usr/lib/x86_64-linux-gnu/cmake/Boost-1.74.0/BoostConfig.cmake (found version "1.74.0") found components: thread serialization timer 
[36.489s] -- Found AMD headers in: /usr/include/suitesparse
[36.489s] -- Found AMD library: /usr/lib/x86_64-linux-gnu/libamd.so
[36.489s] -- Found CAMD headers in: /usr/include/suitesparse
[36.489s] -- Found CAMD library: /usr/lib/x86_64-linux-gnu/libcamd.so
[36.489s] -- Found CCOLAMD headers in: /usr/include/suitesparse
[36.489s] -- Found CCOLAMD library: /usr/lib/x86_64-linux-gnu/libccolamd.so
[36.489s] -- Found CHOLMOD headers in: /usr/include/suitesparse
[36.489s] -- Found CHOLMOD library: /usr/lib/x86_64-linux-gnu/libcholmod.so
[36.490s] -- Found COLAMD headers in: /usr/include/suitesparse
[36.490s] -- Found COLAMD library: /usr/lib/x86_64-linux-gnu/libcolamd.so
[36.490s] -- Found SPQR headers in: /usr/include/suitesparse
[36.490s] -- Found SPQR library: /usr/lib/x86_64-linux-gnu/libspqr.so
[36.490s] -- Found Config headers in: /usr/include/suitesparse
[36.490s] -- Found Config library: /usr/lib/x86_64-linux-gnu/libsuitesparseconfig.so
[36.490s] -- Found Intel Thread Building Blocks (TBB) library (2021.5 / ) include location: . Assuming SuiteSparseQR was compiled with TBB.
[36.490s] -- Adding librt to SuiteSparse_config libraries (required on Linux & Unix [not OSX] if SuiteSparse is compiled with timing).
[36.560s] -- Could NOT find METIS (missing: METIS_INCLUDE_DIR METIS_LIBRARY) 
[36.564s] -- Found required Ceres dependency: Eigen version 3.4.0 in /usr/share/eigen3/cmake
[36.674s] -- Found required Ceres dependency: glog
[36.675s] -- Found required Ceres dependency: gflags
[36.732s] -- Found Ceres version: 2.2.0 installed in: /usr/local with components: [EigenSparse, SparseLinearAlgebraLibrary, LAPACK, SuiteSparse, SchurSpecializations]
[37.566s] -- Configuring done
[46.246s] -- Generating done
[46.309s] -- Build files have been written to: /home/evan/code/Complete_slam_system/lidar_slam_system/build/lidar_slam
[46.726s] [35m[1mConsolidate compiler generated dependencies of target lidar_slam[0m
[46.791s] [ 20%] [32mBuilding CXX object CMakeFiles/lidar_slam.dir/src/data_process.cpp.o[0m
[83.830s] In file included from [01m[K/home/evan/code/Complete_slam_system/lidar_slam_system/src/lidar_slam/include/lidar_slam/data_process.h:4[m[K,
[83.830s]                  from [01m[K/home/evan/code/Complete_slam_system/lidar_slam_system/src/lidar_slam/src/data_process.cpp:1[m[K:
[83.830s] [01m[K/home/evan/code/Complete_slam_system/lidar_slam_system/src/lidar_slam/include/lidar_slam/slam_utils.h:40:28:[m[K [01;31m[Kerror: [m[K‘[01m[KPointXYZIRPYT[m[K’ in namespace ‘[01m[Kpcl[m[K’ does not name a type; did you mean ‘[01m[KPointXYZRGBL[m[K’?
[83.831s]    40 | using PointTypePose = pcl::[01;31m[KPointXYZIRPYT[m[K;
[83.831s]       |                            [01;31m[K^~~~~~~~~~~~~[m[K
[83.831s]       |                            [32m[KPointXYZRGBL[m[K
[89.290s] gmake[2]: *** [CMakeFiles/lidar_slam.dir/build.make:76: CMakeFiles/lidar_slam.dir/src/data_process.cpp.o] Error 1
[89.290s] gmake[1]: *** [CMakeFiles/Makefile2:137: CMakeFiles/lidar_slam.dir/all] Error 2
[89.291s] gmake: *** [Makefile:146: all] Error 2
[89.293s] Invoked command in '/home/evan/code/Complete_slam_system/lidar_slam_system/build/lidar_slam' returned '2': CMAKE_PREFIX_PATH=${CMAKE_PREFIX_PATH}:/opt/ros/humble /usr/bin/cmake --build /home/evan/code/Complete_slam_system/lidar_slam_system/build/lidar_slam -- -j4 -l4
