[0.032s] Invoking command in '/home/evan/code/Complete_slam_system/lidar_slam_system/build/lidar_slam': CMAKE_PREFIX_PATH=${CMAKE_PREFIX_PATH}:/opt/ros/humble /usr/bin/cmake --build /home/evan/code/Complete_slam_system/lidar_slam_system/build/lidar_slam -- -j4 -l4
[0.066s] -- Found ament_cmake: 1.3.3 (/opt/ros/humble/share/ament_cmake/cmake)
[0.232s] -- Found rclcpp: 16.0.3 (/opt/ros/humble/share/rclcpp/cmake)
[0.267s] -- Found rosidl_generator_c: 3.1.4 (/opt/ros/humble/share/rosidl_generator_c/cmake)
[0.270s] -- Found rosidl_adapter: 3.1.4 (/opt/ros/humble/share/rosidl_adapter/cmake)
[0.277s] -- Found rosidl_generator_cpp: 3.1.4 (/opt/ros/humble/share/rosidl_generator_cpp/cmake)
[0.290s] -- Using all available rosidl_typesupport_c: rosidl_typesupport_fastrtps_c;rosidl_typesupport_introspection_c
[0.311s] -- Using all available rosidl_typesupport_cpp: rosidl_typesupport_fastrtps_cpp;rosidl_typesupport_introspection_cpp
[0.382s] -- Found rmw_implementation_cmake: 6.1.1 (/opt/ros/humble/share/rmw_implementation_cmake/cmake)
[0.384s] -- Found rmw_fastrtps_cpp: 6.2.2 (/opt/ros/humble/share/rmw_fastrtps_cpp/cmake)
[0.539s] -- Using RMW implementation 'rmw_fastrtps_cpp' as default
[0.739s] -- Found sensor_msgs: 4.2.3 (/opt/ros/humble/share/sensor_msgs/cmake)
[0.893s] -- Found nav_msgs: 4.2.3 (/opt/ros/humble/share/nav_msgs/cmake)
[0.996s] -- Found pcl_conversions: 2.4.0 (/opt/ros/humble/share/pcl_conversions/cmake)
[1.172s] -- Eigen found (include: /usr/include/eigen3, version: 3.4.0)
[1.183s] -- Found Boost: /usr/lib/x86_64-linux-gnu/cmake/Boost-1.74.0/BoostConfig.cmake (found suitable version "1.74.0", minimum required is "1.65.0") found components: system filesystem date_time iostreams serialization 
[1.210s] -- FLANN found (include: /usr/include, lib: /usr/lib/x86_64-linux-gnu/libflann_cpp.so)
[1.613s] -- OpenNI found (version: 1.5.4.0, include: /usr/include/ni, lib: /usr/lib/libOpenNI.so;libusb::libusb)
[1.621s] -- OpenNI2 found (version: 2.2.0.33, include: /usr/include/openni2, lib: /usr/lib/x86_64-linux-gnu/libOpenNI2.so;libusb::libusb)
[1.621s] [0m** WARNING ** io features related to pcap will be disabled[0m
[1.805s] -- Eigen found (include: /usr/include/eigen3, version: 3.4.0)
[1.814s] -- OpenNI found (version: 1.5.4.0, include: /usr/include/ni, lib: /usr/lib/libOpenNI.so;libusb::libusb)
[1.824s] -- OpenNI2 found (version: 2.2.0.33, include: /usr/include/openni2, lib: /usr/lib/x86_64-linux-gnu/libOpenNI2.so;libusb::libusb)
[1.987s] -- Found Qhull version 8.0.2
[2.170s] -- OpenNI found (version: 1.5.4.0, include: /usr/include/ni, lib: /usr/lib/libOpenNI.so;libusb::libusb)
[2.339s] -- looking for PCL_COMMON
[2.340s] -- looking for PCL_KDTREE
[2.341s] -- looking for PCL_OCTREE
[2.341s] -- looking for PCL_SEARCH
[2.342s] -- looking for PCL_SAMPLE_CONSENSUS
[2.342s] -- looking for PCL_FILTERS
[2.343s] -- looking for PCL_2D
[2.343s] -- looking for PCL_GEOMETRY
[2.343s] -- looking for PCL_IO
[2.344s] -- looking for PCL_FEATURES
[2.344s] -- looking for PCL_ML
[2.345s] -- looking for PCL_SEGMENTATION
[2.345s] -- looking for PCL_VISUALIZATION
[2.346s] -- looking for PCL_SURFACE
[2.346s] -- looking for PCL_REGISTRATION
[2.347s] -- looking for PCL_KEYPOINTS
[2.348s] -- looking for PCL_TRACKING
[2.348s] -- looking for PCL_RECOGNITION
[2.349s] -- looking for PCL_STEREO
[2.349s] -- looking for PCL_APPS
[2.350s] -- looking for PCL_IN_HAND_SCANNER
[2.350s] -- looking for PCL_MODELER
[2.351s] -- looking for PCL_POINT_CLOUD_EDITOR
[2.351s] -- looking for PCL_OUTOFCORE
[2.351s] -- looking for PCL_PEOPLE
[2.370s] -- GTSAM include directory:  /usr/local/lib/cmake/GTSAM/../../../include
[2.375s] -- Found Boost: /usr/lib/x86_64-linux-gnu/cmake/Boost-1.74.0/BoostConfig.cmake (found version "1.74.0") found components: thread serialization timer 
[2.380s] [31mCMake Error at /opt/ros/humble/share/ament_cmake_target_dependencies/cmake/ament_target_dependencies.cmake:77 (message):
[2.380s]   ament_target_dependencies() the passed package name 'include' was not found
[2.380s]   before
[2.380s] Call Stack (most recent call first):
[2.381s]   CMakeLists.txt:36 (ament_target_dependencies)
[2.381s] 
[2.381s] [0m
[2.381s] -- Configuring incomplete, errors occurred!
[2.381s] See also "/home/evan/code/Complete_slam_system/lidar_slam_system/build/lidar_slam/CMakeFiles/CMakeOutput.log".
[2.395s] gmake: *** [Makefile:294: cmake_check_build_system] Error 1
[2.397s] Invoked command in '/home/evan/code/Complete_slam_system/lidar_slam_system/build/lidar_slam' returned '2': CMAKE_PREFIX_PATH=${CMAKE_PREFIX_PATH}:/opt/ros/humble /usr/bin/cmake --build /home/evan/code/Complete_slam_system/lidar_slam_system/build/lidar_slam -- -j4 -l4
