[25.688s] DEBUG:colcon:Command line arguments: ['/usr/bin/colcon', 'build', '--packages-select', 'lidar_slam']
[25.688s] DEBUG:colcon:Parsed command line arguments: Namespace(log_base=None, log_level=None, verb_name='build', build_base='build', install_base='install', merge_install=False, symlink_install=False, test_result_base=None, continue_on_error=False, executor='parallel', parallel_workers=4, event_handlers=None, ignore_user_meta=False, metas=['./colcon.meta'], base_paths=['.'], packages_ignore=None, packages_ignore_regex=None, paths=None, packages_up_to=None, packages_up_to_regex=None, packages_above=None, packages_above_and_dependencies=None, packages_above_depth=None, packages_select_by_dep=None, packages_skip_by_dep=None, packages_skip_up_to=None, packages_select_build_failed=False, packages_skip_build_finished=False, packages_select_test_failures=False, packages_skip_test_passed=False, packages_select=['lidar_slam'], packages_skip=None, packages_select_regex=None, packages_skip_regex=None, packages_start=None, packages_end=None, allow_overriding=[], cmake_args=None, cmake_target=None, cmake_target_skip_unavailable=False, cmake_clean_cache=False, cmake_clean_first=False, cmake_force_configure=False, ament_cmake_args=None, catkin_cmake_args=None, catkin_skip_building_tests=False, verb_parser=<colcon_defaults.argument_parser.defaults.DefaultArgumentsDecorator object at 0x7f5c961b68f0>, verb_extension=<colcon_core.verb.build.BuildVerb object at 0x7f5c9628b970>, main=<bound method BuildVerb.main of <colcon_core.verb.build.BuildVerb object at 0x7f5c9628b970>>)
[26.449s] Level 1:colcon.colcon_core.package_discovery:discover_packages(colcon_meta) check parameters
[26.449s] Level 1:colcon.colcon_core.package_discovery:discover_packages(recursive) check parameters
[26.449s] Level 1:colcon.colcon_core.package_discovery:discover_packages(ignore) check parameters
[26.449s] Level 1:colcon.colcon_core.package_discovery:discover_packages(path) check parameters
[26.449s] Level 1:colcon.colcon_core.package_discovery:discover_packages(colcon_meta) discover
[26.449s] Level 1:colcon.colcon_core.package_discovery:discover_packages(recursive) discover
[26.449s] INFO:colcon.colcon_core.package_discovery:Crawling recursively for packages in '/home/evan/code/Complete_slam_system/lidar_slam_system'
[26.449s] Level 1:colcon.colcon_core.package_identification:_identify(.) by extensions ['ignore', 'ignore_ament_install']
[26.450s] Level 1:colcon.colcon_core.package_identification:_identify(.) by extension 'ignore'
[26.450s] Level 1:colcon.colcon_core.package_identification:_identify(.) by extension 'ignore_ament_install'
[26.450s] Level 1:colcon.colcon_core.package_identification:_identify(.) by extensions ['colcon_pkg']
[26.450s] Level 1:colcon.colcon_core.package_identification:_identify(.) by extension 'colcon_pkg'
[26.450s] Level 1:colcon.colcon_core.package_identification:_identify(.) by extensions ['colcon_meta']
[26.450s] Level 1:colcon.colcon_core.package_identification:_identify(.) by extension 'colcon_meta'
[26.450s] Level 1:colcon.colcon_core.package_identification:_identify(.) by extensions ['ros']
[26.450s] Level 1:colcon.colcon_core.package_identification:_identify(.) by extension 'ros'
[27.031s] Level 1:colcon.colcon_core.package_identification:_identify(.) by extensions ['cmake', 'python']
[27.031s] Level 1:colcon.colcon_core.package_identification:_identify(.) by extension 'cmake'
[27.031s] Level 1:colcon.colcon_core.package_identification:_identify(.) by extension 'python'
[27.032s] Level 1:colcon.colcon_core.package_identification:_identify(.) by extensions ['python_setup_py']
[27.032s] Level 1:colcon.colcon_core.package_identification:_identify(.) by extension 'python_setup_py'
[27.095s] Level 1:colcon.colcon_core.package_identification:_identify(build) by extensions ['ignore', 'ignore_ament_install']
[27.095s] Level 1:colcon.colcon_core.package_identification:_identify(build) by extension 'ignore'
[27.095s] Level 1:colcon.colcon_core.package_identification:_identify(build) ignored
[27.095s] Level 1:colcon.colcon_core.package_identification:_identify(install) by extensions ['ignore', 'ignore_ament_install']
[27.096s] Level 1:colcon.colcon_core.package_identification:_identify(install) by extension 'ignore'
[27.096s] Level 1:colcon.colcon_core.package_identification:_identify(install) ignored
[27.096s] Level 1:colcon.colcon_core.package_identification:_identify(log) by extensions ['ignore', 'ignore_ament_install']
[27.096s] Level 1:colcon.colcon_core.package_identification:_identify(log) by extension 'ignore'
[27.096s] Level 1:colcon.colcon_core.package_identification:_identify(log) ignored
[27.096s] Level 1:colcon.colcon_core.package_identification:_identify(src) by extensions ['ignore', 'ignore_ament_install']
[27.096s] Level 1:colcon.colcon_core.package_identification:_identify(src) by extension 'ignore'
[27.096s] Level 1:colcon.colcon_core.package_identification:_identify(src) by extension 'ignore_ament_install'
[27.096s] Level 1:colcon.colcon_core.package_identification:_identify(src) by extensions ['colcon_pkg']
[27.096s] Level 1:colcon.colcon_core.package_identification:_identify(src) by extension 'colcon_pkg'
[27.096s] Level 1:colcon.colcon_core.package_identification:_identify(src) by extensions ['colcon_meta']
[27.096s] Level 1:colcon.colcon_core.package_identification:_identify(src) by extension 'colcon_meta'
[27.096s] Level 1:colcon.colcon_core.package_identification:_identify(src) by extensions ['ros']
[27.097s] Level 1:colcon.colcon_core.package_identification:_identify(src) by extension 'ros'
[27.097s] Level 1:colcon.colcon_core.package_identification:_identify(src) by extensions ['cmake', 'python']
[27.097s] Level 1:colcon.colcon_core.package_identification:_identify(src) by extension 'cmake'
[27.097s] Level 1:colcon.colcon_core.package_identification:_identify(src) by extension 'python'
[27.097s] Level 1:colcon.colcon_core.package_identification:_identify(src) by extensions ['python_setup_py']
[27.097s] Level 1:colcon.colcon_core.package_identification:_identify(src) by extension 'python_setup_py'
[27.097s] Level 1:colcon.colcon_core.package_identification:_identify(src/lidar_slam) by extensions ['ignore', 'ignore_ament_install']
[27.097s] Level 1:colcon.colcon_core.package_identification:_identify(src/lidar_slam) by extension 'ignore'
[27.097s] Level 1:colcon.colcon_core.package_identification:_identify(src/lidar_slam) by extension 'ignore_ament_install'
[27.097s] Level 1:colcon.colcon_core.package_identification:_identify(src/lidar_slam) by extensions ['colcon_pkg']
[27.097s] Level 1:colcon.colcon_core.package_identification:_identify(src/lidar_slam) by extension 'colcon_pkg'
[27.097s] Level 1:colcon.colcon_core.package_identification:_identify(src/lidar_slam) by extensions ['colcon_meta']
[27.097s] Level 1:colcon.colcon_core.package_identification:_identify(src/lidar_slam) by extension 'colcon_meta'
[27.097s] Level 1:colcon.colcon_core.package_identification:_identify(src/lidar_slam) by extensions ['ros']
[27.097s] Level 1:colcon.colcon_core.package_identification:_identify(src/lidar_slam) by extension 'ros'
[27.383s] DEBUG:colcon.colcon_core.package_identification:Package 'src/lidar_slam' with type 'ros.ament_cmake' and name 'lidar_slam'
[27.464s] Level 1:colcon.colcon_core.package_identification:_identify(src/lidar_slam_msgs) by extensions ['ignore', 'ignore_ament_install']
[27.464s] Level 1:colcon.colcon_core.package_identification:_identify(src/lidar_slam_msgs) by extension 'ignore'
[27.464s] Level 1:colcon.colcon_core.package_identification:_identify(src/lidar_slam_msgs) by extension 'ignore_ament_install'
[27.464s] Level 1:colcon.colcon_core.package_identification:_identify(src/lidar_slam_msgs) by extensions ['colcon_pkg']
[27.465s] Level 1:colcon.colcon_core.package_identification:_identify(src/lidar_slam_msgs) by extension 'colcon_pkg'
[27.465s] Level 1:colcon.colcon_core.package_identification:_identify(src/lidar_slam_msgs) by extensions ['colcon_meta']
[27.465s] Level 1:colcon.colcon_core.package_identification:_identify(src/lidar_slam_msgs) by extension 'colcon_meta'
[27.465s] Level 1:colcon.colcon_core.package_identification:_identify(src/lidar_slam_msgs) by extensions ['ros']
[27.465s] Level 1:colcon.colcon_core.package_identification:_identify(src/lidar_slam_msgs) by extension 'ros'
[27.466s] DEBUG:colcon.colcon_core.package_identification:Package 'src/lidar_slam_msgs' with type 'ros.ament_cmake' and name 'lidar_slam_msgs'
[27.466s] Level 1:colcon.colcon_core.package_discovery:discover_packages(recursive) using defaults
[27.466s] Level 1:colcon.colcon_core.package_discovery:discover_packages(ignore) discover
[27.466s] Level 1:colcon.colcon_core.package_discovery:discover_packages(ignore) using defaults
[27.466s] Level 1:colcon.colcon_core.package_discovery:discover_packages(path) discover
[27.466s] Level 1:colcon.colcon_core.package_discovery:discover_packages(path) using defaults
[28.097s] INFO:colcon.colcon_core.package_selection:Skipping not selected package 'lidar_slam_msgs' in 'src/lidar_slam_msgs'
[28.098s] Level 1:colcon.colcon_core.package_discovery:discover_packages(prefix_path) check parameters
[28.098s] Level 1:colcon.colcon_core.package_discovery:discover_packages(prefix_path) discover
[28.170s] DEBUG:colcon.colcon_installed_package_information.package_discovery:Found 2 installed packages in /home/evan/code/lidar_slam/lidar_slam/install
[28.171s] DEBUG:colcon.colcon_installed_package_information.package_discovery:Found 2 installed packages in /home/evan/code/Complete_slam_system/lidar_slam_system/install
[28.172s] DEBUG:colcon.colcon_installed_package_information.package_discovery:Found 2 installed packages in /home/evan/code/lego-loam/lego/install
[28.173s] DEBUG:colcon.colcon_installed_package_information.package_discovery:Found 7 installed packages in /home/evan/code/ndt-loc/install
[28.252s] DEBUG:colcon.colcon_installed_package_information.package_discovery:Found 270 installed packages in /opt/ros/humble
[28.254s] Level 1:colcon.colcon_core.package_discovery:discover_packages(prefix_path) using defaults
[28.664s] Level 5:colcon.colcon_core.verb:set package 'lidar_slam' build argument 'cmake_args' from command line to 'None'
[28.664s] Level 5:colcon.colcon_core.verb:set package 'lidar_slam' build argument 'cmake_target' from command line to 'None'
[28.664s] Level 5:colcon.colcon_core.verb:set package 'lidar_slam' build argument 'cmake_target_skip_unavailable' from command line to 'False'
[28.664s] Level 5:colcon.colcon_core.verb:set package 'lidar_slam' build argument 'cmake_clean_cache' from command line to 'False'
[28.664s] Level 5:colcon.colcon_core.verb:set package 'lidar_slam' build argument 'cmake_clean_first' from command line to 'False'
[28.664s] Level 5:colcon.colcon_core.verb:set package 'lidar_slam' build argument 'cmake_force_configure' from command line to 'False'
[28.664s] Level 5:colcon.colcon_core.verb:set package 'lidar_slam' build argument 'ament_cmake_args' from command line to 'None'
[28.664s] Level 5:colcon.colcon_core.verb:set package 'lidar_slam' build argument 'catkin_cmake_args' from command line to 'None'
[28.664s] Level 5:colcon.colcon_core.verb:set package 'lidar_slam' build argument 'catkin_skip_building_tests' from command line to 'False'
[28.664s] DEBUG:colcon.colcon_core.verb:Building package 'lidar_slam' with the following arguments: {'ament_cmake_args': None, 'build_base': '/home/evan/code/Complete_slam_system/lidar_slam_system/build/lidar_slam', 'catkin_cmake_args': None, 'catkin_skip_building_tests': False, 'cmake_args': None, 'cmake_clean_cache': False, 'cmake_clean_first': False, 'cmake_force_configure': False, 'cmake_target': None, 'cmake_target_skip_unavailable': False, 'install_base': '/home/evan/code/Complete_slam_system/lidar_slam_system/install/lidar_slam', 'merge_install': False, 'path': '/home/evan/code/Complete_slam_system/lidar_slam_system/src/lidar_slam', 'symlink_install': False, 'test_result_base': None}
[28.665s] INFO:colcon.colcon_core.executor:Executing jobs using 'parallel' executor
[28.668s] DEBUG:colcon.colcon_parallel_executor.executor.parallel:run_until_complete
[28.669s] INFO:colcon.colcon_ros.task.ament_cmake.build:Building ROS package in '/home/evan/code/Complete_slam_system/lidar_slam_system/src/lidar_slam' with build type 'ament_cmake'
[28.669s] INFO:colcon.colcon_cmake.task.cmake.build:Building CMake package in '/home/evan/code/Complete_slam_system/lidar_slam_system/src/lidar_slam'
[28.673s] INFO:colcon.colcon_core.plugin_system:Skipping extension 'colcon_core.shell.bat': Not used on non-Windows systems
[28.673s] INFO:colcon.colcon_core.shell:Skip shell extension 'powershell' for command environment: Not usable outside of PowerShell
[28.673s] DEBUG:colcon.colcon_core.shell:Skip shell extension 'dsv' for command environment
[29.282s] DEBUG:colcon.colcon_core.event_handler.log_command:Invoking command in '/home/evan/code/Complete_slam_system/lidar_slam_system/build/lidar_slam': CMAKE_PREFIX_PATH=${CMAKE_PREFIX_PATH}:/opt/ros/humble /usr/bin/cmake --build /home/evan/code/Complete_slam_system/lidar_slam_system/build/lidar_slam -- -j4 -l4
[92.748s] DEBUG:colcon.colcon_core.event_handler.log_command:Invoked command in '/home/evan/code/Complete_slam_system/lidar_slam_system/build/lidar_slam' returned '2': CMAKE_PREFIX_PATH=${CMAKE_PREFIX_PATH}:/opt/ros/humble /usr/bin/cmake --build /home/evan/code/Complete_slam_system/lidar_slam_system/build/lidar_slam -- -j4 -l4
[96.923s] Level 1:colcon.colcon_core.environment:create_environment_scripts_only(lidar_slam)
[97.536s] Level 1:colcon.colcon_core.environment:checking '/home/evan/code/Complete_slam_system/lidar_slam_system/install/lidar_slam' for CMake module files
[97.702s] Level 1:colcon.colcon_core.environment:checking '/home/evan/code/Complete_slam_system/lidar_slam_system/install/lidar_slam' for CMake config files
[97.738s] Level 1:colcon.colcon_core.shell:create_environment_hook('lidar_slam', 'cmake_prefix_path')
[97.739s] INFO:colcon.colcon_core.shell:Creating environment hook '/home/evan/code/Complete_slam_system/lidar_slam_system/install/lidar_slam/share/lidar_slam/hook/cmake_prefix_path.ps1'
[97.790s] INFO:colcon.colcon_core.shell:Creating environment descriptor '/home/evan/code/Complete_slam_system/lidar_slam_system/install/lidar_slam/share/lidar_slam/hook/cmake_prefix_path.dsv'
[97.801s] INFO:colcon.colcon_core.shell:Creating environment hook '/home/evan/code/Complete_slam_system/lidar_slam_system/install/lidar_slam/share/lidar_slam/hook/cmake_prefix_path.sh'
[97.802s] Level 1:colcon.colcon_core.environment:checking '/home/evan/code/Complete_slam_system/lidar_slam_system/install/lidar_slam/lib'
[97.802s] Level 1:colcon.colcon_core.environment:checking '/home/evan/code/Complete_slam_system/lidar_slam_system/install/lidar_slam/bin'
[97.802s] Level 1:colcon.colcon_core.environment:checking '/home/evan/code/Complete_slam_system/lidar_slam_system/install/lidar_slam/lib/pkgconfig/lidar_slam.pc'
[97.803s] Level 1:colcon.colcon_core.environment:checking '/home/evan/code/Complete_slam_system/lidar_slam_system/install/lidar_slam/lib/python3.10/site-packages'
[97.803s] Level 1:colcon.colcon_core.environment:checking '/home/evan/code/Complete_slam_system/lidar_slam_system/install/lidar_slam/bin'
[97.804s] INFO:colcon.colcon_core.shell:Creating package script '/home/evan/code/Complete_slam_system/lidar_slam_system/install/lidar_slam/share/lidar_slam/package.ps1'
[97.806s] INFO:colcon.colcon_core.shell:Creating package descriptor '/home/evan/code/Complete_slam_system/lidar_slam_system/install/lidar_slam/share/lidar_slam/package.dsv'
[97.855s] INFO:colcon.colcon_core.shell:Creating package script '/home/evan/code/Complete_slam_system/lidar_slam_system/install/lidar_slam/share/lidar_slam/package.sh'
[97.866s] INFO:colcon.colcon_core.shell:Creating package script '/home/evan/code/Complete_slam_system/lidar_slam_system/install/lidar_slam/share/lidar_slam/package.bash'
[97.986s] INFO:colcon.colcon_core.shell:Creating package script '/home/evan/code/Complete_slam_system/lidar_slam_system/install/lidar_slam/share/lidar_slam/package.zsh'
[97.993s] Level 1:colcon.colcon_core.environment:create_file_with_runtime_dependencies(/home/evan/code/Complete_slam_system/lidar_slam_system/install/lidar_slam/share/colcon-core/packages/lidar_slam)
[98.004s] DEBUG:colcon.colcon_parallel_executor.executor.parallel:closing loop
[98.004s] DEBUG:colcon.colcon_parallel_executor.executor.parallel:loop closed
[98.005s] DEBUG:colcon.colcon_parallel_executor.executor.parallel:run_until_complete finished with '2'
[98.005s] DEBUG:colcon.colcon_core.event_reactor:joining thread
[98.748s] INFO:colcon.colcon_core.plugin_system:Skipping extension 'colcon_notification.desktop_notification.terminal_notifier': Not used on non-Darwin systems
[98.748s] INFO:colcon.colcon_core.plugin_system:Skipping extension 'colcon_notification.desktop_notification.win32': Not used on non-Windows systems
[98.748s] INFO:colcon.colcon_notification.desktop_notification:Sending desktop notification using 'notify2'
[99.062s] DEBUG:colcon.colcon_core.event_reactor:joined thread
[99.063s] INFO:colcon.colcon_core.shell:Creating prefix script '/home/evan/code/Complete_slam_system/lidar_slam_system/install/local_setup.ps1'
[99.109s] INFO:colcon.colcon_core.shell:Creating prefix util module '/home/evan/code/Complete_slam_system/lidar_slam_system/install/_local_setup_util_ps1.py'
[99.172s] INFO:colcon.colcon_core.shell:Creating prefix chain script '/home/evan/code/Complete_slam_system/lidar_slam_system/install/setup.ps1'
[99.736s] INFO:colcon.colcon_core.shell:Creating prefix script '/home/evan/code/Complete_slam_system/lidar_slam_system/install/local_setup.sh'
[99.737s] INFO:colcon.colcon_core.shell:Creating prefix util module '/home/evan/code/Complete_slam_system/lidar_slam_system/install/_local_setup_util_sh.py'
[99.737s] INFO:colcon.colcon_core.shell:Creating prefix chain script '/home/evan/code/Complete_slam_system/lidar_slam_system/install/setup.sh'
[99.740s] INFO:colcon.colcon_core.shell:Creating prefix script '/home/evan/code/Complete_slam_system/lidar_slam_system/install/local_setup.bash'
[99.741s] INFO:colcon.colcon_core.shell:Creating prefix chain script '/home/evan/code/Complete_slam_system/lidar_slam_system/install/setup.bash'
[99.744s] INFO:colcon.colcon_core.shell:Creating prefix script '/home/evan/code/Complete_slam_system/lidar_slam_system/install/local_setup.zsh'
[99.745s] INFO:colcon.colcon_core.shell:Creating prefix chain script '/home/evan/code/Complete_slam_system/lidar_slam_system/install/setup.zsh'
