[0.095s] Invoking command in '/home/evan/code/lego-loam/lego/build/cloud_msgs': CMAKE_PREFIX_PATH=${CMAKE_PREFIX_PATH}:/opt/ros/humble /usr/bin/cmake --build /home/evan/code/lego-loam/lego/build/cloud_msgs -- -j4 -l4
[0.528s] [  3%] Built target cloud_msgs__cpp
[0.568s] [ 12%] Built target cloud_msgs__rosidl_generator_c
[0.646s] [ 12%] Built target ament_cmake_python_copy_cloud_msgs
[0.680s] [35m[1mConsolidate compiler generated dependencies of target cloud_msgs__rosidl_typesupport_fastrtps_c[0m
[0.687s] [35m[1mConsolidate compiler generated dependencies of target cloud_msgs__rosidl_typesupport_cpp[0m
[0.698s] [35m[1mConsolidate compiler generated dependencies of target cloud_msgs__rosidl_typesupport_fastrtps_cpp[0m
[0.698s] [35m[1mConsolidate compiler generated dependencies of target cloud_msgs__rosidl_typesupport_introspection_cpp[0m
[0.705s] [ 22%] Built target cloud_msgs__rosidl_typesupport_cpp
[0.711s] [ 32%] Built target cloud_msgs__rosidl_typesupport_fastrtps_c
[0.723s] [ 41%] Built target cloud_msgs__rosidl_typesupport_introspection_cpp
[0.725s] [ 51%] Built target cloud_msgs__rosidl_typesupport_fastrtps_cpp
[0.797s] [ 61%] Built target cloud_msgs__rosidl_typesupport_introspection_c
[0.834s] [ 70%] Built target cloud_msgs__rosidl_typesupport_c
[0.874s] [ 70%] Built target cloud_msgs
[0.957s] [ 74%] Built target cloud_msgs__py
[1.108s] [35m[1mConsolidate compiler generated dependencies of target cloud_msgs__rosidl_generator_py[0m
[1.122s] [ 80%] Built target cloud_msgs__rosidl_generator_py
[1.350s] [35m[1mConsolidate compiler generated dependencies of target cloud_msgs__rosidl_typesupport_fastrtps_c__pyext[0m
[1.361s] [35m[1mConsolidate compiler generated dependencies of target cloud_msgs__rosidl_typesupport_c__pyext[0m
[1.361s] running egg_info
[1.362s] writing cloud_msgs.egg-info/PKG-INFO
[1.362s] writing dependency_links to cloud_msgs.egg-info/dependency_links.txt
[1.363s] writing top-level names to cloud_msgs.egg-info/top_level.txt
[1.368s] [ 87%] Built target cloud_msgs__rosidl_typesupport_fastrtps_c__pyext
[1.378s] [ 93%] Built target cloud_msgs__rosidl_typesupport_c__pyext
[1.418s] reading manifest file 'cloud_msgs.egg-info/SOURCES.txt'
[1.438s] writing manifest file 'cloud_msgs.egg-info/SOURCES.txt'
[1.451s] [35m[1mConsolidate compiler generated dependencies of target cloud_msgs__rosidl_typesupport_introspection_c__pyext[0m
[1.467s] [100%] Built target cloud_msgs__rosidl_typesupport_introspection_c__pyext
[1.468s] [100%] Built target ament_cmake_python_build_cloud_msgs_egg
[1.481s] Invoked command in '/home/evan/code/lego-loam/lego/build/cloud_msgs' returned '0': CMAKE_PREFIX_PATH=${CMAKE_PREFIX_PATH}:/opt/ros/humble /usr/bin/cmake --build /home/evan/code/lego-loam/lego/build/cloud_msgs -- -j4 -l4
[1.566s] Invoking command in '/home/evan/code/lego-loam/lego/build/cloud_msgs': CMAKE_PREFIX_PATH=${CMAKE_PREFIX_PATH}:/opt/ros/humble /usr/bin/cmake --install /home/evan/code/lego-loam/lego/build/cloud_msgs
[1.610s] -- Install configuration: ""
[1.610s] -- Up-to-date: /home/evan/code/lego-loam/lego/install/cloud_msgs/share/ament_index/resource_index/rosidl_interfaces/cloud_msgs
[1.610s] -- Up-to-date: /home/evan/code/lego-loam/lego/install/cloud_msgs/include/cloud_msgs/cloud_msgs
[1.610s] -- Up-to-date: /home/evan/code/lego-loam/lego/install/cloud_msgs/include/cloud_msgs/cloud_msgs/msg
[1.610s] -- Up-to-date: /home/evan/code/lego-loam/lego/install/cloud_msgs/include/cloud_msgs/cloud_msgs/msg/detail
[1.610s] -- Up-to-date: /home/evan/code/lego-loam/lego/install/cloud_msgs/include/cloud_msgs/cloud_msgs/msg/detail/cloud_info__functions.c
[1.611s] -- Up-to-date: /home/evan/code/lego-loam/lego/install/cloud_msgs/include/cloud_msgs/cloud_msgs/msg/detail/cloud_info__struct.h
[1.611s] -- Up-to-date: /home/evan/code/lego-loam/lego/install/cloud_msgs/include/cloud_msgs/cloud_msgs/msg/detail/cloud_info__functions.h
[1.611s] -- Up-to-date: /home/evan/code/lego-loam/lego/install/cloud_msgs/include/cloud_msgs/cloud_msgs/msg/detail/cloud_info__type_support.h
[1.611s] -- Up-to-date: /home/evan/code/lego-loam/lego/install/cloud_msgs/include/cloud_msgs/cloud_msgs/msg/cloud_info.h
[1.611s] -- Up-to-date: /home/evan/code/lego-loam/lego/install/cloud_msgs/include/cloud_msgs/cloud_msgs/msg/rosidl_generator_c__visibility_control.h
[1.611s] -- Up-to-date: /home/evan/code/lego-loam/lego/install/cloud_msgs/share/cloud_msgs/environment/library_path.sh
[1.611s] -- Up-to-date: /home/evan/code/lego-loam/lego/install/cloud_msgs/share/cloud_msgs/environment/library_path.dsv
[1.630s] -- Up-to-date: /home/evan/code/lego-loam/lego/install/cloud_msgs/lib/libcloud_msgs__rosidl_generator_c.so
[1.632s] -- Up-to-date: /home/evan/code/lego-loam/lego/install/cloud_msgs/include/cloud_msgs/cloud_msgs
[1.632s] -- Up-to-date: /home/evan/code/lego-loam/lego/install/cloud_msgs/include/cloud_msgs/cloud_msgs/msg
[1.632s] -- Up-to-date: /home/evan/code/lego-loam/lego/install/cloud_msgs/include/cloud_msgs/cloud_msgs/msg/detail
[1.633s] -- Up-to-date: /home/evan/code/lego-loam/lego/install/cloud_msgs/include/cloud_msgs/cloud_msgs/msg/detail/cloud_info__rosidl_typesupport_fastrtps_c.h
[1.633s] -- Up-to-date: /home/evan/code/lego-loam/lego/install/cloud_msgs/include/cloud_msgs/cloud_msgs/msg/rosidl_typesupport_fastrtps_c__visibility_control.h
[1.635s] -- Up-to-date: /home/evan/code/lego-loam/lego/install/cloud_msgs/lib/libcloud_msgs__rosidl_typesupport_fastrtps_c.so
[1.636s] -- Up-to-date: /home/evan/code/lego-loam/lego/install/cloud_msgs/include/cloud_msgs/cloud_msgs
[1.637s] -- Up-to-date: /home/evan/code/lego-loam/lego/install/cloud_msgs/include/cloud_msgs/cloud_msgs/msg
[1.637s] -- Up-to-date: /home/evan/code/lego-loam/lego/install/cloud_msgs/include/cloud_msgs/cloud_msgs/msg/detail
[1.637s] -- Up-to-date: /home/evan/code/lego-loam/lego/install/cloud_msgs/include/cloud_msgs/cloud_msgs/msg/detail/cloud_info__builder.hpp
[1.638s] -- Up-to-date: /home/evan/code/lego-loam/lego/install/cloud_msgs/include/cloud_msgs/cloud_msgs/msg/detail/cloud_info__traits.hpp
[1.638s] -- Up-to-date: /home/evan/code/lego-loam/lego/install/cloud_msgs/include/cloud_msgs/cloud_msgs/msg/detail/cloud_info__struct.hpp
[1.638s] -- Up-to-date: /home/evan/code/lego-loam/lego/install/cloud_msgs/include/cloud_msgs/cloud_msgs/msg/cloud_info.hpp
[1.638s] -- Up-to-date: /home/evan/code/lego-loam/lego/install/cloud_msgs/include/cloud_msgs/cloud_msgs
[1.638s] -- Up-to-date: /home/evan/code/lego-loam/lego/install/cloud_msgs/include/cloud_msgs/cloud_msgs/msg
[1.638s] -- Up-to-date: /home/evan/code/lego-loam/lego/install/cloud_msgs/include/cloud_msgs/cloud_msgs/msg/detail
[1.638s] -- Up-to-date: /home/evan/code/lego-loam/lego/install/cloud_msgs/include/cloud_msgs/cloud_msgs/msg/detail/dds_fastrtps
[1.638s] -- Up-to-date: /home/evan/code/lego-loam/lego/install/cloud_msgs/include/cloud_msgs/cloud_msgs/msg/detail/cloud_info__rosidl_typesupport_fastrtps_cpp.hpp
[1.638s] -- Up-to-date: /home/evan/code/lego-loam/lego/install/cloud_msgs/include/cloud_msgs/cloud_msgs/msg/rosidl_typesupport_fastrtps_cpp__visibility_control.h
[1.655s] -- Up-to-date: /home/evan/code/lego-loam/lego/install/cloud_msgs/lib/libcloud_msgs__rosidl_typesupport_fastrtps_cpp.so
[1.662s] -- Up-to-date: /home/evan/code/lego-loam/lego/install/cloud_msgs/include/cloud_msgs/cloud_msgs
[1.662s] -- Up-to-date: /home/evan/code/lego-loam/lego/install/cloud_msgs/include/cloud_msgs/cloud_msgs/msg
[1.662s] -- Up-to-date: /home/evan/code/lego-loam/lego/install/cloud_msgs/include/cloud_msgs/cloud_msgs/msg/detail
[1.662s] -- Up-to-date: /home/evan/code/lego-loam/lego/install/cloud_msgs/include/cloud_msgs/cloud_msgs/msg/detail/cloud_info__rosidl_typesupport_introspection_c.h
[1.663s] -- Up-to-date: /home/evan/code/lego-loam/lego/install/cloud_msgs/include/cloud_msgs/cloud_msgs/msg/detail/cloud_info__type_support.c
[1.663s] -- Up-to-date: /home/evan/code/lego-loam/lego/install/cloud_msgs/include/cloud_msgs/cloud_msgs/msg/rosidl_typesupport_introspection_c__visibility_control.h
[1.685s] -- Up-to-date: /home/evan/code/lego-loam/lego/install/cloud_msgs/lib/libcloud_msgs__rosidl_typesupport_introspection_c.so
[1.686s] -- Up-to-date: /home/evan/code/lego-loam/lego/install/cloud_msgs/lib/libcloud_msgs__rosidl_typesupport_c.so
[1.686s] -- Up-to-date: /home/evan/code/lego-loam/lego/install/cloud_msgs/include/cloud_msgs/cloud_msgs
[1.686s] -- Up-to-date: /home/evan/code/lego-loam/lego/install/cloud_msgs/include/cloud_msgs/cloud_msgs/msg
[1.686s] -- Up-to-date: /home/evan/code/lego-loam/lego/install/cloud_msgs/include/cloud_msgs/cloud_msgs/msg/detail
[1.686s] -- Up-to-date: /home/evan/code/lego-loam/lego/install/cloud_msgs/include/cloud_msgs/cloud_msgs/msg/detail/cloud_info__type_support.cpp
[1.686s] -- Up-to-date: /home/evan/code/lego-loam/lego/install/cloud_msgs/include/cloud_msgs/cloud_msgs/msg/detail/cloud_info__rosidl_typesupport_introspection_cpp.hpp
[1.687s] -- Up-to-date: /home/evan/code/lego-loam/lego/install/cloud_msgs/lib/libcloud_msgs__rosidl_typesupport_introspection_cpp.so
[1.687s] -- Up-to-date: /home/evan/code/lego-loam/lego/install/cloud_msgs/lib/libcloud_msgs__rosidl_typesupport_cpp.so
[1.688s] -- Up-to-date: /home/evan/code/lego-loam/lego/install/cloud_msgs/share/cloud_msgs/environment/pythonpath.sh
[1.688s] -- Up-to-date: /home/evan/code/lego-loam/lego/install/cloud_msgs/share/cloud_msgs/environment/pythonpath.dsv
[1.688s] -- Up-to-date: /home/evan/code/lego-loam/lego/install/cloud_msgs/local/lib/python3.10/dist-packages/cloud_msgs-1.0.0-py3.10.egg-info
[1.688s] -- Installing: /home/evan/code/lego-loam/lego/install/cloud_msgs/local/lib/python3.10/dist-packages/cloud_msgs-1.0.0-py3.10.egg-info/top_level.txt
[1.688s] -- Installing: /home/evan/code/lego-loam/lego/install/cloud_msgs/local/lib/python3.10/dist-packages/cloud_msgs-1.0.0-py3.10.egg-info/dependency_links.txt
[1.688s] -- Installing: /home/evan/code/lego-loam/lego/install/cloud_msgs/local/lib/python3.10/dist-packages/cloud_msgs-1.0.0-py3.10.egg-info/PKG-INFO
[1.688s] -- Installing: /home/evan/code/lego-loam/lego/install/cloud_msgs/local/lib/python3.10/dist-packages/cloud_msgs-1.0.0-py3.10.egg-info/SOURCES.txt
[1.689s] -- Up-to-date: /home/evan/code/lego-loam/lego/install/cloud_msgs/local/lib/python3.10/dist-packages/cloud_msgs
[1.689s] -- Up-to-date: /home/evan/code/lego-loam/lego/install/cloud_msgs/local/lib/python3.10/dist-packages/cloud_msgs/msg
[1.689s] -- Up-to-date: /home/evan/code/lego-loam/lego/install/cloud_msgs/local/lib/python3.10/dist-packages/cloud_msgs/msg/_cloud_info.py
[1.689s] -- Up-to-date: /home/evan/code/lego-loam/lego/install/cloud_msgs/local/lib/python3.10/dist-packages/cloud_msgs/msg/__init__.py
[1.689s] -- Up-to-date: /home/evan/code/lego-loam/lego/install/cloud_msgs/local/lib/python3.10/dist-packages/cloud_msgs/msg/_cloud_info_s.c
[1.689s] -- Up-to-date: /home/evan/code/lego-loam/lego/install/cloud_msgs/local/lib/python3.10/dist-packages/cloud_msgs/_cloud_msgs_s.ep.rosidl_typesupport_c.c
[1.689s] -- Up-to-date: /home/evan/code/lego-loam/lego/install/cloud_msgs/local/lib/python3.10/dist-packages/cloud_msgs/libcloud_msgs__rosidl_generator_py.so
[1.689s] -- Up-to-date: /home/evan/code/lego-loam/lego/install/cloud_msgs/local/lib/python3.10/dist-packages/cloud_msgs/_cloud_msgs_s.ep.rosidl_typesupport_fastrtps_c.c
[1.689s] -- Up-to-date: /home/evan/code/lego-loam/lego/install/cloud_msgs/local/lib/python3.10/dist-packages/cloud_msgs/cloud_msgs_s__rosidl_typesupport_fastrtps_c.cpython-310-x86_64-linux-gnu.so
[1.690s] -- Up-to-date: /home/evan/code/lego-loam/lego/install/cloud_msgs/local/lib/python3.10/dist-packages/cloud_msgs/cloud_msgs_s__rosidl_typesupport_introspection_c.cpython-310-x86_64-linux-gnu.so
[1.690s] -- Up-to-date: /home/evan/code/lego-loam/lego/install/cloud_msgs/local/lib/python3.10/dist-packages/cloud_msgs/_cloud_msgs_s.ep.rosidl_typesupport_introspection_c.c
[1.690s] -- Up-to-date: /home/evan/code/lego-loam/lego/install/cloud_msgs/local/lib/python3.10/dist-packages/cloud_msgs/__init__.py
[1.690s] -- Up-to-date: /home/evan/code/lego-loam/lego/install/cloud_msgs/local/lib/python3.10/dist-packages/cloud_msgs/cloud_msgs_s__rosidl_typesupport_c.cpython-310-x86_64-linux-gnu.so
[1.764s] Listing '/home/evan/code/lego-loam/lego/install/cloud_msgs/local/lib/python3.10/dist-packages/cloud_msgs'...
[1.765s] Listing '/home/evan/code/lego-loam/lego/install/cloud_msgs/local/lib/python3.10/dist-packages/cloud_msgs/msg'...
[1.770s] -- Up-to-date: /home/evan/code/lego-loam/lego/install/cloud_msgs/local/lib/python3.10/dist-packages/cloud_msgs/cloud_msgs_s__rosidl_typesupport_fastrtps_c.cpython-310-x86_64-linux-gnu.so
[1.771s] -- Up-to-date: /home/evan/code/lego-loam/lego/install/cloud_msgs/local/lib/python3.10/dist-packages/cloud_msgs/cloud_msgs_s__rosidl_typesupport_introspection_c.cpython-310-x86_64-linux-gnu.so
[1.772s] -- Up-to-date: /home/evan/code/lego-loam/lego/install/cloud_msgs/local/lib/python3.10/dist-packages/cloud_msgs/cloud_msgs_s__rosidl_typesupport_c.cpython-310-x86_64-linux-gnu.so
[1.774s] -- Up-to-date: /home/evan/code/lego-loam/lego/install/cloud_msgs/lib/libcloud_msgs__rosidl_generator_py.so
[1.774s] -- Up-to-date: /home/evan/code/lego-loam/lego/install/cloud_msgs/share/cloud_msgs/msg/CloudInfo.idl
[1.774s] -- Up-to-date: /home/evan/code/lego-loam/lego/install/cloud_msgs/share/cloud_msgs/msg/CloudInfo.msg
[1.774s] -- Up-to-date: /home/evan/code/lego-loam/lego/install/cloud_msgs/share/ament_index/resource_index/package_run_dependencies/cloud_msgs
[1.774s] -- Up-to-date: /home/evan/code/lego-loam/lego/install/cloud_msgs/share/ament_index/resource_index/parent_prefix_path/cloud_msgs
[1.774s] -- Up-to-date: /home/evan/code/lego-loam/lego/install/cloud_msgs/share/cloud_msgs/environment/ament_prefix_path.sh
[1.774s] -- Up-to-date: /home/evan/code/lego-loam/lego/install/cloud_msgs/share/cloud_msgs/environment/ament_prefix_path.dsv
[1.774s] -- Up-to-date: /home/evan/code/lego-loam/lego/install/cloud_msgs/share/cloud_msgs/environment/path.sh
[1.774s] -- Up-to-date: /home/evan/code/lego-loam/lego/install/cloud_msgs/share/cloud_msgs/environment/path.dsv
[1.774s] -- Up-to-date: /home/evan/code/lego-loam/lego/install/cloud_msgs/share/cloud_msgs/local_setup.bash
[1.774s] -- Up-to-date: /home/evan/code/lego-loam/lego/install/cloud_msgs/share/cloud_msgs/local_setup.sh
[1.774s] -- Up-to-date: /home/evan/code/lego-loam/lego/install/cloud_msgs/share/cloud_msgs/local_setup.zsh
[1.774s] -- Up-to-date: /home/evan/code/lego-loam/lego/install/cloud_msgs/share/cloud_msgs/local_setup.dsv
[1.775s] -- Installing: /home/evan/code/lego-loam/lego/install/cloud_msgs/share/cloud_msgs/package.dsv
[1.797s] -- Up-to-date: /home/evan/code/lego-loam/lego/install/cloud_msgs/share/ament_index/resource_index/packages/cloud_msgs
[1.797s] -- Up-to-date: /home/evan/code/lego-loam/lego/install/cloud_msgs/share/cloud_msgs/cmake/export_cloud_msgs__rosidl_generator_cExport.cmake
[1.797s] -- Up-to-date: /home/evan/code/lego-loam/lego/install/cloud_msgs/share/cloud_msgs/cmake/export_cloud_msgs__rosidl_generator_cExport-noconfig.cmake
[1.797s] -- Up-to-date: /home/evan/code/lego-loam/lego/install/cloud_msgs/share/cloud_msgs/cmake/export_cloud_msgs__rosidl_typesupport_fastrtps_cExport.cmake
[1.798s] -- Up-to-date: /home/evan/code/lego-loam/lego/install/cloud_msgs/share/cloud_msgs/cmake/export_cloud_msgs__rosidl_typesupport_fastrtps_cExport-noconfig.cmake
[1.798s] -- Up-to-date: /home/evan/code/lego-loam/lego/install/cloud_msgs/share/cloud_msgs/cmake/export_cloud_msgs__rosidl_generator_cppExport.cmake
[1.798s] -- Up-to-date: /home/evan/code/lego-loam/lego/install/cloud_msgs/share/cloud_msgs/cmake/export_cloud_msgs__rosidl_typesupport_fastrtps_cppExport.cmake
[1.798s] -- Up-to-date: /home/evan/code/lego-loam/lego/install/cloud_msgs/share/cloud_msgs/cmake/export_cloud_msgs__rosidl_typesupport_fastrtps_cppExport-noconfig.cmake
[1.798s] -- Up-to-date: /home/evan/code/lego-loam/lego/install/cloud_msgs/share/cloud_msgs/cmake/cloud_msgs__rosidl_typesupport_introspection_cExport.cmake
[1.798s] -- Up-to-date: /home/evan/code/lego-loam/lego/install/cloud_msgs/share/cloud_msgs/cmake/cloud_msgs__rosidl_typesupport_introspection_cExport-noconfig.cmake
[1.799s] -- Up-to-date: /home/evan/code/lego-loam/lego/install/cloud_msgs/share/cloud_msgs/cmake/cloud_msgs__rosidl_typesupport_cExport.cmake
[1.799s] -- Up-to-date: /home/evan/code/lego-loam/lego/install/cloud_msgs/share/cloud_msgs/cmake/cloud_msgs__rosidl_typesupport_cExport-noconfig.cmake
[1.799s] -- Up-to-date: /home/evan/code/lego-loam/lego/install/cloud_msgs/share/cloud_msgs/cmake/cloud_msgs__rosidl_typesupport_introspection_cppExport.cmake
[1.799s] -- Up-to-date: /home/evan/code/lego-loam/lego/install/cloud_msgs/share/cloud_msgs/cmake/cloud_msgs__rosidl_typesupport_introspection_cppExport-noconfig.cmake
[1.799s] -- Up-to-date: /home/evan/code/lego-loam/lego/install/cloud_msgs/share/cloud_msgs/cmake/cloud_msgs__rosidl_typesupport_cppExport.cmake
[1.800s] -- Up-to-date: /home/evan/code/lego-loam/lego/install/cloud_msgs/share/cloud_msgs/cmake/cloud_msgs__rosidl_typesupport_cppExport-noconfig.cmake
[1.803s] -- Up-to-date: /home/evan/code/lego-loam/lego/install/cloud_msgs/share/cloud_msgs/cmake/export_cloud_msgs__rosidl_generator_pyExport.cmake
[1.804s] -- Up-to-date: /home/evan/code/lego-loam/lego/install/cloud_msgs/share/cloud_msgs/cmake/export_cloud_msgs__rosidl_generator_pyExport-noconfig.cmake
[1.804s] -- Up-to-date: /home/evan/code/lego-loam/lego/install/cloud_msgs/share/cloud_msgs/cmake/rosidl_cmake-extras.cmake
[1.805s] -- Up-to-date: /home/evan/code/lego-loam/lego/install/cloud_msgs/share/cloud_msgs/cmake/ament_cmake_export_dependencies-extras.cmake
[1.805s] -- Up-to-date: /home/evan/code/lego-loam/lego/install/cloud_msgs/share/cloud_msgs/cmake/ament_cmake_export_include_directories-extras.cmake
[1.805s] -- Up-to-date: /home/evan/code/lego-loam/lego/install/cloud_msgs/share/cloud_msgs/cmake/ament_cmake_export_libraries-extras.cmake
[1.805s] -- Up-to-date: /home/evan/code/lego-loam/lego/install/cloud_msgs/share/cloud_msgs/cmake/ament_cmake_export_targets-extras.cmake
[1.805s] -- Up-to-date: /home/evan/code/lego-loam/lego/install/cloud_msgs/share/cloud_msgs/cmake/rosidl_cmake_export_typesupport_targets-extras.cmake
[1.805s] -- Up-to-date: /home/evan/code/lego-loam/lego/install/cloud_msgs/share/cloud_msgs/cmake/rosidl_cmake_export_typesupport_libraries-extras.cmake
[1.805s] -- Up-to-date: /home/evan/code/lego-loam/lego/install/cloud_msgs/share/cloud_msgs/cmake/cloud_msgsConfig.cmake
[1.805s] -- Up-to-date: /home/evan/code/lego-loam/lego/install/cloud_msgs/share/cloud_msgs/cmake/cloud_msgsConfig-version.cmake
[1.805s] -- Up-to-date: /home/evan/code/lego-loam/lego/install/cloud_msgs/share/cloud_msgs/package.xml
[1.809s] Invoked command in '/home/evan/code/lego-loam/lego/build/cloud_msgs' returned '0': CMAKE_PREFIX_PATH=${CMAKE_PREFIX_PATH}:/opt/ros/humble /usr/bin/cmake --install /home/evan/code/lego-loam/lego/build/cloud_msgs
