[70.424s] DEBUG:colcon:Command line arguments: ['/usr/bin/colcon', 'build', '--packages-select', 'lidar_slam']
[70.425s] DEBUG:colcon:Parsed command line arguments: Namespace(log_base=None, log_level=None, verb_name='build', build_base='build', install_base='install', merge_install=False, symlink_install=False, test_result_base=None, continue_on_error=False, executor='parallel', parallel_workers=4, event_handlers=None, ignore_user_meta=False, metas=['./colcon.meta'], base_paths=['.'], packages_ignore=None, packages_ignore_regex=None, paths=None, packages_up_to=None, packages_up_to_regex=None, packages_above=None, packages_above_and_dependencies=None, packages_above_depth=None, packages_select_by_dep=None, packages_skip_by_dep=None, packages_skip_up_to=None, packages_select_build_failed=False, packages_skip_build_finished=False, packages_select_test_failures=False, packages_skip_test_passed=False, packages_select=['lidar_slam'], packages_skip=None, packages_select_regex=None, packages_skip_regex=None, packages_start=None, packages_end=None, allow_overriding=[], cmake_args=None, cmake_target=None, cmake_target_skip_unavailable=False, cmake_clean_cache=False, cmake_clean_first=False, cmake_force_configure=False, ament_cmake_args=None, catkin_cmake_args=None, catkin_skip_building_tests=False, verb_parser=<colcon_defaults.argument_parser.defaults.DefaultArgumentsDecorator object at 0x7f7738ba69e0>, verb_extension=<colcon_core.verb.build.BuildVerb object at 0x7f773942caf0>, main=<bound method BuildVerb.main of <colcon_core.verb.build.BuildVerb object at 0x7f773942caf0>>)
[72.182s] Level 1:colcon.colcon_core.package_discovery:discover_packages(colcon_meta) check parameters
[72.182s] Level 1:colcon.colcon_core.package_discovery:discover_packages(recursive) check parameters
[72.182s] Level 1:colcon.colcon_core.package_discovery:discover_packages(ignore) check parameters
[72.182s] Level 1:colcon.colcon_core.package_discovery:discover_packages(path) check parameters
[72.182s] Level 1:colcon.colcon_core.package_discovery:discover_packages(colcon_meta) discover
[72.182s] Level 1:colcon.colcon_core.package_discovery:discover_packages(recursive) discover
[72.182s] INFO:colcon.colcon_core.package_discovery:Crawling recursively for packages in '/home/evan/code/Complete_slam_system/lidar_slam_system'
[72.183s] Level 1:colcon.colcon_core.package_identification:_identify(.) by extensions ['ignore', 'ignore_ament_install']
[72.183s] Level 1:colcon.colcon_core.package_identification:_identify(.) by extension 'ignore'
[72.183s] Level 1:colcon.colcon_core.package_identification:_identify(.) by extension 'ignore_ament_install'
[72.183s] Level 1:colcon.colcon_core.package_identification:_identify(.) by extensions ['colcon_pkg']
[72.183s] Level 1:colcon.colcon_core.package_identification:_identify(.) by extension 'colcon_pkg'
[72.183s] Level 1:colcon.colcon_core.package_identification:_identify(.) by extensions ['colcon_meta']
[72.183s] Level 1:colcon.colcon_core.package_identification:_identify(.) by extension 'colcon_meta'
[72.183s] Level 1:colcon.colcon_core.package_identification:_identify(.) by extensions ['ros']
[72.183s] Level 1:colcon.colcon_core.package_identification:_identify(.) by extension 'ros'
[72.514s] Level 1:colcon.colcon_core.package_identification:_identify(.) by extensions ['cmake', 'python']
[72.514s] Level 1:colcon.colcon_core.package_identification:_identify(.) by extension 'cmake'
[72.514s] Level 1:colcon.colcon_core.package_identification:_identify(.) by extension 'python'
[72.514s] Level 1:colcon.colcon_core.package_identification:_identify(.) by extensions ['python_setup_py']
[72.514s] Level 1:colcon.colcon_core.package_identification:_identify(.) by extension 'python_setup_py'
[72.555s] Level 1:colcon.colcon_core.package_identification:_identify(build) by extensions ['ignore', 'ignore_ament_install']
[72.555s] Level 1:colcon.colcon_core.package_identification:_identify(build) by extension 'ignore'
[72.555s] Level 1:colcon.colcon_core.package_identification:_identify(build) ignored
[72.588s] Level 1:colcon.colcon_core.package_identification:_identify(install) by extensions ['ignore', 'ignore_ament_install']
[72.589s] Level 1:colcon.colcon_core.package_identification:_identify(install) by extension 'ignore'
[72.589s] Level 1:colcon.colcon_core.package_identification:_identify(install) ignored
[72.589s] Level 1:colcon.colcon_core.package_identification:_identify(log) by extensions ['ignore', 'ignore_ament_install']
[72.589s] Level 1:colcon.colcon_core.package_identification:_identify(log) by extension 'ignore'
[72.589s] Level 1:colcon.colcon_core.package_identification:_identify(log) ignored
[72.589s] Level 1:colcon.colcon_core.package_identification:_identify(src) by extensions ['ignore', 'ignore_ament_install']
[72.589s] Level 1:colcon.colcon_core.package_identification:_identify(src) by extension 'ignore'
[72.589s] Level 1:colcon.colcon_core.package_identification:_identify(src) by extension 'ignore_ament_install'
[72.590s] Level 1:colcon.colcon_core.package_identification:_identify(src) by extensions ['colcon_pkg']
[72.590s] Level 1:colcon.colcon_core.package_identification:_identify(src) by extension 'colcon_pkg'
[72.590s] Level 1:colcon.colcon_core.package_identification:_identify(src) by extensions ['colcon_meta']
[72.590s] Level 1:colcon.colcon_core.package_identification:_identify(src) by extension 'colcon_meta'
[72.590s] Level 1:colcon.colcon_core.package_identification:_identify(src) by extensions ['ros']
[72.590s] Level 1:colcon.colcon_core.package_identification:_identify(src) by extension 'ros'
[72.590s] Level 1:colcon.colcon_core.package_identification:_identify(src) by extensions ['cmake', 'python']
[72.590s] Level 1:colcon.colcon_core.package_identification:_identify(src) by extension 'cmake'
[72.590s] Level 1:colcon.colcon_core.package_identification:_identify(src) by extension 'python'
[72.590s] Level 1:colcon.colcon_core.package_identification:_identify(src) by extensions ['python_setup_py']
[72.590s] Level 1:colcon.colcon_core.package_identification:_identify(src) by extension 'python_setup_py'
[72.590s] Level 1:colcon.colcon_core.package_identification:_identify(src/lidar_slam) by extensions ['ignore', 'ignore_ament_install']
[72.590s] Level 1:colcon.colcon_core.package_identification:_identify(src/lidar_slam) by extension 'ignore'
[72.590s] Level 1:colcon.colcon_core.package_identification:_identify(src/lidar_slam) by extension 'ignore_ament_install'
[72.590s] Level 1:colcon.colcon_core.package_identification:_identify(src/lidar_slam) by extensions ['colcon_pkg']
[72.591s] Level 1:colcon.colcon_core.package_identification:_identify(src/lidar_slam) by extension 'colcon_pkg'
[72.591s] Level 1:colcon.colcon_core.package_identification:_identify(src/lidar_slam) by extensions ['colcon_meta']
[72.591s] Level 1:colcon.colcon_core.package_identification:_identify(src/lidar_slam) by extension 'colcon_meta'
[72.591s] Level 1:colcon.colcon_core.package_identification:_identify(src/lidar_slam) by extensions ['ros']
[72.591s] Level 1:colcon.colcon_core.package_identification:_identify(src/lidar_slam) by extension 'ros'
[72.657s] DEBUG:colcon.colcon_core.package_identification:Package 'src/lidar_slam' with type 'ros.ament_cmake' and name 'lidar_slam'
[72.682s] Level 1:colcon.colcon_core.package_identification:_identify(src/lidar_slam_msgs) by extensions ['ignore', 'ignore_ament_install']
[72.682s] Level 1:colcon.colcon_core.package_identification:_identify(src/lidar_slam_msgs) by extension 'ignore'
[72.682s] Level 1:colcon.colcon_core.package_identification:_identify(src/lidar_slam_msgs) by extension 'ignore_ament_install'
[72.682s] Level 1:colcon.colcon_core.package_identification:_identify(src/lidar_slam_msgs) by extensions ['colcon_pkg']
[72.682s] Level 1:colcon.colcon_core.package_identification:_identify(src/lidar_slam_msgs) by extension 'colcon_pkg'
[72.682s] Level 1:colcon.colcon_core.package_identification:_identify(src/lidar_slam_msgs) by extensions ['colcon_meta']
[72.682s] Level 1:colcon.colcon_core.package_identification:_identify(src/lidar_slam_msgs) by extension 'colcon_meta'
[72.682s] Level 1:colcon.colcon_core.package_identification:_identify(src/lidar_slam_msgs) by extensions ['ros']
[72.682s] Level 1:colcon.colcon_core.package_identification:_identify(src/lidar_slam_msgs) by extension 'ros'
[72.712s] DEBUG:colcon.colcon_core.package_identification:Package 'src/lidar_slam_msgs' with type 'ros.ament_cmake' and name 'lidar_slam_msgs'
[72.712s] Level 1:colcon.colcon_core.package_discovery:discover_packages(recursive) using defaults
[72.712s] Level 1:colcon.colcon_core.package_discovery:discover_packages(ignore) discover
[72.712s] Level 1:colcon.colcon_core.package_discovery:discover_packages(ignore) using defaults
[72.713s] Level 1:colcon.colcon_core.package_discovery:discover_packages(path) discover
[72.713s] Level 1:colcon.colcon_core.package_discovery:discover_packages(path) using defaults
[73.697s] INFO:colcon.colcon_core.package_selection:Skipping not selected package 'lidar_slam_msgs' in 'src/lidar_slam_msgs'
[73.706s] Level 1:colcon.colcon_core.package_discovery:discover_packages(prefix_path) check parameters
[73.706s] Level 1:colcon.colcon_core.package_discovery:discover_packages(prefix_path) discover
[74.325s] DEBUG:colcon.colcon_installed_package_information.package_discovery:Found 2 installed packages in /home/evan/code/lidar_slam/lidar_slam/install
[74.326s] DEBUG:colcon.colcon_installed_package_information.package_discovery:Found 2 installed packages in /home/evan/code/Complete_slam_system/lidar_slam_system/install
[74.344s] DEBUG:colcon.colcon_installed_package_information.package_discovery:Found 2 installed packages in /home/evan/code/lego-loam/lego/install
[74.350s] DEBUG:colcon.colcon_installed_package_information.package_discovery:Found 7 installed packages in /home/evan/code/ndt-loc/install
[74.537s] DEBUG:colcon.colcon_installed_package_information.package_discovery:Found 270 installed packages in /opt/ros/humble
[74.539s] Level 1:colcon.colcon_core.package_discovery:discover_packages(prefix_path) using defaults
