[5.202s] DEBUG:colcon:Command line arguments: ['/usr/bin/colcon', 'build', '--packages-select', 'lego_loam_sr']
[5.202s] DEBUG:colcon:Parsed command line arguments: Namespace(log_base=None, log_level=None, verb_name='build', build_base='build', install_base='install', merge_install=False, symlink_install=False, test_result_base=None, continue_on_error=False, executor='parallel', parallel_workers=4, event_handlers=None, ignore_user_meta=False, metas=['./colcon.meta'], base_paths=['.'], packages_ignore=None, packages_ignore_regex=None, paths=None, packages_up_to=None, packages_up_to_regex=None, packages_above=None, packages_above_and_dependencies=None, packages_above_depth=None, packages_select_by_dep=None, packages_skip_by_dep=None, packages_skip_up_to=None, packages_select_build_failed=False, packages_skip_build_finished=False, packages_select_test_failures=False, packages_skip_test_passed=False, packages_select=['lego_loam_sr'], packages_skip=None, packages_select_regex=None, packages_skip_regex=None, packages_start=None, packages_end=None, allow_overriding=[], cmake_args=None, cmake_target=None, cmake_target_skip_unavailable=False, cmake_clean_cache=False, cmake_clean_first=False, cmake_force_configure=False, ament_cmake_args=None, catkin_cmake_args=None, catkin_skip_building_tests=False, verb_parser=<colcon_defaults.argument_parser.defaults.DefaultArgumentsDecorator object at 0x7fb0f58665c0>, verb_extension=<colcon_core.verb.build.BuildVerb object at 0x7fb0f604e410>, main=<bound method BuildVerb.main of <colcon_core.verb.build.BuildVerb object at 0x7fb0f604e410>>)
[6.049s] Level 1:colcon.colcon_core.package_discovery:discover_packages(colcon_meta) check parameters
[6.049s] Level 1:colcon.colcon_core.package_discovery:discover_packages(recursive) check parameters
[6.049s] Level 1:colcon.colcon_core.package_discovery:discover_packages(ignore) check parameters
[6.049s] Level 1:colcon.colcon_core.package_discovery:discover_packages(path) check parameters
[6.049s] Level 1:colcon.colcon_core.package_discovery:discover_packages(colcon_meta) discover
[6.049s] Level 1:colcon.colcon_core.package_discovery:discover_packages(recursive) discover
[6.049s] INFO:colcon.colcon_core.package_discovery:Crawling recursively for packages in '/home/evan/code/lego-loam/lego'
[6.049s] Level 1:colcon.colcon_core.package_identification:_identify(.) by extensions ['ignore', 'ignore_ament_install']
[6.050s] Level 1:colcon.colcon_core.package_identification:_identify(.) by extension 'ignore'
[6.050s] Level 1:colcon.colcon_core.package_identification:_identify(.) by extension 'ignore_ament_install'
[6.050s] Level 1:colcon.colcon_core.package_identification:_identify(.) by extensions ['colcon_pkg']
[6.050s] Level 1:colcon.colcon_core.package_identification:_identify(.) by extension 'colcon_pkg'
[6.050s] Level 1:colcon.colcon_core.package_identification:_identify(.) by extensions ['colcon_meta']
[6.050s] Level 1:colcon.colcon_core.package_identification:_identify(.) by extension 'colcon_meta'
[6.050s] Level 1:colcon.colcon_core.package_identification:_identify(.) by extensions ['ros']
[6.050s] Level 1:colcon.colcon_core.package_identification:_identify(.) by extension 'ros'
[6.114s] Level 1:colcon.colcon_core.package_identification:_identify(.) by extensions ['cmake', 'python']
[6.114s] Level 1:colcon.colcon_core.package_identification:_identify(.) by extension 'cmake'
[6.114s] Level 1:colcon.colcon_core.package_identification:_identify(.) by extension 'python'
[6.114s] Level 1:colcon.colcon_core.package_identification:_identify(.) by extensions ['python_setup_py']
[6.114s] Level 1:colcon.colcon_core.package_identification:_identify(.) by extension 'python_setup_py'
[6.138s] Level 1:colcon.colcon_core.package_identification:_identify(build) by extensions ['ignore', 'ignore_ament_install']
[6.138s] Level 1:colcon.colcon_core.package_identification:_identify(build) by extension 'ignore'
[6.138s] Level 1:colcon.colcon_core.package_identification:_identify(build) ignored
[6.138s] Level 1:colcon.colcon_core.package_identification:_identify(install) by extensions ['ignore', 'ignore_ament_install']
[6.138s] Level 1:colcon.colcon_core.package_identification:_identify(install) by extension 'ignore'
[6.138s] Level 1:colcon.colcon_core.package_identification:_identify(install) ignored
[6.139s] Level 1:colcon.colcon_core.package_identification:_identify(log) by extensions ['ignore', 'ignore_ament_install']
[6.139s] Level 1:colcon.colcon_core.package_identification:_identify(log) by extension 'ignore'
[6.139s] Level 1:colcon.colcon_core.package_identification:_identify(log) ignored
[6.139s] Level 1:colcon.colcon_core.package_identification:_identify(src) by extensions ['ignore', 'ignore_ament_install']
[6.139s] Level 1:colcon.colcon_core.package_identification:_identify(src) by extension 'ignore'
[6.140s] Level 1:colcon.colcon_core.package_identification:_identify(src) by extension 'ignore_ament_install'
[6.140s] Level 1:colcon.colcon_core.package_identification:_identify(src) by extensions ['colcon_pkg']
[6.140s] Level 1:colcon.colcon_core.package_identification:_identify(src) by extension 'colcon_pkg'
[6.140s] Level 1:colcon.colcon_core.package_identification:_identify(src) by extensions ['colcon_meta']
[6.140s] Level 1:colcon.colcon_core.package_identification:_identify(src) by extension 'colcon_meta'
[6.140s] Level 1:colcon.colcon_core.package_identification:_identify(src) by extensions ['ros']
[6.140s] Level 1:colcon.colcon_core.package_identification:_identify(src) by extension 'ros'
[6.140s] Level 1:colcon.colcon_core.package_identification:_identify(src) by extensions ['cmake', 'python']
[6.140s] Level 1:colcon.colcon_core.package_identification:_identify(src) by extension 'cmake'
[6.140s] Level 1:colcon.colcon_core.package_identification:_identify(src) by extension 'python'
[6.140s] Level 1:colcon.colcon_core.package_identification:_identify(src) by extensions ['python_setup_py']
[6.140s] Level 1:colcon.colcon_core.package_identification:_identify(src) by extension 'python_setup_py'
[6.140s] Level 1:colcon.colcon_core.package_identification:_identify(src/LeGO-LOAM) by extensions ['ignore', 'ignore_ament_install']
[6.140s] Level 1:colcon.colcon_core.package_identification:_identify(src/LeGO-LOAM) by extension 'ignore'
[6.140s] Level 1:colcon.colcon_core.package_identification:_identify(src/LeGO-LOAM) by extension 'ignore_ament_install'
[6.140s] Level 1:colcon.colcon_core.package_identification:_identify(src/LeGO-LOAM) by extensions ['colcon_pkg']
[6.140s] Level 1:colcon.colcon_core.package_identification:_identify(src/LeGO-LOAM) by extension 'colcon_pkg'
[6.141s] Level 1:colcon.colcon_core.package_identification:_identify(src/LeGO-LOAM) by extensions ['colcon_meta']
[6.141s] Level 1:colcon.colcon_core.package_identification:_identify(src/LeGO-LOAM) by extension 'colcon_meta'
[6.141s] Level 1:colcon.colcon_core.package_identification:_identify(src/LeGO-LOAM) by extensions ['ros']
[6.141s] Level 1:colcon.colcon_core.package_identification:_identify(src/LeGO-LOAM) by extension 'ros'
[6.156s] DEBUG:colcon.colcon_core.package_identification:Package 'src/LeGO-LOAM' with type 'ros.ament_cmake' and name 'lego_loam_sr'
[6.156s] Level 1:colcon.colcon_core.package_identification:_identify(src/cloud_msgs) by extensions ['ignore', 'ignore_ament_install']
[6.156s] Level 1:colcon.colcon_core.package_identification:_identify(src/cloud_msgs) by extension 'ignore'
[6.157s] Level 1:colcon.colcon_core.package_identification:_identify(src/cloud_msgs) by extension 'ignore_ament_install'
[6.157s] Level 1:colcon.colcon_core.package_identification:_identify(src/cloud_msgs) by extensions ['colcon_pkg']
[6.157s] Level 1:colcon.colcon_core.package_identification:_identify(src/cloud_msgs) by extension 'colcon_pkg'
[6.157s] Level 1:colcon.colcon_core.package_identification:_identify(src/cloud_msgs) by extensions ['colcon_meta']
[6.157s] Level 1:colcon.colcon_core.package_identification:_identify(src/cloud_msgs) by extension 'colcon_meta'
[6.157s] Level 1:colcon.colcon_core.package_identification:_identify(src/cloud_msgs) by extensions ['ros']
[6.157s] Level 1:colcon.colcon_core.package_identification:_identify(src/cloud_msgs) by extension 'ros'
[6.158s] DEBUG:colcon.colcon_core.package_identification:Package 'src/cloud_msgs' with type 'ros.ament_cmake' and name 'cloud_msgs'
[6.158s] Level 1:colcon.colcon_core.package_discovery:discover_packages(recursive) using defaults
[6.158s] Level 1:colcon.colcon_core.package_discovery:discover_packages(ignore) discover
[6.158s] Level 1:colcon.colcon_core.package_discovery:discover_packages(ignore) using defaults
[6.158s] Level 1:colcon.colcon_core.package_discovery:discover_packages(path) discover
[6.158s] Level 1:colcon.colcon_core.package_discovery:discover_packages(path) using defaults
[6.330s] INFO:colcon.colcon_core.package_selection:Skipping not selected package 'cloud_msgs' in 'src/cloud_msgs'
[6.332s] Level 1:colcon.colcon_core.package_discovery:discover_packages(prefix_path) check parameters
[6.332s] Level 1:colcon.colcon_core.package_discovery:discover_packages(prefix_path) discover
[6.513s] DEBUG:colcon.colcon_installed_package_information.package_discovery:Found 2 installed packages in /home/evan/code/lidar_slam/lidar_slam/install
[6.514s] DEBUG:colcon.colcon_installed_package_information.package_discovery:Found 2 installed packages in /home/evan/code/lego-loam/lego/install
[6.534s] DEBUG:colcon.colcon_installed_package_information.package_discovery:Found 7 installed packages in /home/evan/code/ndt-loc/install
[6.560s] DEBUG:colcon.colcon_installed_package_information.package_discovery:Found 270 installed packages in /opt/ros/humble
[6.562s] Level 1:colcon.colcon_core.package_discovery:discover_packages(prefix_path) using defaults
[9.224s] Level 5:colcon.colcon_core.verb:set package 'lego_loam_sr' build argument 'cmake_args' from command line to 'None'
[9.224s] Level 5:colcon.colcon_core.verb:set package 'lego_loam_sr' build argument 'cmake_target' from command line to 'None'
[9.224s] Level 5:colcon.colcon_core.verb:set package 'lego_loam_sr' build argument 'cmake_target_skip_unavailable' from command line to 'False'
[9.224s] Level 5:colcon.colcon_core.verb:set package 'lego_loam_sr' build argument 'cmake_clean_cache' from command line to 'False'
[9.224s] Level 5:colcon.colcon_core.verb:set package 'lego_loam_sr' build argument 'cmake_clean_first' from command line to 'False'
[9.224s] Level 5:colcon.colcon_core.verb:set package 'lego_loam_sr' build argument 'cmake_force_configure' from command line to 'False'
[9.224s] Level 5:colcon.colcon_core.verb:set package 'lego_loam_sr' build argument 'ament_cmake_args' from command line to 'None'
[9.224s] Level 5:colcon.colcon_core.verb:set package 'lego_loam_sr' build argument 'catkin_cmake_args' from command line to 'None'
[9.224s] Level 5:colcon.colcon_core.verb:set package 'lego_loam_sr' build argument 'catkin_skip_building_tests' from command line to 'False'
[9.224s] DEBUG:colcon.colcon_core.verb:Building package 'lego_loam_sr' with the following arguments: {'ament_cmake_args': None, 'build_base': '/home/evan/code/lego-loam/lego/build/lego_loam_sr', 'catkin_cmake_args': None, 'catkin_skip_building_tests': False, 'cmake_args': None, 'cmake_clean_cache': False, 'cmake_clean_first': False, 'cmake_force_configure': False, 'cmake_target': None, 'cmake_target_skip_unavailable': False, 'install_base': '/home/evan/code/lego-loam/lego/install/lego_loam_sr', 'merge_install': False, 'path': '/home/evan/code/lego-loam/lego/src/LeGO-LOAM', 'symlink_install': False, 'test_result_base': None}
[9.225s] INFO:colcon.colcon_core.executor:Executing jobs using 'parallel' executor
[9.228s] DEBUG:colcon.colcon_parallel_executor.executor.parallel:run_until_complete
[9.229s] INFO:colcon.colcon_ros.task.ament_cmake.build:Building ROS package in '/home/evan/code/lego-loam/lego/src/LeGO-LOAM' with build type 'ament_cmake'
[9.229s] INFO:colcon.colcon_cmake.task.cmake.build:Building CMake package in '/home/evan/code/lego-loam/lego/src/LeGO-LOAM'
[9.463s] INFO:colcon.colcon_core.plugin_system:Skipping extension 'colcon_core.shell.bat': Not used on non-Windows systems
[9.464s] INFO:colcon.colcon_core.shell:Skip shell extension 'powershell' for command environment: Not usable outside of PowerShell
[9.464s] DEBUG:colcon.colcon_core.shell:Skip shell extension 'dsv' for command environment
[9.795s] DEBUG:colcon.colcon_core.event_handler.log_command:Invoking command in '/home/evan/code/lego-loam/lego/build/lego_loam_sr': CMAKE_PREFIX_PATH=/home/evan/code/lego-loam/lego/install/cloud_msgs:/home/evan/code/lidar_slam/lidar_slam/install/slam_learn:/home/evan/code/lidar_slam/lidar_slam/install/other_msgs:/home/evan/code/lego-loam/lego/install/lego_loam_sr:/home/evan/code/ndt-loc/install/radar-odometry:/home/evan/code/ndt-loc/install/radar-data:/home/evan/code/ndt-loc/install/ndt-lidar-radar:/home/evan/code/ndt-loc/install/map:/home/evan/code/ndt-loc/install/data-publisher:/home/evan/code/ndt-loc/install/cloud_msgs:/home/evan/code/ndt-loc/install/a-loam:/opt/ros/humble LD_LIBRARY_PATH=/home/evan/code/lego-loam/lego/install/cloud_msgs/lib:/home/evan/code/lidar_slam/lidar_slam/install/other_msgs/lib:/home/evan/code/ndt-loc/install/cloud_msgs/lib:/opt/ros/humble/opt/rviz_ogre_vendor/lib:/opt/ros/humble/lib/x86_64-linux-gnu:/opt/ros/humble/lib:/usr/local/lib:/usr/local/lib /usr/bin/cmake --build /home/evan/code/lego-loam/lego/build/lego_loam_sr -- -j4 -l4
[95.048s] DEBUG:colcon.colcon_core.event_handler.log_command:Invoked command in '/home/evan/code/lego-loam/lego/build/lego_loam_sr' returned '0': CMAKE_PREFIX_PATH=/home/evan/code/lego-loam/lego/install/cloud_msgs:/home/evan/code/lidar_slam/lidar_slam/install/slam_learn:/home/evan/code/lidar_slam/lidar_slam/install/other_msgs:/home/evan/code/lego-loam/lego/install/lego_loam_sr:/home/evan/code/ndt-loc/install/radar-odometry:/home/evan/code/ndt-loc/install/radar-data:/home/evan/code/ndt-loc/install/ndt-lidar-radar:/home/evan/code/ndt-loc/install/map:/home/evan/code/ndt-loc/install/data-publisher:/home/evan/code/ndt-loc/install/cloud_msgs:/home/evan/code/ndt-loc/install/a-loam:/opt/ros/humble LD_LIBRARY_PATH=/home/evan/code/lego-loam/lego/install/cloud_msgs/lib:/home/evan/code/lidar_slam/lidar_slam/install/other_msgs/lib:/home/evan/code/ndt-loc/install/cloud_msgs/lib:/opt/ros/humble/opt/rviz_ogre_vendor/lib:/opt/ros/humble/lib/x86_64-linux-gnu:/opt/ros/humble/lib:/usr/local/lib:/usr/local/lib /usr/bin/cmake --build /home/evan/code/lego-loam/lego/build/lego_loam_sr -- -j4 -l4
[95.082s] DEBUG:colcon.colcon_core.event_handler.log_command:Invoking command in '/home/evan/code/lego-loam/lego/build/lego_loam_sr': CMAKE_PREFIX_PATH=/home/evan/code/lego-loam/lego/install/cloud_msgs:/home/evan/code/lidar_slam/lidar_slam/install/slam_learn:/home/evan/code/lidar_slam/lidar_slam/install/other_msgs:/home/evan/code/lego-loam/lego/install/lego_loam_sr:/home/evan/code/ndt-loc/install/radar-odometry:/home/evan/code/ndt-loc/install/radar-data:/home/evan/code/ndt-loc/install/ndt-lidar-radar:/home/evan/code/ndt-loc/install/map:/home/evan/code/ndt-loc/install/data-publisher:/home/evan/code/ndt-loc/install/cloud_msgs:/home/evan/code/ndt-loc/install/a-loam:/opt/ros/humble LD_LIBRARY_PATH=/home/evan/code/lego-loam/lego/install/cloud_msgs/lib:/home/evan/code/lidar_slam/lidar_slam/install/other_msgs/lib:/home/evan/code/ndt-loc/install/cloud_msgs/lib:/opt/ros/humble/opt/rviz_ogre_vendor/lib:/opt/ros/humble/lib/x86_64-linux-gnu:/opt/ros/humble/lib:/usr/local/lib:/usr/local/lib /usr/bin/cmake --install /home/evan/code/lego-loam/lego/build/lego_loam_sr
[95.552s] Level 1:colcon.colcon_core.environment:create_environment_scripts_only(lego_loam_sr)
[95.553s] DEBUG:colcon.colcon_core.event_handler.log_command:Invoked command in '/home/evan/code/lego-loam/lego/build/lego_loam_sr' returned '0': CMAKE_PREFIX_PATH=/home/evan/code/lego-loam/lego/install/cloud_msgs:/home/evan/code/lidar_slam/lidar_slam/install/slam_learn:/home/evan/code/lidar_slam/lidar_slam/install/other_msgs:/home/evan/code/lego-loam/lego/install/lego_loam_sr:/home/evan/code/ndt-loc/install/radar-odometry:/home/evan/code/ndt-loc/install/radar-data:/home/evan/code/ndt-loc/install/ndt-lidar-radar:/home/evan/code/ndt-loc/install/map:/home/evan/code/ndt-loc/install/data-publisher:/home/evan/code/ndt-loc/install/cloud_msgs:/home/evan/code/ndt-loc/install/a-loam:/opt/ros/humble LD_LIBRARY_PATH=/home/evan/code/lego-loam/lego/install/cloud_msgs/lib:/home/evan/code/lidar_slam/lidar_slam/install/other_msgs/lib:/home/evan/code/ndt-loc/install/cloud_msgs/lib:/opt/ros/humble/opt/rviz_ogre_vendor/lib:/opt/ros/humble/lib/x86_64-linux-gnu:/opt/ros/humble/lib:/usr/local/lib:/usr/local/lib /usr/bin/cmake --install /home/evan/code/lego-loam/lego/build/lego_loam_sr
[95.648s] Level 1:colcon.colcon_core.environment:checking '/home/evan/code/lego-loam/lego/install/lego_loam_sr' for CMake module files
[95.648s] Level 1:colcon.colcon_core.environment:checking '/home/evan/code/lego-loam/lego/install/lego_loam_sr' for CMake config files
[95.740s] Level 1:colcon.colcon_core.shell:create_environment_hook('lego_loam_sr', 'cmake_prefix_path')
[95.741s] INFO:colcon.colcon_core.shell:Creating environment hook '/home/evan/code/lego-loam/lego/install/lego_loam_sr/share/lego_loam_sr/hook/cmake_prefix_path.ps1'
[95.750s] INFO:colcon.colcon_core.shell:Creating environment descriptor '/home/evan/code/lego-loam/lego/install/lego_loam_sr/share/lego_loam_sr/hook/cmake_prefix_path.dsv'
[95.764s] INFO:colcon.colcon_core.shell:Creating environment hook '/home/evan/code/lego-loam/lego/install/lego_loam_sr/share/lego_loam_sr/hook/cmake_prefix_path.sh'
[95.775s] Level 1:colcon.colcon_core.environment:checking '/home/evan/code/lego-loam/lego/install/lego_loam_sr/lib'
[95.775s] Level 1:colcon.colcon_core.environment:checking '/home/evan/code/lego-loam/lego/install/lego_loam_sr/bin'
[95.776s] Level 1:colcon.colcon_core.environment:checking '/home/evan/code/lego-loam/lego/install/lego_loam_sr/lib/pkgconfig/lego_loam_sr.pc'
[95.776s] Level 1:colcon.colcon_core.environment:checking '/home/evan/code/lego-loam/lego/install/lego_loam_sr/lib/python3.10/site-packages'
[95.776s] Level 1:colcon.colcon_core.environment:checking '/home/evan/code/lego-loam/lego/install/lego_loam_sr/bin'
[95.778s] INFO:colcon.colcon_core.shell:Creating package script '/home/evan/code/lego-loam/lego/install/lego_loam_sr/share/lego_loam_sr/package.ps1'
[95.794s] INFO:colcon.colcon_core.shell:Creating package descriptor '/home/evan/code/lego-loam/lego/install/lego_loam_sr/share/lego_loam_sr/package.dsv'
[95.795s] INFO:colcon.colcon_core.shell:Creating package script '/home/evan/code/lego-loam/lego/install/lego_loam_sr/share/lego_loam_sr/package.sh'
[95.796s] INFO:colcon.colcon_core.shell:Creating package script '/home/evan/code/lego-loam/lego/install/lego_loam_sr/share/lego_loam_sr/package.bash'
[95.820s] INFO:colcon.colcon_core.shell:Creating package script '/home/evan/code/lego-loam/lego/install/lego_loam_sr/share/lego_loam_sr/package.zsh'
[95.836s] Level 1:colcon.colcon_core.environment:create_file_with_runtime_dependencies(/home/evan/code/lego-loam/lego/install/lego_loam_sr/share/colcon-core/packages/lego_loam_sr)
[95.880s] Level 1:colcon.colcon_core.environment:create_environment_scripts_only(lego_loam_sr)
[95.882s] Level 1:colcon.colcon_core.environment:checking '/home/evan/code/lego-loam/lego/install/lego_loam_sr' for CMake module files
[95.883s] Level 1:colcon.colcon_core.environment:checking '/home/evan/code/lego-loam/lego/install/lego_loam_sr' for CMake config files
[95.883s] Level 1:colcon.colcon_core.shell:create_environment_hook('lego_loam_sr', 'cmake_prefix_path')
[95.885s] INFO:colcon.colcon_core.shell:Creating environment hook '/home/evan/code/lego-loam/lego/install/lego_loam_sr/share/lego_loam_sr/hook/cmake_prefix_path.ps1'
[95.885s] INFO:colcon.colcon_core.shell:Creating environment descriptor '/home/evan/code/lego-loam/lego/install/lego_loam_sr/share/lego_loam_sr/hook/cmake_prefix_path.dsv'
[95.886s] INFO:colcon.colcon_core.shell:Creating environment hook '/home/evan/code/lego-loam/lego/install/lego_loam_sr/share/lego_loam_sr/hook/cmake_prefix_path.sh'
[95.886s] Level 1:colcon.colcon_core.environment:checking '/home/evan/code/lego-loam/lego/install/lego_loam_sr/lib'
[95.886s] Level 1:colcon.colcon_core.environment:checking '/home/evan/code/lego-loam/lego/install/lego_loam_sr/bin'
[95.886s] Level 1:colcon.colcon_core.environment:checking '/home/evan/code/lego-loam/lego/install/lego_loam_sr/lib/pkgconfig/lego_loam_sr.pc'
[95.887s] Level 1:colcon.colcon_core.environment:checking '/home/evan/code/lego-loam/lego/install/lego_loam_sr/lib/python3.10/site-packages'
[95.887s] Level 1:colcon.colcon_core.environment:checking '/home/evan/code/lego-loam/lego/install/lego_loam_sr/bin'
[95.888s] INFO:colcon.colcon_core.shell:Creating package script '/home/evan/code/lego-loam/lego/install/lego_loam_sr/share/lego_loam_sr/package.ps1'
[95.889s] INFO:colcon.colcon_core.shell:Creating package descriptor '/home/evan/code/lego-loam/lego/install/lego_loam_sr/share/lego_loam_sr/package.dsv'
[95.889s] INFO:colcon.colcon_core.shell:Creating package script '/home/evan/code/lego-loam/lego/install/lego_loam_sr/share/lego_loam_sr/package.sh'
[95.890s] INFO:colcon.colcon_core.shell:Creating package script '/home/evan/code/lego-loam/lego/install/lego_loam_sr/share/lego_loam_sr/package.bash'
[95.912s] INFO:colcon.colcon_core.shell:Creating package script '/home/evan/code/lego-loam/lego/install/lego_loam_sr/share/lego_loam_sr/package.zsh'
[95.913s] Level 1:colcon.colcon_core.environment:create_file_with_runtime_dependencies(/home/evan/code/lego-loam/lego/install/lego_loam_sr/share/colcon-core/packages/lego_loam_sr)
[95.913s] DEBUG:colcon.colcon_parallel_executor.executor.parallel:closing loop
[95.914s] DEBUG:colcon.colcon_parallel_executor.executor.parallel:loop closed
[95.914s] DEBUG:colcon.colcon_parallel_executor.executor.parallel:run_until_complete finished with '0'
[95.914s] DEBUG:colcon.colcon_core.event_reactor:joining thread
[96.267s] INFO:colcon.colcon_core.plugin_system:Skipping extension 'colcon_notification.desktop_notification.terminal_notifier': Not used on non-Darwin systems
[96.267s] INFO:colcon.colcon_core.plugin_system:Skipping extension 'colcon_notification.desktop_notification.win32': Not used on non-Windows systems
[96.267s] INFO:colcon.colcon_notification.desktop_notification:Sending desktop notification using 'notify2'
[96.468s] DEBUG:colcon.colcon_core.event_reactor:joined thread
[96.470s] INFO:colcon.colcon_core.shell:Creating prefix script '/home/evan/code/lego-loam/lego/install/local_setup.ps1'
[96.525s] INFO:colcon.colcon_core.shell:Creating prefix util module '/home/evan/code/lego-loam/lego/install/_local_setup_util_ps1.py'
[96.573s] INFO:colcon.colcon_core.shell:Creating prefix chain script '/home/evan/code/lego-loam/lego/install/setup.ps1'
[96.581s] INFO:colcon.colcon_core.shell:Creating prefix script '/home/evan/code/lego-loam/lego/install/local_setup.sh'
[96.582s] INFO:colcon.colcon_core.shell:Creating prefix util module '/home/evan/code/lego-loam/lego/install/_local_setup_util_sh.py'
[96.583s] INFO:colcon.colcon_core.shell:Creating prefix chain script '/home/evan/code/lego-loam/lego/install/setup.sh'
[96.586s] INFO:colcon.colcon_core.shell:Creating prefix script '/home/evan/code/lego-loam/lego/install/local_setup.bash'
[96.587s] INFO:colcon.colcon_core.shell:Creating prefix chain script '/home/evan/code/lego-loam/lego/install/setup.bash'
[96.590s] INFO:colcon.colcon_core.shell:Creating prefix script '/home/evan/code/lego-loam/lego/install/local_setup.zsh'
[96.599s] INFO:colcon.colcon_core.shell:Creating prefix chain script '/home/evan/code/lego-loam/lego/install/setup.zsh'
