[0.054s] Invoking command in '/home/evan/code/lego-loam/lego/build/lego_loam_sr': CMAKE_PREFIX_PATH=/home/evan/code/lego-loam/lego/install/cloud_msgs:/home/evan/code/lidar_slam/lidar_slam/install/slam_learn:/home/evan/code/lidar_slam/lidar_slam/install/other_msgs:/home/evan/code/lego-loam/lego/install/lego_loam_sr:/home/evan/code/ndt-loc/install/radar-odometry:/home/evan/code/ndt-loc/install/radar-data:/home/evan/code/ndt-loc/install/ndt-lidar-radar:/home/evan/code/ndt-loc/install/map:/home/evan/code/ndt-loc/install/data-publisher:/home/evan/code/ndt-loc/install/cloud_msgs:/home/evan/code/ndt-loc/install/a-loam:/opt/ros/humble LD_LIBRARY_PATH=/home/evan/code/lego-loam/lego/install/cloud_msgs/lib:/home/evan/code/lidar_slam/lidar_slam/install/other_msgs/lib:/home/evan/code/ndt-loc/install/cloud_msgs/lib:/opt/ros/humble/opt/rviz_ogre_vendor/lib:/opt/ros/humble/lib/x86_64-linux-gnu:/opt/ros/humble/lib:/usr/local/lib:/usr/local/lib /usr/bin/cmake --build /home/evan/code/lego-loam/lego/build/lego_loam_sr -- -j4 -l4
[0.156s] [ 16%] [32mBuilding CXX object CMakeFiles/lego_loam_sr.dir/src/imageProjection.cpp.o[0m
[31.741s] [ 33%] [32m[1mLinking CXX executable lego_loam_sr[0m
[33.809s] [100%] Built target lego_loam_sr
[33.824s] Invoked command in '/home/evan/code/lego-loam/lego/build/lego_loam_sr' returned '0': CMAKE_PREFIX_PATH=/home/evan/code/lego-loam/lego/install/cloud_msgs:/home/evan/code/lidar_slam/lidar_slam/install/slam_learn:/home/evan/code/lidar_slam/lidar_slam/install/other_msgs:/home/evan/code/lego-loam/lego/install/lego_loam_sr:/home/evan/code/ndt-loc/install/radar-odometry:/home/evan/code/ndt-loc/install/radar-data:/home/evan/code/ndt-loc/install/ndt-lidar-radar:/home/evan/code/ndt-loc/install/map:/home/evan/code/ndt-loc/install/data-publisher:/home/evan/code/ndt-loc/install/cloud_msgs:/home/evan/code/ndt-loc/install/a-loam:/opt/ros/humble LD_LIBRARY_PATH=/home/evan/code/lego-loam/lego/install/cloud_msgs/lib:/home/evan/code/lidar_slam/lidar_slam/install/other_msgs/lib:/home/evan/code/ndt-loc/install/cloud_msgs/lib:/opt/ros/humble/opt/rviz_ogre_vendor/lib:/opt/ros/humble/lib/x86_64-linux-gnu:/opt/ros/humble/lib:/usr/local/lib:/usr/local/lib /usr/bin/cmake --build /home/evan/code/lego-loam/lego/build/lego_loam_sr -- -j4 -l4
[33.884s] Invoking command in '/home/evan/code/lego-loam/lego/build/lego_loam_sr': CMAKE_PREFIX_PATH=/home/evan/code/lego-loam/lego/install/cloud_msgs:/home/evan/code/lidar_slam/lidar_slam/install/slam_learn:/home/evan/code/lidar_slam/lidar_slam/install/other_msgs:/home/evan/code/lego-loam/lego/install/lego_loam_sr:/home/evan/code/ndt-loc/install/radar-odometry:/home/evan/code/ndt-loc/install/radar-data:/home/evan/code/ndt-loc/install/ndt-lidar-radar:/home/evan/code/ndt-loc/install/map:/home/evan/code/ndt-loc/install/data-publisher:/home/evan/code/ndt-loc/install/cloud_msgs:/home/evan/code/ndt-loc/install/a-loam:/opt/ros/humble LD_LIBRARY_PATH=/home/evan/code/lego-loam/lego/install/cloud_msgs/lib:/home/evan/code/lidar_slam/lidar_slam/install/other_msgs/lib:/home/evan/code/ndt-loc/install/cloud_msgs/lib:/opt/ros/humble/opt/rviz_ogre_vendor/lib:/opt/ros/humble/lib/x86_64-linux-gnu:/opt/ros/humble/lib:/usr/local/lib:/usr/local/lib /usr/bin/cmake --install /home/evan/code/lego-loam/lego/build/lego_loam_sr
[33.893s] -- Install configuration: ""
[33.894s] -- Installing: /home/evan/code/lego-loam/lego/install/lego_loam_sr/lib/lego_loam_sr/lego_loam_sr
[33.898s] -- Set runtime path of "/home/evan/code/lego-loam/lego/install/lego_loam_sr/lib/lego_loam_sr/lego_loam_sr" to ""
[33.898s] -- Up-to-date: /home/evan/code/lego-loam/lego/install/lego_loam_sr/share/lego_loam_sr/config
[33.898s] -- Up-to-date: /home/evan/code/lego-loam/lego/install/lego_loam_sr/share/lego_loam_sr/config/loam_config.yaml
[33.898s] -- Up-to-date: /home/evan/code/lego-loam/lego/install/lego_loam_sr/share/lego_loam_sr/launch
[33.899s] -- Up-to-date: /home/evan/code/lego-loam/lego/install/lego_loam_sr/share/lego_loam_sr/launch/__pycache__
[33.899s] -- Up-to-date: /home/evan/code/lego-loam/lego/install/lego_loam_sr/share/lego_loam_sr/launch/__pycache__/run.launch.cpython-310.pyc
[33.899s] -- Up-to-date: /home/evan/code/lego-loam/lego/install/lego_loam_sr/share/lego_loam_sr/launch/block.png
[33.899s] -- Up-to-date: /home/evan/code/lego-loam/lego/install/lego_loam_sr/share/lego_loam_sr/launch/odometry.jpg
[33.899s] -- Up-to-date: /home/evan/code/lego-loam/lego/install/lego_loam_sr/share/lego_loam_sr/launch/run.launch.py
[33.899s] -- Up-to-date: /home/evan/code/lego-loam/lego/install/lego_loam_sr/share/lego_loam_sr/launch/dataset-demo.gif
[33.899s] -- Up-to-date: /home/evan/code/lego-loam/lego/install/lego_loam_sr/share/lego_loam_sr/launch/demo.gif
[33.899s] -- Up-to-date: /home/evan/code/lego-loam/lego/install/lego_loam_sr/share/lego_loam_sr/launch/seg-total.jpg
[33.899s] -- Up-to-date: /home/evan/code/lego-loam/lego/install/lego_loam_sr/share/lego_loam_sr/launch/google-earth.png
[33.899s] -- Up-to-date: /home/evan/code/lego-loam/lego/install/lego_loam_sr/share/lego_loam_sr/rviz
[33.899s] -- Up-to-date: /home/evan/code/lego-loam/lego/install/lego_loam_sr/share/lego_loam_sr/rviz/test.rviz
[33.899s] -- Up-to-date: /home/evan/code/lego-loam/lego/install/lego_loam_sr/share/ament_index/resource_index/package_run_dependencies/lego_loam_sr
[33.899s] -- Up-to-date: /home/evan/code/lego-loam/lego/install/lego_loam_sr/share/ament_index/resource_index/parent_prefix_path/lego_loam_sr
[33.900s] -- Up-to-date: /home/evan/code/lego-loam/lego/install/lego_loam_sr/share/lego_loam_sr/environment/ament_prefix_path.sh
[33.900s] -- Up-to-date: /home/evan/code/lego-loam/lego/install/lego_loam_sr/share/lego_loam_sr/environment/ament_prefix_path.dsv
[33.900s] -- Up-to-date: /home/evan/code/lego-loam/lego/install/lego_loam_sr/share/lego_loam_sr/environment/path.sh
[33.900s] -- Up-to-date: /home/evan/code/lego-loam/lego/install/lego_loam_sr/share/lego_loam_sr/environment/path.dsv
[33.900s] -- Up-to-date: /home/evan/code/lego-loam/lego/install/lego_loam_sr/share/lego_loam_sr/local_setup.bash
[33.901s] -- Up-to-date: /home/evan/code/lego-loam/lego/install/lego_loam_sr/share/lego_loam_sr/local_setup.sh
[33.901s] -- Up-to-date: /home/evan/code/lego-loam/lego/install/lego_loam_sr/share/lego_loam_sr/local_setup.zsh
[33.901s] -- Up-to-date: /home/evan/code/lego-loam/lego/install/lego_loam_sr/share/lego_loam_sr/local_setup.dsv
[33.901s] -- Installing: /home/evan/code/lego-loam/lego/install/lego_loam_sr/share/lego_loam_sr/package.dsv
[33.902s] -- Up-to-date: /home/evan/code/lego-loam/lego/install/lego_loam_sr/share/ament_index/resource_index/packages/lego_loam_sr
[33.902s] -- Up-to-date: /home/evan/code/lego-loam/lego/install/lego_loam_sr/share/lego_loam_sr/cmake/ament_cmake_export_include_directories-extras.cmake
[33.902s] -- Up-to-date: /home/evan/code/lego-loam/lego/install/lego_loam_sr/share/lego_loam_sr/cmake/lego_loam_srConfig.cmake
[33.903s] -- Up-to-date: /home/evan/code/lego-loam/lego/install/lego_loam_sr/share/lego_loam_sr/cmake/lego_loam_srConfig-version.cmake
[33.907s] -- Up-to-date: /home/evan/code/lego-loam/lego/install/lego_loam_sr/share/lego_loam_sr/package.xml
[33.907s] Invoked command in '/home/evan/code/lego-loam/lego/build/lego_loam_sr' returned '0': CMAKE_PREFIX_PATH=/home/evan/code/lego-loam/lego/install/cloud_msgs:/home/evan/code/lidar_slam/lidar_slam/install/slam_learn:/home/evan/code/lidar_slam/lidar_slam/install/other_msgs:/home/evan/code/lego-loam/lego/install/lego_loam_sr:/home/evan/code/ndt-loc/install/radar-odometry:/home/evan/code/ndt-loc/install/radar-data:/home/evan/code/ndt-loc/install/ndt-lidar-radar:/home/evan/code/ndt-loc/install/map:/home/evan/code/ndt-loc/install/data-publisher:/home/evan/code/ndt-loc/install/cloud_msgs:/home/evan/code/ndt-loc/install/a-loam:/opt/ros/humble LD_LIBRARY_PATH=/home/evan/code/lego-loam/lego/install/cloud_msgs/lib:/home/evan/code/lidar_slam/lidar_slam/install/other_msgs/lib:/home/evan/code/ndt-loc/install/cloud_msgs/lib:/opt/ros/humble/opt/rviz_ogre_vendor/lib:/opt/ros/humble/lib/x86_64-linux-gnu:/opt/ros/humble/lib:/usr/local/lib:/usr/local/lib /usr/bin/cmake --install /home/evan/code/lego-loam/lego/build/lego_loam_sr
